#
# A fatal error has been detected by the Java Runtime Environment:
#
#  SIGSEGV (0xb) at pc=0x00007fffd300cb5d, pid=77285, tid=0x0000000000000307
#
# JRE version: Java(TM) SE Runtime Environment (8.0_111-b14) (build 1.8.0_111-b14)
# Java VM: Java HotSpot(TM) 64-Bit Server VM (25.111-b14 mixed mode bsd-amd64 compressed oops)
# Problematic frame:
# C  [libobjc.A.dylib+0x6b5d]  objc_msgSend+0x1d
#
# Failed to write core dump. Core dumps have been disabled. To enable core dumping, try "ulimit -c unlimited" before starting Java again
#
# If you would like to submit a bug report, please visit:
#   http://bugreport.java.com/bugreport/crash.jsp
# The crash happened outside the Java Virtual Machine in native code.
# See problematic frame for where to report the bug.
#

---------------  T H R E A D  ---------------

Current thread (0x00007f9c9d90f000):  JavaThread "AWT-AppKit" daemon [_thread_in_native, id=775, stack(0x00007fff509dc000,0x00007fff511dc000)]

siginfo: si_signo: 11 (SIGSEGV), si_code: 1 (SEGV_MAPERR), si_addr: 0x000007f9ca352988

Registers:
RAX=0x00007f9ca374a2b0, RBX=0x000000019c674450, RCX=0x00007f9ca3001210, RDX=0x0000000000000000
RSP=0x00007fff511d7338, RBP=0x00007fff511d73f0, RSI=0x00007fffbce3b56c, RDI=0x00007f9ca35461f0
R8 =0x0000000000000018, R9 =0x00007f9ca3000ee0, R10=0x000007f9ca352970, R11=0x00007fffbce3b56c
R12=0x0000000000000000, R13=0x00000001a1b3be98, R14=0x000000019c674440, R15=0x00007f9c9d90f000
RIP=0x00007fffd300cb5d, EFLAGS=0x0000000000010202, ERR=0x0000000000000004
  TRAPNO=0x000000000000000e

Top of Stack: (sp=0x00007fff511d7338)
0x00007fff511d7338:   000000019c672157 00007fff511d7390
0x00007fff511d7348:   0000000000000003 00007fff511d7370
0x00007fff511d7358:   000000010fdf27be 00000001a1b3be98
0x00007fff511d7368:   00000001a1b3be98 00007f9ca374a2b0
0x00007fff511d7378:   000000019c6746a0 000000019c674710
0x00007fff511d7388:   00007fffd90356d0 00007fffd9c9df90
0x00007fff511d7398:   000000019c674450 000000019c674690
0x00007fff511d73a8:   00007f9ca374a2b0 00007f9ca35461f0
0x00007fff511d73b8:   00007f9c9d63f190 00007f9ca374a2b0
0x00007fff511d73c8:   00007f9ca35461f0 00007fff511d7478
0x00007fff511d73d8:   00007f9c9d90f1f8 00000001a1b3be98
0x00007fff511d73e8:   00007fff511d74a0 00007fff511d7468
0x00007fff511d73f8:   000000011d2cc9f4 00000001a1b3be98
0x00007fff511d7408:   00007fff511d74a0 00007fff511d7468
0x00007fff511d7418:   000000011d2cc787 000000011d2cc742
0x00007fff511d7428:   00007fff511d7428 00000001a1b3be98
0x00007fff511d7438:   00007fff511d74a0 00000001a1b3ead0
0x00007fff511d7448:   0000000000000000 00000001a1b3be98
0x00007fff511d7458:   0000000000000000 00007fff511d7488
0x00007fff511d7468:   00007fff511d74e8 000000011d2bd2bd
0x00007fff511d7478:   00000006c32c6430 000000011d2c6538
0x00007fff511d7488:   00007f9ca374a2b0 00007fff511d74e8
0x00007fff511d7498:   00007f9ca35461f0 000000011d2c7e02
0x00007fff511d74a8:   00007fff511d74a8 00000001a1b3c062
0x00007fff511d74b8:   00007fff511d7510 00000001a1b3ead0
0x00007fff511d74c8:   0000000000000000 00000001a1b3c070
0x00007fff511d74d8:   00007fff511d7488 00007fff511d74f8
0x00007fff511d74e8:   00007fff511d7558 000000011d2bd2bd
0x00007fff511d74f8:   00007f9ca374a2b0 00000006c34b5f90
0x00007fff511d7508:   00007f9ca35461f0 00000006c34b5f90
0x00007fff511d7518:   00007fff511d7518 00000001a49383c6
0x00007fff511d7528:   00007fff511d7568 00000001a4938480 

Instructions: (pc=0x00007fffd300cb5d)
0x00007fffd300cb3d:   0f 1f 00 48 85 ff 2e 74 62 40 f6 c7 01 2e 75 66
0x00007fffd300cb4d:   49 ba f8 ff ff ff ff 7f 00 00 4c 23 17 49 89 f3
0x00007fffd300cb5d:   45 23 5a 18 49 c1 e3 04 4d 03 5a 10 49 3b 33 75
0x00007fffd300cb6d:   04 41 ff 63 08 49 83 3b 01 76 0d 49 83 c3 10 49 

Register to memory mapping:

RAX=0x00007f9ca374a2b0 is an unknown value
RBX=0x000000019c674450: Java_jogamp_nativewindow_macosx_OSXUtil_GetScreenRefreshRate0+0x1cf0 in /private/var/folders/9f/6bxbn80n4793vm26lrjc_dvm0000gn/T/jogamp_0000/file_cache/jln6711293470866516421/jln7761532722086062507/libnativewindow_macosx.jnilib at 0x000000019c66d000
RCX=0x00007f9ca3001210 is an unknown value
RDX=0x0000000000000000 is an unknown value
RSP=0x00007fff511d7338 is pointing into the stack for thread: 0x00007f9c9d90f000
RBP=0x00007fff511d73f0 is pointing into the stack for thread: 0x00007f9c9d90f000
RSI=0x00007fffbce3b56c: __NSStyleNameIndexTable+0x7e867 in /System/Library/Frameworks/AppKit.framework/Versions/C/AppKit at 0x00007fffbc1dd000
RDI=0x00007f9ca35461f0 is an unknown value
R8 =0x0000000000000018 is an unknown value
R9 =0x00007f9ca3000ee0 is an unknown value
R10=0x000007f9ca352970 is an unknown value
R11=0x00007fffbce3b56c: __NSStyleNameIndexTable+0x7e867 in /System/Library/Frameworks/AppKit.framework/Versions/C/AppKit at 0x00007fffbc1dd000
R12=0x0000000000000000 is an unknown value
R13={method} {0x00000001a1b3be98} 'UnsetJAWTRootSurfaceLayer0' '(JJ)V' in 'jogamp/nativewindow/jawt/macosx/MacOSXJAWTWindow'
R14=0x000000019c674440: Java_jogamp_nativewindow_macosx_OSXUtil_GetScreenRefreshRate0+0x1ce0 in /private/var/folders/9f/6bxbn80n4793vm26lrjc_dvm0000gn/T/jogamp_0000/file_cache/jln6711293470866516421/jln7761532722086062507/libnativewindow_macosx.jnilib at 0x000000019c66d000
R15=0x00007f9c9d90f000 is a thread


Stack: [0x00007fff509dc000,0x00007fff511dc000],  sp=0x00007fff511d7338,  free space=8172k
Native frames: (J=compiled Java code, j=interpreted, Vv=VM code, C=native code)
C  [libobjc.A.dylib+0x6b5d]  objc_msgSend+0x1d
j  jogamp.nativewindow.jawt.macosx.MacOSXJAWTWindow.UnsetJAWTRootSurfaceLayer0(JJ)V+0
j  jogamp.nativewindow.jawt.macosx.MacOSXJAWTWindow.access$200(JJ)V+2
j  jogamp.nativewindow.jawt.macosx.MacOSXJAWTWindow$1.run()V+38
J 2416 C1 com.jogamp.common.util.RunnableTask.run()V (345 bytes) @ 0x000000011d6fab64 [0x000000011d6fa9c0+0x1a4]
v  ~StubRoutines::call_stub
V  [libjvm.dylib+0x2ecf8a]  JavaCalls::call_helper(JavaValue*, methodHandle*, JavaCallArguments*, Thread*)+0x6ae
V  [libjvm.dylib+0x324119]  jni_invoke_nonstatic(JNIEnv_*, JavaValue*, _jobject*, JNICallType, _jmethodID*, JNI_ArgumentPusher*, Thread*)+0x2ec
V  [libjvm.dylib+0x3168e7]  jni_CallVoidMethod+0x16b
C  [libnativewindow_macosx.jnilib+0x5326]  Java_jogamp_nativewindow_jawt_macosx_MacOSXJAWTWindow_UnsetJAWTRootSurfaceLayer0+0x2b6
C  [Foundation+0x71f2a]  __NSThreadPerformPerform+0x146
C  [CoreFoundation+0xa74b1]  __CFRUNLOOP_IS_CALLING_OUT_TO_A_SOURCE0_PERFORM_FUNCTION__+0x11
C  [CoreFoundation+0x88597]  __CFRunLoopDoSources0+0x1a7
C  [CoreFoundation+0x87b16]  __CFRunLoopRun+0x3a6
C  [CoreFoundation+0x87514]  CFRunLoopRunSpecific+0x1a4
C  [HIToolbox+0x312ac]  RunCurrentEventLoopInMode+0xf0
C  [HIToolbox+0x30fe9]  ReceiveNextEventCommon+0xb8
C  [HIToolbox+0x30f16]  _BlockUntilNextEventMatchingListInModeWithFilter+0x47
C  [AppKit+0x476cd]  _DPSNextEvent+0x445
C  [AppKit+0x7be830]  -[NSApplication(NSEvent) _nextEventMatchingEventMask:untilDate:inMode:dequeue:]+0xaaa
C  [libosxapp.dylib+0x23aa]  -[NSApplicationAWT nextEventMatchingMask:untilDate:inMode:dequeue:]+0x7c
C  [AppKit+0x3c06d]  -[NSApplication run]+0x39e
C  [libosxapp.dylib+0x214d]  +[NSApplicationAWT runAWTLoopWithApp:]+0x9c
C  [libawt_lwawt.dylib+0x444b3]  -[AWTStarter starter:]+0x389
C  [Foundation+0x71f2a]  __NSThreadPerformPerform+0x146
C  [CoreFoundation+0xa74b1]  __CFRUNLOOP_IS_CALLING_OUT_TO_A_SOURCE0_PERFORM_FUNCTION__+0x11
C  [CoreFoundation+0x8861d]  __CFRunLoopDoSources0+0x22d
C  [CoreFoundation+0x87b16]  __CFRunLoopRun+0x3a6
C  [CoreFoundation+0x87514]  CFRunLoopRunSpecific+0x1a4
C  [java+0x6465]  CreateExecutionEnvironment+0x367
C  [java+0x218c]  JLI_Launch+0x7a0
C  [java+0x84c2]  main+0x65
C  [java+0x19e4]  start+0x34
C  0x0000000000000007

Java frames: (J=compiled Java code, j=interpreted, Vv=VM code)
j  jogamp.nativewindow.jawt.macosx.MacOSXJAWTWindow.UnsetJAWTRootSurfaceLayer0(JJ)V+0
j  jogamp.nativewindow.jawt.macosx.MacOSXJAWTWindow.access$200(JJ)V+2
j  jogamp.nativewindow.jawt.macosx.MacOSXJAWTWindow$1.run()V+38
J 2416 C1 com.jogamp.common.util.RunnableTask.run()V (345 bytes) @ 0x000000011d6fab64 [0x000000011d6fa9c0+0x1a4]
v  ~StubRoutines::call_stub

---------------  P R O C E S S  ---------------

Java Threads: ( => current thread )
  0x00007f9ca6a0b000 JavaThread "Thread-248" [_thread_blocked, id=4759, stack(0x0000700007b13000,0x0000700007c13000)]
  0x00007f9ca02c3800 JavaThread "AWT-EventQueue-1" [_thread_in_native, id=79387, stack(0x0000700008334000,0x0000700008434000)]
  0x00007f9c9daaf000 JavaThread "DestroyJavaVM" [_thread_blocked, id=6915, stack(0x00007000065d1000,0x00007000066d1000)]
  0x00007f9c9da54800 JavaThread "AWT-EventQueue-0" [_thread_blocked, id=67595, stack(0x000070000812e000,0x000070000822e000)]
  0x00007f9ca0143000 JavaThread "Java2D Disposer" daemon [_thread_blocked, id=62979, stack(0x0000700007ea5000,0x0000700007fa5000)]
  0x00007f9c9d967000 JavaThread "Java2D Queue Flusher" daemon [_thread_blocked, id=60423, stack(0x0000700007d1f000,0x0000700007e1f000)]
  0x00007f9ca00d4000 JavaThread "AWT-Shutdown" [_thread_blocked, id=33055, stack(0x0000700007a10000,0x0000700007b10000)]
=>0x00007f9c9d90f000 JavaThread "AWT-AppKit" daemon [_thread_in_native, id=775, stack(0x00007fff509dc000,0x00007fff511dc000)]
  0x00007f9c9d80b000 JavaThread "Service Thread" daemon [_thread_blocked, id=21251, stack(0x0000700007787000,0x0000700007887000)]
  0x00007f9ca002d800 JavaThread "C1 CompilerThread3" daemon [_thread_blocked, id=20739, stack(0x0000700007684000,0x0000700007784000)]
  0x00007f9ca002d000 JavaThread "C2 CompilerThread2" daemon [_thread_blocked, id=20227, stack(0x0000700007581000,0x0000700007681000)]
  0x00007f9c9d80c000 JavaThread "C2 CompilerThread1" daemon [_thread_blocked, id=19715, stack(0x000070000747e000,0x000070000757e000)]
  0x00007f9c9f82e800 JavaThread "C2 CompilerThread0" daemon [_thread_blocked, id=19203, stack(0x000070000737b000,0x000070000747b000)]
  0x00007f9c9f82b800 JavaThread "Signal Dispatcher" daemon [_thread_blocked, id=18691, stack(0x0000700007278000,0x0000700007378000)]
  0x00007f9c9f002800 JavaThread "Finalizer" daemon [_thread_blocked, id=14339, stack(0x00007000070f2000,0x00007000071f2000)]
  0x00007f9ca005a800 JavaThread "Reference Handler" daemon [_thread_blocked, id=13827, stack(0x0000700006fef000,0x00007000070ef000)]

Other Threads:
  0x00007f9c9d808800 VMThread [stack: 0x0000700006eec000,0x0000700006fec000] [id=13315]
  0x00007f9c9d83f800 WatcherThread [stack: 0x000070000788a000,0x000070000798a000] [id=21763]

VM state:not at safepoint (normal execution)

VM Mutex/Monitor currently owned by a thread: None

Heap:
 PSYoungGen      total 368128K, used 151783K [0x000000076ab00000, 0x0000000799f80000, 0x00000007c0000000)
  eden space 367616K, 41% used [0x000000076ab00000,0x0000000773f09da8,0x0000000781200000)
  from space 512K, 37% used [0x0000000796a80000,0x0000000796ab0000,0x0000000796b00000)
  to   space 31744K, 0% used [0x0000000798080000,0x0000000798080000,0x0000000799f80000)
 ParOldGen       total 175104K, used 122475K [0x00000006c0000000, 0x00000006cab00000, 0x000000076ab00000)
  object space 175104K, 69% used [0x00000006c0000000,0x00000006c779afe0,0x00000006cab00000)
 Metaspace       used 19152K, capacity 19319K, committed 19712K, reserved 1067008K
  class space    used 1879K, capacity 1952K, committed 2048K, reserved 1048576K

Card table byte_map: [0x0000000110f61000,0x0000000111762000] byte_map_base: 0x000000010d961000

Marking Bits: (ParMarkBitMap*) 0x00000001104efd20
 Begin Bits: [0x0000000111cb8000, 0x0000000115cb8000)
 End Bits:   [0x0000000115cb8000, 0x0000000119cb8000)

Polling page: 0x000000010eae4000

CodeCache: size=245760Kb used=8028Kb max_used=8740Kb free=237732Kb
 bounds [0x000000011d2b5000, 0x000000011db55000, 0x000000012c2b5000]
 total_blobs=3100 nmethods=2226 adapters=787
 compilation: enabled

Compilation events (10 events):
Event: 41.544 Thread 0x00007f9ca002d800 2742       3       java.awt.Component::inside (30 bytes)
Event: 41.545 Thread 0x00007f9ca002d800 nmethod 2742 0x000000011d73c390 code [0x000000011d73c500, 0x000000011d73c750]
Event: 41.549 Thread 0x00007f9ca002d800 2743       3       java.awt.Component::contains (7 bytes)
Event: 41.549 Thread 0x00007f9ca002d800 nmethod 2743 0x000000011d73be50 code [0x000000011d73bfc0, 0x000000011d73c2f0]
Event: 41.549 Thread 0x00007f9ca002d800 2744       3       java.awt.Component::getCursor_NoClientCode (30 bytes)
Event: 41.549 Thread 0x00007f9ca002d800 nmethod 2744 0x000000011d73b690 code [0x000000011d73b840, 0x000000011d73bcc8]
Event: 41.560 Thread 0x00007f9ca002d800 2745       3       java.awt.geom.AffineTransform::<init> (15 bytes)
Event: 41.560 Thread 0x00007f9ca002d800 nmethod 2745 0x000000011d73b290 code [0x000000011d73b400, 0x000000011d73b5d0]
Event: 41.574 Thread 0x00007f9ca002d800 2746       3       java.awt.geom.AffineTransform::getScaleY (5 bytes)
Event: 41.574 Thread 0x00007f9ca002d800 nmethod 2746 0x000000011d73af90 code [0x000000011d73b0e0, 0x000000011d73b230]

GC Heap History (10 events):
Event: 28.407 GC heap before
{Heap before GC invocations=13 (full 0):
 PSYoungGen      total 470528K, used 470304K [0x000000076ab00000, 0x000000079ec80000, 0x00000007c0000000)
  eden space 457728K, 100% used [0x000000076ab00000,0x0000000786a00000,0x0000000786a00000)
  from space 12800K, 98% used [0x000000079e000000,0x000000079ec48300,0x000000079ec80000)
  to   space 34304K, 0% used [0x000000079a980000,0x000000079a980000,0x000000079cb00000)
 ParOldGen       total 175104K, used 90650K [0x00000006c0000000, 0x00000006cab00000, 0x000000076ab00000)
  object space 175104K, 51% used [0x00000006c0000000,0x00000006c5886830,0x00000006cab00000)
 Metaspace       used 19051K, capacity 19255K, committed 19456K, reserved 1067008K
  class space    used 1871K, capacity 1952K, committed 2048K, reserved 1048576K
Event: 28.413 GC heap after
Heap after GC invocations=13 (full 0):
 PSYoungGen      total 443904K, used 5664K [0x000000076ab00000, 0x000000079e080000, 0x00000007c0000000)
  eden space 437760K, 0% used [0x000000076ab00000,0x000000076ab00000,0x0000000785680000)
  from space 6144K, 92% used [0x000000079a980000,0x000000079af08150,0x000000079af80000)
  to   space 33792K, 0% used [0x000000079bf80000,0x000000079bf80000,0x000000079e080000)
 ParOldGen       total 175104K, used 103018K [0x00000006c0000000, 0x00000006cab00000, 0x000000076ab00000)
  object space 175104K, 58% used [0x00000006c0000000,0x00000006c649ab30,0x00000006cab00000)
 Metaspace       used 19051K, capacity 19255K, committed 19456K, reserved 1067008K
  class space    used 1871K, capacity 1952K, committed 2048K, reserved 1048576K
}
Event: 31.610 GC heap before
{Heap before GC invocations=14 (full 0):
 PSYoungGen      total 443904K, used 443424K [0x000000076ab00000, 0x000000079e080000, 0x00000007c0000000)
  eden space 437760K, 100% used [0x000000076ab00000,0x0000000785680000,0x0000000785680000)
  from space 6144K, 92% used [0x000000079a980000,0x000000079af08150,0x000000079af80000)
  to   space 33792K, 0% used [0x000000079bf80000,0x000000079bf80000,0x000000079e080000)
 ParOldGen       total 175104K, used 103018K [0x00000006c0000000, 0x00000006cab00000, 0x000000076ab00000)
  object space 175104K, 58% used [0x00000006c0000000,0x00000006c649ab30,0x00000006cab00000)
 Metaspace       used 19069K, capacity 19319K, committed 19712K, reserved 1067008K
  class space    used 1871K, capacity 1952K, committed 2048K, reserved 1048576K
Event: 31.613 GC heap after
Heap after GC invocations=14 (full 0):
 PSYoungGen      total 420864K, used 1792K [0x000000076ab00000, 0x000000079c180000, 0x00000007c0000000)
  eden space 418816K, 0% used [0x000000076ab00000,0x000000076ab00000,0x0000000784400000)
  from space 2048K, 87% used [0x000000079bf80000,0x000000079c140060,0x000000079c180000)
  to   space 34304K, 0% used [0x0000000797e80000,0x0000000797e80000,0x000000079a000000)
 ParOldGen       total 175104K, used 108483K [0x00000006c0000000, 0x00000006cab00000, 0x000000076ab00000)
  object space 175104K, 61% used [0x00000006c0000000,0x00000006c69f0c80,0x00000006cab00000)
 Metaspace       used 19069K, capacity 19319K, committed 19712K, reserved 1067008K
  class space    used 1871K, capacity 1952K, committed 2048K, reserved 1048576K
}
Event: 34.823 GC heap before
{Heap before GC invocations=15 (full 0):
 PSYoungGen      total 420864K, used 420608K [0x000000076ab00000, 0x000000079c180000, 0x00000007c0000000)
  eden space 418816K, 100% used [0x000000076ab00000,0x0000000784400000,0x0000000784400000)
  from space 2048K, 87% used [0x000000079bf80000,0x000000079c140060,0x000000079c180000)
  to   space 34304K, 0% used [0x0000000797e80000,0x0000000797e80000,0x000000079a000000)
 ParOldGen       total 175104K, used 108483K [0x00000006c0000000, 0x00000006cab00000, 0x000000076ab00000)
  object space 175104K, 61% used [0x00000006c0000000,0x00000006c69f0c80,0x00000006cab00000)
 Metaspace       used 19075K, capacity 19319K, committed 19712K, reserved 1067008K
  class space    used 1871K, capacity 1952K, committed 2048K, reserved 1048576K
Event: 34.826 GC heap after
Heap after GC invocations=15 (full 0):
 PSYoungGen      total 404480K, used 3360K [0x000000076ab00000, 0x000000079c000000, 0x00000007c0000000)
  eden space 400896K, 0% used [0x000000076ab00000,0x000000076ab00000,0x0000000783280000)
  from space 3584K, 93% used [0x0000000797e80000,0x00000007981c80c0,0x0000000798200000)
  to   space 33792K, 0% used [0x0000000799f00000,0x0000000799f00000,0x000000079c000000)
 ParOldGen       total 175104K, used 110075K [0x00000006c0000000, 0x00000006cab00000, 0x000000076ab00000)
  object space 175104K, 62% used [0x00000006c0000000,0x00000006c6b7ece0,0x00000006cab00000)
 Metaspace       used 19075K, capacity 19319K, committed 19712K, reserved 1067008K
  class space    used 1871K, capacity 1952K, committed 2048K, reserved 1048576K
}
Event: 37.328 GC heap before
{Heap before GC invocations=16 (full 0):
 PSYoungGen      total 404480K, used 404256K [0x000000076ab00000, 0x000000079c000000, 0x00000007c0000000)
  eden space 400896K, 100% used [0x000000076ab00000,0x0000000783280000,0x0000000783280000)
  from space 3584K, 93% used [0x0000000797e80000,0x00000007981c80c0,0x0000000798200000)
  to   space 33792K, 0% used [0x0000000799f00000,0x0000000799f00000,0x000000079c000000)
 ParOldGen       total 175104K, used 110075K [0x00000006c0000000, 0x00000006cab00000, 0x000000076ab00000)
  object space 175104K, 62% used [0x00000006c0000000,0x00000006c6b7ece0,0x00000006cab00000)
 Metaspace       used 19108K, capacity 19319K, committed 19712K, reserved 1067008K
  class space    used 1871K, capacity 1952K, committed 2048K, reserved 1048576K
Event: 37.333 GC heap after
Heap after GC invocations=16 (full 0):
 PSYoungGen      total 393728K, used 9504K [0x000000076ab00000, 0x000000079a880000, 0x00000007c0000000)
  eden space 384000K, 0% used [0x000000076ab00000,0x000000076ab00000,0x0000000782200000)
  from space 9728K, 97% used [0x0000000799f00000,0x000000079a848240,0x000000079a880000)
  to   space 31744K, 0% used [0x0000000796a80000,0x0000000796a80000,0x0000000798980000)
 ParOldGen       total 175104K, used 113195K [0x00000006c0000000, 0x00000006cab00000, 0x000000076ab00000)
  object space 175104K, 64% used [0x00000006c0000000,0x00000006c6e8ada0,0x00000006cab00000)
 Metaspace       used 19108K, capacity 19319K, committed 19712K, reserved 1067008K
  class space    used 1871K, capacity 1952K, committed 2048K, reserved 1048576K
}
Event: 40.372 GC heap before
{Heap before GC invocations=17 (full 0):
 PSYoungGen      total 393728K, used 393504K [0x000000076ab00000, 0x000000079a880000, 0x00000007c0000000)
  eden space 384000K, 100% used [0x000000076ab00000,0x0000000782200000,0x0000000782200000)
  from space 9728K, 97% used [0x0000000799f00000,0x000000079a848240,0x000000079a880000)
  to   space 31744K, 0% used [0x0000000796a80000,0x0000000796a80000,0x0000000798980000)
 ParOldGen       total 175104K, used 113195K [0x00000006c0000000, 0x00000006cab00000, 0x000000076ab00000)
  object space 175104K, 64% used [0x00000006c0000000,0x00000006c6e8ada0,0x00000006cab00000)
 Metaspace       used 19110K, capacity 19319K, committed 19712K, reserved 1067008K
  class space    used 1871K, capacity 1952K, committed 2048K, reserved 1048576K
Event: 40.377 GC heap after
Heap after GC invocations=17 (full 0):
 PSYoungGen      total 368128K, used 192K [0x000000076ab00000, 0x0000000799f80000, 0x00000007c0000000)
  eden space 367616K, 0% used [0x000000076ab00000,0x000000076ab00000,0x0000000781200000)
  from space 512K, 37% used [0x0000000796a80000,0x0000000796ab0000,0x0000000796b00000)
  to   space 31744K, 0% used [0x0000000798080000,0x0000000798080000,0x0000000799f80000)
 ParOldGen       total 175104K, used 122475K [0x00000006c0000000, 0x00000006cab00000, 0x000000076ab00000)
  object space 175104K, 69% used [0x00000006c0000000,0x00000006c779afe0,0x00000006cab00000)
 Metaspace       used 19110K, capacity 19319K, committed 19712K, reserved 1067008K
  class space    used 1871K, capacity 1952K, committed 2048K, reserved 1048576K
}

Deoptimization events (10 events):
Event: 9.805 Thread 0x00007f9ca02c3800 Uncommon trap: reason=unstable_if action=reinterpret pc=0x000000011d8e3804 method=de.fhpotsdam.unfolding.marker.SimpleLinesMarker.draw(Lprocessing/core/PGraphics;Ljava/util/List;)V @ 13
Event: 9.906 Thread 0x00007f9ca02c3800 Uncommon trap: reason=unstable_if action=reinterpret pc=0x000000011d92fe6c method=module6.CommonMarker.draw(Lprocessing/core/PGraphics;FF)V @ 18
Event: 12.087 Thread 0x00007f9ca02c3800 Uncommon trap: reason=unstable_if action=reinterpret pc=0x000000011d477d54 method=de.fhpotsdam.unfolding.mapdisplay.Java2DMapDisplay.getTransformedPosition(FFZ)[F @ 1
Event: 16.639 Thread 0x00007f9ca02c3800 Uncommon trap: reason=unstable_if action=reinterpret pc=0x000000011da6ecec method=de.fhpotsdam.unfolding.core.Coordinate.equals(Ljava/lang/Object;)Z @ 38
Event: 16.639 Thread 0x00007f9ca02c3800 Uncommon trap: reason=unstable_if action=reinterpret pc=0x000000011d9eee84 method=de.fhpotsdam.unfolding.core.Coordinate.equals(Ljava/lang/Object;)Z @ 38
Event: 41.393 Thread 0x00007f9ca02c3800 Uncommon trap: reason=unstable_if action=reinterpret pc=0x000000011d96aee8 method=com.jogamp.common.util.VersionNumber.compareTo(Lcom/jogamp/common/util/VersionNumber;)I @ 21
Event: 41.559 Thread 0x00007f9c9da53800 Uncommon trap: reason=unstable_if action=reinterpret pc=0x000000011d75ff00 method=java.util.HashMap.putVal(ILjava/lang/Object;Ljava/lang/Object;ZZ)Ljava/lang/Object; @ 81
Event: 41.559 Thread 0x00007f9c9da53800 Uncommon trap: reason=unstable_if action=reinterpret pc=0x000000011d6d0fbc method=java.util.HashMap.putVal(ILjava/lang/Object;Ljava/lang/Object;ZZ)Ljava/lang/Object; @ 81
Event: 41.573 Thread 0x00007f9ca02c3800 Uncommon trap: reason=unstable_if action=reinterpret pc=0x000000011d7c9364 method=java.security.AccessControlContext.optimize()Ljava/security/AccessControlContext; @ 233
Event: 41.574 Thread 0x00007f9ca6a0b000 Uncommon trap: reason=predicate action=maybe_recompile pc=0x000000011d4e7000 method=java.util.Vector.indexOf(Ljava/lang/Object;I)I @ 44

Internal exceptions (10 events):
Event: 37.126 Thread 0x00007f9c9e006800 Exception <a 'java/security/PrivilegedActionException'> (0x00000007813dc520) thrown at [/Users/java_re/workspace/8-2-build-macosx-x86_64/jdk8u111/7883/hotspot/src/share/vm/prims/jvm.cpp, line 1386]
Event: 37.126 Thread 0x00007f9ca6864800 Exception <a 'java/security/PrivilegedActionException'> (0x0000000780ff55a0) thrown at [/Users/java_re/workspace/8-2-build-macosx-x86_64/jdk8u111/7883/hotspot/src/share/vm/prims/jvm.cpp, line 1386]
Event: 37.126 Thread 0x00007f9ca6865000 Exception <a 'java/security/PrivilegedActionException'> (0x00000007811ea7d0) thrown at [/Users/java_re/workspace/8-2-build-macosx-x86_64/jdk8u111/7883/hotspot/src/share/vm/prims/jvm.cpp, line 1386]
Event: 37.126 Thread 0x00007f9ca6864800 Exception <a 'java/security/PrivilegedActionException'> (0x0000000780ff57b0) thrown at [/Users/java_re/workspace/8-2-build-macosx-x86_64/jdk8u111/7883/hotspot/src/share/vm/prims/jvm.cpp, line 1386]
Event: 37.126 Thread 0x00007f9ca6865000 Exception <a 'java/security/PrivilegedActionException'> (0x00000007811ea9e0) thrown at [/Users/java_re/workspace/8-2-build-macosx-x86_64/jdk8u111/7883/hotspot/src/share/vm/prims/jvm.cpp, line 1386]
Event: 37.126 Thread 0x00007f9ca18a7800 Exception <a 'java/security/PrivilegedActionException'> (0x00000007815d1750) thrown at [/Users/java_re/workspace/8-2-build-macosx-x86_64/jdk8u111/7883/hotspot/src/share/vm/prims/jvm.cpp, line 1386]
Event: 37.126 Thread 0x00007f9c9e006800 Exception <a 'java/security/PrivilegedActionException'> (0x00000007813dfa00) thrown at [/Users/java_re/workspace/8-2-build-macosx-x86_64/jdk8u111/7883/hotspot/src/share/vm/prims/jvm.cpp, line 1386]
Event: 37.126 Thread 0x00007f9c9e006800 Exception <a 'java/security/PrivilegedActionException'> (0x00000007813dfc10) thrown at [/Users/java_re/workspace/8-2-build-macosx-x86_64/jdk8u111/7883/hotspot/src/share/vm/prims/jvm.cpp, line 1386]
Event: 37.126 Thread 0x00007f9ca18a7800 Exception <a 'java/security/PrivilegedActionException'> (0x00000007815d4c30) thrown at [/Users/java_re/workspace/8-2-build-macosx-x86_64/jdk8u111/7883/hotspot/src/share/vm/prims/jvm.cpp, line 1386]
Event: 37.126 Thread 0x00007f9ca18a7800 Exception <a 'java/security/PrivilegedActionException'> (0x00000007815d4e40) thrown at [/Users/java_re/workspace/8-2-build-macosx-x86_64/jdk8u111/7883/hotspot/src/share/vm/prims/jvm.cpp, line 1386]

Events (10 events):
Event: 41.573 loading class java/awt/event/AWTEventListenerProxy
Event: 41.573 loading class java/awt/event/AWTEventListenerProxy done
Event: 41.573 loading class java/awt/Toolkit$ToolkitEventMulticaster
Event: 41.573 loading class java/awt/Toolkit$ToolkitEventMulticaster done
Event: 41.574 Thread 0x00007f9c9da53800 Thread exited: 0x00007f9c9da53800
Event: 41.574 Thread 0x00007f9ca6a0b000 Uncommon trap: trap_request=0xffffff86 fr.pc=0x000000011d4e7000
Event: 41.574 Thread 0x00007f9ca6a0b000 DEOPT PACKING pc=0x000000011d4e7000 sp=0x0000700007c127e0
Event: 41.574 Thread 0x00007f9ca6a0b000 DEOPT UNPACKING pc=0x000000011d2ba229 sp=0x0000700007c127a0 mode 2
Event: 41.574 loading class java/awt/Window$1DisposeAction
Event: 41.574 loading class java/awt/Window$1DisposeAction done


Dynamic libraries:
0x0000000049353000 	/System/Library/Frameworks/Cocoa.framework/Versions/A/Cocoa
0x0000000049353000 	/System/Library/Frameworks/Security.framework/Versions/A/Security
0x0000000049353000 	/System/Library/Frameworks/ApplicationServices.framework/Versions/A/ApplicationServices
0x0000000049353000 	/usr/lib/libz.1.dylib
0x0000000049353000 	/usr/lib/libSystem.B.dylib
0x0000000049353000 	/usr/lib/libobjc.A.dylib
0x0000000049353000 	/System/Library/Frameworks/CoreFoundation.framework/Versions/A/CoreFoundation
0x0000000049353000 	/System/Library/Frameworks/Foundation.framework/Versions/C/Foundation
0x0000000049353000 	/System/Library/Frameworks/AppKit.framework/Versions/C/AppKit
0x0000000049353000 	/System/Library/Frameworks/CoreData.framework/Versions/A/CoreData
0x0000000049353000 	/System/Library/PrivateFrameworks/RemoteViewServices.framework/Versions/A/RemoteViewServices
0x0000000049353000 	/System/Library/PrivateFrameworks/UIFoundation.framework/Versions/A/UIFoundation
0x0000000049353000 	/System/Library/PrivateFrameworks/DFRFoundation.framework/Versions/A/DFRFoundation
0x0000000049353000 	/usr/lib/libenergytrace.dylib
0x0000000049353000 	/System/Library/PrivateFrameworks/SkyLight.framework/Versions/A/SkyLight
0x0000000049353000 	/System/Library/Frameworks/CoreGraphics.framework/Versions/A/CoreGraphics
0x0000000049353000 	/usr/lib/libScreenReader.dylib
0x0000000049353000 	/System/Library/Frameworks/Accelerate.framework/Versions/A/Accelerate
0x0000000049353000 	/System/Library/Frameworks/IOSurface.framework/Versions/A/IOSurface
0x0000000049353000 	/System/Library/Frameworks/AudioToolbox.framework/Versions/A/AudioToolbox
0x0000000049353000 	/System/Library/Frameworks/AudioUnit.framework/Versions/A/AudioUnit
0x0000000049353000 	/System/Library/PrivateFrameworks/DataDetectorsCore.framework/Versions/A/DataDetectorsCore
0x0000000049353000 	/System/Library/PrivateFrameworks/DesktopServicesPriv.framework/Versions/A/DesktopServicesPriv
0x0000000049353000 	/System/Library/Frameworks/Carbon.framework/Versions/A/Frameworks/HIToolbox.framework/Versions/A/HIToolbox
0x0000000049353000 	/usr/lib/libicucore.A.dylib
0x0000000049353000 	/System/Library/Frameworks/QuartzCore.framework/Versions/A/QuartzCore
0x0000000049353000 	/System/Library/Frameworks/Carbon.framework/Versions/A/Frameworks/SpeechRecognition.framework/Versions/A/SpeechRecognition
0x0000000049353000 	/usr/lib/libauto.dylib
0x0000000049353000 	/usr/lib/libxml2.2.dylib
0x0000000049353000 	/System/Library/PrivateFrameworks/CoreUI.framework/Versions/A/CoreUI
0x0000000049353000 	/System/Library/Frameworks/CoreAudio.framework/Versions/A/CoreAudio
0x0000000049353000 	/System/Library/Frameworks/DiskArbitration.framework/Versions/A/DiskArbitration
0x0000000049353000 	/usr/lib/liblangid.dylib
0x0000000049353000 	/System/Library/PrivateFrameworks/MultitouchSupport.framework/Versions/A/MultitouchSupport
0x0000000049353000 	/System/Library/Frameworks/IOKit.framework/Versions/A/IOKit
0x0000000049353000 	/usr/lib/libDiagnosticMessagesClient.dylib
0x0000000049353000 	/System/Library/Frameworks/CoreServices.framework/Versions/A/CoreServices
0x0000000049353000 	/System/Library/PrivateFrameworks/PerformanceAnalysis.framework/Versions/A/PerformanceAnalysis
0x0000000049353000 	/System/Library/PrivateFrameworks/GenerationalStorage.framework/Versions/A/GenerationalStorage
0x0000000049353000 	/System/Library/Frameworks/OpenGL.framework/Versions/A/OpenGL
0x0000000049353000 	/System/Library/Frameworks/CoreImage.framework/Versions/A/CoreImage
0x0000000049353000 	/System/Library/Frameworks/CoreText.framework/Versions/A/CoreText
0x0000000049353000 	/System/Library/Frameworks/ImageIO.framework/Versions/A/ImageIO
0x0000000049353000 	/System/Library/PrivateFrameworks/Backup.framework/Versions/A/Backup
0x0000000049353000 	/usr/lib/libarchive.2.dylib
0x0000000049353000 	/System/Library/Frameworks/CFNetwork.framework/Versions/A/CFNetwork
0x0000000049353000 	/System/Library/Frameworks/SystemConfiguration.framework/Versions/A/SystemConfiguration
0x0000000049353000 	/usr/lib/libCRFSuite.dylib
0x0000000049353000 	/usr/lib/libc++.1.dylib
0x0000000049353000 	/usr/lib/libc++abi.dylib
0x0000000049353000 	/usr/lib/system/libcache.dylib
0x0000000049353000 	/usr/lib/system/libcommonCrypto.dylib
0x0000000049353000 	/usr/lib/system/libcompiler_rt.dylib
0x0000000049353000 	/usr/lib/system/libcopyfile.dylib
0x0000000049353000 	/usr/lib/system/libcorecrypto.dylib
0x0000000049353000 	/usr/lib/system/libdispatch.dylib
0x0000000049353000 	/usr/lib/system/libdyld.dylib
0x0000000049353000 	/usr/lib/system/libkeymgr.dylib
0x0000000049353000 	/usr/lib/system/liblaunch.dylib
0x0000000049353000 	/usr/lib/system/libmacho.dylib
0x0000000049353000 	/usr/lib/system/libquarantine.dylib
0x0000000049353000 	/usr/lib/system/libremovefile.dylib
0x0000000049353000 	/usr/lib/system/libsystem_asl.dylib
0x0000000049353000 	/usr/lib/system/libsystem_blocks.dylib
0x0000000049353000 	/usr/lib/system/libsystem_c.dylib
0x0000000049353000 	/usr/lib/system/libsystem_configuration.dylib
0x0000000049353000 	/usr/lib/system/libsystem_coreservices.dylib
0x0000000049353000 	/usr/lib/system/libsystem_coretls.dylib
0x0000000049353000 	/usr/lib/system/libsystem_dnssd.dylib
0x0000000049353000 	/usr/lib/system/libsystem_info.dylib
0x0000000049353000 	/usr/lib/system/libsystem_kernel.dylib
0x0000000049353000 	/usr/lib/system/libsystem_m.dylib
0x0000000049353000 	/usr/lib/system/libsystem_malloc.dylib
0x0000000049353000 	/usr/lib/system/libsystem_network.dylib
0x0000000049353000 	/usr/lib/system/libsystem_networkextension.dylib
0x0000000049353000 	/usr/lib/system/libsystem_notify.dylib
0x0000000049353000 	/usr/lib/system/libsystem_platform.dylib
0x0000000049353000 	/usr/lib/system/libsystem_pthread.dylib
0x0000000049353000 	/usr/lib/system/libsystem_sandbox.dylib
0x0000000049353000 	/usr/lib/system/libsystem_secinit.dylib
0x0000000049353000 	/usr/lib/system/libsystem_symptoms.dylib
0x0000000049353000 	/usr/lib/system/libsystem_trace.dylib
0x0000000049353000 	/usr/lib/system/libunwind.dylib
0x0000000049353000 	/usr/lib/system/libxpc.dylib
0x0000000049353000 	/usr/lib/libbsm.0.dylib
0x0000000049353000 	/usr/lib/system/libkxld.dylib
0x0000000049353000 	/usr/lib/libcoretls.dylib
0x0000000049353000 	/usr/lib/libcoretls_cfhelpers.dylib
0x0000000049353000 	/usr/lib/libxar.1.dylib
0x0000000049353000 	/usr/lib/libsqlite3.dylib
0x0000000049353000 	/usr/lib/libpam.2.dylib
0x0000000049353000 	/usr/lib/libOpenScriptingUtil.dylib
0x0000000049353000 	/usr/lib/libbz2.1.0.dylib
0x0000000049353000 	/usr/lib/liblzma.5.dylib
0x0000000049353000 	/usr/lib/libnetwork.dylib
0x0000000049353000 	/usr/lib/libpcap.A.dylib
0x0000000049353000 	/System/Library/Frameworks/CoreServices.framework/Versions/A/Frameworks/FSEvents.framework/Versions/A/FSEvents
0x0000000049353000 	/System/Library/Frameworks/CoreServices.framework/Versions/A/Frameworks/CarbonCore.framework/Versions/A/CarbonCore
0x0000000049353000 	/System/Library/Frameworks/CoreServices.framework/Versions/A/Frameworks/Metadata.framework/Versions/A/Metadata
0x0000000049353000 	/System/Library/Frameworks/CoreServices.framework/Versions/A/Frameworks/OSServices.framework/Versions/A/OSServices
0x0000000049353000 	/System/Library/Frameworks/CoreServices.framework/Versions/A/Frameworks/SearchKit.framework/Versions/A/SearchKit
0x0000000049353000 	/System/Library/Frameworks/CoreServices.framework/Versions/A/Frameworks/AE.framework/Versions/A/AE
0x0000000049353000 	/System/Library/Frameworks/CoreServices.framework/Versions/A/Frameworks/LaunchServices.framework/Versions/A/LaunchServices
0x0000000049353000 	/System/Library/Frameworks/CoreServices.framework/Versions/A/Frameworks/DictionaryServices.framework/Versions/A/DictionaryServices
0x0000000049353000 	/System/Library/Frameworks/CoreServices.framework/Versions/A/Frameworks/SharedFileList.framework/Versions/A/SharedFileList
0x0000000049353000 	/System/Library/Frameworks/NetFS.framework/Versions/A/NetFS
0x0000000049353000 	/System/Library/PrivateFrameworks/NetAuth.framework/Versions/A/NetAuth
0x0000000049353000 	/System/Library/PrivateFrameworks/login.framework/Versions/A/Frameworks/loginsupport.framework/Versions/A/loginsupport
0x0000000049353000 	/System/Library/PrivateFrameworks/TCC.framework/Versions/A/TCC
0x0000000049353000 	/usr/lib/libmecabra.dylib
0x0000000049353000 	/System/Library/Frameworks/ApplicationServices.framework/Versions/A/Frameworks/ATS.framework/Versions/A/ATS
0x0000000049353000 	/System/Library/Frameworks/ApplicationServices.framework/Versions/A/Frameworks/ColorSync.framework/Versions/A/ColorSync
0x0000000049353000 	/System/Library/Frameworks/ApplicationServices.framework/Versions/A/Frameworks/HIServices.framework/Versions/A/HIServices
0x0000000049353000 	/System/Library/Frameworks/ApplicationServices.framework/Versions/A/Frameworks/LangAnalysis.framework/Versions/A/LangAnalysis
0x0000000049353000 	/System/Library/Frameworks/ApplicationServices.framework/Versions/A/Frameworks/PrintCore.framework/Versions/A/PrintCore
0x0000000049353000 	/System/Library/Frameworks/ApplicationServices.framework/Versions/A/Frameworks/QD.framework/Versions/A/QD
0x0000000049353000 	/System/Library/Frameworks/ApplicationServices.framework/Versions/A/Frameworks/SpeechSynthesis.framework/Versions/A/SpeechSynthesis
0x0000000049353000 	/System/Library/Frameworks/Accelerate.framework/Versions/A/Frameworks/vImage.framework/Versions/A/vImage
0x0000000049353000 	/System/Library/Frameworks/Accelerate.framework/Versions/A/Frameworks/vecLib.framework/Versions/A/vecLib
0x0000000049353000 	/System/Library/Frameworks/Accelerate.framework/Versions/A/Frameworks/vecLib.framework/Versions/A/libvDSP.dylib
0x0000000049353000 	/System/Library/Frameworks/Accelerate.framework/Versions/A/Frameworks/vecLib.framework/Versions/A/libBNNS.dylib
0x0000000049353000 	/System/Library/Frameworks/Accelerate.framework/Versions/A/Frameworks/vecLib.framework/Versions/A/libQuadrature.dylib
0x0000000049353000 	/System/Library/Frameworks/Accelerate.framework/Versions/A/Frameworks/vecLib.framework/Versions/A/libvMisc.dylib
0x0000000049353000 	/System/Library/Frameworks/Accelerate.framework/Versions/A/Frameworks/vecLib.framework/Versions/A/libLAPACK.dylib
0x0000000049353000 	/System/Library/Frameworks/Accelerate.framework/Versions/A/Frameworks/vecLib.framework/Versions/A/libBLAS.dylib
0x0000000049353000 	/System/Library/Frameworks/Accelerate.framework/Versions/A/Frameworks/vecLib.framework/Versions/A/libLinearAlgebra.dylib
0x0000000049353000 	/System/Library/Frameworks/Accelerate.framework/Versions/A/Frameworks/vecLib.framework/Versions/A/libSparseBLAS.dylib
0x0000000049353000 	/System/Library/Frameworks/ApplicationServices.framework/Versions/A/Frameworks/ATS.framework/Versions/A/Resources/libFontParser.dylib
0x0000000049353000 	/System/Library/Frameworks/ApplicationServices.framework/Versions/A/Frameworks/ATS.framework/Versions/A/Resources/libFontRegistry.dylib
0x0000000049353000 	/System/Library/Frameworks/ImageIO.framework/Versions/A/Resources/libJPEG.dylib
0x0000000049353000 	/System/Library/Frameworks/ImageIO.framework/Versions/A/Resources/libTIFF.dylib
0x0000000049353000 	/System/Library/Frameworks/ImageIO.framework/Versions/A/Resources/libPng.dylib
0x0000000049353000 	/System/Library/Frameworks/ImageIO.framework/Versions/A/Resources/libGIF.dylib
0x0000000049353000 	/System/Library/Frameworks/ImageIO.framework/Versions/A/Resources/libJP2.dylib
0x0000000049353000 	/System/Library/Frameworks/ImageIO.framework/Versions/A/Resources/libRadiance.dylib
0x0000000049353000 	/usr/lib/libcompression.dylib
0x0000000049353000 	/System/Library/PrivateFrameworks/AppleJPEG.framework/Versions/A/AppleJPEG
0x0000000049353000 	/usr/lib/libcups.2.dylib
0x0000000049353000 	/System/Library/Frameworks/Kerberos.framework/Versions/A/Kerberos
0x0000000049353000 	/System/Library/Frameworks/GSS.framework/Versions/A/GSS
0x0000000049353000 	/usr/lib/libresolv.9.dylib
0x0000000049353000 	/usr/lib/libiconv.2.dylib
0x0000000049353000 	/System/Library/PrivateFrameworks/Heimdal.framework/Versions/A/Heimdal
0x0000000049353000 	/usr/lib/libheimdal-asn1.dylib
0x0000000049353000 	/System/Library/Frameworks/OpenDirectory.framework/Versions/A/OpenDirectory
0x0000000049353000 	/System/Library/PrivateFrameworks/CommonAuth.framework/Versions/A/CommonAuth
0x0000000049353000 	/System/Library/Frameworks/OpenDirectory.framework/Versions/A/Frameworks/CFOpenDirectory.framework/Versions/A/CFOpenDirectory
0x0000000049353000 	/System/Library/Frameworks/SecurityFoundation.framework/Versions/A/SecurityFoundation
0x0000000049353000 	/System/Library/PrivateFrameworks/LanguageModeling.framework/Versions/A/LanguageModeling
0x0000000049353000 	/usr/lib/libmarisa.dylib
0x0000000049353000 	/usr/lib/libChineseTokenizer.dylib
0x0000000049353000 	/usr/lib/libcmph.dylib
0x0000000049353000 	/System/Library/PrivateFrameworks/CoreEmoji.framework/Versions/A/CoreEmoji
0x0000000049353000 	/System/Library/Frameworks/ServiceManagement.framework/Versions/A/ServiceManagement
0x0000000049353000 	/usr/lib/libxslt.1.dylib
0x0000000049353000 	/System/Library/Frameworks/Carbon.framework/Versions/A/Frameworks/Ink.framework/Versions/A/Ink
0x0000000049353000 	/System/Library/PrivateFrameworks/TextureIO.framework/Versions/A/TextureIO
0x0000000049353000 	/System/Library/Frameworks/Metal.framework/Versions/A/Metal
0x0000000049353000 	/usr/lib/libate.dylib
0x0000000049353000 	/System/Library/PrivateFrameworks/GPUCompiler.framework/libmetal_timestamp.dylib
0x0000000049353000 	/System/Library/Frameworks/OpenGL.framework/Versions/A/Libraries/libCoreFSCache.dylib
0x0000000049353000 	/System/Library/PrivateFrameworks/IOAccelerator.framework/Versions/A/IOAccelerator
0x0000000049353000 	/System/Library/Frameworks/CoreVideo.framework/Versions/A/CoreVideo
0x0000000049353000 	/usr/lib/libFosl_dynamic.dylib
0x0000000049353000 	/System/Library/PrivateFrameworks/MetalPerformanceShaders.framework/Versions/A/MetalPerformanceShaders
0x0000000049353000 	/System/Library/PrivateFrameworks/FaceCore.framework/Versions/A/FaceCore
0x0000000049353000 	/System/Library/Frameworks/OpenCL.framework/Versions/A/OpenCL
0x0000000049353000 	/System/Library/Frameworks/OpenGL.framework/Versions/A/Libraries/libGLU.dylib
0x0000000049353000 	/System/Library/Frameworks/OpenGL.framework/Versions/A/Libraries/libGFXShared.dylib
0x0000000049353000 	/System/Library/Frameworks/OpenGL.framework/Versions/A/Libraries/libGL.dylib
0x0000000049353000 	/System/Library/Frameworks/OpenGL.framework/Versions/A/Libraries/libGLImage.dylib
0x0000000049353000 	/System/Library/Frameworks/OpenGL.framework/Versions/A/Libraries/libCVMSPluginSupport.dylib
0x0000000049353000 	/System/Library/Frameworks/OpenGL.framework/Versions/A/Libraries/libCoreVMClient.dylib
0x0000000049353000 	/System/Library/PrivateFrameworks/CrashReporterSupport.framework/Versions/A/CrashReporterSupport
0x0000000049353000 	/System/Library/PrivateFrameworks/Sharing.framework/Versions/A/Sharing
0x0000000049353000 	/System/Library/PrivateFrameworks/IconServices.framework/Versions/A/IconServices
0x0000000049353000 	/System/Library/PrivateFrameworks/ProtocolBuffer.framework/Versions/A/ProtocolBuffer
0x0000000049353000 	/System/Library/PrivateFrameworks/Apple80211.framework/Versions/A/Apple80211
0x0000000049353000 	/System/Library/Frameworks/CoreWLAN.framework/Versions/A/CoreWLAN
0x0000000049353000 	/System/Library/PrivateFrameworks/CoreUtils.framework/Versions/A/CoreUtils
0x0000000049353000 	/System/Library/Frameworks/IOBluetooth.framework/Versions/A/IOBluetooth
0x0000000049353000 	/System/Library/PrivateFrameworks/CoreWiFi.framework/Versions/A/CoreWiFi
0x0000000049353000 	/System/Library/Frameworks/CoreBluetooth.framework/Versions/A/CoreBluetooth
0x0000000049353000 	/System/Library/Frameworks/CoreDisplay.framework/Versions/A/CoreDisplay
0x0000000049353000 	/System/Library/PrivateFrameworks/IOPresentment.framework/Versions/A/IOPresentment
0x0000000049353000 	/System/Library/PrivateFrameworks/DebugSymbols.framework/Versions/A/DebugSymbols
0x0000000049353000 	/System/Library/PrivateFrameworks/CoreSymbolication.framework/Versions/A/CoreSymbolication
0x0000000049353000 	/System/Library/PrivateFrameworks/Symbolication.framework/Versions/A/Symbolication
0x0000000049353000 	/System/Library/PrivateFrameworks/AppleFSCompression.framework/Versions/A/AppleFSCompression
0x0000000049353000 	/System/Library/PrivateFrameworks/SpeechRecognitionCore.framework/Versions/A/SpeechRecognitionCore
0x0000000049353000 	/System/Library/PrivateFrameworks/ChunkingLibrary.framework/Versions/A/ChunkingLibrary
0x000000010fc00000 	/Library/Java/JavaVirtualMachines/jdk1.8.0_111.jdk/Contents/Home/jre/lib/server/libjvm.dylib
0x0000000049353000 	/usr/lib/libstdc++.6.dylib
0x000000010eaa1000 	/Library/Java/JavaVirtualMachines/jdk1.8.0_111.jdk/Contents/Home/jre/lib/libverify.dylib
0x000000010eaaf000 	/Library/Java/JavaVirtualMachines/jdk1.8.0_111.jdk/Contents/Home/jre/lib/libjava.dylib
0x000000010eaee000 	/Library/Java/JavaVirtualMachines/jdk1.8.0_111.jdk/Contents/Home/jre/lib/libzip.dylib
0x000000011cb64000 	/System/Library/Frameworks/JavaVM.framework/Frameworks/JavaRuntimeSupport.framework/JavaRuntimeSupport
0x000000010ebeb000 	/System/Library/Frameworks/JavaVM.framework/Versions/A/Frameworks/JavaNativeFoundation.framework/Versions/A/JavaNativeFoundation
0x000000011cb7e000 	/System/Library/Frameworks/JavaVM.framework/Versions/A/JavaVM
0x0000000049353000 	/System/Library/Frameworks/Carbon.framework/Versions/A/Carbon
0x000000011cb8b000 	/System/Library/PrivateFrameworks/JavaLaunching.framework/Versions/A/JavaLaunching
0x0000000049353000 	/System/Library/Frameworks/Carbon.framework/Versions/A/Frameworks/CommonPanels.framework/Versions/A/CommonPanels
0x0000000049353000 	/System/Library/Frameworks/Carbon.framework/Versions/A/Frameworks/Help.framework/Versions/A/Help
0x0000000049353000 	/System/Library/Frameworks/Carbon.framework/Versions/A/Frameworks/ImageCapture.framework/Versions/A/ImageCapture
0x0000000049353000 	/System/Library/Frameworks/Carbon.framework/Versions/A/Frameworks/OpenScripting.framework/Versions/A/OpenScripting
0x0000000049353000 	/System/Library/Frameworks/Carbon.framework/Versions/A/Frameworks/Print.framework/Versions/A/Print
0x0000000049353000 	/System/Library/Frameworks/Carbon.framework/Versions/A/Frameworks/SecurityHI.framework/Versions/A/SecurityHI
0x000000011cbe1000 	/Library/Java/JavaVirtualMachines/jdk1.8.0_111.jdk/Contents/Home/jre/lib/libawt.dylib
0x000000011cc89000 	/Library/Java/JavaVirtualMachines/jdk1.8.0_111.jdk/Contents/Home/jre/lib/./libmlib_image.dylib
0x000000011cd55000 	/Library/Java/JavaVirtualMachines/jdk1.8.0_111.jdk/Contents/Home/jre/lib/libawt_lwawt.dylib
0x000000011ce0a000 	/Library/Java/JavaVirtualMachines/jdk1.8.0_111.jdk/Contents/Home/jre/lib/./libosxapp.dylib
0x0000000049353000 	/System/Library/Frameworks/ExceptionHandling.framework/Versions/A/ExceptionHandling
0x0000000049353000 	/System/Library/PrivateFrameworks/CoreServicesInternal.framework/Versions/A/CoreServicesInternal
0x0000000049353000 	/System/Library/CoreServices/RawCamera.bundle/Contents/MacOS/RawCamera
0x0000000049353000 	/System/Library/Frameworks/Accelerate.framework/Versions/A/Frameworks/vImage.framework/Versions/A/Libraries/libCGInterfaces.dylib
0x0000000049353000 	/System/Library/Frameworks/ApplicationServices.framework/Versions/A/Frameworks/ATS.framework/Versions/A/Resources/libTrueTypeScaler.dylib
0x0000000049353000 	/System/Library/Frameworks/OpenGL.framework/Versions/A/Resources/GLEngine.bundle/GLEngine
0x0000000049353000 	/System/Library/Frameworks/OpenGL.framework/Versions/A/Libraries/libGLProgrammability.dylib
0x000000012f5bb000 	/System/Library/Extensions/AppleIntelHD5000GraphicsGLDriver.bundle/Contents/MacOS/AppleIntelHD5000GraphicsGLDriver
0x0000000049353000 	/System/Library/PrivateFrameworks/GPUSupport.framework/Versions/A/Libraries/libGPUSupportMercury.dylib
0x0000000049353000 	/System/Library/Extensions/GeForceGLDriver.bundle/Contents/MacOS/GeForceGLDriver
0x0000000049353000 	/System/Library/Extensions/GeForceGLDriver.bundle/Contents/MacOS/libclh.dylib
0x0000000049353000 	/System/Library/Frameworks/OpenGL.framework/Versions/A/Resources/GLRendererFloat.bundle/GLRendererFloat
0x0000000049353000 	/System/Library/Frameworks/OpenCL.framework/Versions/A/Libraries/libcldcpuengine.dylib
0x0000000049353000 	/usr/lib/libcrypto.0.9.8.dylib
0x0000000049353000 	/System/Library/PrivateFrameworks/TrustEvaluationAgent.framework/Versions/A/TrustEvaluationAgent
0x0000000049353000 	/System/Library/Extensions/GeForceMTLDriver.bundle/Contents/MacOS/GeForceMTLDriver
0x000000012fd4d000 	/System/Library/Extensions/AppleIntelHD5000GraphicsMTLDriver.bundle/Contents/MacOS/AppleIntelHD5000GraphicsMTLDriver
0x0000000049353000 	/System/Library/PrivateFrameworks/FamilyControls.framework/Versions/A/FamilyControls
0x0000000049353000 	/System/Library/PrivateFrameworks/CommerceKit.framework/Versions/A/Frameworks/CommerceCore.framework/Versions/A/CommerceCore
0x0000000049353000 	/System/Library/PrivateFrameworks/SystemAdministration.framework/Versions/A/SystemAdministration
0x0000000049353000 	/System/Library/PrivateFrameworks/AppContainer.framework/Versions/A/AppContainer
0x0000000049353000 	/System/Library/PrivateFrameworks/SecCodeWrapper.framework/Versions/A/SecCodeWrapper
0x0000000049353000 	/System/Library/Frameworks/DirectoryService.framework/Versions/A/DirectoryService
0x0000000049353000 	/System/Library/PrivateFrameworks/DiskImages.framework/Versions/A/DiskImages
0x0000000049353000 	/System/Library/PrivateFrameworks/LoginUIKit.framework/Versions/A/Frameworks/LoginUICore.framework/Versions/A/LoginUICore
0x0000000049353000 	/usr/lib/libCoreStorage.dylib
0x0000000049353000 	/usr/lib/libcsfde.dylib
0x0000000049353000 	/usr/lib/libodfde.dylib
0x0000000049353000 	/System/Library/Frameworks/DiscRecording.framework/Versions/A/DiscRecording
0x0000000049353000 	/usr/lib/libcurl.4.dylib
0x0000000049353000 	/System/Library/PrivateFrameworks/MediaKit.framework/Versions/A/MediaKit
0x0000000049353000 	/System/Library/PrivateFrameworks/ProtectedCloudStorage.framework/Versions/A/ProtectedCloudStorage
0x0000000049353000 	/System/Library/PrivateFrameworks/EFILogin.framework/Versions/A/EFILogin
0x0000000049353000 	/usr/lib/libutil.dylib
0x0000000049353000 	/System/Library/Frameworks/LDAP.framework/Versions/A/LDAP
0x0000000049353000 	/usr/lib/libsasl2.2.dylib
0x0000000049353000 	/System/Library/PrivateFrameworks/CoreDaemon.framework/Versions/B/CoreDaemon
0x0000000049353000 	/System/Library/PrivateFrameworks/AppleSRP.framework/Versions/A/AppleSRP
0x0000000049353000 	/System/Library/PrivateFrameworks/APFS.framework/Versions/A/APFS
0x00000001319e7000 	/Library/Java/JavaVirtualMachines/jdk1.8.0_111.jdk/Contents/Home/jre/lib/libfontmanager.dylib
0x0000000133803000 	/Library/Java/JavaVirtualMachines/jdk1.8.0_111.jdk/Contents/Home/jre/lib/libosxui.dylib
0x0000000049353000 	/System/Library/PrivateFrameworks/ViewBridge.framework/Versions/A/ViewBridge
0x0000000049353000 	/System/Library/PrivateFrameworks/XPCService.framework/Versions/A/XPCService
0x0000000049353000 	/System/Library/PrivateFrameworks/AppSandbox.framework/Versions/A/AppSandbox
0x0000000049353000 	/usr/lib/libsandbox.1.dylib
0x0000000049353000 	/usr/lib/libMatch.1.dylib
0x0000000134586000 	/Library/Java/JavaVirtualMachines/jdk1.8.0_111.jdk/Contents/Home/jre/lib/libnet.dylib
0x00000001345fa000 	/Library/Java/JavaVirtualMachines/jdk1.8.0_111.jdk/Contents/Home/jre/lib/libnio.dylib
0x000000019c663000 	/private/var/folders/9f/6bxbn80n4793vm26lrjc_dvm0000gn/T/jogamp_0000/file_cache/jln6711293470866516421/jln7761532722086062507/libgluegen-rt.jnilib
0x000000019c667000 	/private/var/folders/9f/6bxbn80n4793vm26lrjc_dvm0000gn/T/jogamp_0000/file_cache/jln6711293470866516421/jln7761532722086062507/libnativewindow_awt.jnilib
0x000000019c66a000 	/Library/Java/JavaVirtualMachines/jdk1.8.0_111.jdk/Contents/Home/jre/lib/libjawt.dylib
0x000000019c66d000 	/private/var/folders/9f/6bxbn80n4793vm26lrjc_dvm0000gn/T/jogamp_0000/file_cache/jln6711293470866516421/jln7761532722086062507/libnativewindow_macosx.jnilib
0x000000019d20c000 	/private/var/folders/9f/6bxbn80n4793vm26lrjc_dvm0000gn/T/jogamp_0000/file_cache/jln6711293470866516421/jln7761532722086062507/libjogl_desktop.jnilib

VM Arguments:
jvm_args: -Djava.security.policy=java.policy.applet -Dfile.encoding=UTF-8 
java_command: sun.applet.AppletViewer module6.AirportMap1483418164884.html
java_class_path (initial): /Users/HSZHAO/Documents/Eclipse_workspace/UCSDUnfoldingMaps/build:/Users/HSZHAO/Documents/Eclipse_workspace/UCSDUnfoldingMaps/lib/core.jar:/Users/HSZHAO/Documents/Eclipse_workspace/UCSDUnfoldingMaps/lib/gluegen-rt.jar:/Users/HSZHAO/Documents/Eclipse_workspace/UCSDUnfoldingMaps/lib/jogl-all.jar:/Users/HSZHAO/Documents/Eclipse_workspace/UCSDUnfoldingMaps/lib/log4j-1.2.15.jar:/Users/HSZHAO/Documents/Eclipse_workspace/UCSDUnfoldingMaps/lib/sqlite-jdbc-3.7.2.jar:/Users/HSZHAO/Documents/Eclipse_workspace/UCSDUnfoldingMaps/lib/json4processing.jar:/Users/HSZHAO/Documents/Eclipse_workspace/UCSDUnfoldingMaps/lib/libTUIO.jar:/Users/HSZHAO/Documents/Eclipse_workspace/UCSDUnfoldingMaps/lib/unfolding.0.9.7-uscd.jar
Launcher Type: SUN_STANDARD

Environment Variables:
PATH=/usr/bin:/bin:/usr/sbin:/sbin
SHELL=/bin/bash

Signal Handlers:
SIGSEGV: [libjvm.dylib+0x5b03ed], sa_mask[0]=11111111011111110111111111111111, sa_flags=SA_ONSTACK|SA_RESTART|SA_SIGINFO
SIGBUS: [libjvm.dylib+0x5b03ed], sa_mask[0]=11111111011111110111111111111111, sa_flags=SA_RESTART|SA_SIGINFO
SIGFPE: [libjvm.dylib+0x48711c], sa_mask[0]=11111111011111110111111111111111, sa_flags=SA_RESTART|SA_SIGINFO
SIGPIPE: [libjvm.dylib+0x48711c], sa_mask[0]=11111111011111110111111111111111, sa_flags=SA_RESTART|SA_SIGINFO
SIGXFSZ: [libjvm.dylib+0x48711c], sa_mask[0]=11111111011111110111111111111111, sa_flags=SA_RESTART|SA_SIGINFO
SIGILL: [libjvm.dylib+0x48711c], sa_mask[0]=11111111011111110111111111111111, sa_flags=SA_RESTART|SA_SIGINFO
SIGUSR1: SIG_DFL, sa_mask[0]=00000000000000000000000000000000, sa_flags=none
SIGUSR2: [libjvm.dylib+0x486c3a], sa_mask[0]=00100000000000000000000000000000, sa_flags=SA_RESTART|SA_SIGINFO
SIGHUP: [libjvm.dylib+0x485211], sa_mask[0]=11111111011111110111111111111111, sa_flags=SA_RESTART|SA_SIGINFO
SIGINT: [libjvm.dylib+0x485211], sa_mask[0]=11111111011111110111111111111111, sa_flags=SA_RESTART|SA_SIGINFO
SIGTERM: [libjvm.dylib+0x485211], sa_mask[0]=11111111011111110111111111111111, sa_flags=SA_RESTART|SA_SIGINFO
SIGQUIT: [libjvm.dylib+0x485211], sa_mask[0]=11111111011111110111111111111111, sa_flags=SA_RESTART|SA_SIGINFO


---------------  S Y S T E M  ---------------

OS:Bsduname:Darwin 16.1.0 Darwin Kernel Version 16.1.0: Wed Oct 19 20:31:56 PDT 2016; root:xnu-3789.21.4~4/RELEASE_X86_64 x86_64
rlimit: STACK 8192k, CORE 0k, NPROC 709, NOFILE 10240, AS infinity
load average:8.64 9.34 9.45

CPU:total 8 (4 cores per cpu, 2 threads per core) family 6 model 70 stepping 1, cmov, cx8, fxsr, mmx, sse, sse2, sse3, ssse3, sse4.1, sse4.2, popcnt, avx, avx2, aes, clmul, erms, rtm, lzcnt, ht, tsc, tscinvbit, bmi1, bmi2

Memory: 4k page, physical 16777216k(2505360k free)

/proc/meminfo:


vm_info: Java HotSpot(TM) 64-Bit Server VM (25.111-b14) for bsd-amd64 JRE (1.8.0_111-b14), built on Sep 22 2016 15:31:41 by "java_re" with gcc 4.2.1 (Based on Apple Inc. build 5658) (LLVM build 2336.11.00)

time: Tue Jan  3 12:36:46 2017
elapsed time: 41 seconds (0d 0h 0m 41s)

