#
# A fatal error has been detected by the Java Runtime Environment:
#
#  SIGSEGV (0xb) at pc=0x00007fffd300cb5d, pid=81765, tid=0x0000000000000307
#
# JRE version: Java(TM) SE Runtime Environment (8.0_111-b14) (build 1.8.0_111-b14)
# Java VM: Java HotSpot(TM) 64-Bit Server VM (25.111-b14 mixed mode bsd-amd64 compressed oops)
# Problematic frame:
# C  [libobjc.A.dylib+0x6b5d]  objc_msgSend+0x1d
#
# Failed to write core dump. Core dumps have been disabled. To enable core dumping, try "ulimit -c unlimited" before starting Java again
#
# If you would like to submit a bug report, please visit:
#   http://bugreport.java.com/bugreport/crash.jsp
# The crash happened outside the Java Virtual Machine in native code.
# See problematic frame for where to report the bug.
#

---------------  T H R E A D  ---------------

Current thread (0x00007fb2a784d000):  JavaThread "AWT-AppKit" daemon [_thread_in_native, id=775, stack(0x00007fff56748000,0x00007fff56f48000)]

siginfo: si_signo: 11 (SIGSEGV), si_code: 1 (SEGV_MAPERR), si_addr: 0x0000000000000018

Registers:
RAX=0x00007fb2ad7e7a30, RBX=0x0000000196789450, RCX=0x00007fb2a9600070, RDX=0x0000000000000000
RSP=0x00007fff56f43338, RBP=0x00007fff56f433f0, RSI=0x00007fffbce3b56c, RDI=0x00007fb2ad6deea0
R8 =0x0000000000000018, R9 =0x00007fb2a9600710, R10=0x0000000000000000, R11=0x00007fffbce3b56c
R12=0x0000000000000000, R13=0x000000019bc68608, R14=0x0000000196789440, R15=0x00007fb2a784d000
RIP=0x00007fffd300cb5d, EFLAGS=0x0000000000010246, ERR=0x0000000000000004
  TRAPNO=0x000000000000000e

Top of Stack: (sp=0x00007fff56f43338)
0x00007fff56f43338:   0000000196787157 00007fff56f43390
0x00007fff56f43348:   0000000000000003 00007fff56f43370
0x00007fff56f43358:   0000000109ff27be 000000019bc68608
0x00007fff56f43368:   000000019bc68608 00007fb2ad7e7a30
0x00007fff56f43378:   00000001967896a0 0000000196789710
0x00007fff56f43388:   00007fffd90356d0 00007fffd9c9df90
0x00007fff56f43398:   0000000196789450 0000000196789690
0x00007fff56f433a8:   00007fb2ad7e7a30 00007fb2ad6deea0
0x00007fff56f433b8:   00007fb2a905b190 00007fb2ad7e7a30
0x00007fff56f433c8:   00007fb2ad6deea0 00007fff56f43478
0x00007fff56f433d8:   00007fb2a784d1f8 000000019bc68608
0x00007fff56f433e8:   00007fff56f434a0 00007fff56f43468
0x00007fff56f433f8:   000000010ba619f4 000000019bc68608
0x00007fff56f43408:   00007fff56f434a0 00007fff56f43468
0x00007fff56f43418:   000000010ba61787 000000010ba61742
0x00007fff56f43428:   00007fff56f43428 000000019bc68608
0x00007fff56f43438:   00007fff56f434a0 000000019bc6b240
0x00007fff56f43448:   0000000000000000 000000019bc68608
0x00007fff56f43458:   0000000000000000 00007fff56f43488
0x00007fff56f43468:   00007fff56f434e8 000000010ba522bd
0x00007fff56f43478:   00000006c33d58b8 000000010ba5b538
0x00007fff56f43488:   00007fb2ad7e7a30 00007fff56f434e8
0x00007fff56f43498:   00007fb2ad6deea0 000000010ba5ce02
0x00007fff56f434a8:   00007fff56f434a8 000000019bc687d2
0x00007fff56f434b8:   00007fff56f43510 000000019bc6b240
0x00007fff56f434c8:   0000000000000000 000000019bc687e0
0x00007fff56f434d8:   00007fff56f43488 00007fff56f434f8
0x00007fff56f434e8:   00007fff56f43558 000000010ba522bd
0x00007fff56f434f8:   00007fb2ad7e7a30 00000006c3290250
0x00007fff56f43508:   00007fb2ad6deea0 00000006c3290250
0x00007fff56f43518:   00007fff56f43518 000000019ea1f12e
0x00007fff56f43528:   00007fff56f43568 000000019ea1f1e8 

Instructions: (pc=0x00007fffd300cb5d)
0x00007fffd300cb3d:   0f 1f 00 48 85 ff 2e 74 62 40 f6 c7 01 2e 75 66
0x00007fffd300cb4d:   49 ba f8 ff ff ff ff 7f 00 00 4c 23 17 49 89 f3
0x00007fffd300cb5d:   45 23 5a 18 49 c1 e3 04 4d 03 5a 10 49 3b 33 75
0x00007fffd300cb6d:   04 41 ff 63 08 49 83 3b 01 76 0d 49 83 c3 10 49 

Register to memory mapping:

RAX=0x00007fb2ad7e7a30 is an unknown value
RBX=0x0000000196789450: Java_jogamp_nativewindow_macosx_OSXUtil_GetScreenRefreshRate0+0x1cf0 in /private/var/folders/9f/6bxbn80n4793vm26lrjc_dvm0000gn/T/jogamp_0000/file_cache/jln6942898777775126441/jln5675708320189385026/libnativewindow_macosx.jnilib at 0x0000000196782000
RCX=0x00007fb2a9600070 is an unknown value
RDX=0x0000000000000000 is an unknown value
RSP=0x00007fff56f43338 is pointing into the stack for thread: 0x00007fb2a784d000
RBP=0x00007fff56f433f0 is pointing into the stack for thread: 0x00007fb2a784d000
RSI=0x00007fffbce3b56c: __NSStyleNameIndexTable+0x7e867 in /System/Library/Frameworks/AppKit.framework/Versions/C/AppKit at 0x00007fffbc1dd000
RDI=0x00007fb2ad6deea0 is an unknown value
R8 =0x0000000000000018 is an unknown value
R9 =0x00007fb2a9600710 is an unknown value
R10=0x0000000000000000 is an unknown value
R11=0x00007fffbce3b56c: __NSStyleNameIndexTable+0x7e867 in /System/Library/Frameworks/AppKit.framework/Versions/C/AppKit at 0x00007fffbc1dd000
R12=0x0000000000000000 is an unknown value
R13={method} {0x000000019bc68608} 'UnsetJAWTRootSurfaceLayer0' '(JJ)V' in 'jogamp/nativewindow/jawt/macosx/MacOSXJAWTWindow'
R14=0x0000000196789440: Java_jogamp_nativewindow_macosx_OSXUtil_GetScreenRefreshRate0+0x1ce0 in /private/var/folders/9f/6bxbn80n4793vm26lrjc_dvm0000gn/T/jogamp_0000/file_cache/jln6942898777775126441/jln5675708320189385026/libnativewindow_macosx.jnilib at 0x0000000196782000
R15=0x00007fb2a784d000 is a thread


Stack: [0x00007fff56748000,0x00007fff56f48000],  sp=0x00007fff56f43338,  free space=8172k
Native frames: (J=compiled Java code, j=interpreted, Vv=VM code, C=native code)
C  [libobjc.A.dylib+0x6b5d]  objc_msgSend+0x1d
j  jogamp.nativewindow.jawt.macosx.MacOSXJAWTWindow.UnsetJAWTRootSurfaceLayer0(JJ)V+0
j  jogamp.nativewindow.jawt.macosx.MacOSXJAWTWindow.access$200(JJ)V+2
j  jogamp.nativewindow.jawt.macosx.MacOSXJAWTWindow$1.run()V+38
J 2381 C1 com.jogamp.common.util.RunnableTask.run()V (345 bytes) @ 0x000000010c1aacf4 [0x000000010c1aab60+0x194]
v  ~StubRoutines::call_stub
V  [libjvm.dylib+0x2ecf8a]
V  [libjvm.dylib+0x324119]
V  [libjvm.dylib+0x3168e7]
C  [libnativewindow_macosx.jnilib+0x5326]  Java_jogamp_nativewindow_jawt_macosx_MacOSXJAWTWindow_UnsetJAWTRootSurfaceLayer0+0x2b6
C  [Foundation+0x71f2a]  __NSThreadPerformPerform+0x146
C  [CoreFoundation+0xa74b1]  __CFRUNLOOP_IS_CALLING_OUT_TO_A_SOURCE0_PERFORM_FUNCTION__+0x11
C  [CoreFoundation+0x88597]  __CFRunLoopDoSources0+0x1a7
C  [CoreFoundation+0x87b16]  __CFRunLoopRun+0x3a6
C  [CoreFoundation+0x87514]  CFRunLoopRunSpecific+0x1a4
C  [HIToolbox+0x312ac]  RunCurrentEventLoopInMode+0xf0
C  [HIToolbox+0x30fe9]  ReceiveNextEventCommon+0xb8
C  [HIToolbox+0x30f16]  _BlockUntilNextEventMatchingListInModeWithFilter+0x47
C  [AppKit+0x476cd]  _DPSNextEvent+0x445
C  [AppKit+0x7be830]  -[NSApplication(NSEvent) _nextEventMatchingEventMask:untilDate:inMode:dequeue:]+0xaaa
C  [libosxapp.dylib+0x23aa]  -[NSApplicationAWT nextEventMatchingMask:untilDate:inMode:dequeue:]+0x7c
C  [AppKit+0x3c06d]  -[NSApplication run]+0x39e
C  [libosxapp.dylib+0x214d]  +[NSApplicationAWT runAWTLoopWithApp:]+0x9c
C  [libawt_lwawt.dylib+0x444b3]  -[AWTStarter starter:]+0x389
C  [Foundation+0x71f2a]  __NSThreadPerformPerform+0x146
C  [CoreFoundation+0xa74b1]  __CFRUNLOOP_IS_CALLING_OUT_TO_A_SOURCE0_PERFORM_FUNCTION__+0x11
C  [CoreFoundation+0x8861d]  __CFRunLoopDoSources0+0x22d
C  [CoreFoundation+0x87b16]  __CFRunLoopRun+0x3a6
C  [CoreFoundation+0x87514]  CFRunLoopRunSpecific+0x1a4
C  [java+0x6465]  CreateExecutionEnvironment+0x367
C  [java+0x218c]  JLI_Launch+0x7a0
C  [java+0x84c2]  main+0x65
C  [java+0x19e4]  start+0x34
C  0x0000000000000007

Java frames: (J=compiled Java code, j=interpreted, Vv=VM code)
j  jogamp.nativewindow.jawt.macosx.MacOSXJAWTWindow.UnsetJAWTRootSurfaceLayer0(JJ)V+0
j  jogamp.nativewindow.jawt.macosx.MacOSXJAWTWindow.access$200(JJ)V+2
j  jogamp.nativewindow.jawt.macosx.MacOSXJAWTWindow$1.run()V+38
J 2381 C1 com.jogamp.common.util.RunnableTask.run()V (345 bytes) @ 0x000000010c1aacf4 [0x000000010c1aab60+0x194]
v  ~StubRoutines::call_stub

---------------  P R O C E S S  ---------------

Java Threads: ( => current thread )
  0x00007fb2ab063800 JavaThread "Thread-70" [_thread_blocked, id=87303, stack(0x00007000026fe000,0x00007000027fe000)]
  0x00007fb2a7a61000 JavaThread "AWT-EventQueue-1" [_thread_in_native, id=74783, stack(0x0000700002f1f000,0x000070000301f000)]
  0x00007fb2a79ce000 JavaThread "DestroyJavaVM" [_thread_blocked, id=7171, stack(0x000070000123f000,0x000070000133f000)]
  0x00007fb2aa930800 JavaThread "AWT-EventQueue-0" [_thread_blocked, id=67083, stack(0x0000700002c96000,0x0000700002d96000)]
  0x00007fb2a89df800 JavaThread "Java2D Disposer" daemon [_thread_blocked, id=62479, stack(0x0000700002a0d000,0x0000700002b0d000)]
  0x00007fb2a8153800 JavaThread "Java2D Queue Flusher" daemon [_thread_blocked, id=60167, stack(0x000070000290a000,0x0000700002a0a000)]
  0x00007fb2aa8f0000 JavaThread "AWT-Shutdown" [_thread_blocked, id=33055, stack(0x00007000025fb000,0x00007000026fb000)]
=>0x00007fb2a784d000 JavaThread "AWT-AppKit" daemon [_thread_in_native, id=775, stack(0x00007fff56748000,0x00007fff56f48000)]
  0x00007fb2a88a0800 JavaThread "Service Thread" daemon [_thread_blocked, id=21251, stack(0x0000700002372000,0x0000700002472000)]
  0x00007fb2aa809000 JavaThread "C1 CompilerThread3" daemon [_thread_blocked, id=20739, stack(0x000070000226f000,0x000070000236f000)]
  0x00007fb2a888d800 JavaThread "C2 CompilerThread2" daemon [_thread_blocked, id=20227, stack(0x000070000216c000,0x000070000226c000)]
  0x00007fb2a888c800 JavaThread "C2 CompilerThread1" daemon [_thread_blocked, id=19715, stack(0x0000700002069000,0x0000700002169000)]
  0x00007fb2aa800000 JavaThread "C2 CompilerThread0" daemon [_thread_blocked, id=19203, stack(0x0000700001f66000,0x0000700002066000)]
  0x00007fb2a8895800 JavaThread "Signal Dispatcher" daemon [_thread_blocked, id=18691, stack(0x0000700001e63000,0x0000700001f63000)]
  0x00007fb2a800b800 JavaThread "Finalizer" daemon [_thread_blocked, id=14595, stack(0x0000700001d60000,0x0000700001e60000)]
  0x00007fb2a8008800 JavaThread "Reference Handler" daemon [_thread_blocked, id=14083, stack(0x0000700001c5d000,0x0000700001d5d000)]

Other Threads:
  0x00007fb2a8862000 VMThread [stack: 0x0000700001b5a000,0x0000700001c5a000] [id=13571]
  0x00007fb2ab000000 WatcherThread [stack: 0x0000700002475000,0x0000700002575000] [id=21763]

VM state:not at safepoint (normal execution)

VM Mutex/Monitor currently owned by a thread: None

Heap:
 PSYoungGen      total 298496K, used 125298K [0x000000076ab00000, 0x0000000794680000, 0x00000007c0000000)
  eden space 297984K, 41% used [0x000000076ab00000,0x000000077252cbf0,0x000000077ce00000)
  from space 512K, 37% used [0x0000000794600000,0x0000000794630000,0x0000000794680000)
  to   space 25600K, 0% used [0x0000000791480000,0x0000000791480000,0x0000000792d80000)
 ParOldGen       total 175104K, used 78921K [0x00000006c0000000, 0x00000006cab00000, 0x000000076ab00000)
  object space 175104K, 45% used [0x00000006c0000000,0x00000006c4d124b0,0x00000006cab00000)
 Metaspace       used 19761K, capacity 19959K, committed 20224K, reserved 1067008K
  class space    used 1930K, capacity 2016K, committed 2048K, reserved 1048576K

Card table byte_map: [0x000000010b161000,0x000000010b962000] byte_map_base: 0x0000000107b61000

Marking Bits: (ParMarkBitMap*) 0x000000010a6efd20
 Begin Bits: [0x000000011afa0000, 0x000000011efa0000)
 End Bits:   [0x000000011efa0000, 0x0000000122fa0000)

Polling page: 0x0000000108d78000

CodeCache: size=245760Kb used=8088Kb max_used=8088Kb free=237671Kb
 bounds [0x000000010ba4a000, 0x000000010c24a000, 0x000000011aa4a000]
 total_blobs=3217 nmethods=2328 adapters=802
 compilation: enabled

Compilation events (10 events):
Event: 40.824 Thread 0x00007fb2aa800000 2946  s    4       sun.misc.URLClassPath::getNextLoader (88 bytes)
Event: 40.829 Thread 0x00007fb2aa800000 nmethod 2946 0x000000010c239b50 code [0x000000010c239cc0, 0x000000010c23a438]
Event: 40.834 Thread 0x00007fb2aa809000 2947       3       java.net.URLStreamHandler::sameFile (136 bytes)
Event: 40.834 Thread 0x00007fb2aa809000 nmethod 2947 0x000000010c234390 code [0x000000010c234580, 0x000000010c235588]
Event: 40.834 Thread 0x00007fb2aa809000 2948   !   3       sun.misc.URLClassPath$JarLoader::getResource (349 bytes)
Event: 40.836 Thread 0x00007fb2aa809000 nmethod 2948 0x000000010c23a950 code [0x000000010c23adc0, 0x000000010c23d318]
Event: 40.836 Thread 0x00007fb2aa809000 2949   !   3       java.util.concurrent.locks.AbstractQueuedSynchronizer::acquireQueued (93 bytes)
Event: 40.837 Thread 0x00007fb2aa809000 nmethod 2949 0x000000010c238790 code [0x000000010c2389c0, 0x000000010c2394d8]
Event: 40.837 Thread 0x00007fb2aa809000 2950       3       sun.java2d.pipe.RenderBuffer::putFloat (26 bytes)
Event: 40.837 Thread 0x00007fb2aa809000 nmethod 2950 0x000000010c2383d0 code [0x000000010c238540, 0x000000010c2386d0]

GC Heap History (10 events):
Event: 31.294 GC heap before
{Heap before GC invocations=18 (full 0):
 PSYoungGen      total 370688K, used 370224K [0x000000076ab00000, 0x0000000799b80000, 0x00000007c0000000)
  eden space 368128K, 100% used [0x000000076ab00000,0x0000000781280000,0x0000000781280000)
  from space 2560K, 81% used [0x0000000795d80000,0x0000000795f8c080,0x0000000796000000)
  to   space 31744K, 0% used [0x0000000797c80000,0x0000000797c80000,0x0000000799b80000)
 ParOldGen       total 175104K, used 76929K [0x00000006c0000000, 0x00000006cab00000, 0x000000076ab00000)
  object space 175104K, 43% used [0x00000006c0000000,0x00000006c4b20430,0x00000006cab00000)
 Metaspace       used 19603K, capacity 19799K, committed 19968K, reserved 1067008K
  class space    used 1922K, capacity 1984K, committed 2048K, reserved 1048576K
Event: 31.296 GC heap after
Heap after GC invocations=18 (full 0):
 PSYoungGen      total 353280K, used 128K [0x000000076ab00000, 0x0000000797d00000, 0x00000007c0000000)
  eden space 352768K, 0% used [0x000000076ab00000,0x000000076ab00000,0x0000000780380000)
  from space 512K, 25% used [0x0000000797c80000,0x0000000797ca0000,0x0000000797d00000)
  to   space 30720K, 0% used [0x0000000794100000,0x0000000794100000,0x0000000795f00000)
 ParOldGen       total 175104K, used 78801K [0x00000006c0000000, 0x00000006cab00000, 0x000000076ab00000)
  object space 175104K, 45% used [0x00000006c0000000,0x00000006c4cf44b0,0x00000006cab00000)
 Metaspace       used 19603K, capacity 19799K, committed 19968K, reserved 1067008K
  class space    used 1922K, capacity 1984K, committed 2048K, reserved 1048576K
}
Event: 32.687 GC heap before
{Heap before GC invocations=19 (full 0):
 PSYoungGen      total 353280K, used 352896K [0x000000076ab00000, 0x0000000797d00000, 0x00000007c0000000)
  eden space 352768K, 100% used [0x000000076ab00000,0x0000000780380000,0x0000000780380000)
  from space 512K, 25% used [0x0000000797c80000,0x0000000797ca0000,0x0000000797d00000)
  to   space 30720K, 0% used [0x0000000794100000,0x0000000794100000,0x0000000795f00000)
 ParOldGen       total 175104K, used 78801K [0x00000006c0000000, 0x00000006cab00000, 0x000000076ab00000)
  object space 175104K, 45% used [0x00000006c0000000,0x00000006c4cf44b0,0x00000006cab00000)
 Metaspace       used 19614K, capacity 19799K, committed 19968K, reserved 1067008K
  class space    used 1922K, capacity 1984K, committed 2048K, reserved 1048576K
Event: 32.688 GC heap after
Heap after GC invocations=19 (full 0):
 PSYoungGen      total 368640K, used 192K [0x000000076ab00000, 0x0000000797d00000, 0x00000007c0000000)
  eden space 337920K, 0% used [0x000000076ab00000,0x000000076ab00000,0x000000077f500000)
  from space 30720K, 0% used [0x0000000794100000,0x0000000794130000,0x0000000795f00000)
  to   space 29696K, 0% used [0x0000000796000000,0x0000000796000000,0x0000000797d00000)
 ParOldGen       total 175104K, used 78809K [0x00000006c0000000, 0x00000006cab00000, 0x000000076ab00000)
  object space 175104K, 45% used [0x00000006c0000000,0x00000006c4cf64b0,0x00000006cab00000)
 Metaspace       used 19614K, capacity 19799K, committed 19968K, reserved 1067008K
  class space    used 1922K, capacity 1984K, committed 2048K, reserved 1048576K
}
Event: 35.125 GC heap before
{Heap before GC invocations=20 (full 0):
 PSYoungGen      total 368640K, used 338112K [0x000000076ab00000, 0x0000000797d00000, 0x00000007c0000000)
  eden space 337920K, 100% used [0x000000076ab00000,0x000000077f500000,0x000000077f500000)
  from space 30720K, 0% used [0x0000000794100000,0x0000000794130000,0x0000000795f00000)
  to   space 29696K, 0% used [0x0000000796000000,0x0000000796000000,0x0000000797d00000)
 ParOldGen       total 175104K, used 78809K [0x00000006c0000000, 0x00000006cab00000, 0x000000076ab00000)
  object space 175104K, 45% used [0x00000006c0000000,0x00000006c4cf64b0,0x00000006cab00000)
 Metaspace       used 19631K, capacity 19799K, committed 19968K, reserved 1067008K
  class space    used 1922K, capacity 1984K, committed 2048K, reserved 1048576K
Event: 35.127 GC heap after
Heap after GC invocations=20 (full 0):
 PSYoungGen      total 324608K, used 192K [0x000000076ab00000, 0x0000000796080000, 0x00000007c0000000)
  eden space 324096K, 0% used [0x000000076ab00000,0x000000076ab00000,0x000000077e780000)
  from space 512K, 37% used [0x0000000796000000,0x0000000796030000,0x0000000796080000)
  to   space 28160K, 0% used [0x0000000792980000,0x0000000792980000,0x0000000794500000)
 ParOldGen       total 175104K, used 78841K [0x00000006c0000000, 0x00000006cab00000, 0x000000076ab00000)
  object space 175104K, 45% used [0x00000006c0000000,0x00000006c4cfe4b0,0x00000006cab00000)
 Metaspace       used 19631K, capacity 19799K, committed 19968K, reserved 1067008K
  class space    used 1922K, capacity 1984K, committed 2048K, reserved 1048576K
}
Event: 37.589 GC heap before
{Heap before GC invocations=21 (full 0):
 PSYoungGen      total 324608K, used 324288K [0x000000076ab00000, 0x0000000796080000, 0x00000007c0000000)
  eden space 324096K, 100% used [0x000000076ab00000,0x000000077e780000,0x000000077e780000)
  from space 512K, 37% used [0x0000000796000000,0x0000000796030000,0x0000000796080000)
  to   space 28160K, 0% used [0x0000000792980000,0x0000000792980000,0x0000000794500000)
 ParOldGen       total 175104K, used 78841K [0x00000006c0000000, 0x00000006cab00000, 0x000000076ab00000)
  object space 175104K, 45% used [0x00000006c0000000,0x00000006c4cfe4b0,0x00000006cab00000)
 Metaspace       used 19705K, capacity 19863K, committed 20224K, reserved 1067008K
  class space    used 1922K, capacity 1984K, committed 2048K, reserved 1048576K
Event: 37.590 GC heap after
Heap after GC invocations=21 (full 0):
 PSYoungGen      total 338944K, used 128K [0x000000076ab00000, 0x0000000796080000, 0x00000007c0000000)
  eden space 310784K, 0% used [0x000000076ab00000,0x000000076ab00000,0x000000077da80000)
  from space 28160K, 0% used [0x0000000792980000,0x00000007929a0000,0x0000000794500000)
  to   space 27136K, 0% used [0x0000000794600000,0x0000000794600000,0x0000000796080000)
 ParOldGen       total 175104K, used 78865K [0x00000006c0000000, 0x00000006cab00000, 0x000000076ab00000)
  object space 175104K, 45% used [0x00000006c0000000,0x00000006c4d044b0,0x00000006cab00000)
 Metaspace       used 19705K, capacity 19863K, committed 20224K, reserved 1067008K
  class space    used 1922K, capacity 1984K, committed 2048K, reserved 1048576K
}
Event: 39.821 GC heap before
{Heap before GC invocations=22 (full 0):
 PSYoungGen      total 338944K, used 310912K [0x000000076ab00000, 0x0000000796080000, 0x00000007c0000000)
  eden space 310784K, 100% used [0x000000076ab00000,0x000000077da80000,0x000000077da80000)
  from space 28160K, 0% used [0x0000000792980000,0x00000007929a0000,0x0000000794500000)
  to   space 27136K, 0% used [0x0000000794600000,0x0000000794600000,0x0000000796080000)
 ParOldGen       total 175104K, used 78865K [0x00000006c0000000, 0x00000006cab00000, 0x000000076ab00000)
  object space 175104K, 45% used [0x00000006c0000000,0x00000006c4d044b0,0x00000006cab00000)
 Metaspace       used 19719K, capacity 19927K, committed 20224K, reserved 1067008K
  class space    used 1922K, capacity 1984K, committed 2048K, reserved 1048576K
Event: 39.822 GC heap after
Heap after GC invocations=22 (full 0):
 PSYoungGen      total 298496K, used 192K [0x000000076ab00000, 0x0000000794680000, 0x00000007c0000000)
  eden space 297984K, 0% used [0x000000076ab00000,0x000000076ab00000,0x000000077ce00000)
  from space 512K, 37% used [0x0000000794600000,0x0000000794630000,0x0000000794680000)
  to   space 25600K, 0% used [0x0000000791480000,0x0000000791480000,0x0000000792d80000)
 ParOldGen       total 175104K, used 78921K [0x00000006c0000000, 0x00000006cab00000, 0x000000076ab00000)
  object space 175104K, 45% used [0x00000006c0000000,0x00000006c4d124b0,0x00000006cab00000)
 Metaspace       used 19719K, capacity 19927K, committed 20224K, reserved 1067008K
  class space    used 1922K, capacity 1984K, committed 2048K, reserved 1048576K
}

Deoptimization events (10 events):
Event: 21.347 Thread 0x00007fb2a8683800 Uncommon trap: reason=unstable_if action=reinterpret pc=0x000000010bf2d24c method=java.io.BufferedOutputStream.write([BII)V @ 6
Event: 25.016 Thread 0x00007fb2b2027000 Uncommon trap: reason=unstable_if action=reinterpret pc=0x000000010c08dff4 method=java.awt.image.IndexColorModel.getDataElements(ILjava/lang/Object;)Ljava/lang/Object; @ 70
Event: 30.309 Thread 0x00007fb2a7a61000 Uncommon trap: reason=unstable_if action=reinterpret pc=0x000000010bf1cfcc method=module6.AirportMap.hideMarkers(Lde/fhpotsdam/unfolding/marker/Marker;)V @ 85
Event: 30.428 Thread 0x00007fb2a7a61000 Uncommon trap: reason=unstable_if action=reinterpret pc=0x000000010be24f30 method=module6.AirportMap.hideMarkers(Lde/fhpotsdam/unfolding/marker/Marker;)V @ 420
Event: 40.590 Thread 0x00007fb2aa930800 Uncommon trap: reason=unstable_if action=reinterpret pc=0x000000010c1c5820 method=java.awt.font.FontRenderContext.equals(Ljava/awt/font/FontRenderContext;)Z @ 2
Event: 40.590 Thread 0x00007fb2aa930800 Uncommon trap: reason=unstable_if action=reinterpret pc=0x000000010c1ba6d4 method=java.awt.Font.equals(Ljava/lang/Object;)Z @ 2
Event: 40.821 Thread 0x00007fb2aa916000 Uncommon trap: reason=unstable_if action=reinterpret pc=0x000000010bed1a50 method=java.util.HashMap.putVal(ILjava/lang/Object;Ljava/lang/Object;ZZ)Ljava/lang/Object; @ 81
Event: 40.821 Thread 0x00007fb2aa916000 Uncommon trap: reason=unstable_if action=reinterpret pc=0x000000010bebb604 method=java.util.HashMap.putVal(ILjava/lang/Object;Ljava/lang/Object;ZZ)Ljava/lang/Object; @ 81
Event: 40.821 Thread 0x00007fb2aa930800 Uncommon trap: reason=unstable_if action=reinterpret pc=0x000000010c1b45f8 method=java.awt.font.FontRenderContext.equals(Ljava/awt/font/FontRenderContext;)Z @ 2
Event: 40.835 Thread 0x00007fb2a7a61000 Uncommon trap: reason=unstable_if action=reinterpret pc=0x000000010be1b524 method=java.security.AccessControlContext.optimize()Ljava/security/AccessControlContext; @ 233

Internal exceptions (10 events):
Event: 2.675 Thread 0x00007fb2a800b800 Exception <a 'java/lang/NullPointerException'> (0x000000076ad26828) thrown at [/Users/java_re/workspace/8-2-build-macosx-x86_64/jdk8u111/7883/hotspot/src/share/vm/interpreter/linkResolver.cpp, line 1178]
Event: 21.344 Thread 0x00007fb2a8683800 Exception <a 'java/net/ConnectException'> (0x000000077547f980) thrown at [/Users/java_re/workspace/8-2-build-macosx-x86_64/jdk8u111/7883/hotspot/src/share/vm/prims/jni.cpp, line 709]
Event: 21.344 Thread 0x00007fb2a8de4800 Exception <a 'java/net/ConnectException'> (0x0000000775531fc8) thrown at [/Users/java_re/workspace/8-2-build-macosx-x86_64/jdk8u111/7883/hotspot/src/share/vm/prims/jni.cpp, line 709]
Event: 21.346 Thread 0x00007fb2a8683800 Exception <a 'java/security/PrivilegedActionException'> (0x000000077547fdf0) thrown at [/Users/java_re/workspace/8-2-build-macosx-x86_64/jdk8u111/7883/hotspot/src/share/vm/prims/jvm.cpp, line 1386]
Event: 21.346 Thread 0x00007fb2a8683800 Exception <a 'java/security/PrivilegedActionException'> (0x0000000775480000) thrown at [/Users/java_re/workspace/8-2-build-macosx-x86_64/jdk8u111/7883/hotspot/src/share/vm/prims/jvm.cpp, line 1386]
Event: 21.347 Thread 0x00007fb2a8de4800 Exception <a 'java/security/PrivilegedActionException'> (0x0000000775532438) thrown at [/Users/java_re/workspace/8-2-build-macosx-x86_64/jdk8u111/7883/hotspot/src/share/vm/prims/jvm.cpp, line 1386]
Event: 21.347 Thread 0x00007fb2a8de4800 Exception <a 'java/security/PrivilegedActionException'> (0x0000000775532648) thrown at [/Users/java_re/workspace/8-2-build-macosx-x86_64/jdk8u111/7883/hotspot/src/share/vm/prims/jvm.cpp, line 1386]
Event: 37.494 Thread 0x00007fb2a7b06800 Exception <a 'java/net/ConnectException'> (0x000000077df1a718) thrown at [/Users/java_re/workspace/8-2-build-macosx-x86_64/jdk8u111/7883/hotspot/src/share/vm/prims/jni.cpp, line 709]
Event: 37.494 Thread 0x00007fb2a7b06800 Exception <a 'java/security/PrivilegedActionException'> (0x000000077df1ab08) thrown at [/Users/java_re/workspace/8-2-build-macosx-x86_64/jdk8u111/7883/hotspot/src/share/vm/prims/jvm.cpp, line 1386]
Event: 37.494 Thread 0x00007fb2a7b06800 Exception <a 'java/security/PrivilegedActionException'> (0x000000077df1ad18) thrown at [/Users/java_re/workspace/8-2-build-macosx-x86_64/jdk8u111/7883/hotspot/src/share/vm/prims/jvm.cpp, line 1386]

Events (10 events):
Event: 40.835 Thread 0x00007fb2a7a61000 DEOPT UNPACKING pc=0x000000010ba4f229 sp=0x000070000301c760 mode 2
Event: 40.835 loading class java/awt/LightweightDispatcher$2
Event: 40.835 loading class java/awt/LightweightDispatcher$2 done
Event: 40.835 loading class java/awt/event/AWTEventListenerProxy
Event: 40.835 loading class java/awt/event/AWTEventListenerProxy done
Event: 40.836 loading class java/awt/Toolkit$ToolkitEventMulticaster
Event: 40.836 loading class java/awt/Toolkit$ToolkitEventMulticaster done
Event: 40.836 Thread 0x00007fb2aa916000 Thread exited: 0x00007fb2aa916000
Event: 40.836 loading class java/awt/Window$1DisposeAction
Event: 40.836 loading class java/awt/Window$1DisposeAction done


Dynamic libraries:
0x0000000049353000 	/System/Library/Frameworks/Cocoa.framework/Versions/A/Cocoa
0x0000000049353000 	/System/Library/Frameworks/Security.framework/Versions/A/Security
0x0000000049353000 	/System/Library/Frameworks/ApplicationServices.framework/Versions/A/ApplicationServices
0x0000000049353000 	/usr/lib/libz.1.dylib
0x0000000049353000 	/usr/lib/libSystem.B.dylib
0x0000000049353000 	/usr/lib/libobjc.A.dylib
0x0000000049353000 	/System/Library/Frameworks/CoreFoundation.framework/Versions/A/CoreFoundation
0x0000000049353000 	/System/Library/Frameworks/Foundation.framework/Versions/C/Foundation
0x0000000049353000 	/System/Library/Frameworks/AppKit.framework/Versions/C/AppKit
0x0000000049353000 	/System/Library/Frameworks/CoreData.framework/Versions/A/CoreData
0x0000000049353000 	/System/Library/PrivateFrameworks/RemoteViewServices.framework/Versions/A/RemoteViewServices
0x0000000049353000 	/System/Library/PrivateFrameworks/UIFoundation.framework/Versions/A/UIFoundation
0x0000000049353000 	/System/Library/PrivateFrameworks/DFRFoundation.framework/Versions/A/DFRFoundation
0x0000000049353000 	/usr/lib/libenergytrace.dylib
0x0000000049353000 	/System/Library/PrivateFrameworks/SkyLight.framework/Versions/A/SkyLight
0x0000000049353000 	/System/Library/Frameworks/CoreGraphics.framework/Versions/A/CoreGraphics
0x0000000049353000 	/usr/lib/libScreenReader.dylib
0x0000000049353000 	/System/Library/Frameworks/Accelerate.framework/Versions/A/Accelerate
0x0000000049353000 	/System/Library/Frameworks/IOSurface.framework/Versions/A/IOSurface
0x0000000049353000 	/System/Library/Frameworks/AudioToolbox.framework/Versions/A/AudioToolbox
0x0000000049353000 	/System/Library/Frameworks/AudioUnit.framework/Versions/A/AudioUnit
0x0000000049353000 	/System/Library/PrivateFrameworks/DataDetectorsCore.framework/Versions/A/DataDetectorsCore
0x0000000049353000 	/System/Library/PrivateFrameworks/DesktopServicesPriv.framework/Versions/A/DesktopServicesPriv
0x0000000049353000 	/System/Library/Frameworks/Carbon.framework/Versions/A/Frameworks/HIToolbox.framework/Versions/A/HIToolbox
0x0000000049353000 	/usr/lib/libicucore.A.dylib
0x0000000049353000 	/System/Library/Frameworks/QuartzCore.framework/Versions/A/QuartzCore
0x0000000049353000 	/System/Library/Frameworks/Carbon.framework/Versions/A/Frameworks/SpeechRecognition.framework/Versions/A/SpeechRecognition
0x0000000049353000 	/usr/lib/libauto.dylib
0x0000000049353000 	/usr/lib/libxml2.2.dylib
0x0000000049353000 	/System/Library/PrivateFrameworks/CoreUI.framework/Versions/A/CoreUI
0x0000000049353000 	/System/Library/Frameworks/CoreAudio.framework/Versions/A/CoreAudio
0x0000000049353000 	/System/Library/Frameworks/DiskArbitration.framework/Versions/A/DiskArbitration
0x0000000049353000 	/usr/lib/liblangid.dylib
0x0000000049353000 	/System/Library/PrivateFrameworks/MultitouchSupport.framework/Versions/A/MultitouchSupport
0x0000000049353000 	/System/Library/Frameworks/IOKit.framework/Versions/A/IOKit
0x0000000049353000 	/usr/lib/libDiagnosticMessagesClient.dylib
0x0000000049353000 	/System/Library/Frameworks/CoreServices.framework/Versions/A/CoreServices
0x0000000049353000 	/System/Library/PrivateFrameworks/PerformanceAnalysis.framework/Versions/A/PerformanceAnalysis
0x0000000049353000 	/System/Library/PrivateFrameworks/GenerationalStorage.framework/Versions/A/GenerationalStorage
0x0000000049353000 	/System/Library/Frameworks/OpenGL.framework/Versions/A/OpenGL
0x0000000049353000 	/System/Library/Frameworks/CoreImage.framework/Versions/A/CoreImage
0x0000000049353000 	/System/Library/Frameworks/CoreText.framework/Versions/A/CoreText
0x0000000049353000 	/System/Library/Frameworks/ImageIO.framework/Versions/A/ImageIO
0x0000000049353000 	/System/Library/PrivateFrameworks/Backup.framework/Versions/A/Backup
0x0000000049353000 	/usr/lib/libarchive.2.dylib
0x0000000049353000 	/System/Library/Frameworks/CFNetwork.framework/Versions/A/CFNetwork
0x0000000049353000 	/System/Library/Frameworks/SystemConfiguration.framework/Versions/A/SystemConfiguration
0x0000000049353000 	/usr/lib/libCRFSuite.dylib
0x0000000049353000 	/usr/lib/libc++.1.dylib
0x0000000049353000 	/usr/lib/libc++abi.dylib
0x0000000049353000 	/usr/lib/system/libcache.dylib
0x0000000049353000 	/usr/lib/system/libcommonCrypto.dylib
0x0000000049353000 	/usr/lib/system/libcompiler_rt.dylib
0x0000000049353000 	/usr/lib/system/libcopyfile.dylib
0x0000000049353000 	/usr/lib/system/libcorecrypto.dylib
0x0000000049353000 	/usr/lib/system/libdispatch.dylib
0x0000000049353000 	/usr/lib/system/libdyld.dylib
0x0000000049353000 	/usr/lib/system/libkeymgr.dylib
0x0000000049353000 	/usr/lib/system/liblaunch.dylib
0x0000000049353000 	/usr/lib/system/libmacho.dylib
0x0000000049353000 	/usr/lib/system/libquarantine.dylib
0x0000000049353000 	/usr/lib/system/libremovefile.dylib
0x0000000049353000 	/usr/lib/system/libsystem_asl.dylib
0x0000000049353000 	/usr/lib/system/libsystem_blocks.dylib
0x0000000049353000 	/usr/lib/system/libsystem_c.dylib
0x0000000049353000 	/usr/lib/system/libsystem_configuration.dylib
0x0000000049353000 	/usr/lib/system/libsystem_coreservices.dylib
0x0000000049353000 	/usr/lib/system/libsystem_coretls.dylib
0x0000000049353000 	/usr/lib/system/libsystem_dnssd.dylib
0x0000000049353000 	/usr/lib/system/libsystem_info.dylib
0x0000000049353000 	/usr/lib/system/libsystem_kernel.dylib
0x0000000049353000 	/usr/lib/system/libsystem_m.dylib
0x0000000049353000 	/usr/lib/system/libsystem_malloc.dylib
0x0000000049353000 	/usr/lib/system/libsystem_network.dylib
0x0000000049353000 	/usr/lib/system/libsystem_networkextension.dylib
0x0000000049353000 	/usr/lib/system/libsystem_notify.dylib
0x0000000049353000 	/usr/lib/system/libsystem_platform.dylib
0x0000000049353000 	/usr/lib/system/libsystem_pthread.dylib
0x0000000049353000 	/usr/lib/system/libsystem_sandbox.dylib
0x0000000049353000 	/usr/lib/system/libsystem_secinit.dylib
0x0000000049353000 	/usr/lib/system/libsystem_symptoms.dylib
0x0000000049353000 	/usr/lib/system/libsystem_trace.dylib
0x0000000049353000 	/usr/lib/system/libunwind.dylib
0x0000000049353000 	/usr/lib/system/libxpc.dylib
0x0000000049353000 	/usr/lib/libbsm.0.dylib
0x0000000049353000 	/usr/lib/system/libkxld.dylib
0x0000000049353000 	/usr/lib/libcoretls.dylib
0x0000000049353000 	/usr/lib/libcoretls_cfhelpers.dylib
0x0000000049353000 	/usr/lib/libxar.1.dylib
0x0000000049353000 	/usr/lib/libsqlite3.dylib
0x0000000049353000 	/usr/lib/libpam.2.dylib
0x0000000049353000 	/usr/lib/libOpenScriptingUtil.dylib
0x0000000049353000 	/usr/lib/libbz2.1.0.dylib
0x0000000049353000 	/usr/lib/liblzma.5.dylib
0x0000000049353000 	/usr/lib/libnetwork.dylib
0x0000000049353000 	/usr/lib/libpcap.A.dylib
0x0000000049353000 	/System/Library/Frameworks/CoreServices.framework/Versions/A/Frameworks/FSEvents.framework/Versions/A/FSEvents
0x0000000049353000 	/System/Library/Frameworks/CoreServices.framework/Versions/A/Frameworks/CarbonCore.framework/Versions/A/CarbonCore
0x0000000049353000 	/System/Library/Frameworks/CoreServices.framework/Versions/A/Frameworks/Metadata.framework/Versions/A/Metadata
0x0000000049353000 	/System/Library/Frameworks/CoreServices.framework/Versions/A/Frameworks/OSServices.framework/Versions/A/OSServices
0x0000000049353000 	/System/Library/Frameworks/CoreServices.framework/Versions/A/Frameworks/SearchKit.framework/Versions/A/SearchKit
0x0000000049353000 	/System/Library/Frameworks/CoreServices.framework/Versions/A/Frameworks/AE.framework/Versions/A/AE
0x0000000049353000 	/System/Library/Frameworks/CoreServices.framework/Versions/A/Frameworks/LaunchServices.framework/Versions/A/LaunchServices
0x0000000049353000 	/System/Library/Frameworks/CoreServices.framework/Versions/A/Frameworks/DictionaryServices.framework/Versions/A/DictionaryServices
0x0000000049353000 	/System/Library/Frameworks/CoreServices.framework/Versions/A/Frameworks/SharedFileList.framework/Versions/A/SharedFileList
0x0000000049353000 	/System/Library/Frameworks/NetFS.framework/Versions/A/NetFS
0x0000000049353000 	/System/Library/PrivateFrameworks/NetAuth.framework/Versions/A/NetAuth
0x0000000049353000 	/System/Library/PrivateFrameworks/login.framework/Versions/A/Frameworks/loginsupport.framework/Versions/A/loginsupport
0x0000000049353000 	/System/Library/PrivateFrameworks/TCC.framework/Versions/A/TCC
0x0000000049353000 	/usr/lib/libmecabra.dylib
0x0000000049353000 	/System/Library/Frameworks/ApplicationServices.framework/Versions/A/Frameworks/ATS.framework/Versions/A/ATS
0x0000000049353000 	/System/Library/Frameworks/ApplicationServices.framework/Versions/A/Frameworks/ColorSync.framework/Versions/A/ColorSync
0x0000000049353000 	/System/Library/Frameworks/ApplicationServices.framework/Versions/A/Frameworks/HIServices.framework/Versions/A/HIServices
0x0000000049353000 	/System/Library/Frameworks/ApplicationServices.framework/Versions/A/Frameworks/LangAnalysis.framework/Versions/A/LangAnalysis
0x0000000049353000 	/System/Library/Frameworks/ApplicationServices.framework/Versions/A/Frameworks/PrintCore.framework/Versions/A/PrintCore
0x0000000049353000 	/System/Library/Frameworks/ApplicationServices.framework/Versions/A/Frameworks/QD.framework/Versions/A/QD
0x0000000049353000 	/System/Library/Frameworks/ApplicationServices.framework/Versions/A/Frameworks/SpeechSynthesis.framework/Versions/A/SpeechSynthesis
0x0000000049353000 	/System/Library/Frameworks/Accelerate.framework/Versions/A/Frameworks/vImage.framework/Versions/A/vImage
0x0000000049353000 	/System/Library/Frameworks/Accelerate.framework/Versions/A/Frameworks/vecLib.framework/Versions/A/vecLib
0x0000000049353000 	/System/Library/Frameworks/Accelerate.framework/Versions/A/Frameworks/vecLib.framework/Versions/A/libvDSP.dylib
0x0000000049353000 	/System/Library/Frameworks/Accelerate.framework/Versions/A/Frameworks/vecLib.framework/Versions/A/libBNNS.dylib
0x0000000049353000 	/System/Library/Frameworks/Accelerate.framework/Versions/A/Frameworks/vecLib.framework/Versions/A/libQuadrature.dylib
0x0000000049353000 	/System/Library/Frameworks/Accelerate.framework/Versions/A/Frameworks/vecLib.framework/Versions/A/libvMisc.dylib
0x0000000049353000 	/System/Library/Frameworks/Accelerate.framework/Versions/A/Frameworks/vecLib.framework/Versions/A/libLAPACK.dylib
0x0000000049353000 	/System/Library/Frameworks/Accelerate.framework/Versions/A/Frameworks/vecLib.framework/Versions/A/libBLAS.dylib
0x0000000049353000 	/System/Library/Frameworks/Accelerate.framework/Versions/A/Frameworks/vecLib.framework/Versions/A/libLinearAlgebra.dylib
0x0000000049353000 	/System/Library/Frameworks/Accelerate.framework/Versions/A/Frameworks/vecLib.framework/Versions/A/libSparseBLAS.dylib
0x0000000049353000 	/System/Library/Frameworks/ApplicationServices.framework/Versions/A/Frameworks/ATS.framework/Versions/A/Resources/libFontParser.dylib
0x0000000049353000 	/System/Library/Frameworks/ApplicationServices.framework/Versions/A/Frameworks/ATS.framework/Versions/A/Resources/libFontRegistry.dylib
0x0000000049353000 	/System/Library/Frameworks/ImageIO.framework/Versions/A/Resources/libJPEG.dylib
0x0000000049353000 	/System/Library/Frameworks/ImageIO.framework/Versions/A/Resources/libTIFF.dylib
0x0000000049353000 	/System/Library/Frameworks/ImageIO.framework/Versions/A/Resources/libPng.dylib
0x0000000049353000 	/System/Library/Frameworks/ImageIO.framework/Versions/A/Resources/libGIF.dylib
0x0000000049353000 	/System/Library/Frameworks/ImageIO.framework/Versions/A/Resources/libJP2.dylib
0x0000000049353000 	/System/Library/Frameworks/ImageIO.framework/Versions/A/Resources/libRadiance.dylib
0x0000000049353000 	/usr/lib/libcompression.dylib
0x0000000049353000 	/System/Library/PrivateFrameworks/AppleJPEG.framework/Versions/A/AppleJPEG
0x0000000049353000 	/usr/lib/libcups.2.dylib
0x0000000049353000 	/System/Library/Frameworks/Kerberos.framework/Versions/A/Kerberos
0x0000000049353000 	/System/Library/Frameworks/GSS.framework/Versions/A/GSS
0x0000000049353000 	/usr/lib/libresolv.9.dylib
0x0000000049353000 	/usr/lib/libiconv.2.dylib
0x0000000049353000 	/System/Library/PrivateFrameworks/Heimdal.framework/Versions/A/Heimdal
0x0000000049353000 	/usr/lib/libheimdal-asn1.dylib
0x0000000049353000 	/System/Library/Frameworks/OpenDirectory.framework/Versions/A/OpenDirectory
0x0000000049353000 	/System/Library/PrivateFrameworks/CommonAuth.framework/Versions/A/CommonAuth
0x0000000049353000 	/System/Library/Frameworks/OpenDirectory.framework/Versions/A/Frameworks/CFOpenDirectory.framework/Versions/A/CFOpenDirectory
0x0000000049353000 	/System/Library/Frameworks/SecurityFoundation.framework/Versions/A/SecurityFoundation
0x0000000049353000 	/System/Library/PrivateFrameworks/LanguageModeling.framework/Versions/A/LanguageModeling
0x0000000049353000 	/usr/lib/libmarisa.dylib
0x0000000049353000 	/usr/lib/libChineseTokenizer.dylib
0x0000000049353000 	/usr/lib/libcmph.dylib
0x0000000049353000 	/System/Library/PrivateFrameworks/CoreEmoji.framework/Versions/A/CoreEmoji
0x0000000049353000 	/System/Library/Frameworks/ServiceManagement.framework/Versions/A/ServiceManagement
0x0000000049353000 	/usr/lib/libxslt.1.dylib
0x0000000049353000 	/System/Library/Frameworks/Carbon.framework/Versions/A/Frameworks/Ink.framework/Versions/A/Ink
0x0000000049353000 	/System/Library/PrivateFrameworks/TextureIO.framework/Versions/A/TextureIO
0x0000000049353000 	/System/Library/Frameworks/Metal.framework/Versions/A/Metal
0x0000000049353000 	/usr/lib/libate.dylib
0x0000000049353000 	/System/Library/PrivateFrameworks/GPUCompiler.framework/libmetal_timestamp.dylib
0x0000000049353000 	/System/Library/Frameworks/OpenGL.framework/Versions/A/Libraries/libCoreFSCache.dylib
0x0000000049353000 	/System/Library/PrivateFrameworks/IOAccelerator.framework/Versions/A/IOAccelerator
0x0000000049353000 	/System/Library/Frameworks/CoreVideo.framework/Versions/A/CoreVideo
0x0000000049353000 	/usr/lib/libFosl_dynamic.dylib
0x0000000049353000 	/System/Library/PrivateFrameworks/MetalPerformanceShaders.framework/Versions/A/MetalPerformanceShaders
0x0000000049353000 	/System/Library/PrivateFrameworks/FaceCore.framework/Versions/A/FaceCore
0x0000000049353000 	/System/Library/Frameworks/OpenCL.framework/Versions/A/OpenCL
0x0000000049353000 	/System/Library/Frameworks/OpenGL.framework/Versions/A/Libraries/libGLU.dylib
0x0000000049353000 	/System/Library/Frameworks/OpenGL.framework/Versions/A/Libraries/libGFXShared.dylib
0x0000000049353000 	/System/Library/Frameworks/OpenGL.framework/Versions/A/Libraries/libGL.dylib
0x0000000049353000 	/System/Library/Frameworks/OpenGL.framework/Versions/A/Libraries/libGLImage.dylib
0x0000000049353000 	/System/Library/Frameworks/OpenGL.framework/Versions/A/Libraries/libCVMSPluginSupport.dylib
0x0000000049353000 	/System/Library/Frameworks/OpenGL.framework/Versions/A/Libraries/libCoreVMClient.dylib
0x0000000049353000 	/System/Library/PrivateFrameworks/CrashReporterSupport.framework/Versions/A/CrashReporterSupport
0x0000000049353000 	/System/Library/PrivateFrameworks/Sharing.framework/Versions/A/Sharing
0x0000000049353000 	/System/Library/PrivateFrameworks/IconServices.framework/Versions/A/IconServices
0x0000000049353000 	/System/Library/PrivateFrameworks/ProtocolBuffer.framework/Versions/A/ProtocolBuffer
0x0000000049353000 	/System/Library/PrivateFrameworks/Apple80211.framework/Versions/A/Apple80211
0x0000000049353000 	/System/Library/Frameworks/CoreWLAN.framework/Versions/A/CoreWLAN
0x0000000049353000 	/System/Library/PrivateFrameworks/CoreUtils.framework/Versions/A/CoreUtils
0x0000000049353000 	/System/Library/Frameworks/IOBluetooth.framework/Versions/A/IOBluetooth
0x0000000049353000 	/System/Library/PrivateFrameworks/CoreWiFi.framework/Versions/A/CoreWiFi
0x0000000049353000 	/System/Library/Frameworks/CoreBluetooth.framework/Versions/A/CoreBluetooth
0x0000000049353000 	/System/Library/Frameworks/CoreDisplay.framework/Versions/A/CoreDisplay
0x0000000049353000 	/System/Library/PrivateFrameworks/IOPresentment.framework/Versions/A/IOPresentment
0x0000000049353000 	/System/Library/PrivateFrameworks/DebugSymbols.framework/Versions/A/DebugSymbols
0x0000000049353000 	/System/Library/PrivateFrameworks/CoreSymbolication.framework/Versions/A/CoreSymbolication
0x0000000049353000 	/System/Library/PrivateFrameworks/Symbolication.framework/Versions/A/Symbolication
0x0000000049353000 	/System/Library/PrivateFrameworks/AppleFSCompression.framework/Versions/A/AppleFSCompression
0x0000000049353000 	/System/Library/PrivateFrameworks/SpeechRecognitionCore.framework/Versions/A/SpeechRecognitionCore
0x0000000049353000 	/System/Library/PrivateFrameworks/ChunkingLibrary.framework/Versions/A/ChunkingLibrary
0x0000000109e00000 	/Library/Java/JavaVirtualMachines/jdk1.8.0_111.jdk/Contents/Home/jre/lib/server/libjvm.dylib
0x0000000049353000 	/usr/lib/libstdc++.6.dylib
0x0000000108d35000 	/Library/Java/JavaVirtualMachines/jdk1.8.0_111.jdk/Contents/Home/jre/lib/libverify.dylib
0x0000000108d43000 	/Library/Java/JavaVirtualMachines/jdk1.8.0_111.jdk/Contents/Home/jre/lib/libjava.dylib
0x0000000108d82000 	/Library/Java/JavaVirtualMachines/jdk1.8.0_111.jdk/Contents/Home/jre/lib/libzip.dylib
0x0000000125e87000 	/System/Library/Frameworks/JavaVM.framework/Frameworks/JavaRuntimeSupport.framework/JavaRuntimeSupport
0x000000010b9aa000 	/System/Library/Frameworks/JavaVM.framework/Versions/A/Frameworks/JavaNativeFoundation.framework/Versions/A/JavaNativeFoundation
0x0000000125ea1000 	/System/Library/Frameworks/JavaVM.framework/Versions/A/JavaVM
0x0000000049353000 	/System/Library/Frameworks/Carbon.framework/Versions/A/Carbon
0x0000000125eae000 	/System/Library/PrivateFrameworks/JavaLaunching.framework/Versions/A/JavaLaunching
0x0000000049353000 	/System/Library/Frameworks/Carbon.framework/Versions/A/Frameworks/CommonPanels.framework/Versions/A/CommonPanels
0x0000000049353000 	/System/Library/Frameworks/Carbon.framework/Versions/A/Frameworks/Help.framework/Versions/A/Help
0x0000000049353000 	/System/Library/Frameworks/Carbon.framework/Versions/A/Frameworks/ImageCapture.framework/Versions/A/ImageCapture
0x0000000049353000 	/System/Library/Frameworks/Carbon.framework/Versions/A/Frameworks/OpenScripting.framework/Versions/A/OpenScripting
0x0000000049353000 	/System/Library/Frameworks/Carbon.framework/Versions/A/Frameworks/Print.framework/Versions/A/Print
0x0000000049353000 	/System/Library/Frameworks/Carbon.framework/Versions/A/Frameworks/SecurityHI.framework/Versions/A/SecurityHI
0x00000001277b6000 	/Library/Java/JavaVirtualMachines/jdk1.8.0_111.jdk/Contents/Home/jre/lib/libawt.dylib
0x000000012785e000 	/Library/Java/JavaVirtualMachines/jdk1.8.0_111.jdk/Contents/Home/jre/lib/./libmlib_image.dylib
0x000000012792a000 	/Library/Java/JavaVirtualMachines/jdk1.8.0_111.jdk/Contents/Home/jre/lib/libawt_lwawt.dylib
0x00000001279df000 	/Library/Java/JavaVirtualMachines/jdk1.8.0_111.jdk/Contents/Home/jre/lib/./libosxapp.dylib
0x0000000049353000 	/System/Library/Frameworks/ExceptionHandling.framework/Versions/A/ExceptionHandling
0x0000000049353000 	/System/Library/PrivateFrameworks/CoreServicesInternal.framework/Versions/A/CoreServicesInternal
0x0000000049353000 	/System/Library/CoreServices/RawCamera.bundle/Contents/MacOS/RawCamera
0x0000000049353000 	/System/Library/Frameworks/Accelerate.framework/Versions/A/Frameworks/vImage.framework/Versions/A/Libraries/libCGInterfaces.dylib
0x0000000049353000 	/System/Library/Frameworks/ApplicationServices.framework/Versions/A/Frameworks/ATS.framework/Versions/A/Resources/libTrueTypeScaler.dylib
0x0000000049353000 	/System/Library/Frameworks/OpenGL.framework/Versions/A/Resources/GLEngine.bundle/GLEngine
0x0000000049353000 	/System/Library/Frameworks/OpenGL.framework/Versions/A/Libraries/libGLProgrammability.dylib
0x0000000129936000 	/System/Library/Extensions/AppleIntelHD5000GraphicsGLDriver.bundle/Contents/MacOS/AppleIntelHD5000GraphicsGLDriver
0x0000000049353000 	/System/Library/PrivateFrameworks/GPUSupport.framework/Versions/A/Libraries/libGPUSupportMercury.dylib
0x0000000049353000 	/System/Library/Extensions/GeForceGLDriver.bundle/Contents/MacOS/GeForceGLDriver
0x0000000049353000 	/System/Library/Extensions/GeForceGLDriver.bundle/Contents/MacOS/libclh.dylib
0x0000000049353000 	/System/Library/Frameworks/OpenGL.framework/Versions/A/Resources/GLRendererFloat.bundle/GLRendererFloat
0x0000000049353000 	/System/Library/Frameworks/OpenCL.framework/Versions/A/Libraries/libcldcpuengine.dylib
0x0000000049353000 	/usr/lib/libcrypto.0.9.8.dylib
0x0000000049353000 	/System/Library/PrivateFrameworks/TrustEvaluationAgent.framework/Versions/A/TrustEvaluationAgent
0x0000000049353000 	/System/Library/Extensions/GeForceMTLDriver.bundle/Contents/MacOS/GeForceMTLDriver
0x000000012a0b4000 	/System/Library/Extensions/AppleIntelHD5000GraphicsMTLDriver.bundle/Contents/MacOS/AppleIntelHD5000GraphicsMTLDriver
0x0000000049353000 	/System/Library/PrivateFrameworks/FamilyControls.framework/Versions/A/FamilyControls
0x0000000049353000 	/System/Library/PrivateFrameworks/CommerceKit.framework/Versions/A/Frameworks/CommerceCore.framework/Versions/A/CommerceCore
0x0000000049353000 	/System/Library/PrivateFrameworks/SystemAdministration.framework/Versions/A/SystemAdministration
0x0000000049353000 	/System/Library/PrivateFrameworks/AppContainer.framework/Versions/A/AppContainer
0x0000000049353000 	/System/Library/PrivateFrameworks/SecCodeWrapper.framework/Versions/A/SecCodeWrapper
0x0000000049353000 	/System/Library/Frameworks/DirectoryService.framework/Versions/A/DirectoryService
0x0000000049353000 	/System/Library/PrivateFrameworks/DiskImages.framework/Versions/A/DiskImages
0x0000000049353000 	/System/Library/PrivateFrameworks/LoginUIKit.framework/Versions/A/Frameworks/LoginUICore.framework/Versions/A/LoginUICore
0x0000000049353000 	/usr/lib/libCoreStorage.dylib
0x0000000049353000 	/usr/lib/libcsfde.dylib
0x0000000049353000 	/usr/lib/libodfde.dylib
0x0000000049353000 	/System/Library/Frameworks/DiscRecording.framework/Versions/A/DiscRecording
0x0000000049353000 	/usr/lib/libcurl.4.dylib
0x0000000049353000 	/System/Library/PrivateFrameworks/MediaKit.framework/Versions/A/MediaKit
0x0000000049353000 	/System/Library/PrivateFrameworks/ProtectedCloudStorage.framework/Versions/A/ProtectedCloudStorage
0x0000000049353000 	/System/Library/PrivateFrameworks/EFILogin.framework/Versions/A/EFILogin
0x0000000049353000 	/usr/lib/libutil.dylib
0x0000000049353000 	/System/Library/Frameworks/LDAP.framework/Versions/A/LDAP
0x0000000049353000 	/usr/lib/libsasl2.2.dylib
0x0000000049353000 	/System/Library/PrivateFrameworks/CoreDaemon.framework/Versions/B/CoreDaemon
0x0000000049353000 	/System/Library/PrivateFrameworks/AppleSRP.framework/Versions/A/AppleSRP
0x0000000049353000 	/System/Library/PrivateFrameworks/APFS.framework/Versions/A/APFS
0x000000012bc77000 	/Library/Java/JavaVirtualMachines/jdk1.8.0_111.jdk/Contents/Home/jre/lib/libfontmanager.dylib
0x000000012dd05000 	/Library/Java/JavaVirtualMachines/jdk1.8.0_111.jdk/Contents/Home/jre/lib/libosxui.dylib
0x000000012e81b000 	/Library/Java/JavaVirtualMachines/jdk1.8.0_111.jdk/Contents/Home/jre/lib/libnet.dylib
0x000000012e894000 	/Library/Java/JavaVirtualMachines/jdk1.8.0_111.jdk/Contents/Home/jre/lib/libnio.dylib
0x0000000049353000 	/System/Library/PrivateFrameworks/ViewBridge.framework/Versions/A/ViewBridge
0x0000000049353000 	/System/Library/PrivateFrameworks/XPCService.framework/Versions/A/XPCService
0x0000000049353000 	/System/Library/PrivateFrameworks/AppSandbox.framework/Versions/A/AppSandbox
0x0000000049353000 	/usr/lib/libsandbox.1.dylib
0x0000000049353000 	/usr/lib/libMatch.1.dylib
0x0000000196778000 	/private/var/folders/9f/6bxbn80n4793vm26lrjc_dvm0000gn/T/jogamp_0000/file_cache/jln6942898777775126441/jln5675708320189385026/libgluegen-rt.jnilib
0x000000019677c000 	/private/var/folders/9f/6bxbn80n4793vm26lrjc_dvm0000gn/T/jogamp_0000/file_cache/jln6942898777775126441/jln5675708320189385026/libnativewindow_awt.jnilib
0x000000019677f000 	/Library/Java/JavaVirtualMachines/jdk1.8.0_111.jdk/Contents/Home/jre/lib/libjawt.dylib
0x0000000196782000 	/private/var/folders/9f/6bxbn80n4793vm26lrjc_dvm0000gn/T/jogamp_0000/file_cache/jln6942898777775126441/jln5675708320189385026/libnativewindow_macosx.jnilib
0x00000001967bf000 	/private/var/folders/9f/6bxbn80n4793vm26lrjc_dvm0000gn/T/jogamp_0000/file_cache/jln6942898777775126441/jln5675708320189385026/libjogl_desktop.jnilib
0x000000019c1d0000 	/Library/Java/JavaVirtualMachines/jdk1.8.0_111.jdk/Contents/Home/jre/lib/libt2k.dylib

VM Arguments:
jvm_args: -Djava.security.policy=java.policy.applet -Dfile.encoding=UTF-8 
java_command: sun.applet.AppletViewer module6.AirportMap1483455064546.html
java_class_path (initial): /Users/HSZHAO/Documents/Eclipse_workspace/UCSDUnfoldingMaps/build:/Users/HSZHAO/Documents/Eclipse_workspace/UCSDUnfoldingMaps/lib/core.jar:/Users/HSZHAO/Documents/Eclipse_workspace/UCSDUnfoldingMaps/lib/gluegen-rt.jar:/Users/HSZHAO/Documents/Eclipse_workspace/UCSDUnfoldingMaps/lib/jogl-all.jar:/Users/HSZHAO/Documents/Eclipse_workspace/UCSDUnfoldingMaps/lib/log4j-1.2.15.jar:/Users/HSZHAO/Documents/Eclipse_workspace/UCSDUnfoldingMaps/lib/sqlite-jdbc-3.7.2.jar:/Users/HSZHAO/Documents/Eclipse_workspace/UCSDUnfoldingMaps/lib/json4processing.jar:/Users/HSZHAO/Documents/Eclipse_workspace/UCSDUnfoldingMaps/lib/libTUIO.jar:/Users/HSZHAO/Documents/Eclipse_workspace/UCSDUnfoldingMaps/lib/unfolding.0.9.7-uscd.jar
Launcher Type: SUN_STANDARD

Environment Variables:
PATH=/usr/bin:/bin:/usr/sbin:/sbin
SHELL=/bin/bash

Signal Handlers:
SIGSEGV: [libjvm.dylib+0x5b03ed], sa_mask[0]=11111111011111110111111111111111, sa_flags=SA_ONSTACK|SA_RESTART|SA_SIGINFO
SIGBUS: [libjvm.dylib+0x5b03ed], sa_mask[0]=11111111011111110111111111111111, sa_flags=SA_RESTART|SA_SIGINFO
SIGFPE: [libjvm.dylib+0x48711c], sa_mask[0]=11111111011111110111111111111111, sa_flags=SA_RESTART|SA_SIGINFO
SIGPIPE: [libjvm.dylib+0x48711c], sa_mask[0]=11111111011111110111111111111111, sa_flags=SA_RESTART|SA_SIGINFO
SIGXFSZ: [libjvm.dylib+0x48711c], sa_mask[0]=11111111011111110111111111111111, sa_flags=SA_RESTART|SA_SIGINFO
SIGILL: [libjvm.dylib+0x48711c], sa_mask[0]=11111111011111110111111111111111, sa_flags=SA_RESTART|SA_SIGINFO
SIGUSR1: SIG_DFL, sa_mask[0]=00000000000000000000000000000000, sa_flags=none
SIGUSR2: [libjvm.dylib+0x486c3a], sa_mask[0]=00100000000000000000000000000000, sa_flags=SA_RESTART|SA_SIGINFO
SIGHUP: [libjvm.dylib+0x485211], sa_mask[0]=11111111011111110111111111111111, sa_flags=SA_RESTART|SA_SIGINFO
SIGINT: [libjvm.dylib+0x485211], sa_mask[0]=11111111011111110111111111111111, sa_flags=SA_RESTART|SA_SIGINFO
SIGTERM: [libjvm.dylib+0x485211], sa_mask[0]=11111111011111110111111111111111, sa_flags=SA_RESTART|SA_SIGINFO
SIGQUIT: [libjvm.dylib+0x485211], sa_mask[0]=11111111011111110111111111111111, sa_flags=SA_RESTART|SA_SIGINFO


---------------  S Y S T E M  ---------------

OS:Bsduname:Darwin 16.1.0 Darwin Kernel Version 16.1.0: Wed Oct 19 20:31:56 PDT 2016; root:xnu-3789.21.4~4/RELEASE_X86_64 x86_64
rlimit: STACK 8192k, CORE 0k, NPROC 709, NOFILE 10240, AS infinity
load average:3.79 3.15 3.12

CPU:total 8 (4 cores per cpu, 2 threads per core) family 6 model 70 stepping 1, cmov, cx8, fxsr, mmx, sse, sse2, sse3, ssse3, sse4.1, sse4.2, popcnt, avx, avx2, aes, clmul, erms, rtm, lzcnt, ht, tsc, tscinvbit, bmi1, bmi2

Memory: 4k page, physical 16777216k(948372k free)

/proc/meminfo:


vm_info: Java HotSpot(TM) 64-Bit Server VM (25.111-b14) for bsd-amd64 JRE (1.8.0_111-b14), built on Sep 22 2016 15:31:41 by "java_re" with gcc 4.2.1 (Based on Apple Inc. build 5658) (LLVM build 2336.11.00)

time: Tue Jan  3 22:51:45 2017
elapsed time: 40 seconds (0d 0h 0m 40s)

