#
# A fatal error has been detected by the Java Runtime Environment:
#
#  SIGSEGV (0xb) at pc=0x00007fffd300cb5d, pid=91392, tid=0x0000000000000307
#
# JRE version: Java(TM) SE Runtime Environment (8.0_111-b14) (build 1.8.0_111-b14)
# Java VM: Java HotSpot(TM) 64-Bit Server VM (25.111-b14 mixed mode bsd-amd64 compressed oops)
# Problematic frame:
# C  [libobjc.A.dylib+0x6b5d]  objc_msgSend+0x1d
#
# Failed to write core dump. Core dumps have been disabled. To enable core dumping, try "ulimit -c unlimited" before starting Java again
#
# If you would like to submit a bug report, please visit:
#   http://bugreport.java.com/bugreport/crash.jsp
# The crash happened outside the Java Virtual Machine in native code.
# See problematic frame for where to report the bug.
#

---------------  T H R E A D  ---------------

Current thread (0x00007fe66f951800):  JavaThread "AWT-AppKit" daemon [_thread_in_native, id=775, stack(0x00007fff51705000,0x00007fff51f05000)]

siginfo: si_signo: 11 (SIGSEGV), si_code: 1 (SEGV_MAPERR), si_addr: 0x0000000000000018

Registers:
RAX=0x00007fe671c30680, RBX=0x000000019bf1e450, RCX=0x00007fe66e6002f0, RDX=0x0000000000000000
RSP=0x00007fff51f00408, RBP=0x00007fff51f004c0, RSI=0x00007fffbce3b56c, RDI=0x00007fe671c42dc0
R8 =0x0000000000000018, R9 =0x00007fe66e600620, R10=0x0000000000000000, R11=0x00007fffbce3b56c
R12=0x0000000000000000, R13=0x00000001a11afc60, R14=0x000000019bf1e440, R15=0x00007fe66f951800
RIP=0x00007fffd300cb5d, EFLAGS=0x0000000000010246, ERR=0x0000000000000004
  TRAPNO=0x000000000000000e

Top of Stack: (sp=0x00007fff51f00408)
0x00007fff51f00408:   000000019bf1c157 00007fff51f00460
0x00007fff51f00418:   0000000000000003 00007fff51f00440
0x00007fff51f00428:   000000010f44f7be 00000001a11afc60
0x00007fff51f00438:   00000001a11afc60 00007fe671c30680
0x00007fff51f00448:   000000019bf1e6a0 000000019bf1e710
0x00007fff51f00458:   00007fffd90356d0 00007fffd9c9df90
0x00007fff51f00468:   000000019bf1e450 000000019bf1e690
0x00007fff51f00478:   00007fe671c30680 00007fe671c42dc0
0x00007fff51f00488:   00007fe66e34b4a0 00007fe671c30680
0x00007fff51f00498:   00007fe671c42dc0 00007fff51f00540
0x00007fff51f004a8:   00007fe66f9519f8 00000001a11afc60
0x00007fff51f004b8:   00007fff51f00568 00007fff51f00530
0x00007fff51f004c8:   00000001102159f4 00007fff51f00530
0x00007fff51f004d8:   0000000110215779 00000001102219a3
0x00007fff51f004e8:   0000000110215742 00007fff51f004f0
0x00007fff51f004f8:   00000001a11afc60 00007fff51f00568
0x00007fff51f00508:   00000001a11b2898 0000000000000000
0x00007fff51f00518:   00000001a11afc60 0000000000000000
0x00007fff51f00528:   00007fff51f00550 00007fff51f005b0
0x00007fff51f00538:   00000001102062bd 000000076eead020
0x00007fff51f00548:   000000011020f538 00007fe671c30680
0x00007fff51f00558:   0000000110210e39 00007fe671c42dc0
0x00007fff51f00568:   0000000110210e02 00007fff51f00570
0x00007fff51f00578:   00000001a11afe2a 00007fff51f005d8
0x00007fff51f00588:   00000001a11b2898 0000000000000000
0x00007fff51f00598:   00000001a11afe38 00007fff51f00550
0x00007fff51f005a8:   00007fff51f005c0 00007fff51f00620
0x00007fff51f005b8:   00000001102062bd 00007fe671c30680
0x00007fff51f005c8:   000000076ed72250 00007fe671c42dc0
0x00007fff51f005d8:   000000076ed72250 00007fff51f005e0
0x00007fff51f005e8:   00000001a382dfc6 00007fff51f00630
0x00007fff51f005f8:   00000001a382e080 0000000000000000 

Instructions: (pc=0x00007fffd300cb5d)
0x00007fffd300cb3d:   0f 1f 00 48 85 ff 2e 74 62 40 f6 c7 01 2e 75 66
0x00007fffd300cb4d:   49 ba f8 ff ff ff ff 7f 00 00 4c 23 17 49 89 f3
0x00007fffd300cb5d:   45 23 5a 18 49 c1 e3 04 4d 03 5a 10 49 3b 33 75
0x00007fffd300cb6d:   04 41 ff 63 08 49 83 3b 01 76 0d 49 83 c3 10 49 

Register to memory mapping:

RAX=0x00007fe671c30680 is an unknown value
RBX=0x000000019bf1e450: Java_jogamp_nativewindow_macosx_OSXUtil_GetScreenRefreshRate0+0x1cf0 in /private/var/folders/9f/6bxbn80n4793vm26lrjc_dvm0000gn/T/jogamp_0000/file_cache/jln8951877080883045956/jln6916502578190912603/libnativewindow_macosx.jnilib at 0x000000019bf17000
RCX=0x00007fe66e6002f0 is an unknown value
RDX=0x0000000000000000 is an unknown value
RSP=0x00007fff51f00408 is pointing into the stack for thread: 0x00007fe66f951800
RBP=0x00007fff51f004c0 is pointing into the stack for thread: 0x00007fe66f951800
RSI=0x00007fffbce3b56c: __NSStyleNameIndexTable+0x7e867 in /System/Library/Frameworks/AppKit.framework/Versions/C/AppKit at 0x00007fffbc1dd000
RDI=0x00007fe671c42dc0 is an unknown value
R8 =0x0000000000000018 is an unknown value
R9 =0x00007fe66e600620 is an unknown value
R10=0x0000000000000000 is an unknown value
R11=0x00007fffbce3b56c: __NSStyleNameIndexTable+0x7e867 in /System/Library/Frameworks/AppKit.framework/Versions/C/AppKit at 0x00007fffbc1dd000
R12=0x0000000000000000 is an unknown value
R13={method} {0x00000001a11afc60} 'UnsetJAWTRootSurfaceLayer0' '(JJ)V' in 'jogamp/nativewindow/jawt/macosx/MacOSXJAWTWindow'
R14=0x000000019bf1e440: Java_jogamp_nativewindow_macosx_OSXUtil_GetScreenRefreshRate0+0x1ce0 in /private/var/folders/9f/6bxbn80n4793vm26lrjc_dvm0000gn/T/jogamp_0000/file_cache/jln8951877080883045956/jln6916502578190912603/libnativewindow_macosx.jnilib at 0x000000019bf17000
R15=0x00007fe66f951800 is a thread


Stack: [0x00007fff51705000,0x00007fff51f05000],  sp=0x00007fff51f00408,  free space=8173k
Native frames: (J=compiled Java code, j=interpreted, Vv=VM code, C=native code)
C  [libobjc.A.dylib+0x6b5d]  objc_msgSend+0x1d
j  jogamp.nativewindow.jawt.macosx.MacOSXJAWTWindow.UnsetJAWTRootSurfaceLayer0(JJ)V+0
j  jogamp.nativewindow.jawt.macosx.MacOSXJAWTWindow.access$200(JJ)V+2
j  jogamp.nativewindow.jawt.macosx.MacOSXJAWTWindow$1.run()V+38
j  com.jogamp.common.util.RunnableTask.run()V+24
v  ~StubRoutines::call_stub
V  [libjvm.dylib+0x2ecf8a]
V  [libjvm.dylib+0x324119]
V  [libjvm.dylib+0x3168e7]
C  [libnativewindow_macosx.jnilib+0x5326]  Java_jogamp_nativewindow_jawt_macosx_MacOSXJAWTWindow_UnsetJAWTRootSurfaceLayer0+0x2b6
C  [Foundation+0x71f2a]  __NSThreadPerformPerform+0x146
C  [CoreFoundation+0xa74b1]  __CFRUNLOOP_IS_CALLING_OUT_TO_A_SOURCE0_PERFORM_FUNCTION__+0x11
C  [CoreFoundation+0x88597]  __CFRunLoopDoSources0+0x1a7
C  [CoreFoundation+0x87b16]  __CFRunLoopRun+0x3a6
C  [CoreFoundation+0x87514]  CFRunLoopRunSpecific+0x1a4
C  [HIToolbox+0x312ac]  RunCurrentEventLoopInMode+0xf0
C  [HIToolbox+0x30fe9]  ReceiveNextEventCommon+0xb8
C  [HIToolbox+0x30f16]  _BlockUntilNextEventMatchingListInModeWithFilter+0x47
C  [AppKit+0x476cd]  _DPSNextEvent+0x445
C  [AppKit+0x7be830]  -[NSApplication(NSEvent) _nextEventMatchingEventMask:untilDate:inMode:dequeue:]+0xaaa
C  [libosxapp.dylib+0x23aa]  -[NSApplicationAWT nextEventMatchingMask:untilDate:inMode:dequeue:]+0x7c
C  [AppKit+0x3c06d]  -[NSApplication run]+0x39e
C  [libosxapp.dylib+0x214d]  +[NSApplicationAWT runAWTLoopWithApp:]+0x9c
C  [libawt_lwawt.dylib+0x444b3]  -[AWTStarter starter:]+0x389
C  [Foundation+0x71f2a]  __NSThreadPerformPerform+0x146
C  [CoreFoundation+0xa74b1]  __CFRUNLOOP_IS_CALLING_OUT_TO_A_SOURCE0_PERFORM_FUNCTION__+0x11
C  [CoreFoundation+0x8861d]  __CFRunLoopDoSources0+0x22d
C  [CoreFoundation+0x87b16]  __CFRunLoopRun+0x3a6
C  [CoreFoundation+0x87514]  CFRunLoopRunSpecific+0x1a4
C  [java+0x6465]  CreateExecutionEnvironment+0x367
C  [java+0x218c]  JLI_Launch+0x7a0
C  [java+0x84c2]  main+0x65
C  [java+0x19e4]  start+0x34
C  0x0000000000000007

Java frames: (J=compiled Java code, j=interpreted, Vv=VM code)
j  jogamp.nativewindow.jawt.macosx.MacOSXJAWTWindow.UnsetJAWTRootSurfaceLayer0(JJ)V+0
j  jogamp.nativewindow.jawt.macosx.MacOSXJAWTWindow.access$200(JJ)V+2
j  jogamp.nativewindow.jawt.macosx.MacOSXJAWTWindow$1.run()V+38
j  com.jogamp.common.util.RunnableTask.run()V+24
v  ~StubRoutines::call_stub

---------------  P R O C E S S  ---------------

Java Threads: ( => current thread )
  0x00007fe66fde0800 JavaThread "Thread-28" [_thread_blocked, id=89803, stack(0x0000700005419000,0x0000700005519000)]
  0x00007fe66d2ef800 JavaThread "AWT-EventQueue-1" [_thread_in_native, id=81679, stack(0x0000700005293000,0x0000700005393000)]
  0x00007fe66c936000 JavaThread "DestroyJavaVM" [_thread_blocked, id=7171, stack(0x00007000035b3000,0x00007000036b3000)]
  0x00007fe66ea00800 JavaThread "AWT-EventQueue-0" [_thread_blocked, id=77835, stack(0x000070000500a000,0x000070000510a000)]
  0x00007fe66c930800 JavaThread "Java2D Disposer" daemon [_thread_blocked, id=64515, stack(0x0000700004d81000,0x0000700004e81000)]
  0x00007fe66c90c800 JavaThread "Java2D Queue Flusher" daemon [_thread_blocked, id=60167, stack(0x0000700004c7e000,0x0000700004d7e000)]
  0x00007fe66c8ec000 JavaThread "AWT-Shutdown" [_thread_blocked, id=33055, stack(0x000070000496f000,0x0000700004a6f000)]
=>0x00007fe66f951800 JavaThread "AWT-AppKit" daemon [_thread_in_native, id=775, stack(0x00007fff51705000,0x00007fff51f05000)]
  0x00007fe66c81f800 JavaThread "Service Thread" daemon [_thread_blocked, id=21251, stack(0x00007000046e6000,0x00007000047e6000)]
  0x00007fe66e873800 JavaThread "C1 CompilerThread3" daemon [_thread_blocked, id=20739, stack(0x00007000045e3000,0x00007000046e3000)]
  0x00007fe66f818800 JavaThread "C2 CompilerThread2" daemon [_thread_blocked, id=20227, stack(0x00007000044e0000,0x00007000045e0000)]
  0x00007fe66e873000 JavaThread "C2 CompilerThread1" daemon [_thread_blocked, id=19715, stack(0x00007000043dd000,0x00007000044dd000)]
  0x00007fe66c807000 JavaThread "C2 CompilerThread0" daemon [_thread_blocked, id=19203, stack(0x00007000042da000,0x00007000043da000)]
  0x00007fe66e830000 JavaThread "Signal Dispatcher" daemon [_thread_blocked, id=18691, stack(0x00007000041d7000,0x00007000042d7000)]
  0x00007fe66e85b800 JavaThread "Finalizer" daemon [_thread_blocked, id=14595, stack(0x00007000040d4000,0x00007000041d4000)]
  0x00007fe66e858800 JavaThread "Reference Handler" daemon [_thread_blocked, id=14083, stack(0x0000700003fd1000,0x00007000040d1000)]

Other Threads:
  0x00007fe66e854000 VMThread [stack: 0x0000700003ece000,0x0000700003fce000] [id=13571]
  0x00007fe66f819000 WatcherThread [stack: 0x00007000047e9000,0x00007000048e9000] [id=21763]

VM state:not at safepoint (normal execution)

VM Mutex/Monitor currently owned by a thread: None

Heap:
 PSYoungGen      total 76288K, used 65844K [0x000000076ab00000, 0x0000000770000000, 0x00000007c0000000)
  eden space 65536K, 84% used [0x000000076ab00000,0x000000076e0d0058,0x000000076eb00000)
  from space 10752K, 99% used [0x000000076eb00000,0x000000076f57d328,0x000000076f580000)
  to   space 10752K, 0% used [0x000000076f580000,0x000000076f580000,0x0000000770000000)
 ParOldGen       total 175104K, used 2001K [0x00000006c0000000, 0x00000006cab00000, 0x000000076ab00000)
  object space 175104K, 1% used [0x00000006c0000000,0x00000006c01f4730,0x00000006cab00000)
 Metaspace       used 18825K, capacity 19059K, committed 19200K, reserved 1067008K
  class space    used 1881K, capacity 1952K, committed 2048K, reserved 1048576K

Card table byte_map: [0x000000011f1fe000,0x000000011f9ff000] byte_map_base: 0x000000011bbfe000

Marking Bits: (ParMarkBitMap*) 0x000000010fb4cd20
 Begin Bits: [0x000000011ff55000, 0x0000000123f55000)
 End Bits:   [0x0000000123f55000, 0x0000000127f55000)

Polling page: 0x000000010ddbb000

CodeCache: size=245760Kb used=6296Kb max_used=6296Kb free=239463Kb
 bounds [0x00000001101fe000, 0x000000011082e000, 0x000000011f1fe000]
 total_blobs=2637 nmethods=1768 adapters=783
 compilation: enabled

Compilation events (10 events):
Event: 6.808 Thread 0x00007fe66e873800 1764       3       java.awt.geom.AffineTransform::getScaleY (5 bytes)
Event: 6.808 Thread 0x00007fe66e873800 nmethod 1764 0x00000001108051d0 code [0x0000000110805320, 0x0000000110805470]
Event: 6.820 Thread 0x00007fe66e873800 1765       3       java.security.AccessControlContext::<init> (30 bytes)
Event: 6.820 Thread 0x00007fe66e873800 nmethod 1765 0x0000000110820c10 code [0x0000000110820d80, 0x0000000110820f90]
Event: 6.820 Thread 0x00007fe66e873800 1767       3       java.awt.geom.AffineTransform::getScaleX (5 bytes)
Event: 6.820 Thread 0x00007fe66e873800 nmethod 1767 0x0000000110821fd0 code [0x0000000110822120, 0x0000000110822270]
Event: 6.820 Thread 0x00007fe66e873800 1766       1       sun.java2d.SurfaceData::isValid (5 bytes)
Event: 6.820 Thread 0x00007fe66e873800 nmethod 1766 0x00000001108294d0 code [0x0000000110829620, 0x0000000110829730]
Event: 6.822 Thread 0x00007fe66e873800 1768       3       java.util.HashMap::afterNodeRemoval (1 bytes)
Event: 6.822 Thread 0x00007fe66e873800 nmethod 1768 0x00000001108291d0 code [0x0000000110829320, 0x0000000110829470]

GC Heap History (2 events):
Event: 3.410 GC heap before
{Heap before GC invocations=1 (full 0):
 PSYoungGen      total 76288K, used 65536K [0x000000076ab00000, 0x0000000770000000, 0x00000007c0000000)
  eden space 65536K, 100% used [0x000000076ab00000,0x000000076eb00000,0x000000076eb00000)
  from space 10752K, 0% used [0x000000076f580000,0x000000076f580000,0x0000000770000000)
  to   space 10752K, 0% used [0x000000076eb00000,0x000000076eb00000,0x000000076f580000)
 ParOldGen       total 175104K, used 0K [0x00000006c0000000, 0x00000006cab00000, 0x000000076ab00000)
  object space 175104K, 0% used [0x00000006c0000000,0x00000006c0000000,0x00000006cab00000)
 Metaspace       used 18284K, capacity 18473K, committed 18688K, reserved 1067008K
  class space    used 1865K, capacity 1951K, committed 2048K, reserved 1048576K
Event: 3.420 GC heap after
Heap after GC invocations=1 (full 0):
 PSYoungGen      total 76288K, used 10740K [0x000000076ab00000, 0x0000000770000000, 0x00000007c0000000)
  eden space 65536K, 0% used [0x000000076ab00000,0x000000076ab00000,0x000000076eb00000)
  from space 10752K, 99% used [0x000000076eb00000,0x000000076f57d328,0x000000076f580000)
  to   space 10752K, 0% used [0x000000076f580000,0x000000076f580000,0x0000000770000000)
 ParOldGen       total 175104K, used 2001K [0x00000006c0000000, 0x00000006cab00000, 0x000000076ab00000)
  object space 175104K, 1% used [0x00000006c0000000,0x00000006c01f4730,0x00000006cab00000)
 Metaspace       used 18284K, capacity 18473K, committed 18688K, reserved 1067008K
  class space    used 1865K, capacity 1951K, committed 2048K, reserved 1048576K
}

Deoptimization events (6 events):
Event: 1.951 Thread 0x00007fe66fbe5800 Uncommon trap: reason=unstable_if action=reinterpret pc=0x00000001103c4900 method=java.lang.String.toLowerCase(Ljava/util/Locale;)Ljava/lang/String; @ 85
Event: 2.102 Thread 0x00007fe66fbfb800 Uncommon trap: reason=unstable_if action=reinterpret pc=0x000000011043a014 method=java.lang.String.indexOf([CII[CIII)I @ 3
Event: 2.102 Thread 0x00007fe66fbfb800 Uncommon trap: reason=unstable_if action=reinterpret pc=0x0000000110406d94 method=java.lang.String.indexOf([CII[CIII)I @ 3
Event: 2.102 Thread 0x00007fe66fbfb800 Uncommon trap: reason=unstable_if action=reinterpret pc=0x00000001103b5418 method=java.lang.String.indexOf([CII[CIII)I @ 3
Event: 2.881 Thread 0x00007fe66d2ef800 Uncommon trap: reason=unstable_if action=reinterpret pc=0x000000011039a9cc method=java.lang.AbstractStringBuilder.append(Ljava/lang/String;)Ljava/lang/AbstractStringBuilder; @ 1
Event: 6.820 Thread 0x00007fe66fde0800 Uncommon trap: reason=predicate action=maybe_recompile pc=0x00000001106a8cd0 method=java.util.Vector.indexOf(Ljava/lang/Object;I)I @ 44

Internal exceptions (10 events):
Event: 4.670 Thread 0x00007fe66f994800 Exception <a 'java/security/PrivilegedActionException'> (0x000000076c8d44a0) thrown at [/Users/java_re/workspace/8-2-build-macosx-x86_64/jdk8u111/7883/hotspot/src/share/vm/prims/jvm.cpp, line 1386]
Event: 4.725 Thread 0x00007fe66d178800 Exception <a 'java/security/PrivilegedActionException'> (0x000000076cbdd8b0) thrown at [/Users/java_re/workspace/8-2-build-macosx-x86_64/jdk8u111/7883/hotspot/src/share/vm/prims/jvm.cpp, line 1386]
Event: 4.870 Thread 0x00007fe66e9be000 Exception <a 'java/security/PrivilegedActionException'> (0x000000076c9d19f0) thrown at [/Users/java_re/workspace/8-2-build-macosx-x86_64/jdk8u111/7883/hotspot/src/share/vm/prims/jvm.cpp, line 1386]
Event: 4.915 Thread 0x00007fe66e9bd800 Exception <a 'java/security/PrivilegedActionException'> (0x000000076cf66db0) thrown at [/Users/java_re/workspace/8-2-build-macosx-x86_64/jdk8u111/7883/hotspot/src/share/vm/prims/jvm.cpp, line 1386]
Event: 5.056 Thread 0x00007fe66fd66000 Exception <a 'java/security/PrivilegedActionException'> (0x000000076ceb8050) thrown at [/Users/java_re/workspace/8-2-build-macosx-x86_64/jdk8u111/7883/hotspot/src/share/vm/prims/jvm.cpp, line 1386]
Event: 5.215 Thread 0x00007fe66d178800 Exception <a 'java/security/PrivilegedActionException'> (0x000000076d0e43b0) thrown at [/Users/java_re/workspace/8-2-build-macosx-x86_64/jdk8u111/7883/hotspot/src/share/vm/prims/jvm.cpp, line 1386]
Event: 5.318 Thread 0x00007fe66e9b3800 Exception <a 'java/security/PrivilegedActionException'> (0x000000076d56aec0) thrown at [/Users/java_re/workspace/8-2-build-macosx-x86_64/jdk8u111/7883/hotspot/src/share/vm/prims/jvm.cpp, line 1386]
Event: 5.335 Thread 0x00007fe66e9be000 Exception <a 'java/security/PrivilegedActionException'> (0x000000076d2f0270) thrown at [/Users/java_re/workspace/8-2-build-macosx-x86_64/jdk8u111/7883/hotspot/src/share/vm/prims/jvm.cpp, line 1386]
Event: 5.425 Thread 0x00007fe66d19c000 Exception <a 'java/security/PrivilegedActionException'> (0x000000076d3ed868) thrown at [/Users/java_re/workspace/8-2-build-macosx-x86_64/jdk8u111/7883/hotspot/src/share/vm/prims/jvm.cpp, line 1386]
Event: 5.555 Thread 0x00007fe66cbf0000 Exception <a 'java/security/PrivilegedActionException'> (0x000000076d776dc0) thrown at [/Users/java_re/workspace/8-2-build-macosx-x86_64/jdk8u111/7883/hotspot/src/share/vm/prims/jvm.cpp, line 1386]

Events (10 events):
Event: 6.820 loading class java/awt/event/AWTEventListenerProxy
Event: 6.820 loading class java/awt/event/AWTEventListenerProxy done
Event: 6.820 loading class java/awt/Toolkit$ToolkitEventMulticaster
Event: 6.820 loading class java/awt/Toolkit$ToolkitEventMulticaster done
Event: 6.820 Thread 0x00007fe66f9d7800 Thread exited: 0x00007fe66f9d7800
Event: 6.820 Thread 0x00007fe66fde0800 Uncommon trap: trap_request=0xffffff86 fr.pc=0x00000001106a8cd0
Event: 6.820 Thread 0x00007fe66fde0800 DEOPT PACKING pc=0x00000001106a8cd0 sp=0x00007000055187e0
Event: 6.820 Thread 0x00007fe66fde0800 DEOPT UNPACKING pc=0x0000000110203229 sp=0x00007000055187a0 mode 2
Event: 6.820 loading class java/awt/Window$1DisposeAction
Event: 6.820 loading class java/awt/Window$1DisposeAction done


Dynamic libraries:
0x0000000049353000 	/System/Library/Frameworks/Cocoa.framework/Versions/A/Cocoa
0x0000000049353000 	/System/Library/Frameworks/Security.framework/Versions/A/Security
0x0000000049353000 	/System/Library/Frameworks/ApplicationServices.framework/Versions/A/ApplicationServices
0x0000000049353000 	/usr/lib/libz.1.dylib
0x0000000049353000 	/usr/lib/libSystem.B.dylib
0x0000000049353000 	/usr/lib/libobjc.A.dylib
0x0000000049353000 	/System/Library/Frameworks/CoreFoundation.framework/Versions/A/CoreFoundation
0x0000000049353000 	/System/Library/Frameworks/Foundation.framework/Versions/C/Foundation
0x0000000049353000 	/System/Library/Frameworks/AppKit.framework/Versions/C/AppKit
0x0000000049353000 	/System/Library/Frameworks/CoreData.framework/Versions/A/CoreData
0x0000000049353000 	/System/Library/PrivateFrameworks/RemoteViewServices.framework/Versions/A/RemoteViewServices
0x0000000049353000 	/System/Library/PrivateFrameworks/UIFoundation.framework/Versions/A/UIFoundation
0x0000000049353000 	/System/Library/PrivateFrameworks/DFRFoundation.framework/Versions/A/DFRFoundation
0x0000000049353000 	/usr/lib/libenergytrace.dylib
0x0000000049353000 	/System/Library/PrivateFrameworks/SkyLight.framework/Versions/A/SkyLight
0x0000000049353000 	/System/Library/Frameworks/CoreGraphics.framework/Versions/A/CoreGraphics
0x0000000049353000 	/usr/lib/libScreenReader.dylib
0x0000000049353000 	/System/Library/Frameworks/Accelerate.framework/Versions/A/Accelerate
0x0000000049353000 	/System/Library/Frameworks/IOSurface.framework/Versions/A/IOSurface
0x0000000049353000 	/System/Library/Frameworks/AudioToolbox.framework/Versions/A/AudioToolbox
0x0000000049353000 	/System/Library/Frameworks/AudioUnit.framework/Versions/A/AudioUnit
0x0000000049353000 	/System/Library/PrivateFrameworks/DataDetectorsCore.framework/Versions/A/DataDetectorsCore
0x0000000049353000 	/System/Library/PrivateFrameworks/DesktopServicesPriv.framework/Versions/A/DesktopServicesPriv
0x0000000049353000 	/System/Library/Frameworks/Carbon.framework/Versions/A/Frameworks/HIToolbox.framework/Versions/A/HIToolbox
0x0000000049353000 	/usr/lib/libicucore.A.dylib
0x0000000049353000 	/System/Library/Frameworks/QuartzCore.framework/Versions/A/QuartzCore
0x0000000049353000 	/System/Library/Frameworks/Carbon.framework/Versions/A/Frameworks/SpeechRecognition.framework/Versions/A/SpeechRecognition
0x0000000049353000 	/usr/lib/libauto.dylib
0x0000000049353000 	/usr/lib/libxml2.2.dylib
0x0000000049353000 	/System/Library/PrivateFrameworks/CoreUI.framework/Versions/A/CoreUI
0x0000000049353000 	/System/Library/Frameworks/CoreAudio.framework/Versions/A/CoreAudio
0x0000000049353000 	/System/Library/Frameworks/DiskArbitration.framework/Versions/A/DiskArbitration
0x0000000049353000 	/usr/lib/liblangid.dylib
0x0000000049353000 	/System/Library/PrivateFrameworks/MultitouchSupport.framework/Versions/A/MultitouchSupport
0x0000000049353000 	/System/Library/Frameworks/IOKit.framework/Versions/A/IOKit
0x0000000049353000 	/usr/lib/libDiagnosticMessagesClient.dylib
0x0000000049353000 	/System/Library/Frameworks/CoreServices.framework/Versions/A/CoreServices
0x0000000049353000 	/System/Library/PrivateFrameworks/PerformanceAnalysis.framework/Versions/A/PerformanceAnalysis
0x0000000049353000 	/System/Library/PrivateFrameworks/GenerationalStorage.framework/Versions/A/GenerationalStorage
0x0000000049353000 	/System/Library/Frameworks/OpenGL.framework/Versions/A/OpenGL
0x0000000049353000 	/System/Library/Frameworks/CoreImage.framework/Versions/A/CoreImage
0x0000000049353000 	/System/Library/Frameworks/CoreText.framework/Versions/A/CoreText
0x0000000049353000 	/System/Library/Frameworks/ImageIO.framework/Versions/A/ImageIO
0x0000000049353000 	/System/Library/PrivateFrameworks/Backup.framework/Versions/A/Backup
0x0000000049353000 	/usr/lib/libarchive.2.dylib
0x0000000049353000 	/System/Library/Frameworks/CFNetwork.framework/Versions/A/CFNetwork
0x0000000049353000 	/System/Library/Frameworks/SystemConfiguration.framework/Versions/A/SystemConfiguration
0x0000000049353000 	/usr/lib/libCRFSuite.dylib
0x0000000049353000 	/usr/lib/libc++.1.dylib
0x0000000049353000 	/usr/lib/libc++abi.dylib
0x0000000049353000 	/usr/lib/system/libcache.dylib
0x0000000049353000 	/usr/lib/system/libcommonCrypto.dylib
0x0000000049353000 	/usr/lib/system/libcompiler_rt.dylib
0x0000000049353000 	/usr/lib/system/libcopyfile.dylib
0x0000000049353000 	/usr/lib/system/libcorecrypto.dylib
0x0000000049353000 	/usr/lib/system/libdispatch.dylib
0x0000000049353000 	/usr/lib/system/libdyld.dylib
0x0000000049353000 	/usr/lib/system/libkeymgr.dylib
0x0000000049353000 	/usr/lib/system/liblaunch.dylib
0x0000000049353000 	/usr/lib/system/libmacho.dylib
0x0000000049353000 	/usr/lib/system/libquarantine.dylib
0x0000000049353000 	/usr/lib/system/libremovefile.dylib
0x0000000049353000 	/usr/lib/system/libsystem_asl.dylib
0x0000000049353000 	/usr/lib/system/libsystem_blocks.dylib
0x0000000049353000 	/usr/lib/system/libsystem_c.dylib
0x0000000049353000 	/usr/lib/system/libsystem_configuration.dylib
0x0000000049353000 	/usr/lib/system/libsystem_coreservices.dylib
0x0000000049353000 	/usr/lib/system/libsystem_coretls.dylib
0x0000000049353000 	/usr/lib/system/libsystem_dnssd.dylib
0x0000000049353000 	/usr/lib/system/libsystem_info.dylib
0x0000000049353000 	/usr/lib/system/libsystem_kernel.dylib
0x0000000049353000 	/usr/lib/system/libsystem_m.dylib
0x0000000049353000 	/usr/lib/system/libsystem_malloc.dylib
0x0000000049353000 	/usr/lib/system/libsystem_network.dylib
0x0000000049353000 	/usr/lib/system/libsystem_networkextension.dylib
0x0000000049353000 	/usr/lib/system/libsystem_notify.dylib
0x0000000049353000 	/usr/lib/system/libsystem_platform.dylib
0x0000000049353000 	/usr/lib/system/libsystem_pthread.dylib
0x0000000049353000 	/usr/lib/system/libsystem_sandbox.dylib
0x0000000049353000 	/usr/lib/system/libsystem_secinit.dylib
0x0000000049353000 	/usr/lib/system/libsystem_symptoms.dylib
0x0000000049353000 	/usr/lib/system/libsystem_trace.dylib
0x0000000049353000 	/usr/lib/system/libunwind.dylib
0x0000000049353000 	/usr/lib/system/libxpc.dylib
0x0000000049353000 	/usr/lib/libbsm.0.dylib
0x0000000049353000 	/usr/lib/system/libkxld.dylib
0x0000000049353000 	/usr/lib/libcoretls.dylib
0x0000000049353000 	/usr/lib/libcoretls_cfhelpers.dylib
0x0000000049353000 	/usr/lib/libxar.1.dylib
0x0000000049353000 	/usr/lib/libsqlite3.dylib
0x0000000049353000 	/usr/lib/libpam.2.dylib
0x0000000049353000 	/usr/lib/libOpenScriptingUtil.dylib
0x0000000049353000 	/usr/lib/libbz2.1.0.dylib
0x0000000049353000 	/usr/lib/liblzma.5.dylib
0x0000000049353000 	/usr/lib/libnetwork.dylib
0x0000000049353000 	/usr/lib/libpcap.A.dylib
0x0000000049353000 	/System/Library/Frameworks/CoreServices.framework/Versions/A/Frameworks/FSEvents.framework/Versions/A/FSEvents
0x0000000049353000 	/System/Library/Frameworks/CoreServices.framework/Versions/A/Frameworks/CarbonCore.framework/Versions/A/CarbonCore
0x0000000049353000 	/System/Library/Frameworks/CoreServices.framework/Versions/A/Frameworks/Metadata.framework/Versions/A/Metadata
0x0000000049353000 	/System/Library/Frameworks/CoreServices.framework/Versions/A/Frameworks/OSServices.framework/Versions/A/OSServices
0x0000000049353000 	/System/Library/Frameworks/CoreServices.framework/Versions/A/Frameworks/SearchKit.framework/Versions/A/SearchKit
0x0000000049353000 	/System/Library/Frameworks/CoreServices.framework/Versions/A/Frameworks/AE.framework/Versions/A/AE
0x0000000049353000 	/System/Library/Frameworks/CoreServices.framework/Versions/A/Frameworks/LaunchServices.framework/Versions/A/LaunchServices
0x0000000049353000 	/System/Library/Frameworks/CoreServices.framework/Versions/A/Frameworks/DictionaryServices.framework/Versions/A/DictionaryServices
0x0000000049353000 	/System/Library/Frameworks/CoreServices.framework/Versions/A/Frameworks/SharedFileList.framework/Versions/A/SharedFileList
0x0000000049353000 	/System/Library/Frameworks/NetFS.framework/Versions/A/NetFS
0x0000000049353000 	/System/Library/PrivateFrameworks/NetAuth.framework/Versions/A/NetAuth
0x0000000049353000 	/System/Library/PrivateFrameworks/login.framework/Versions/A/Frameworks/loginsupport.framework/Versions/A/loginsupport
0x0000000049353000 	/System/Library/PrivateFrameworks/TCC.framework/Versions/A/TCC
0x0000000049353000 	/usr/lib/libmecabra.dylib
0x0000000049353000 	/System/Library/Frameworks/ApplicationServices.framework/Versions/A/Frameworks/ATS.framework/Versions/A/ATS
0x0000000049353000 	/System/Library/Frameworks/ApplicationServices.framework/Versions/A/Frameworks/ColorSync.framework/Versions/A/ColorSync
0x0000000049353000 	/System/Library/Frameworks/ApplicationServices.framework/Versions/A/Frameworks/HIServices.framework/Versions/A/HIServices
0x0000000049353000 	/System/Library/Frameworks/ApplicationServices.framework/Versions/A/Frameworks/LangAnalysis.framework/Versions/A/LangAnalysis
0x0000000049353000 	/System/Library/Frameworks/ApplicationServices.framework/Versions/A/Frameworks/PrintCore.framework/Versions/A/PrintCore
0x0000000049353000 	/System/Library/Frameworks/ApplicationServices.framework/Versions/A/Frameworks/QD.framework/Versions/A/QD
0x0000000049353000 	/System/Library/Frameworks/ApplicationServices.framework/Versions/A/Frameworks/SpeechSynthesis.framework/Versions/A/SpeechSynthesis
0x0000000049353000 	/System/Library/Frameworks/Accelerate.framework/Versions/A/Frameworks/vImage.framework/Versions/A/vImage
0x0000000049353000 	/System/Library/Frameworks/Accelerate.framework/Versions/A/Frameworks/vecLib.framework/Versions/A/vecLib
0x0000000049353000 	/System/Library/Frameworks/Accelerate.framework/Versions/A/Frameworks/vecLib.framework/Versions/A/libvDSP.dylib
0x0000000049353000 	/System/Library/Frameworks/Accelerate.framework/Versions/A/Frameworks/vecLib.framework/Versions/A/libBNNS.dylib
0x0000000049353000 	/System/Library/Frameworks/Accelerate.framework/Versions/A/Frameworks/vecLib.framework/Versions/A/libQuadrature.dylib
0x0000000049353000 	/System/Library/Frameworks/Accelerate.framework/Versions/A/Frameworks/vecLib.framework/Versions/A/libvMisc.dylib
0x0000000049353000 	/System/Library/Frameworks/Accelerate.framework/Versions/A/Frameworks/vecLib.framework/Versions/A/libLAPACK.dylib
0x0000000049353000 	/System/Library/Frameworks/Accelerate.framework/Versions/A/Frameworks/vecLib.framework/Versions/A/libBLAS.dylib
0x0000000049353000 	/System/Library/Frameworks/Accelerate.framework/Versions/A/Frameworks/vecLib.framework/Versions/A/libLinearAlgebra.dylib
0x0000000049353000 	/System/Library/Frameworks/Accelerate.framework/Versions/A/Frameworks/vecLib.framework/Versions/A/libSparseBLAS.dylib
0x0000000049353000 	/System/Library/Frameworks/ApplicationServices.framework/Versions/A/Frameworks/ATS.framework/Versions/A/Resources/libFontParser.dylib
0x0000000049353000 	/System/Library/Frameworks/ApplicationServices.framework/Versions/A/Frameworks/ATS.framework/Versions/A/Resources/libFontRegistry.dylib
0x0000000049353000 	/System/Library/Frameworks/ImageIO.framework/Versions/A/Resources/libJPEG.dylib
0x0000000049353000 	/System/Library/Frameworks/ImageIO.framework/Versions/A/Resources/libTIFF.dylib
0x0000000049353000 	/System/Library/Frameworks/ImageIO.framework/Versions/A/Resources/libPng.dylib
0x0000000049353000 	/System/Library/Frameworks/ImageIO.framework/Versions/A/Resources/libGIF.dylib
0x0000000049353000 	/System/Library/Frameworks/ImageIO.framework/Versions/A/Resources/libJP2.dylib
0x0000000049353000 	/System/Library/Frameworks/ImageIO.framework/Versions/A/Resources/libRadiance.dylib
0x0000000049353000 	/usr/lib/libcompression.dylib
0x0000000049353000 	/System/Library/PrivateFrameworks/AppleJPEG.framework/Versions/A/AppleJPEG
0x0000000049353000 	/usr/lib/libcups.2.dylib
0x0000000049353000 	/System/Library/Frameworks/Kerberos.framework/Versions/A/Kerberos
0x0000000049353000 	/System/Library/Frameworks/GSS.framework/Versions/A/GSS
0x0000000049353000 	/usr/lib/libresolv.9.dylib
0x0000000049353000 	/usr/lib/libiconv.2.dylib
0x0000000049353000 	/System/Library/PrivateFrameworks/Heimdal.framework/Versions/A/Heimdal
0x0000000049353000 	/usr/lib/libheimdal-asn1.dylib
0x0000000049353000 	/System/Library/Frameworks/OpenDirectory.framework/Versions/A/OpenDirectory
0x0000000049353000 	/System/Library/PrivateFrameworks/CommonAuth.framework/Versions/A/CommonAuth
0x0000000049353000 	/System/Library/Frameworks/OpenDirectory.framework/Versions/A/Frameworks/CFOpenDirectory.framework/Versions/A/CFOpenDirectory
0x0000000049353000 	/System/Library/Frameworks/SecurityFoundation.framework/Versions/A/SecurityFoundation
0x0000000049353000 	/System/Library/PrivateFrameworks/LanguageModeling.framework/Versions/A/LanguageModeling
0x0000000049353000 	/usr/lib/libmarisa.dylib
0x0000000049353000 	/usr/lib/libChineseTokenizer.dylib
0x0000000049353000 	/usr/lib/libcmph.dylib
0x0000000049353000 	/System/Library/PrivateFrameworks/CoreEmoji.framework/Versions/A/CoreEmoji
0x0000000049353000 	/System/Library/Frameworks/ServiceManagement.framework/Versions/A/ServiceManagement
0x0000000049353000 	/usr/lib/libxslt.1.dylib
0x0000000049353000 	/System/Library/Frameworks/Carbon.framework/Versions/A/Frameworks/Ink.framework/Versions/A/Ink
0x0000000049353000 	/System/Library/PrivateFrameworks/TextureIO.framework/Versions/A/TextureIO
0x0000000049353000 	/System/Library/Frameworks/Metal.framework/Versions/A/Metal
0x0000000049353000 	/usr/lib/libate.dylib
0x0000000049353000 	/System/Library/PrivateFrameworks/GPUCompiler.framework/libmetal_timestamp.dylib
0x0000000049353000 	/System/Library/Frameworks/OpenGL.framework/Versions/A/Libraries/libCoreFSCache.dylib
0x0000000049353000 	/System/Library/PrivateFrameworks/IOAccelerator.framework/Versions/A/IOAccelerator
0x0000000049353000 	/System/Library/Frameworks/CoreVideo.framework/Versions/A/CoreVideo
0x0000000049353000 	/usr/lib/libFosl_dynamic.dylib
0x0000000049353000 	/System/Library/PrivateFrameworks/MetalPerformanceShaders.framework/Versions/A/MetalPerformanceShaders
0x0000000049353000 	/System/Library/PrivateFrameworks/FaceCore.framework/Versions/A/FaceCore
0x0000000049353000 	/System/Library/Frameworks/OpenCL.framework/Versions/A/OpenCL
0x0000000049353000 	/System/Library/Frameworks/OpenGL.framework/Versions/A/Libraries/libGLU.dylib
0x0000000049353000 	/System/Library/Frameworks/OpenGL.framework/Versions/A/Libraries/libGFXShared.dylib
0x0000000049353000 	/System/Library/Frameworks/OpenGL.framework/Versions/A/Libraries/libGL.dylib
0x0000000049353000 	/System/Library/Frameworks/OpenGL.framework/Versions/A/Libraries/libGLImage.dylib
0x0000000049353000 	/System/Library/Frameworks/OpenGL.framework/Versions/A/Libraries/libCVMSPluginSupport.dylib
0x0000000049353000 	/System/Library/Frameworks/OpenGL.framework/Versions/A/Libraries/libCoreVMClient.dylib
0x0000000049353000 	/System/Library/PrivateFrameworks/CrashReporterSupport.framework/Versions/A/CrashReporterSupport
0x0000000049353000 	/System/Library/PrivateFrameworks/Sharing.framework/Versions/A/Sharing
0x0000000049353000 	/System/Library/PrivateFrameworks/IconServices.framework/Versions/A/IconServices
0x0000000049353000 	/System/Library/PrivateFrameworks/ProtocolBuffer.framework/Versions/A/ProtocolBuffer
0x0000000049353000 	/System/Library/PrivateFrameworks/Apple80211.framework/Versions/A/Apple80211
0x0000000049353000 	/System/Library/Frameworks/CoreWLAN.framework/Versions/A/CoreWLAN
0x0000000049353000 	/System/Library/PrivateFrameworks/CoreUtils.framework/Versions/A/CoreUtils
0x0000000049353000 	/System/Library/Frameworks/IOBluetooth.framework/Versions/A/IOBluetooth
0x0000000049353000 	/System/Library/PrivateFrameworks/CoreWiFi.framework/Versions/A/CoreWiFi
0x0000000049353000 	/System/Library/Frameworks/CoreBluetooth.framework/Versions/A/CoreBluetooth
0x0000000049353000 	/System/Library/Frameworks/CoreDisplay.framework/Versions/A/CoreDisplay
0x0000000049353000 	/System/Library/PrivateFrameworks/IOPresentment.framework/Versions/A/IOPresentment
0x0000000049353000 	/System/Library/PrivateFrameworks/DebugSymbols.framework/Versions/A/DebugSymbols
0x0000000049353000 	/System/Library/PrivateFrameworks/CoreSymbolication.framework/Versions/A/CoreSymbolication
0x0000000049353000 	/System/Library/PrivateFrameworks/Symbolication.framework/Versions/A/Symbolication
0x0000000049353000 	/System/Library/PrivateFrameworks/AppleFSCompression.framework/Versions/A/AppleFSCompression
0x0000000049353000 	/System/Library/PrivateFrameworks/SpeechRecognitionCore.framework/Versions/A/SpeechRecognitionCore
0x0000000049353000 	/System/Library/PrivateFrameworks/ChunkingLibrary.framework/Versions/A/ChunkingLibrary
0x000000010f25d000 	/Library/Java/JavaVirtualMachines/jdk1.8.0_111.jdk/Contents/Home/jre/lib/server/libjvm.dylib
0x0000000049353000 	/usr/lib/libstdc++.6.dylib
0x000000010dd78000 	/Library/Java/JavaVirtualMachines/jdk1.8.0_111.jdk/Contents/Home/jre/lib/libverify.dylib
0x000000010dd86000 	/Library/Java/JavaVirtualMachines/jdk1.8.0_111.jdk/Contents/Home/jre/lib/libjava.dylib
0x000000010ddc5000 	/Library/Java/JavaVirtualMachines/jdk1.8.0_111.jdk/Contents/Home/jre/lib/libzip.dylib
0x000000012aecc000 	/System/Library/Frameworks/JavaVM.framework/Frameworks/JavaRuntimeSupport.framework/JavaRuntimeSupport
0x000000012aee6000 	/System/Library/Frameworks/JavaVM.framework/Versions/A/Frameworks/JavaNativeFoundation.framework/Versions/A/JavaNativeFoundation
0x000000010f1c0000 	/System/Library/Frameworks/JavaVM.framework/Versions/A/JavaVM
0x0000000049353000 	/System/Library/Frameworks/Carbon.framework/Versions/A/Carbon
0x000000012aefb000 	/System/Library/PrivateFrameworks/JavaLaunching.framework/Versions/A/JavaLaunching
0x0000000049353000 	/System/Library/Frameworks/Carbon.framework/Versions/A/Frameworks/CommonPanels.framework/Versions/A/CommonPanels
0x0000000049353000 	/System/Library/Frameworks/Carbon.framework/Versions/A/Frameworks/Help.framework/Versions/A/Help
0x0000000049353000 	/System/Library/Frameworks/Carbon.framework/Versions/A/Frameworks/ImageCapture.framework/Versions/A/ImageCapture
0x0000000049353000 	/System/Library/Frameworks/Carbon.framework/Versions/A/Frameworks/OpenScripting.framework/Versions/A/OpenScripting
0x0000000049353000 	/System/Library/Frameworks/Carbon.framework/Versions/A/Frameworks/Print.framework/Versions/A/Print
0x0000000049353000 	/System/Library/Frameworks/Carbon.framework/Versions/A/Frameworks/SecurityHI.framework/Versions/A/SecurityHI
0x000000012c7fd000 	/Library/Java/JavaVirtualMachines/jdk1.8.0_111.jdk/Contents/Home/jre/lib/libawt.dylib
0x000000012c8a5000 	/Library/Java/JavaVirtualMachines/jdk1.8.0_111.jdk/Contents/Home/jre/lib/./libmlib_image.dylib
0x000000012c971000 	/Library/Java/JavaVirtualMachines/jdk1.8.0_111.jdk/Contents/Home/jre/lib/libawt_lwawt.dylib
0x000000012ca26000 	/Library/Java/JavaVirtualMachines/jdk1.8.0_111.jdk/Contents/Home/jre/lib/./libosxapp.dylib
0x0000000049353000 	/System/Library/Frameworks/ExceptionHandling.framework/Versions/A/ExceptionHandling
0x0000000049353000 	/System/Library/PrivateFrameworks/CoreServicesInternal.framework/Versions/A/CoreServicesInternal
0x0000000049353000 	/System/Library/CoreServices/RawCamera.bundle/Contents/MacOS/RawCamera
0x0000000049353000 	/System/Library/Frameworks/Accelerate.framework/Versions/A/Frameworks/vImage.framework/Versions/A/Libraries/libCGInterfaces.dylib
0x0000000049353000 	/System/Library/Frameworks/ApplicationServices.framework/Versions/A/Frameworks/ATS.framework/Versions/A/Resources/libTrueTypeScaler.dylib
0x0000000049353000 	/System/Library/Frameworks/OpenGL.framework/Versions/A/Resources/GLEngine.bundle/GLEngine
0x0000000049353000 	/System/Library/Frameworks/OpenGL.framework/Versions/A/Libraries/libGLProgrammability.dylib
0x000000012e8e6000 	/System/Library/Extensions/AppleIntelHD5000GraphicsGLDriver.bundle/Contents/MacOS/AppleIntelHD5000GraphicsGLDriver
0x0000000049353000 	/System/Library/PrivateFrameworks/GPUSupport.framework/Versions/A/Libraries/libGPUSupportMercury.dylib
0x0000000049353000 	/System/Library/Extensions/GeForceGLDriver.bundle/Contents/MacOS/GeForceGLDriver
0x0000000049353000 	/System/Library/Extensions/GeForceGLDriver.bundle/Contents/MacOS/libclh.dylib
0x0000000049353000 	/System/Library/Frameworks/OpenGL.framework/Versions/A/Resources/GLRendererFloat.bundle/GLRendererFloat
0x0000000049353000 	/System/Library/Frameworks/OpenCL.framework/Versions/A/Libraries/libcldcpuengine.dylib
0x0000000049353000 	/usr/lib/libcrypto.0.9.8.dylib
0x0000000049353000 	/System/Library/PrivateFrameworks/TrustEvaluationAgent.framework/Versions/A/TrustEvaluationAgent
0x0000000049353000 	/System/Library/Extensions/GeForceMTLDriver.bundle/Contents/MacOS/GeForceMTLDriver
0x000000012f064000 	/System/Library/Extensions/AppleIntelHD5000GraphicsMTLDriver.bundle/Contents/MacOS/AppleIntelHD5000GraphicsMTLDriver
0x0000000049353000 	/System/Library/PrivateFrameworks/FamilyControls.framework/Versions/A/FamilyControls
0x0000000049353000 	/System/Library/PrivateFrameworks/CommerceKit.framework/Versions/A/Frameworks/CommerceCore.framework/Versions/A/CommerceCore
0x0000000049353000 	/System/Library/PrivateFrameworks/SystemAdministration.framework/Versions/A/SystemAdministration
0x0000000049353000 	/System/Library/PrivateFrameworks/AppContainer.framework/Versions/A/AppContainer
0x0000000049353000 	/System/Library/PrivateFrameworks/SecCodeWrapper.framework/Versions/A/SecCodeWrapper
0x0000000049353000 	/System/Library/Frameworks/DirectoryService.framework/Versions/A/DirectoryService
0x0000000049353000 	/System/Library/PrivateFrameworks/DiskImages.framework/Versions/A/DiskImages
0x0000000049353000 	/System/Library/PrivateFrameworks/LoginUIKit.framework/Versions/A/Frameworks/LoginUICore.framework/Versions/A/LoginUICore
0x0000000049353000 	/usr/lib/libCoreStorage.dylib
0x0000000049353000 	/usr/lib/libcsfde.dylib
0x0000000049353000 	/usr/lib/libodfde.dylib
0x0000000049353000 	/System/Library/Frameworks/DiscRecording.framework/Versions/A/DiscRecording
0x0000000049353000 	/usr/lib/libcurl.4.dylib
0x0000000049353000 	/System/Library/PrivateFrameworks/MediaKit.framework/Versions/A/MediaKit
0x0000000049353000 	/System/Library/PrivateFrameworks/ProtectedCloudStorage.framework/Versions/A/ProtectedCloudStorage
0x0000000049353000 	/System/Library/PrivateFrameworks/EFILogin.framework/Versions/A/EFILogin
0x0000000049353000 	/usr/lib/libutil.dylib
0x0000000049353000 	/System/Library/Frameworks/LDAP.framework/Versions/A/LDAP
0x0000000049353000 	/usr/lib/libsasl2.2.dylib
0x0000000049353000 	/System/Library/PrivateFrameworks/CoreDaemon.framework/Versions/B/CoreDaemon
0x0000000049353000 	/System/Library/PrivateFrameworks/AppleSRP.framework/Versions/A/AppleSRP
0x0000000049353000 	/System/Library/PrivateFrameworks/APFS.framework/Versions/A/APFS
0x0000000049353000 	/System/Library/PrivateFrameworks/ViewBridge.framework/Versions/A/ViewBridge
0x0000000049353000 	/System/Library/PrivateFrameworks/XPCService.framework/Versions/A/XPCService
0x0000000049353000 	/System/Library/PrivateFrameworks/AppSandbox.framework/Versions/A/AppSandbox
0x0000000049353000 	/usr/lib/libsandbox.1.dylib
0x0000000049353000 	/usr/lib/libMatch.1.dylib
0x00000001312b3000 	/Library/Java/JavaVirtualMachines/jdk1.8.0_111.jdk/Contents/Home/jre/lib/libfontmanager.dylib
0x000000013333f000 	/Library/Java/JavaVirtualMachines/jdk1.8.0_111.jdk/Contents/Home/jre/lib/libosxui.dylib
0x000000013408b000 	/Library/Java/JavaVirtualMachines/jdk1.8.0_111.jdk/Contents/Home/jre/lib/libnet.dylib
0x0000000133e9a000 	/Library/Java/JavaVirtualMachines/jdk1.8.0_111.jdk/Contents/Home/jre/lib/libnio.dylib
0x000000019bf0d000 	/private/var/folders/9f/6bxbn80n4793vm26lrjc_dvm0000gn/T/jogamp_0000/file_cache/jln8951877080883045956/jln6916502578190912603/libgluegen-rt.jnilib
0x000000019bf11000 	/private/var/folders/9f/6bxbn80n4793vm26lrjc_dvm0000gn/T/jogamp_0000/file_cache/jln8951877080883045956/jln6916502578190912603/libnativewindow_awt.jnilib
0x000000019bf14000 	/Library/Java/JavaVirtualMachines/jdk1.8.0_111.jdk/Contents/Home/jre/lib/libjawt.dylib
0x000000019bf17000 	/private/var/folders/9f/6bxbn80n4793vm26lrjc_dvm0000gn/T/jogamp_0000/file_cache/jln8951877080883045956/jln6916502578190912603/libnativewindow_macosx.jnilib
0x00000001a105f000 	/private/var/folders/9f/6bxbn80n4793vm26lrjc_dvm0000gn/T/jogamp_0000/file_cache/jln8951877080883045956/jln6916502578190912603/libjogl_desktop.jnilib

VM Arguments:
jvm_args: -Djava.security.policy=java.policy.applet -Dfile.encoding=UTF-8 
java_command: sun.applet.AppletViewer module1.HelloWorld1481969301860.html
java_class_path (initial): /Users/HSZHAO/Documents/Eclipse_workspace/UCSDUnfoldingMaps/build:/Users/HSZHAO/Documents/Eclipse_workspace/UCSDUnfoldingMaps/lib/core.jar:/Users/HSZHAO/Documents/Eclipse_workspace/UCSDUnfoldingMaps/lib/gluegen-rt.jar:/Users/HSZHAO/Documents/Eclipse_workspace/UCSDUnfoldingMaps/lib/jogl-all.jar:/Users/HSZHAO/Documents/Eclipse_workspace/UCSDUnfoldingMaps/lib/log4j-1.2.15.jar:/Users/HSZHAO/Documents/Eclipse_workspace/UCSDUnfoldingMaps/lib/sqlite-jdbc-3.7.2.jar:/Users/HSZHAO/Documents/Eclipse_workspace/UCSDUnfoldingMaps/lib/json4processing.jar:/Users/HSZHAO/Documents/Eclipse_workspace/UCSDUnfoldingMaps/lib/libTUIO.jar:/Users/HSZHAO/Documents/Eclipse_workspace/UCSDUnfoldingMaps/lib/unfolding.0.9.7-uscd.jar
Launcher Type: SUN_STANDARD

Environment Variables:
PATH=/usr/bin:/bin:/usr/sbin:/sbin
SHELL=/bin/bash

Signal Handlers:
SIGSEGV: [libjvm.dylib+0x5b03ed], sa_mask[0]=11111111011111110111111111111111, sa_flags=SA_ONSTACK|SA_RESTART|SA_SIGINFO
SIGBUS: [libjvm.dylib+0x5b03ed], sa_mask[0]=11111111011111110111111111111111, sa_flags=SA_RESTART|SA_SIGINFO
SIGFPE: [libjvm.dylib+0x48711c], sa_mask[0]=11111111011111110111111111111111, sa_flags=SA_RESTART|SA_SIGINFO
SIGPIPE: [libjvm.dylib+0x48711c], sa_mask[0]=11111111011111110111111111111111, sa_flags=SA_RESTART|SA_SIGINFO
SIGXFSZ: [libjvm.dylib+0x48711c], sa_mask[0]=11111111011111110111111111111111, sa_flags=SA_RESTART|SA_SIGINFO
SIGILL: [libjvm.dylib+0x48711c], sa_mask[0]=11111111011111110111111111111111, sa_flags=SA_RESTART|SA_SIGINFO
SIGUSR1: SIG_DFL, sa_mask[0]=00000000000000000000000000000000, sa_flags=none
SIGUSR2: [libjvm.dylib+0x486c3a], sa_mask[0]=00100000000000000000000000000000, sa_flags=SA_RESTART|SA_SIGINFO
SIGHUP: [libjvm.dylib+0x485211], sa_mask[0]=11111111011111110111111111111111, sa_flags=SA_RESTART|SA_SIGINFO
SIGINT: [libjvm.dylib+0x485211], sa_mask[0]=11111111011111110111111111111111, sa_flags=SA_RESTART|SA_SIGINFO
SIGTERM: [libjvm.dylib+0x485211], sa_mask[0]=11111111011111110111111111111111, sa_flags=SA_RESTART|SA_SIGINFO
SIGQUIT: [libjvm.dylib+0x485211], sa_mask[0]=11111111011111110111111111111111, sa_flags=SA_RESTART|SA_SIGINFO


---------------  S Y S T E M  ---------------

OS:Bsduname:Darwin 16.1.0 Darwin Kernel Version 16.1.0: Wed Oct 19 20:31:56 PDT 2016; root:xnu-3789.21.4~4/RELEASE_X86_64 x86_64
rlimit: STACK 8192k, CORE 0k, NPROC 709, NOFILE 10240, AS infinity
load average:2.06 1.90 1.81

CPU:total 8 (4 cores per cpu, 2 threads per core) family 6 model 70 stepping 1, cmov, cx8, fxsr, mmx, sse, sse2, sse3, ssse3, sse4.1, sse4.2, popcnt, avx, avx2, aes, clmul, erms, rtm, lzcnt, ht, tsc, tscinvbit, bmi1, bmi2

Memory: 4k page, physical 16777216k(1041300k free)

/proc/meminfo:


vm_info: Java HotSpot(TM) 64-Bit Server VM (25.111-b14) for bsd-amd64 JRE (1.8.0_111-b14), built on Sep 22 2016 15:31:41 by "java_re" with gcc 4.2.1 (Based on Apple Inc. build 5658) (LLVM build 2336.11.00)

time: Sat Dec 17 02:08:28 2016
elapsed time: 6 seconds (0d 0h 0m 6s)

