#
# A fatal error has been detected by the Java Runtime Environment:
#
#  SIGSEGV (0xb) at pc=0x00007fffd300cb5d, pid=47241, tid=0x0000000000000307
#
# JRE version: Java(TM) SE Runtime Environment (8.0_111-b14) (build 1.8.0_111-b14)
# Java VM: Java HotSpot(TM) 64-Bit Server VM (25.111-b14 mixed mode bsd-amd64 compressed oops)
# Problematic frame:
# C  [libobjc.A.dylib+0x6b5d]  objc_msgSend+0x1d
#
# Failed to write core dump. Core dumps have been disabled. To enable core dumping, try "ulimit -c unlimited" before starting Java again
#
# If you would like to submit a bug report, please visit:
#   http://bugreport.java.com/bugreport/crash.jsp
# The crash happened outside the Java Virtual Machine in native code.
# See problematic frame for where to report the bug.
#

---------------  T H R E A D  ---------------

Current thread (0x00007f9b698a3800):  JavaThread "AWT-AppKit" daemon [_thread_in_native, id=775, stack(0x00007fff5811f000,0x00007fff5891f000)]

siginfo: si_signo: 11 (SIGSEGV), si_code: 1 (SEGV_MAPERR), si_addr: 0x000007f9b6dc1408

Registers:
RAX=0x00007f9b690b89a0, RBX=0x0000000194e7c450, RCX=0x00007f9b6d9007b0, RDX=0x0000000000000000
RSP=0x00007fff5891a418, RBP=0x00007fff5891a4d0, RSI=0x00007fffbce3b56c, RDI=0x00007f9b6dca9190
R8 =0x0000000000000018, R9 =0x00007f9b6d900e60, R10=0x000007f9b6dc13f0, R11=0x00007fffbce3b56c
R12=0x0000000000000000, R13=0x000000019c0bacd8, R14=0x0000000194e7c440, R15=0x00007f9b698a3800
RIP=0x00007fffd300cb5d, EFLAGS=0x0000000000010206, ERR=0x0000000000000004
  TRAPNO=0x000000000000000e

Top of Stack: (sp=0x00007fff5891a418)
0x00007fff5891a418:   0000000194e7a157 00007fff5891a470
0x00007fff5891a428:   0000000000000003 00007fff5891a450
0x00007fff5891a438:   00000001085f27be 000000019c0bacd8
0x00007fff5891a448:   000000019c0bacd8 00007f9b690b89a0
0x00007fff5891a458:   0000000194e7c6a0 0000000194e7c710
0x00007fff5891a468:   00007fffd90356d0 00007fffd9c9df90
0x00007fff5891a478:   0000000194e7c450 0000000194e7c690
0x00007fff5891a488:   00007f9b690b89a0 00007f9b6dca9190
0x00007fff5891a498:   00007f9b67f26d10 00007f9b690b89a0
0x00007fff5891a4a8:   00007f9b6dca9190 00007fff5891a558
0x00007fff5891a4b8:   00007f9b698a39f8 000000019c0bacd8
0x00007fff5891a4c8:   00007fff5891a580 00007fff5891a548
0x00007fff5891a4d8:   000000011001d9f4 000000019c0bacd8
0x00007fff5891a4e8:   00007fff5891a580 00007fff5891a548
0x00007fff5891a4f8:   000000011001d787 000000011001d742
0x00007fff5891a508:   00007fff5891a508 000000019c0bacd8
0x00007fff5891a518:   00007fff5891a580 000000019c0bd910
0x00007fff5891a528:   0000000000000000 000000019c0bacd8
0x00007fff5891a538:   0000000000000000 00007fff5891a568
0x00007fff5891a548:   00007fff5891a5c8 000000011000e2bd
0x00007fff5891a558:   00000006c0e630d0 0000000110017538
0x00007fff5891a568:   00007f9b690b89a0 00007fff5891a5c8
0x00007fff5891a578:   00007f9b6dca9190 0000000110018e02
0x00007fff5891a588:   00007fff5891a588 000000019c0baea2
0x00007fff5891a598:   00007fff5891a5f0 000000019c0bd910
0x00007fff5891a5a8:   0000000000000000 000000019c0baeb0
0x00007fff5891a5b8:   00007fff5891a568 00007fff5891a5d8
0x00007fff5891a5c8:   00007fff5891a638 000000011000e2bd
0x00007fff5891a5d8:   00007f9b690b89a0 00000006c0e34338
0x00007fff5891a5e8:   00007f9b6dca9190 00000006c0e34338
0x00007fff5891a5f8:   00007fff5891a5f8 00000001a1e014f6
0x00007fff5891a608:   00007fff5891a648 00000001a1e015b0 

Instructions: (pc=0x00007fffd300cb5d)
0x00007fffd300cb3d:   0f 1f 00 48 85 ff 2e 74 62 40 f6 c7 01 2e 75 66
0x00007fffd300cb4d:   49 ba f8 ff ff ff ff 7f 00 00 4c 23 17 49 89 f3
0x00007fffd300cb5d:   45 23 5a 18 49 c1 e3 04 4d 03 5a 10 49 3b 33 75
0x00007fffd300cb6d:   04 41 ff 63 08 49 83 3b 01 76 0d 49 83 c3 10 49 

Register to memory mapping:

RAX=0x00007f9b690b89a0 is an unknown value
RBX=0x0000000194e7c450: Java_jogamp_nativewindow_macosx_OSXUtil_GetScreenRefreshRate0+0x1cf0 in /private/var/folders/9f/6bxbn80n4793vm26lrjc_dvm0000gn/T/jogamp_0000/file_cache/jln6181145170424479514/jln7413618606880056825/libnativewindow_macosx.jnilib at 0x0000000194e75000
RCX=0x00007f9b6d9007b0 is an unknown value
RDX=0x0000000000000000 is an unknown value
RSP=0x00007fff5891a418 is pointing into the stack for thread: 0x00007f9b698a3800
RBP=0x00007fff5891a4d0 is pointing into the stack for thread: 0x00007f9b698a3800
RSI=0x00007fffbce3b56c: __NSStyleNameIndexTable+0x7e867 in /System/Library/Frameworks/AppKit.framework/Versions/C/AppKit at 0x00007fffbc1dd000
RDI=0x00007f9b6dca9190 is an unknown value
R8 =0x0000000000000018 is an unknown value
R9 =0x00007f9b6d900e60 is an unknown value
R10=0x000007f9b6dc13f0 is an unknown value
R11=0x00007fffbce3b56c: __NSStyleNameIndexTable+0x7e867 in /System/Library/Frameworks/AppKit.framework/Versions/C/AppKit at 0x00007fffbc1dd000
R12=0x0000000000000000 is an unknown value
R13={method} {0x000000019c0bacd8} 'UnsetJAWTRootSurfaceLayer0' '(JJ)V' in 'jogamp/nativewindow/jawt/macosx/MacOSXJAWTWindow'
R14=0x0000000194e7c440: Java_jogamp_nativewindow_macosx_OSXUtil_GetScreenRefreshRate0+0x1ce0 in /private/var/folders/9f/6bxbn80n4793vm26lrjc_dvm0000gn/T/jogamp_0000/file_cache/jln6181145170424479514/jln7413618606880056825/libnativewindow_macosx.jnilib at 0x0000000194e75000
R15=0x00007f9b698a3800 is a thread


Stack: [0x00007fff5811f000,0x00007fff5891f000],  sp=0x00007fff5891a418,  free space=8173k
Native frames: (J=compiled Java code, j=interpreted, Vv=VM code, C=native code)
C  [libobjc.A.dylib+0x6b5d]  objc_msgSend+0x1d
j  jogamp.nativewindow.jawt.macosx.MacOSXJAWTWindow.UnsetJAWTRootSurfaceLayer0(JJ)V+0
j  jogamp.nativewindow.jawt.macosx.MacOSXJAWTWindow.access$200(JJ)V+2
j  jogamp.nativewindow.jawt.macosx.MacOSXJAWTWindow$1.run()V+38
j  com.jogamp.common.util.RunnableTask.run()V+24
v  ~StubRoutines::call_stub
V  [libjvm.dylib+0x2ecf8a]  JavaCalls::call_helper(JavaValue*, methodHandle*, JavaCallArguments*, Thread*)+0x6ae
V  [libjvm.dylib+0x324119]  jni_invoke_nonstatic(JNIEnv_*, JavaValue*, _jobject*, JNICallType, _jmethodID*, JNI_ArgumentPusher*, Thread*)+0x2ec
V  [libjvm.dylib+0x3168e7]  jni_CallVoidMethod+0x16b
C  [libnativewindow_macosx.jnilib+0x5326]  Java_jogamp_nativewindow_jawt_macosx_MacOSXJAWTWindow_UnsetJAWTRootSurfaceLayer0+0x2b6
C  [Foundation+0x71f2a]  __NSThreadPerformPerform+0x146
C  [CoreFoundation+0xa74b1]  __CFRUNLOOP_IS_CALLING_OUT_TO_A_SOURCE0_PERFORM_FUNCTION__+0x11
C  [CoreFoundation+0x88597]  __CFRunLoopDoSources0+0x1a7
C  [CoreFoundation+0x87b16]  __CFRunLoopRun+0x3a6
C  [CoreFoundation+0x87514]  CFRunLoopRunSpecific+0x1a4
C  [HIToolbox+0x312ac]  RunCurrentEventLoopInMode+0xf0
C  [HIToolbox+0x30fe9]  ReceiveNextEventCommon+0xb8
C  [HIToolbox+0x30f16]  _BlockUntilNextEventMatchingListInModeWithFilter+0x47
C  [AppKit+0x476cd]  _DPSNextEvent+0x445
C  [AppKit+0x7be830]  -[NSApplication(NSEvent) _nextEventMatchingEventMask:untilDate:inMode:dequeue:]+0xaaa
C  [libosxapp.dylib+0x23aa]  -[NSApplicationAWT nextEventMatchingMask:untilDate:inMode:dequeue:]+0x7c
C  [AppKit+0x3c06d]  -[NSApplication run]+0x39e
C  [libosxapp.dylib+0x214d]  +[NSApplicationAWT runAWTLoopWithApp:]+0x9c
C  [libawt_lwawt.dylib+0x444b3]  -[AWTStarter starter:]+0x389
C  [Foundation+0x71f2a]  __NSThreadPerformPerform+0x146
C  [CoreFoundation+0xa74b1]  __CFRUNLOOP_IS_CALLING_OUT_TO_A_SOURCE0_PERFORM_FUNCTION__+0x11
C  [CoreFoundation+0x8861d]  __CFRunLoopDoSources0+0x22d
C  [CoreFoundation+0x87b16]  __CFRunLoopRun+0x3a6
C  [CoreFoundation+0x87514]  CFRunLoopRunSpecific+0x1a4
C  [java+0x6465]  CreateExecutionEnvironment+0x367
C  [java+0x218c]  JLI_Launch+0x7a0
C  [java+0x84c2]  main+0x65
C  [java+0x19e4]  start+0x34
C  0x0000000000000007

Java frames: (J=compiled Java code, j=interpreted, Vv=VM code)
j  jogamp.nativewindow.jawt.macosx.MacOSXJAWTWindow.UnsetJAWTRootSurfaceLayer0(JJ)V+0
j  jogamp.nativewindow.jawt.macosx.MacOSXJAWTWindow.access$200(JJ)V+2
j  jogamp.nativewindow.jawt.macosx.MacOSXJAWTWindow$1.run()V+38
j  com.jogamp.common.util.RunnableTask.run()V+24
v  ~StubRoutines::call_stub

---------------  P R O C E S S  ---------------

Java Threads: ( => current thread )
  0x00007f9b619a4800 JavaThread "Thread-20" [_thread_blocked, id=47203, stack(0x000070000baf1000,0x000070000bbf1000)]
  0x00007f9b69958800 JavaThread "Animation Thread" [_thread_blocked, id=80211, stack(0x000070000c18c000,0x000070000c28c000)]
  0x00007f9b69955000 JavaThread "AWT-EventQueue-1" [_thread_in_native, id=79131, stack(0x000070000c28f000,0x000070000c38f000)]
  0x00007f9b69951800 JavaThread "DestroyJavaVM" [_thread_blocked, id=7171, stack(0x000070000a632000,0x000070000a732000)]
  0x00007f9b6a1c0000 JavaThread "AWT-EventQueue-0" [_thread_blocked, id=67339, stack(0x000070000c089000,0x000070000c189000)]
  0x00007f9b698da800 JavaThread "Java2D Disposer" daemon [_thread_blocked, id=62479, stack(0x000070000be00000,0x000070000bf00000)]
  0x00007f9b68206000 JavaThread "Java2D Queue Flusher" daemon [_thread_blocked, id=60167, stack(0x000070000bcfd000,0x000070000bdfd000)]
  0x00007f9b6a14e000 JavaThread "AWT-Shutdown" [_thread_blocked, id=33055, stack(0x000070000b9ee000,0x000070000baee000)]
=>0x00007f9b698a3800 JavaThread "AWT-AppKit" daemon [_thread_in_native, id=775, stack(0x00007fff5811f000,0x00007fff5891f000)]
  0x00007f9b68804800 JavaThread "Service Thread" daemon [_thread_blocked, id=21251, stack(0x000070000b765000,0x000070000b865000)]
  0x00007f9b6a034000 JavaThread "C1 CompilerThread3" daemon [_thread_blocked, id=20739, stack(0x000070000b662000,0x000070000b762000)]
  0x00007f9b6a033800 JavaThread "C2 CompilerThread2" daemon [_thread_blocked, id=20227, stack(0x000070000b55f000,0x000070000b65f000)]
  0x00007f9b68803800 JavaThread "C2 CompilerThread1" daemon [_thread_blocked, id=19715, stack(0x000070000b45c000,0x000070000b55c000)]
  0x00007f9b6b001800 JavaThread "C2 CompilerThread0" daemon [_thread_blocked, id=19203, stack(0x000070000b359000,0x000070000b459000)]
  0x00007f9b69813800 JavaThread "Signal Dispatcher" daemon [_thread_blocked, id=18691, stack(0x000070000b256000,0x000070000b356000)]
  0x00007f9b69808800 JavaThread "Finalizer" daemon [_thread_blocked, id=14595, stack(0x000070000b153000,0x000070000b253000)]
  0x00007f9b6a804000 JavaThread "Reference Handler" daemon [_thread_blocked, id=14083, stack(0x000070000b050000,0x000070000b150000)]

Other Threads:
  0x00007f9b68058800 VMThread [stack: 0x000070000af4d000,0x000070000b04d000] [id=13571]
  0x00007f9b6c012800 WatcherThread [stack: 0x000070000b868000,0x000070000b968000] [id=21763]

VM state:not at safepoint (normal execution)

VM Mutex/Monitor currently owned by a thread: None

Heap:
 PSYoungGen      total 173056K, used 118254K [0x000000076ab00000, 0x0000000778080000, 0x00000007c0000000)
  eden space 162816K, 66% used [0x000000076ab00000,0x00000007714eba68,0x0000000774a00000)
  from space 10240K, 95% used [0x0000000776d00000,0x000000077768fdc8,0x0000000777700000)
  to   space 9728K, 0% used [0x0000000777700000,0x0000000777700000,0x0000000778080000)
 ParOldGen       total 111616K, used 18883K [0x00000006c0000000, 0x00000006c6d00000, 0x000000076ab00000)
  object space 111616K, 16% used [0x00000006c0000000,0x00000006c1270e78,0x00000006c6d00000)
 Metaspace       used 27542K, capacity 27773K, committed 28160K, reserved 1075200K
  class space    used 2159K, capacity 2240K, committed 2304K, reserved 1048576K

Card table byte_map: [0x0000000109761000,0x0000000109f62000] byte_map_base: 0x0000000106161000

Marking Bits: (ParMarkBitMap*) 0x0000000108cefd20
 Begin Bits: [0x000000011f006000, 0x0000000123006000)
 End Bits:   [0x0000000123006000, 0x0000000127006000)

Polling page: 0x00000001073a1000

CodeCache: size=245760Kb used=12020Kb max_used=13139Kb free=233739Kb
 bounds [0x0000000110006000, 0x0000000110cf6000, 0x000000011f006000]
 total_blobs=3777 nmethods=2878 adapters=812
 compilation: enabled

Compilation events (10 events):
Event: 175.752 Thread 0x00007f9b6b001800 3232       4       sun.java2d.SurfaceData::pixelFor (13 bytes)
Event: 175.754 Thread 0x00007f9b6b001800 nmethod 3232 0x000000011067c910 code [0x000000011067ca60, 0x000000011067cb58]
Event: 175.765 Thread 0x00007f9b6a034000 3233       3       java.awt.Rectangle::isEmpty (20 bytes)
Event: 175.765 Thread 0x00007f9b6a034000 nmethod 3233 0x00000001104c4f50 code [0x00000001104c50c0, 0x00000001104c52b0]
Event: 175.765 Thread 0x00007f9b6a034000 3234       3       sun.java2d.SunGraphics2D::setColor (108 bytes)
Event: 175.766 Thread 0x00007f9b6a034000 nmethod 3234 0x000000011052d2d0 code [0x000000011052d460, 0x000000011052d998]
Event: 175.767 Thread 0x00007f9b68803800 3235       4       sun.java2d.SunGraphics2D::translate (68 bytes)
Event: 175.770 Thread 0x00007f9b68803800 nmethod 3235 0x00000001106479d0 code [0x0000000110647b60, 0x0000000110647e08]
Event: 175.777 Thread 0x00007f9b6a034000 3236       1       sun.java2d.SurfaceData::isValid (5 bytes)
Event: 175.777 Thread 0x00007f9b6a034000 nmethod 3236 0x00000001104e4ad0 code [0x00000001104e4c20, 0x00000001104e4d30]

GC Heap History (10 events):
Event: 103.908 GC heap before
{Heap before GC invocations=12 (full 1):
 PSYoungGen      total 202752K, used 202281K [0x000000076ab00000, 0x0000000779e80000, 0x00000007c0000000)
  eden space 191488K, 100% used [0x000000076ab00000,0x0000000776600000,0x0000000776600000)
  from space 11264K, 95% used [0x0000000779380000,0x0000000779e0a6e0,0x0000000779e80000)
  to   space 15872K, 0% used [0x0000000777f80000,0x0000000777f80000,0x0000000778f00000)
 ParOldGen       total 111616K, used 17934K [0x00000006c0000000, 0x00000006c6d00000, 0x000000076ab00000)
  object space 111616K, 16% used [0x00000006c0000000,0x00000006c1183808,0x00000006c6d00000)
 Metaspace       used 27513K, capacity 27773K, committed 28160K, reserved 1075200K
  class space    used 2152K, capacity 2240K, committed 2304K, reserved 1048576K
Event: 103.912 GC heap after
Heap after GC invocations=12 (full 1):
 PSYoungGen      total 196608K, used 10826K [0x000000076ab00000, 0x0000000779400000, 0x00000007c0000000)
  eden space 185344K, 0% used [0x000000076ab00000,0x000000076ab00000,0x0000000776000000)
  from space 11264K, 96% used [0x0000000777f80000,0x0000000778a12b68,0x0000000778a80000)
  to   space 9728K, 0% used [0x0000000778a80000,0x0000000778a80000,0x0000000779400000)
 ParOldGen       total 111616K, used 17942K [0x00000006c0000000, 0x00000006c6d00000, 0x000000076ab00000)
  object space 111616K, 16% used [0x00000006c0000000,0x00000006c1185808,0x00000006c6d00000)
 Metaspace       used 27513K, capacity 27773K, committed 28160K, reserved 1075200K
  class space    used 2152K, capacity 2240K, committed 2304K, reserved 1048576K
}
Event: 120.343 GC heap before
{Heap before GC invocations=13 (full 1):
 PSYoungGen      total 196608K, used 196170K [0x000000076ab00000, 0x0000000779400000, 0x00000007c0000000)
  eden space 185344K, 100% used [0x000000076ab00000,0x0000000776000000,0x0000000776000000)
  from space 11264K, 96% used [0x0000000777f80000,0x0000000778a12b68,0x0000000778a80000)
  to   space 9728K, 0% used [0x0000000778a80000,0x0000000778a80000,0x0000000779400000)
 ParOldGen       total 111616K, used 17942K [0x00000006c0000000, 0x00000006c6d00000, 0x000000076ab00000)
  object space 111616K, 16% used [0x00000006c0000000,0x00000006c1185808,0x00000006c6d00000)
 Metaspace       used 27513K, capacity 27773K, committed 28160K, reserved 1075200K
  class space    used 2152K, capacity 2240K, committed 2304K, reserved 1048576K
Event: 120.348 GC heap after
Heap after GC invocations=13 (full 1):
 PSYoungGen      total 188928K, used 9706K [0x000000076ab00000, 0x0000000779400000, 0x00000007c0000000)
  eden space 179200K, 0% used [0x000000076ab00000,0x000000076ab00000,0x0000000775a00000)
  from space 9728K, 99% used [0x0000000778a80000,0x00000007793fab48,0x0000000779400000)
  to   space 15360K, 0% used [0x0000000777600000,0x0000000777600000,0x0000000778500000)
 ParOldGen       total 111616K, used 18875K [0x00000006c0000000, 0x00000006c6d00000, 0x000000076ab00000)
  object space 111616K, 16% used [0x00000006c0000000,0x00000006c126ee78,0x00000006c6d00000)
 Metaspace       used 27513K, capacity 27773K, committed 28160K, reserved 1075200K
  class space    used 2152K, capacity 2240K, committed 2304K, reserved 1048576K
}
Event: 136.312 GC heap before
{Heap before GC invocations=14 (full 1):
 PSYoungGen      total 188928K, used 188906K [0x000000076ab00000, 0x0000000779400000, 0x00000007c0000000)
  eden space 179200K, 100% used [0x000000076ab00000,0x0000000775a00000,0x0000000775a00000)
  from space 9728K, 99% used [0x0000000778a80000,0x00000007793fab48,0x0000000779400000)
  to   space 15360K, 0% used [0x0000000777600000,0x0000000777600000,0x0000000778500000)
 ParOldGen       total 111616K, used 18875K [0x00000006c0000000, 0x00000006c6d00000, 0x000000076ab00000)
  object space 111616K, 16% used [0x00000006c0000000,0x00000006c126ee78,0x00000006c6d00000)
 Metaspace       used 27513K, capacity 27773K, committed 28160K, reserved 1075200K
  class space    used 2152K, capacity 2240K, committed 2304K, reserved 1048576K
Event: 136.319 GC heap after
Heap after GC invocations=14 (full 1):
 PSYoungGen      total 183808K, used 9833K [0x000000076ab00000, 0x0000000778b00000, 0x00000007c0000000)
  eden space 173568K, 0% used [0x000000076ab00000,0x000000076ab00000,0x0000000775480000)
  from space 10240K, 96% used [0x0000000777600000,0x0000000777f9a560,0x0000000778000000)
  to   space 11264K, 0% used [0x0000000778000000,0x0000000778000000,0x0000000778b00000)
 ParOldGen       total 111616K, used 18883K [0x00000006c0000000, 0x00000006c6d00000, 0x000000076ab00000)
  object space 111616K, 16% used [0x00000006c0000000,0x00000006c1270e78,0x00000006c6d00000)
 Metaspace       used 27513K, capacity 27773K, committed 28160K, reserved 1075200K
  class space    used 2152K, capacity 2240K, committed 2304K, reserved 1048576K
}
Event: 151.681 GC heap before
{Heap before GC invocations=15 (full 1):
 PSYoungGen      total 183808K, used 183401K [0x000000076ab00000, 0x0000000778b00000, 0x00000007c0000000)
  eden space 173568K, 100% used [0x000000076ab00000,0x0000000775480000,0x0000000775480000)
  from space 10240K, 96% used [0x0000000777600000,0x0000000777f9a560,0x0000000778000000)
  to   space 11264K, 0% used [0x0000000778000000,0x0000000778000000,0x0000000778b00000)
 ParOldGen       total 111616K, used 18883K [0x00000006c0000000, 0x00000006c6d00000, 0x000000076ab00000)
  object space 111616K, 16% used [0x00000006c0000000,0x00000006c1270e78,0x00000006c6d00000)
 Metaspace       used 27513K, capacity 27773K, committed 28160K, reserved 1075200K
  class space    used 2152K, capacity 2240K, committed 2304K, reserved 1048576K
Event: 151.684 GC heap after
Heap after GC invocations=15 (full 1):
 PSYoungGen      total 178176K, used 9753K [0x000000076ab00000, 0x0000000778a00000, 0x00000007c0000000)
  eden space 167936K, 0% used [0x000000076ab00000,0x000000076ab00000,0x0000000774f00000)
  from space 10240K, 95% used [0x0000000778000000,0x0000000778986550,0x0000000778a00000)
  to   space 14848K, 0% used [0x0000000776d00000,0x0000000776d00000,0x0000000777b80000)
 ParOldGen       total 111616K, used 18883K [0x00000006c0000000, 0x00000006c6d00000, 0x000000076ab00000)
  object space 111616K, 16% used [0x00000006c0000000,0x00000006c1270e78,0x00000006c6d00000)
 Metaspace       used 27513K, capacity 27773K, committed 28160K, reserved 1075200K
  class space    used 2152K, capacity 2240K, committed 2304K, reserved 1048576K
}
Event: 166.784 GC heap before
{Heap before GC invocations=16 (full 1):
 PSYoungGen      total 178176K, used 177689K [0x000000076ab00000, 0x0000000778a00000, 0x00000007c0000000)
  eden space 167936K, 100% used [0x000000076ab00000,0x0000000774f00000,0x0000000774f00000)
  from space 10240K, 95% used [0x0000000778000000,0x0000000778986550,0x0000000778a00000)
  to   space 14848K, 0% used [0x0000000776d00000,0x0000000776d00000,0x0000000777b80000)
 ParOldGen       total 111616K, used 18883K [0x00000006c0000000, 0x00000006c6d00000, 0x000000076ab00000)
  object space 111616K, 16% used [0x00000006c0000000,0x00000006c1270e78,0x00000006c6d00000)
 Metaspace       used 27513K, capacity 27773K, committed 28160K, reserved 1075200K
  class space    used 2152K, capacity 2240K, committed 2304K, reserved 1048576K
Event: 166.787 GC heap after
Heap after GC invocations=16 (full 1):
 PSYoungGen      total 173056K, used 9791K [0x000000076ab00000, 0x0000000778080000, 0x00000007c0000000)
  eden space 162816K, 0% used [0x000000076ab00000,0x000000076ab00000,0x0000000774a00000)
  from space 10240K, 95% used [0x0000000776d00000,0x000000077768fdc8,0x0000000777700000)
  to   space 9728K, 0% used [0x0000000777700000,0x0000000777700000,0x0000000778080000)
 ParOldGen       total 111616K, used 18883K [0x00000006c0000000, 0x00000006c6d00000, 0x000000076ab00000)
  object space 111616K, 16% used [0x00000006c0000000,0x00000006c1270e78,0x00000006c6d00000)
 Metaspace       used 27513K, capacity 27773K, committed 28160K, reserved 1075200K
  class space    used 2152K, capacity 2240K, committed 2304K, reserved 1048576K
}

Deoptimization events (10 events):
Event: 175.767 Thread 0x00007f9b6a1c0000 Uncommon trap: reason=class_check action=maybe_recompile pc=0x000000011076e9ec method=java.awt.event.InvocationEvent.dispatch()V @ 47
Event: 175.767 Thread 0x00007f9b6a1c0000 Uncommon trap: reason=class_check action=maybe_recompile pc=0x0000000110628c4c method=java.awt.Component.getGraphics()Ljava/awt/Graphics; @ 114
Event: 175.771 Thread 0x00007f9b698a3800 Uncommon trap: reason=class_check action=maybe_recompile pc=0x0000000110121240 method=com.jogamp.common.util.RunnableTask.run()V @ 24
Event: 175.771 Thread 0x00007f9b698a3800 Uncommon trap: reason=unstable_if action=reinterpret pc=0x00000001104eaebc method=jogamp.nativewindow.macosx.OSXUtil.RunOnMainThread(ZZLjava/lang/Runnable;)V @ 3
Event: 175.774 Thread 0x00007f9b69955000 Uncommon trap: reason=unstable_if action=reinterpret pc=0x00000001101f2398 method=jogamp.opengl.GLContextImpl.release(Z)V @ 161
Event: 175.775 Thread 0x00007f9b69955000 Uncommon trap: reason=unstable_if action=reinterpret pc=0x0000000110c86d58 method=java.util.LinkedList$ListItr.<init>(Ljava/util/LinkedList;I)V @ 26
Event: 175.775 Thread 0x00007f9b69955000 Uncommon trap: reason=unstable_if action=reinterpret pc=0x00000001109f290c method=java.security.AccessControlContext.combine([Ljava/security/ProtectionDomain;[Ljava/security/ProtectionDomain;)[Ljava/security/ProtectionDomain; @ 151
Event: 175.776 Thread 0x00007f9b69955000 Uncommon trap: reason=unstable_if action=reinterpret pc=0x0000000110c8a3c4 method=java.util.LinkedList$ListItr.<init>(Ljava/util/LinkedList;I)V @ 26
Event: 175.777 Thread 0x00007f9b619a4800 Uncommon trap: reason=predicate action=maybe_recompile pc=0x00000001107e3890 method=java.util.Vector.indexOf(Ljava/lang/Object;I)I @ 44
Event: 175.792 Thread 0x00007f9b698a3800 Uncommon trap: reason=class_check action=maybe_recompile pc=0x0000000110121240 method=com.jogamp.common.util.RunnableTask.run()V @ 24

Internal exceptions (10 events):
Event: 0.105 Thread 0x00007f9b6a001800 Exception <a 'java/lang/NoSuchFieldError': method resolution failed> (0x000000076adb4e78) thrown at [/Users/java_re/workspace/8-2-build-macosx-x86_64/jdk8u111/7883/hotspot/src/share/vm/prims/methodHandles.cpp, line 1146]
Event: 0.225 Thread 0x00007f9b6a001800 Exception <a 'java/io/FileNotFoundException'> (0x000000076ae30370) thrown at [/Users/java_re/workspace/8-2-build-macosx-x86_64/jdk8u111/7883/hotspot/src/share/vm/prims/jni.cpp, line 709]
Event: 0.225 Thread 0x00007f9b6a001800 Exception <a 'java/io/FileNotFoundException'> (0x000000076ae30ed8) thrown at [/Users/java_re/workspace/8-2-build-macosx-x86_64/jdk8u111/7883/hotspot/src/share/vm/prims/jni.cpp, line 709]
Event: 0.304 Thread 0x00007f9b6a001800 Exception <a 'java/io/FileNotFoundException'> (0x000000076aec66d0) thrown at [/Users/java_re/workspace/8-2-build-macosx-x86_64/jdk8u111/7883/hotspot/src/share/vm/prims/jni.cpp, line 709]
Event: 1.686 Thread 0x00007f9b69958800 Exception <a 'java/lang/UnsatisfiedLinkError': com.jogamp.common.util.JarUtil.fixNativeLibAttribs(Ljava/lang/String;)Z> (0x000000076c6361e8) thrown at [/Users/java_re/workspace/8-2-build-macosx-x86_64/jdk8u111/7883/hotspot/src/share/vm/prims/nativeLookup.
Event: 2.419 Thread 0x00007f9b69955000 Exception <a 'java/io/FileNotFoundException'> (0x000000076d6bfbc0) thrown at [/Users/java_re/workspace/8-2-build-macosx-x86_64/jdk8u111/7883/hotspot/src/share/vm/prims/jni.cpp, line 709]
Event: 2.419 Thread 0x00007f9b69955000 Exception <a 'java/io/FileNotFoundException'> (0x000000076d6c61d0) thrown at [/Users/java_re/workspace/8-2-build-macosx-x86_64/jdk8u111/7883/hotspot/src/share/vm/prims/jni.cpp, line 709]
Event: 2.419 Thread 0x00007f9b69955000 Implicit null exception at 0x00000001101a9436 to 0x00000001101a9805
Event: 2.674 Thread 0x00007f9b69808800 Exception <a 'java/lang/NullPointerException'> (0x000000076aeaef80) thrown at [/Users/java_re/workspace/8-2-build-macosx-x86_64/jdk8u111/7883/hotspot/src/share/vm/interpreter/linkResolver.cpp, line 1178]
Event: 2.742 Thread 0x00007f9b69b56000 Implicit null exception at 0x00000001101a8a75 to 0x00000001101a8e39

Events (10 events):
Event: 175.776 Thread 0x00007f9b69955000 DEOPT UNPACKING pc=0x000000011000b229 sp=0x000070000c38cae8 mode 2
Event: 175.777 Thread 0x00007f9b6823d000 Thread exited: 0x00007f9b6823d000
Event: 175.777 Thread 0x00007f9b619a4800 Uncommon trap: trap_request=0xffffff86 fr.pc=0x00000001107e3890
Event: 175.777 Thread 0x00007f9b619a4800 DEOPT PACKING pc=0x00000001107e3890 sp=0x000070000bbf07e0
Event: 175.777 Thread 0x00007f9b619a4800 DEOPT UNPACKING pc=0x000000011000b229 sp=0x000070000bbf07a0 mode 2
Event: 175.777 loading class java/awt/Window$1DisposeAction
Event: 175.777 loading class java/awt/Window$1DisposeAction done
Event: 175.792 Thread 0x00007f9b698a3800 Uncommon trap: trap_request=0xffffffde fr.pc=0x0000000110121240
Event: 175.792 Thread 0x00007f9b698a3800 DEOPT PACKING pc=0x0000000110121240 sp=0x00007fff5891a690
Event: 175.792 Thread 0x00007f9b698a3800 DEOPT UNPACKING pc=0x000000011000b229 sp=0x00007fff5891a638 mode 2


Dynamic libraries:
0x0000000049353000 	/System/Library/Frameworks/Cocoa.framework/Versions/A/Cocoa
0x0000000049353000 	/System/Library/Frameworks/Security.framework/Versions/A/Security
0x0000000049353000 	/System/Library/Frameworks/ApplicationServices.framework/Versions/A/ApplicationServices
0x0000000049353000 	/usr/lib/libz.1.dylib
0x0000000049353000 	/usr/lib/libSystem.B.dylib
0x0000000049353000 	/usr/lib/libobjc.A.dylib
0x0000000049353000 	/System/Library/Frameworks/CoreFoundation.framework/Versions/A/CoreFoundation
0x0000000049353000 	/System/Library/Frameworks/Foundation.framework/Versions/C/Foundation
0x0000000049353000 	/System/Library/Frameworks/AppKit.framework/Versions/C/AppKit
0x0000000049353000 	/System/Library/Frameworks/CoreData.framework/Versions/A/CoreData
0x0000000049353000 	/System/Library/PrivateFrameworks/RemoteViewServices.framework/Versions/A/RemoteViewServices
0x0000000049353000 	/System/Library/PrivateFrameworks/UIFoundation.framework/Versions/A/UIFoundation
0x0000000049353000 	/System/Library/PrivateFrameworks/DFRFoundation.framework/Versions/A/DFRFoundation
0x0000000049353000 	/usr/lib/libenergytrace.dylib
0x0000000049353000 	/System/Library/PrivateFrameworks/SkyLight.framework/Versions/A/SkyLight
0x0000000049353000 	/System/Library/Frameworks/CoreGraphics.framework/Versions/A/CoreGraphics
0x0000000049353000 	/usr/lib/libScreenReader.dylib
0x0000000049353000 	/System/Library/Frameworks/Accelerate.framework/Versions/A/Accelerate
0x0000000049353000 	/System/Library/Frameworks/IOSurface.framework/Versions/A/IOSurface
0x0000000049353000 	/System/Library/Frameworks/AudioToolbox.framework/Versions/A/AudioToolbox
0x0000000049353000 	/System/Library/Frameworks/AudioUnit.framework/Versions/A/AudioUnit
0x0000000049353000 	/System/Library/PrivateFrameworks/DataDetectorsCore.framework/Versions/A/DataDetectorsCore
0x0000000049353000 	/System/Library/PrivateFrameworks/DesktopServicesPriv.framework/Versions/A/DesktopServicesPriv
0x0000000049353000 	/System/Library/Frameworks/Carbon.framework/Versions/A/Frameworks/HIToolbox.framework/Versions/A/HIToolbox
0x0000000049353000 	/usr/lib/libicucore.A.dylib
0x0000000049353000 	/System/Library/Frameworks/QuartzCore.framework/Versions/A/QuartzCore
0x0000000049353000 	/System/Library/Frameworks/Carbon.framework/Versions/A/Frameworks/SpeechRecognition.framework/Versions/A/SpeechRecognition
0x0000000049353000 	/usr/lib/libauto.dylib
0x0000000049353000 	/usr/lib/libxml2.2.dylib
0x0000000049353000 	/System/Library/PrivateFrameworks/CoreUI.framework/Versions/A/CoreUI
0x0000000049353000 	/System/Library/Frameworks/CoreAudio.framework/Versions/A/CoreAudio
0x0000000049353000 	/System/Library/Frameworks/DiskArbitration.framework/Versions/A/DiskArbitration
0x0000000049353000 	/usr/lib/liblangid.dylib
0x0000000049353000 	/System/Library/PrivateFrameworks/MultitouchSupport.framework/Versions/A/MultitouchSupport
0x0000000049353000 	/System/Library/Frameworks/IOKit.framework/Versions/A/IOKit
0x0000000049353000 	/usr/lib/libDiagnosticMessagesClient.dylib
0x0000000049353000 	/System/Library/Frameworks/CoreServices.framework/Versions/A/CoreServices
0x0000000049353000 	/System/Library/PrivateFrameworks/PerformanceAnalysis.framework/Versions/A/PerformanceAnalysis
0x0000000049353000 	/System/Library/PrivateFrameworks/GenerationalStorage.framework/Versions/A/GenerationalStorage
0x0000000049353000 	/System/Library/Frameworks/OpenGL.framework/Versions/A/OpenGL
0x0000000049353000 	/System/Library/Frameworks/CoreImage.framework/Versions/A/CoreImage
0x0000000049353000 	/System/Library/Frameworks/CoreText.framework/Versions/A/CoreText
0x0000000049353000 	/System/Library/Frameworks/ImageIO.framework/Versions/A/ImageIO
0x0000000049353000 	/System/Library/PrivateFrameworks/Backup.framework/Versions/A/Backup
0x0000000049353000 	/usr/lib/libarchive.2.dylib
0x0000000049353000 	/System/Library/Frameworks/CFNetwork.framework/Versions/A/CFNetwork
0x0000000049353000 	/System/Library/Frameworks/SystemConfiguration.framework/Versions/A/SystemConfiguration
0x0000000049353000 	/usr/lib/libCRFSuite.dylib
0x0000000049353000 	/usr/lib/libc++.1.dylib
0x0000000049353000 	/usr/lib/libc++abi.dylib
0x0000000049353000 	/usr/lib/system/libcache.dylib
0x0000000049353000 	/usr/lib/system/libcommonCrypto.dylib
0x0000000049353000 	/usr/lib/system/libcompiler_rt.dylib
0x0000000049353000 	/usr/lib/system/libcopyfile.dylib
0x0000000049353000 	/usr/lib/system/libcorecrypto.dylib
0x0000000049353000 	/usr/lib/system/libdispatch.dylib
0x0000000049353000 	/usr/lib/system/libdyld.dylib
0x0000000049353000 	/usr/lib/system/libkeymgr.dylib
0x0000000049353000 	/usr/lib/system/liblaunch.dylib
0x0000000049353000 	/usr/lib/system/libmacho.dylib
0x0000000049353000 	/usr/lib/system/libquarantine.dylib
0x0000000049353000 	/usr/lib/system/libremovefile.dylib
0x0000000049353000 	/usr/lib/system/libsystem_asl.dylib
0x0000000049353000 	/usr/lib/system/libsystem_blocks.dylib
0x0000000049353000 	/usr/lib/system/libsystem_c.dylib
0x0000000049353000 	/usr/lib/system/libsystem_configuration.dylib
0x0000000049353000 	/usr/lib/system/libsystem_coreservices.dylib
0x0000000049353000 	/usr/lib/system/libsystem_coretls.dylib
0x0000000049353000 	/usr/lib/system/libsystem_dnssd.dylib
0x0000000049353000 	/usr/lib/system/libsystem_info.dylib
0x0000000049353000 	/usr/lib/system/libsystem_kernel.dylib
0x0000000049353000 	/usr/lib/system/libsystem_m.dylib
0x0000000049353000 	/usr/lib/system/libsystem_malloc.dylib
0x0000000049353000 	/usr/lib/system/libsystem_network.dylib
0x0000000049353000 	/usr/lib/system/libsystem_networkextension.dylib
0x0000000049353000 	/usr/lib/system/libsystem_notify.dylib
0x0000000049353000 	/usr/lib/system/libsystem_platform.dylib
0x0000000049353000 	/usr/lib/system/libsystem_pthread.dylib
0x0000000049353000 	/usr/lib/system/libsystem_sandbox.dylib
0x0000000049353000 	/usr/lib/system/libsystem_secinit.dylib
0x0000000049353000 	/usr/lib/system/libsystem_symptoms.dylib
0x0000000049353000 	/usr/lib/system/libsystem_trace.dylib
0x0000000049353000 	/usr/lib/system/libunwind.dylib
0x0000000049353000 	/usr/lib/system/libxpc.dylib
0x0000000049353000 	/usr/lib/libbsm.0.dylib
0x0000000049353000 	/usr/lib/system/libkxld.dylib
0x0000000049353000 	/usr/lib/libcoretls.dylib
0x0000000049353000 	/usr/lib/libcoretls_cfhelpers.dylib
0x0000000049353000 	/usr/lib/libxar.1.dylib
0x0000000049353000 	/usr/lib/libsqlite3.dylib
0x0000000049353000 	/usr/lib/libpam.2.dylib
0x0000000049353000 	/usr/lib/libOpenScriptingUtil.dylib
0x0000000049353000 	/usr/lib/libbz2.1.0.dylib
0x0000000049353000 	/usr/lib/liblzma.5.dylib
0x0000000049353000 	/usr/lib/libnetwork.dylib
0x0000000049353000 	/usr/lib/libpcap.A.dylib
0x0000000049353000 	/System/Library/Frameworks/CoreServices.framework/Versions/A/Frameworks/FSEvents.framework/Versions/A/FSEvents
0x0000000049353000 	/System/Library/Frameworks/CoreServices.framework/Versions/A/Frameworks/CarbonCore.framework/Versions/A/CarbonCore
0x0000000049353000 	/System/Library/Frameworks/CoreServices.framework/Versions/A/Frameworks/Metadata.framework/Versions/A/Metadata
0x0000000049353000 	/System/Library/Frameworks/CoreServices.framework/Versions/A/Frameworks/OSServices.framework/Versions/A/OSServices
0x0000000049353000 	/System/Library/Frameworks/CoreServices.framework/Versions/A/Frameworks/SearchKit.framework/Versions/A/SearchKit
0x0000000049353000 	/System/Library/Frameworks/CoreServices.framework/Versions/A/Frameworks/AE.framework/Versions/A/AE
0x0000000049353000 	/System/Library/Frameworks/CoreServices.framework/Versions/A/Frameworks/LaunchServices.framework/Versions/A/LaunchServices
0x0000000049353000 	/System/Library/Frameworks/CoreServices.framework/Versions/A/Frameworks/DictionaryServices.framework/Versions/A/DictionaryServices
0x0000000049353000 	/System/Library/Frameworks/CoreServices.framework/Versions/A/Frameworks/SharedFileList.framework/Versions/A/SharedFileList
0x0000000049353000 	/System/Library/Frameworks/NetFS.framework/Versions/A/NetFS
0x0000000049353000 	/System/Library/PrivateFrameworks/NetAuth.framework/Versions/A/NetAuth
0x0000000049353000 	/System/Library/PrivateFrameworks/login.framework/Versions/A/Frameworks/loginsupport.framework/Versions/A/loginsupport
0x0000000049353000 	/System/Library/PrivateFrameworks/TCC.framework/Versions/A/TCC
0x0000000049353000 	/usr/lib/libmecabra.dylib
0x0000000049353000 	/System/Library/Frameworks/ApplicationServices.framework/Versions/A/Frameworks/ATS.framework/Versions/A/ATS
0x0000000049353000 	/System/Library/Frameworks/ApplicationServices.framework/Versions/A/Frameworks/ColorSync.framework/Versions/A/ColorSync
0x0000000049353000 	/System/Library/Frameworks/ApplicationServices.framework/Versions/A/Frameworks/HIServices.framework/Versions/A/HIServices
0x0000000049353000 	/System/Library/Frameworks/ApplicationServices.framework/Versions/A/Frameworks/LangAnalysis.framework/Versions/A/LangAnalysis
0x0000000049353000 	/System/Library/Frameworks/ApplicationServices.framework/Versions/A/Frameworks/PrintCore.framework/Versions/A/PrintCore
0x0000000049353000 	/System/Library/Frameworks/ApplicationServices.framework/Versions/A/Frameworks/QD.framework/Versions/A/QD
0x0000000049353000 	/System/Library/Frameworks/ApplicationServices.framework/Versions/A/Frameworks/SpeechSynthesis.framework/Versions/A/SpeechSynthesis
0x0000000049353000 	/System/Library/Frameworks/Accelerate.framework/Versions/A/Frameworks/vImage.framework/Versions/A/vImage
0x0000000049353000 	/System/Library/Frameworks/Accelerate.framework/Versions/A/Frameworks/vecLib.framework/Versions/A/vecLib
0x0000000049353000 	/System/Library/Frameworks/Accelerate.framework/Versions/A/Frameworks/vecLib.framework/Versions/A/libvDSP.dylib
0x0000000049353000 	/System/Library/Frameworks/Accelerate.framework/Versions/A/Frameworks/vecLib.framework/Versions/A/libBNNS.dylib
0x0000000049353000 	/System/Library/Frameworks/Accelerate.framework/Versions/A/Frameworks/vecLib.framework/Versions/A/libQuadrature.dylib
0x0000000049353000 	/System/Library/Frameworks/Accelerate.framework/Versions/A/Frameworks/vecLib.framework/Versions/A/libvMisc.dylib
0x0000000049353000 	/System/Library/Frameworks/Accelerate.framework/Versions/A/Frameworks/vecLib.framework/Versions/A/libLAPACK.dylib
0x0000000049353000 	/System/Library/Frameworks/Accelerate.framework/Versions/A/Frameworks/vecLib.framework/Versions/A/libBLAS.dylib
0x0000000049353000 	/System/Library/Frameworks/Accelerate.framework/Versions/A/Frameworks/vecLib.framework/Versions/A/libLinearAlgebra.dylib
0x0000000049353000 	/System/Library/Frameworks/Accelerate.framework/Versions/A/Frameworks/vecLib.framework/Versions/A/libSparseBLAS.dylib
0x0000000049353000 	/System/Library/Frameworks/ApplicationServices.framework/Versions/A/Frameworks/ATS.framework/Versions/A/Resources/libFontParser.dylib
0x0000000049353000 	/System/Library/Frameworks/ApplicationServices.framework/Versions/A/Frameworks/ATS.framework/Versions/A/Resources/libFontRegistry.dylib
0x0000000049353000 	/System/Library/Frameworks/ImageIO.framework/Versions/A/Resources/libJPEG.dylib
0x0000000049353000 	/System/Library/Frameworks/ImageIO.framework/Versions/A/Resources/libTIFF.dylib
0x0000000049353000 	/System/Library/Frameworks/ImageIO.framework/Versions/A/Resources/libPng.dylib
0x0000000049353000 	/System/Library/Frameworks/ImageIO.framework/Versions/A/Resources/libGIF.dylib
0x0000000049353000 	/System/Library/Frameworks/ImageIO.framework/Versions/A/Resources/libJP2.dylib
0x0000000049353000 	/System/Library/Frameworks/ImageIO.framework/Versions/A/Resources/libRadiance.dylib
0x0000000049353000 	/usr/lib/libcompression.dylib
0x0000000049353000 	/System/Library/PrivateFrameworks/AppleJPEG.framework/Versions/A/AppleJPEG
0x0000000049353000 	/usr/lib/libcups.2.dylib
0x0000000049353000 	/System/Library/Frameworks/Kerberos.framework/Versions/A/Kerberos
0x0000000049353000 	/System/Library/Frameworks/GSS.framework/Versions/A/GSS
0x0000000049353000 	/usr/lib/libresolv.9.dylib
0x0000000049353000 	/usr/lib/libiconv.2.dylib
0x0000000049353000 	/System/Library/PrivateFrameworks/Heimdal.framework/Versions/A/Heimdal
0x0000000049353000 	/usr/lib/libheimdal-asn1.dylib
0x0000000049353000 	/System/Library/Frameworks/OpenDirectory.framework/Versions/A/OpenDirectory
0x0000000049353000 	/System/Library/PrivateFrameworks/CommonAuth.framework/Versions/A/CommonAuth
0x0000000049353000 	/System/Library/Frameworks/OpenDirectory.framework/Versions/A/Frameworks/CFOpenDirectory.framework/Versions/A/CFOpenDirectory
0x0000000049353000 	/System/Library/Frameworks/SecurityFoundation.framework/Versions/A/SecurityFoundation
0x0000000049353000 	/System/Library/PrivateFrameworks/LanguageModeling.framework/Versions/A/LanguageModeling
0x0000000049353000 	/usr/lib/libmarisa.dylib
0x0000000049353000 	/usr/lib/libChineseTokenizer.dylib
0x0000000049353000 	/usr/lib/libcmph.dylib
0x0000000049353000 	/System/Library/PrivateFrameworks/CoreEmoji.framework/Versions/A/CoreEmoji
0x0000000049353000 	/System/Library/Frameworks/ServiceManagement.framework/Versions/A/ServiceManagement
0x0000000049353000 	/usr/lib/libxslt.1.dylib
0x0000000049353000 	/System/Library/Frameworks/Carbon.framework/Versions/A/Frameworks/Ink.framework/Versions/A/Ink
0x0000000049353000 	/System/Library/PrivateFrameworks/TextureIO.framework/Versions/A/TextureIO
0x0000000049353000 	/System/Library/Frameworks/Metal.framework/Versions/A/Metal
0x0000000049353000 	/usr/lib/libate.dylib
0x0000000049353000 	/System/Library/PrivateFrameworks/GPUCompiler.framework/libmetal_timestamp.dylib
0x0000000049353000 	/System/Library/Frameworks/OpenGL.framework/Versions/A/Libraries/libCoreFSCache.dylib
0x0000000049353000 	/System/Library/PrivateFrameworks/IOAccelerator.framework/Versions/A/IOAccelerator
0x0000000049353000 	/System/Library/Frameworks/CoreVideo.framework/Versions/A/CoreVideo
0x0000000049353000 	/usr/lib/libFosl_dynamic.dylib
0x0000000049353000 	/System/Library/PrivateFrameworks/MetalPerformanceShaders.framework/Versions/A/MetalPerformanceShaders
0x0000000049353000 	/System/Library/PrivateFrameworks/FaceCore.framework/Versions/A/FaceCore
0x0000000049353000 	/System/Library/Frameworks/OpenCL.framework/Versions/A/OpenCL
0x0000000049353000 	/System/Library/Frameworks/OpenGL.framework/Versions/A/Libraries/libGLU.dylib
0x0000000049353000 	/System/Library/Frameworks/OpenGL.framework/Versions/A/Libraries/libGFXShared.dylib
0x0000000049353000 	/System/Library/Frameworks/OpenGL.framework/Versions/A/Libraries/libGL.dylib
0x0000000049353000 	/System/Library/Frameworks/OpenGL.framework/Versions/A/Libraries/libGLImage.dylib
0x0000000049353000 	/System/Library/Frameworks/OpenGL.framework/Versions/A/Libraries/libCVMSPluginSupport.dylib
0x0000000049353000 	/System/Library/Frameworks/OpenGL.framework/Versions/A/Libraries/libCoreVMClient.dylib
0x0000000049353000 	/System/Library/PrivateFrameworks/CrashReporterSupport.framework/Versions/A/CrashReporterSupport
0x0000000049353000 	/System/Library/PrivateFrameworks/Sharing.framework/Versions/A/Sharing
0x0000000049353000 	/System/Library/PrivateFrameworks/IconServices.framework/Versions/A/IconServices
0x0000000049353000 	/System/Library/PrivateFrameworks/ProtocolBuffer.framework/Versions/A/ProtocolBuffer
0x0000000049353000 	/System/Library/PrivateFrameworks/Apple80211.framework/Versions/A/Apple80211
0x0000000049353000 	/System/Library/Frameworks/CoreWLAN.framework/Versions/A/CoreWLAN
0x0000000049353000 	/System/Library/PrivateFrameworks/CoreUtils.framework/Versions/A/CoreUtils
0x0000000049353000 	/System/Library/Frameworks/IOBluetooth.framework/Versions/A/IOBluetooth
0x0000000049353000 	/System/Library/PrivateFrameworks/CoreWiFi.framework/Versions/A/CoreWiFi
0x0000000049353000 	/System/Library/Frameworks/CoreBluetooth.framework/Versions/A/CoreBluetooth
0x0000000049353000 	/System/Library/Frameworks/CoreDisplay.framework/Versions/A/CoreDisplay
0x0000000049353000 	/System/Library/PrivateFrameworks/IOPresentment.framework/Versions/A/IOPresentment
0x0000000049353000 	/System/Library/PrivateFrameworks/DebugSymbols.framework/Versions/A/DebugSymbols
0x0000000049353000 	/System/Library/PrivateFrameworks/CoreSymbolication.framework/Versions/A/CoreSymbolication
0x0000000049353000 	/System/Library/PrivateFrameworks/Symbolication.framework/Versions/A/Symbolication
0x0000000049353000 	/System/Library/PrivateFrameworks/AppleFSCompression.framework/Versions/A/AppleFSCompression
0x0000000049353000 	/System/Library/PrivateFrameworks/SpeechRecognitionCore.framework/Versions/A/SpeechRecognitionCore
0x0000000049353000 	/System/Library/PrivateFrameworks/ChunkingLibrary.framework/Versions/A/ChunkingLibrary
0x0000000108400000 	/Library/Java/JavaVirtualMachines/jdk1.8.0_111.jdk/Contents/Home/jre/lib/server/libjvm.dylib
0x0000000049353000 	/usr/lib/libstdc++.6.dylib
0x000000010735e000 	/Library/Java/JavaVirtualMachines/jdk1.8.0_111.jdk/Contents/Home/jre/lib/libverify.dylib
0x000000010736c000 	/Library/Java/JavaVirtualMachines/jdk1.8.0_111.jdk/Contents/Home/jre/lib/libjava.dylib
0x00000001073ab000 	/Library/Java/JavaVirtualMachines/jdk1.8.0_111.jdk/Contents/Home/jre/lib/libzip.dylib
0x000000010d40f000 	/System/Library/Frameworks/JavaVM.framework/Frameworks/JavaRuntimeSupport.framework/JavaRuntimeSupport
0x000000010d429000 	/System/Library/Frameworks/JavaVM.framework/Versions/A/Frameworks/JavaNativeFoundation.framework/Versions/A/JavaNativeFoundation
0x000000010d43e000 	/System/Library/Frameworks/JavaVM.framework/Versions/A/JavaVM
0x0000000049353000 	/System/Library/Frameworks/Carbon.framework/Versions/A/Carbon
0x000000010d44b000 	/System/Library/PrivateFrameworks/JavaLaunching.framework/Versions/A/JavaLaunching
0x0000000049353000 	/System/Library/Frameworks/Carbon.framework/Versions/A/Frameworks/CommonPanels.framework/Versions/A/CommonPanels
0x0000000049353000 	/System/Library/Frameworks/Carbon.framework/Versions/A/Frameworks/Help.framework/Versions/A/Help
0x0000000049353000 	/System/Library/Frameworks/Carbon.framework/Versions/A/Frameworks/ImageCapture.framework/Versions/A/ImageCapture
0x0000000049353000 	/System/Library/Frameworks/Carbon.framework/Versions/A/Frameworks/OpenScripting.framework/Versions/A/OpenScripting
0x0000000049353000 	/System/Library/Frameworks/Carbon.framework/Versions/A/Frameworks/Print.framework/Versions/A/Print
0x0000000049353000 	/System/Library/Frameworks/Carbon.framework/Versions/A/Frameworks/SecurityHI.framework/Versions/A/SecurityHI
0x000000010ed55000 	/Library/Java/JavaVirtualMachines/jdk1.8.0_111.jdk/Contents/Home/jre/lib/libawt.dylib
0x000000010edfd000 	/Library/Java/JavaVirtualMachines/jdk1.8.0_111.jdk/Contents/Home/jre/lib/./libmlib_image.dylib
0x000000010eec9000 	/Library/Java/JavaVirtualMachines/jdk1.8.0_111.jdk/Contents/Home/jre/lib/libawt_lwawt.dylib
0x000000010ef7e000 	/Library/Java/JavaVirtualMachines/jdk1.8.0_111.jdk/Contents/Home/jre/lib/./libosxapp.dylib
0x0000000049353000 	/System/Library/Frameworks/ExceptionHandling.framework/Versions/A/ExceptionHandling
0x0000000049353000 	/System/Library/PrivateFrameworks/CoreServicesInternal.framework/Versions/A/CoreServicesInternal
0x0000000049353000 	/System/Library/CoreServices/RawCamera.bundle/Contents/MacOS/RawCamera
0x0000000049353000 	/System/Library/Frameworks/Accelerate.framework/Versions/A/Frameworks/vImage.framework/Versions/A/Libraries/libCGInterfaces.dylib
0x0000000049353000 	/System/Library/Frameworks/ApplicationServices.framework/Versions/A/Frameworks/ATS.framework/Versions/A/Resources/libTrueTypeScaler.dylib
0x0000000049353000 	/System/Library/Frameworks/OpenGL.framework/Versions/A/Resources/GLEngine.bundle/GLEngine
0x0000000049353000 	/System/Library/Frameworks/OpenGL.framework/Versions/A/Libraries/libGLProgrammability.dylib
0x0000000127edf000 	/System/Library/Extensions/AppleIntelHD5000GraphicsGLDriver.bundle/Contents/MacOS/AppleIntelHD5000GraphicsGLDriver
0x0000000049353000 	/System/Library/PrivateFrameworks/GPUSupport.framework/Versions/A/Libraries/libGPUSupportMercury.dylib
0x0000000049353000 	/System/Library/Extensions/GeForceGLDriver.bundle/Contents/MacOS/GeForceGLDriver
0x0000000049353000 	/System/Library/Extensions/GeForceGLDriver.bundle/Contents/MacOS/libclh.dylib
0x0000000049353000 	/System/Library/Frameworks/OpenGL.framework/Versions/A/Resources/GLRendererFloat.bundle/GLRendererFloat
0x0000000049353000 	/System/Library/Frameworks/OpenCL.framework/Versions/A/Libraries/libcldcpuengine.dylib
0x0000000049353000 	/usr/lib/libcrypto.0.9.8.dylib
0x0000000049353000 	/System/Library/PrivateFrameworks/TrustEvaluationAgent.framework/Versions/A/TrustEvaluationAgent
0x0000000049353000 	/System/Library/Extensions/GeForceMTLDriver.bundle/Contents/MacOS/GeForceMTLDriver
0x000000012865d000 	/System/Library/Extensions/AppleIntelHD5000GraphicsMTLDriver.bundle/Contents/MacOS/AppleIntelHD5000GraphicsMTLDriver
0x0000000049353000 	/System/Library/PrivateFrameworks/FamilyControls.framework/Versions/A/FamilyControls
0x0000000049353000 	/System/Library/PrivateFrameworks/CommerceKit.framework/Versions/A/Frameworks/CommerceCore.framework/Versions/A/CommerceCore
0x0000000049353000 	/System/Library/PrivateFrameworks/SystemAdministration.framework/Versions/A/SystemAdministration
0x0000000049353000 	/System/Library/PrivateFrameworks/AppContainer.framework/Versions/A/AppContainer
0x0000000049353000 	/System/Library/PrivateFrameworks/SecCodeWrapper.framework/Versions/A/SecCodeWrapper
0x0000000049353000 	/System/Library/Frameworks/DirectoryService.framework/Versions/A/DirectoryService
0x0000000049353000 	/System/Library/PrivateFrameworks/DiskImages.framework/Versions/A/DiskImages
0x0000000049353000 	/System/Library/PrivateFrameworks/LoginUIKit.framework/Versions/A/Frameworks/LoginUICore.framework/Versions/A/LoginUICore
0x0000000049353000 	/usr/lib/libCoreStorage.dylib
0x0000000049353000 	/usr/lib/libcsfde.dylib
0x0000000049353000 	/usr/lib/libodfde.dylib
0x0000000049353000 	/System/Library/Frameworks/DiscRecording.framework/Versions/A/DiscRecording
0x0000000049353000 	/usr/lib/libcurl.4.dylib
0x0000000049353000 	/System/Library/PrivateFrameworks/MediaKit.framework/Versions/A/MediaKit
0x0000000049353000 	/System/Library/PrivateFrameworks/ProtectedCloudStorage.framework/Versions/A/ProtectedCloudStorage
0x0000000049353000 	/System/Library/PrivateFrameworks/EFILogin.framework/Versions/A/EFILogin
0x0000000049353000 	/usr/lib/libutil.dylib
0x0000000049353000 	/System/Library/Frameworks/LDAP.framework/Versions/A/LDAP
0x0000000049353000 	/usr/lib/libsasl2.2.dylib
0x0000000049353000 	/System/Library/PrivateFrameworks/CoreDaemon.framework/Versions/B/CoreDaemon
0x0000000049353000 	/System/Library/PrivateFrameworks/AppleSRP.framework/Versions/A/AppleSRP
0x0000000049353000 	/System/Library/PrivateFrameworks/APFS.framework/Versions/A/APFS
0x000000012a27d000 	/Library/Java/JavaVirtualMachines/jdk1.8.0_111.jdk/Contents/Home/jre/lib/libfontmanager.dylib
0x000000012c099000 	/Library/Java/JavaVirtualMachines/jdk1.8.0_111.jdk/Contents/Home/jre/lib/libosxui.dylib
0x000000012ce74000 	/Library/Java/JavaVirtualMachines/jdk1.8.0_111.jdk/Contents/Home/jre/lib/libnet.dylib
0x0000000049353000 	/System/Library/PrivateFrameworks/ViewBridge.framework/Versions/A/ViewBridge
0x0000000049353000 	/System/Library/PrivateFrameworks/XPCService.framework/Versions/A/XPCService
0x0000000049353000 	/System/Library/PrivateFrameworks/AppSandbox.framework/Versions/A/AppSandbox
0x0000000049353000 	/usr/lib/libsandbox.1.dylib
0x0000000049353000 	/usr/lib/libMatch.1.dylib
0x000000012ce8b000 	/Library/Java/JavaVirtualMachines/jdk1.8.0_111.jdk/Contents/Home/jre/lib/libnio.dylib
0x0000000194e6b000 	/private/var/folders/9f/6bxbn80n4793vm26lrjc_dvm0000gn/T/jogamp_0000/file_cache/jln6181145170424479514/jln7413618606880056825/libgluegen-rt.jnilib
0x0000000194e6f000 	/private/var/folders/9f/6bxbn80n4793vm26lrjc_dvm0000gn/T/jogamp_0000/file_cache/jln6181145170424479514/jln7413618606880056825/libnativewindow_awt.jnilib
0x0000000194e72000 	/Library/Java/JavaVirtualMachines/jdk1.8.0_111.jdk/Contents/Home/jre/lib/libjawt.dylib
0x0000000194e75000 	/private/var/folders/9f/6bxbn80n4793vm26lrjc_dvm0000gn/T/jogamp_0000/file_cache/jln6181145170424479514/jln7413618606880056825/libnativewindow_macosx.jnilib
0x000000019bf58000 	/private/var/folders/9f/6bxbn80n4793vm26lrjc_dvm0000gn/T/jogamp_0000/file_cache/jln6181145170424479514/jln7413618606880056825/libjogl_desktop.jnilib
0x000000010fda9000 	/Library/Java/JavaVirtualMachines/jdk1.8.0_111.jdk/Contents/Home/jre/lib/libt2k.dylib

VM Arguments:
jvm_args: -Djava.security.policy=java.policy.applet -Dfile.encoding=UTF-8 
java_command: sun.applet.AppletViewer module5.EarthquakeCityMap1482674628956.html
java_class_path (initial): /Users/HSZHAO/Documents/Eclipse_workspace/UCSDUnfoldingMaps/build:/Users/HSZHAO/Documents/Eclipse_workspace/UCSDUnfoldingMaps/lib/core.jar:/Users/HSZHAO/Documents/Eclipse_workspace/UCSDUnfoldingMaps/lib/gluegen-rt.jar:/Users/HSZHAO/Documents/Eclipse_workspace/UCSDUnfoldingMaps/lib/jogl-all.jar:/Users/HSZHAO/Documents/Eclipse_workspace/UCSDUnfoldingMaps/lib/log4j-1.2.15.jar:/Users/HSZHAO/Documents/Eclipse_workspace/UCSDUnfoldingMaps/lib/sqlite-jdbc-3.7.2.jar:/Users/HSZHAO/Documents/Eclipse_workspace/UCSDUnfoldingMaps/lib/json4processing.jar:/Users/HSZHAO/Documents/Eclipse_workspace/UCSDUnfoldingMaps/lib/libTUIO.jar:/Users/HSZHAO/Documents/Eclipse_workspace/UCSDUnfoldingMaps/lib/unfolding.0.9.7-uscd.jar
Launcher Type: SUN_STANDARD

Environment Variables:
PATH=/usr/bin:/bin:/usr/sbin:/sbin
SHELL=/bin/bash

Signal Handlers:
SIGSEGV: [libjvm.dylib+0x5b03ed], sa_mask[0]=11111111011111110111111111111111, sa_flags=SA_ONSTACK|SA_RESTART|SA_SIGINFO
SIGBUS: [libjvm.dylib+0x5b03ed], sa_mask[0]=11111111011111110111111111111111, sa_flags=SA_RESTART|SA_SIGINFO
SIGFPE: [libjvm.dylib+0x48711c], sa_mask[0]=11111111011111110111111111111111, sa_flags=SA_RESTART|SA_SIGINFO
SIGPIPE: [libjvm.dylib+0x48711c], sa_mask[0]=11111111011111110111111111111111, sa_flags=SA_RESTART|SA_SIGINFO
SIGXFSZ: [libjvm.dylib+0x48711c], sa_mask[0]=11111111011111110111111111111111, sa_flags=SA_RESTART|SA_SIGINFO
SIGILL: [libjvm.dylib+0x48711c], sa_mask[0]=11111111011111110111111111111111, sa_flags=SA_RESTART|SA_SIGINFO
SIGUSR1: SIG_DFL, sa_mask[0]=00000000000000000000000000000000, sa_flags=none
SIGUSR2: [libjvm.dylib+0x486c3a], sa_mask[0]=00100000000000000000000000000000, sa_flags=SA_RESTART|SA_SIGINFO
SIGHUP: [libjvm.dylib+0x485211], sa_mask[0]=11111111011111110111111111111111, sa_flags=SA_RESTART|SA_SIGINFO
SIGINT: [libjvm.dylib+0x485211], sa_mask[0]=11111111011111110111111111111111, sa_flags=SA_RESTART|SA_SIGINFO
SIGTERM: [libjvm.dylib+0x485211], sa_mask[0]=11111111011111110111111111111111, sa_flags=SA_RESTART|SA_SIGINFO
SIGQUIT: [libjvm.dylib+0x485211], sa_mask[0]=11111111011111110111111111111111, sa_flags=SA_RESTART|SA_SIGINFO


---------------  S Y S T E M  ---------------

OS:Bsduname:Darwin 16.1.0 Darwin Kernel Version 16.1.0: Wed Oct 19 20:31:56 PDT 2016; root:xnu-3789.21.4~4/RELEASE_X86_64 x86_64
rlimit: STACK 8192k, CORE 0k, NPROC 709, NOFILE 10240, AS infinity
load average:2.60 2.08 1.86

CPU:total 8 (4 cores per cpu, 2 threads per core) family 6 model 70 stepping 1, cmov, cx8, fxsr, mmx, sse, sse2, sse3, ssse3, sse4.1, sse4.2, popcnt, avx, avx2, aes, clmul, erms, rtm, lzcnt, ht, tsc, tscinvbit, bmi1, bmi2

Memory: 4k page, physical 16777216k(3048420k free)

/proc/meminfo:


vm_info: Java HotSpot(TM) 64-Bit Server VM (25.111-b14) for bsd-amd64 JRE (1.8.0_111-b14), built on Sep 22 2016 15:31:41 by "java_re" with gcc 4.2.1 (Based on Apple Inc. build 5658) (LLVM build 2336.11.00)

time: Sun Dec 25 22:06:44 2016
elapsed time: 175 seconds (0d 0h 2m 55s)

