#
# A fatal error has been detected by the Java Runtime Environment:
#
#  SIGSEGV (0xb) at pc=0x00007fffd300ef5f, pid=40485, tid=0x0000000000000307
#
# JRE version: Java(TM) SE Runtime Environment (8.0_111-b14) (build 1.8.0_111-b14)
# Java VM: Java HotSpot(TM) 64-Bit Server VM (25.111-b14 mixed mode bsd-amd64 compressed oops)
# Problematic frame:
# C  [libobjc.A.dylib+0x8f5f]  objc_release+0xf
#
# Failed to write core dump. Core dumps have been disabled. To enable core dumping, try "ulimit -c unlimited" before starting Java again
#
# If you would like to submit a bug report, please visit:
#   http://bugreport.java.com/bugreport/crash.jsp
# The crash happened outside the Java Virtual Machine in native code.
# See problematic frame for where to report the bug.
#

---------------  T H R E A D  ---------------

Current thread (0x00007fc86c87b800):  JavaThread "AWT-AppKit" daemon [_thread_in_native, id=775, stack(0x00007fff548b2000,0x00007fff550b2000)]

siginfo: si_signo: 11 (SIGSEGV), si_code: 0 (unknown), si_addr: 0x0000000000000000

Registers:
RAX=0x0000000000000008, RBX=0x0000000000000000, RCX=0x0000000000000003, RDX=0x00007fc871f2ad38
RSP=0x00007fff550ad2f0, RBP=0x00007fff550ad2f0, RSI=0x00000001127aff30, RDI=0xe00007fc87425994
R8 =0x0000000000000001, R9 =0x0000000000000006, R10=0x0000000198759840, R11=0x00007fc86e59e2a0
R12=0x0000000000000000, R13=0x000000019fa0d140, R14=0x00007fc871f38f80, R15=0x00007fc86c87b800
RIP=0x00007fffd300ef5f, EFLAGS=0x0000000000010246, ERR=0x0000000000000000
  TRAPNO=0x000000000000000d

Top of Stack: (sp=0x00007fff550ad2f0)
0x00007fff550ad2f0:   00007fff550ad320 0000000112739267
0x00007fff550ad300:   0000000000000000 0000000198759450
0x00007fff550ad310:   0000000198759440 00007fc86c87b800
0x00007fff550ad320:   00007fff550ad3e0 0000000198757215
0x00007fff550ad330:   0000000198759700 00000001987596e0
0x00007fff550ad340:   00000001987594b0 0000000000000000
0x00007fff550ad350:   000000019fa0d140 000000019fa0d140
0x00007fff550ad360:   00007fc871f2ad30 00000001987596a0
0x00007fff550ad370:   0000000198759710 00007fffd90356d0
0x00007fff550ad380:   00007fffd9c9df90 0000000198759450
0x00007fff550ad390:   0000000198759690 00007fc871f2ad30
0x00007fff550ad3a0:   00007fc871f38f80 00007fc86d1997d0
0x00007fff550ad3b0:   00007fc871f2ad30 00007fc871f38f80
0x00007fff550ad3c0:   00007fff550ad468 00007fc86c87b9f8
0x00007fff550ad3d0:   000000019fa0d140 00007fff550ad490
0x00007fff550ad3e0:   00007fff550ad458 00000001147179f4
0x00007fff550ad3f0:   000000019fa0d140 00007fff550ad490
0x00007fff550ad400:   00007fff550ad458 0000000114717787
0x00007fff550ad410:   0000000114717742 00007fff550ad418
0x00007fff550ad420:   000000019fa0d140 00007fff550ad490
0x00007fff550ad430:   000000019fa0fd78 0000000000000000
0x00007fff550ad440:   000000019fa0d140 0000000000000000
0x00007fff550ad450:   00007fff550ad478 00007fff550ad4d8
0x00007fff550ad460:   00000001147082bd 00000006c0d37d08
0x00007fff550ad470:   0000000114711538 00007fc871f2ad30
0x00007fff550ad480:   00007fff550ad4d8 00007fc871f38f80
0x00007fff550ad490:   0000000114712e02 00007fff550ad498
0x00007fff550ad4a0:   000000019fa0d30a 00007fff550ad500
0x00007fff550ad4b0:   000000019fa0fd78 0000000000000000
0x00007fff550ad4c0:   000000019fa0d318 00007fff550ad478
0x00007fff550ad4d0:   00007fff550ad4e8 00007fff550ad548
0x00007fff550ad4e0:   00000001147082bd 00007fc871f2ad30 

Instructions: (pc=0x00007fffd300ef5f)
0x00007fffd300ef3f:   e9 38 54 00 00 90 90 90 90 90 90 90 90 90 90 90
0x00007fffd300ef4f:   90 55 48 89 e5 48 85 ff 74 67 40 f6 c7 01 75 61
0x00007fffd300ef5f:   48 8b 07 48 b9 f8 ff ff ff ff 7f 00 00 48 21 c1
0x00007fffd300ef6f:   f6 41 20 02 74 58 a8 01 74 49 48 b9 00 00 00 00 

Register to memory mapping:

RAX=0x0000000000000008 is an unknown value
RBX=0x0000000000000000 is an unknown value
RCX=0x0000000000000003 is an unknown value
RDX=0x00007fc871f2ad38 is an unknown value
RSP=0x00007fff550ad2f0 is pointing into the stack for thread: 0x00007fc86c87b800
RBP=0x00007fff550ad2f0 is pointing into the stack for thread: 0x00007fc86c87b800
RSI=0x00000001127aff30: OBJC_IVAR_$_PrinterView.fCurPeekGraphics+0x1aa8 in /Library/Java/JavaVirtualMachines/jdk1.8.0_111.jdk/Contents/Home/jre/lib/libawt_lwawt.dylib at 0x0000000112735000
RDI=0xe00007fc87425994 is an unknown value
R8 =0x0000000000000001 is an unknown value
R9 =0x0000000000000006 is an unknown value
R10=0x0000000198759840: OBJC_CLASS_$_MyCALayer+0 in /private/var/folders/9f/6bxbn80n4793vm26lrjc_dvm0000gn/T/jogamp_0000/file_cache/jln5899729889722014727/jln9162918147822716796/libnativewindow_macosx.jnilib at 0x0000000198752000
R11=0x00007fc86e59e2a0 is an unknown value
R12=0x0000000000000000 is an unknown value
R13={method} {0x000000019fa0d140} 'UnsetJAWTRootSurfaceLayer0' '(JJ)V' in 'jogamp/nativewindow/jawt/macosx/MacOSXJAWTWindow'
R14=0x00007fc871f38f80 is an unknown value
R15=0x00007fc86c87b800 is a thread


Stack: [0x00007fff548b2000,0x00007fff550b2000],  sp=0x00007fff550ad2f0,  free space=8172k
Native frames: (J=compiled Java code, j=interpreted, Vv=VM code, C=native code)
C  [libobjc.A.dylib+0x8f5f]  objc_release+0xf
C  [libawt_lwawt.dylib+0x4267]  -[AWTSurfaceLayers setLayer:]+0x54
C  [libnativewindow_macosx.jnilib+0x5215]  Java_jogamp_nativewindow_jawt_macosx_MacOSXJAWTWindow_UnsetJAWTRootSurfaceLayer0+0x1a5
j  jogamp.nativewindow.jawt.macosx.MacOSXJAWTWindow.UnsetJAWTRootSurfaceLayer0(JJ)V+0
j  jogamp.nativewindow.jawt.macosx.MacOSXJAWTWindow.access$200(JJ)V+2
j  jogamp.nativewindow.jawt.macosx.MacOSXJAWTWindow$1.run()V+38
J 2481 C1 com.jogamp.common.util.RunnableTask.run()V (345 bytes) @ 0x0000000115101bf4 [0x0000000115101a60+0x194]
v  ~StubRoutines::call_stub
V  [libjvm.dylib+0x2ecf8a]  JavaCalls::call_helper(JavaValue*, methodHandle*, JavaCallArguments*, Thread*)+0x6ae
V  [libjvm.dylib+0x324119]  jni_invoke_nonstatic(JNIEnv_*, JavaValue*, _jobject*, JNICallType, _jmethodID*, JNI_ArgumentPusher*, Thread*)+0x2ec
V  [libjvm.dylib+0x3168e7]  jni_CallVoidMethod+0x16b
C  [libnativewindow_macosx.jnilib+0x5326]  Java_jogamp_nativewindow_jawt_macosx_MacOSXJAWTWindow_UnsetJAWTRootSurfaceLayer0+0x2b6
C  [Foundation+0x71f2a]  __NSThreadPerformPerform+0x146
C  [CoreFoundation+0xa74b1]  __CFRUNLOOP_IS_CALLING_OUT_TO_A_SOURCE0_PERFORM_FUNCTION__+0x11
C  [CoreFoundation+0x88597]  __CFRunLoopDoSources0+0x1a7
C  [CoreFoundation+0x87b16]  __CFRunLoopRun+0x3a6
C  [CoreFoundation+0x87514]  CFRunLoopRunSpecific+0x1a4
C  [HIToolbox+0x312ac]  RunCurrentEventLoopInMode+0xf0
C  [HIToolbox+0x30fe9]  ReceiveNextEventCommon+0xb8
C  [HIToolbox+0x30f16]  _BlockUntilNextEventMatchingListInModeWithFilter+0x47
C  [AppKit+0x476cd]  _DPSNextEvent+0x445
C  [AppKit+0x7be830]  -[NSApplication(NSEvent) _nextEventMatchingEventMask:untilDate:inMode:dequeue:]+0xaaa
C  [libosxapp.dylib+0x23aa]  -[NSApplicationAWT nextEventMatchingMask:untilDate:inMode:dequeue:]+0x7c
C  [AppKit+0x3c06d]  -[NSApplication run]+0x39e
C  [libosxapp.dylib+0x214d]  +[NSApplicationAWT runAWTLoopWithApp:]+0x9c
C  [libawt_lwawt.dylib+0x444b3]  -[AWTStarter starter:]+0x389
C  [Foundation+0x71f2a]  __NSThreadPerformPerform+0x146
C  [CoreFoundation+0xa74b1]  __CFRUNLOOP_IS_CALLING_OUT_TO_A_SOURCE0_PERFORM_FUNCTION__+0x11
C  [CoreFoundation+0x8861d]  __CFRunLoopDoSources0+0x22d
C  [CoreFoundation+0x87b16]  __CFRunLoopRun+0x3a6
C  [CoreFoundation+0x87514]  CFRunLoopRunSpecific+0x1a4
C  [java+0x6465]  CreateExecutionEnvironment+0x367
C  [java+0x218c]  JLI_Launch+0x7a0
C  [java+0x84c2]  main+0x65
C  [java+0x19e4]  start+0x34
C  0x0000000000000007

Java frames: (J=compiled Java code, j=interpreted, Vv=VM code)
j  jogamp.nativewindow.jawt.macosx.MacOSXJAWTWindow.UnsetJAWTRootSurfaceLayer0(JJ)V+0
j  jogamp.nativewindow.jawt.macosx.MacOSXJAWTWindow.access$200(JJ)V+2
j  jogamp.nativewindow.jawt.macosx.MacOSXJAWTWindow$1.run()V+38
J 2481 C1 com.jogamp.common.util.RunnableTask.run()V (345 bytes) @ 0x0000000115101bf4 [0x0000000115101a60+0x194]
v  ~StubRoutines::call_stub

---------------  P R O C E S S  ---------------

Java Threads: ( => current thread )
  0x00007fc863893000 JavaThread "Thread-20" [_thread_blocked, id=4271, stack(0x0000700011b97000,0x0000700011c97000)]
  0x00007fc86e2ac000 JavaThread "AWT-EventQueue-1" [_thread_in_native, id=75035, stack(0x0000700011a11000,0x0000700011b11000)]
  0x00007fc86e260800 JavaThread "DestroyJavaVM" [_thread_blocked, id=7171, stack(0x000070000fd31000,0x000070000fe31000)]
  0x00007fc86d978800 JavaThread "AWT-EventQueue-0" [_thread_blocked, id=67083, stack(0x0000700011788000,0x0000700011888000)]
  0x00007fc86e1d3800 JavaThread "Java2D Disposer" daemon [_thread_blocked, id=62479, stack(0x00007000114ff000,0x00007000115ff000)]
  0x00007fc86c904800 JavaThread "Java2D Queue Flusher" daemon [_thread_blocked, id=60167, stack(0x00007000113fc000,0x00007000114fc000)]
  0x00007fc86c886000 JavaThread "AWT-Shutdown" [_thread_blocked, id=33055, stack(0x00007000110ed000,0x00007000111ed000)]
=>0x00007fc86c87b800 JavaThread "AWT-AppKit" daemon [_thread_in_native, id=775, stack(0x00007fff548b2000,0x00007fff550b2000)]
  0x00007fc86c052000 JavaThread "Service Thread" daemon [_thread_blocked, id=21251, stack(0x0000700010e64000,0x0000700010f64000)]
  0x00007fc86c047000 JavaThread "C1 CompilerThread3" daemon [_thread_blocked, id=20739, stack(0x0000700010d61000,0x0000700010e61000)]
  0x00007fc86d801800 JavaThread "C2 CompilerThread2" daemon [_thread_blocked, id=20227, stack(0x0000700010c5e000,0x0000700010d5e000)]
  0x00007fc86f002000 JavaThread "C2 CompilerThread1" daemon [_thread_blocked, id=19715, stack(0x0000700010b5b000,0x0000700010c5b000)]
  0x00007fc86c820800 JavaThread "C2 CompilerThread0" daemon [_thread_blocked, id=19203, stack(0x0000700010a58000,0x0000700010b58000)]
  0x00007fc86c81f800 JavaThread "Signal Dispatcher" daemon [_thread_blocked, id=18691, stack(0x0000700010955000,0x0000700010a55000)]
  0x00007fc86e003000 JavaThread "Finalizer" daemon [_thread_blocked, id=14595, stack(0x0000700010852000,0x0000700010952000)]
  0x00007fc86c81f000 JavaThread "Reference Handler" daemon [_thread_blocked, id=14083, stack(0x000070001074f000,0x000070001084f000)]

Other Threads:
  0x00007fc86c81a000 VMThread [stack: 0x000070001064c000,0x000070001074c000] [id=13571]
  0x00007fc86c01e000 WatcherThread [stack: 0x0000700010f67000,0x0000700011067000] [id=21763]

VM state:not at safepoint (normal execution)

VM Mutex/Monitor currently owned by a thread: None

Heap:
 PSYoungGen      total 76288K, used 55313K [0x000000076ab00000, 0x0000000772480000, 0x00000007c0000000)
  eden space 65536K, 71% used [0x000000076ab00000,0x000000076d870f28,0x000000076eb00000)
  from space 10752K, 81% used [0x000000076eb00000,0x000000076f393630,0x000000076f580000)
  to   space 10752K, 0% used [0x0000000771a00000,0x0000000771a00000,0x0000000772480000)
 ParOldGen       total 112128K, used 16487K [0x00000006c0000000, 0x00000006c6d80000, 0x000000076ab00000)
  object space 112128K, 14% used [0x00000006c0000000,0x00000006c1019d10,0x00000006c6d80000)
 Metaspace       used 27275K, capacity 27517K, committed 27904K, reserved 1075200K
  class space    used 2148K, capacity 2240K, committed 2304K, reserved 1048576K

Card table byte_map: [0x000000010cf96000,0x000000010d797000] byte_map_base: 0x0000000109996000

Marking Bits: (ParMarkBitMap*) 0x000000010c4efd20
 Begin Bits: [0x0000000123700000, 0x0000000127700000)
 End Bits:   [0x0000000127700000, 0x000000012b700000)

Polling page: 0x000000010abd9000

CodeCache: size=245760Kb used=11226Kb max_used=11226Kb free=234533Kb
 bounds [0x0000000114700000, 0x0000000115200000, 0x0000000123700000]
 total_blobs=3676 nmethods=2777 adapters=812
 compilation: enabled

Compilation events (10 events):
Event: 10.509 Thread 0x00007fc86c047000 2774       3       java.awt.Rectangle::isEmpty (20 bytes)
Event: 10.509 Thread 0x00007fc86c047000 nmethod 2774 0x00000001151f8dd0 code [0x00000001151f8f40, 0x00000001151f9130]
Event: 10.541 Thread 0x00007fc86c047000 2775       3       java.util.HashMap::putVal (300 bytes)
Event: 10.542 Thread 0x00007fc86c047000 nmethod 2775 0x00000001151fcfd0 code [0x00000001151fd240, 0x00000001151fe4f8]
Event: 10.542 Thread 0x00007fc86c047000 2776   !   3       sun.lwawt.LWComponentPeer::isShowing (49 bytes)
Event: 10.542 Thread 0x00007fc86c047000 nmethod 2776 0x00000001151fc250 code [0x00000001151fc400, 0x00000001151fcd08]
Event: 10.542 Thread 0x00007fc86c047000 2777       1       sun.java2d.SurfaceData::isValid (5 bytes)
Event: 10.542 Thread 0x00007fc86c047000 nmethod 2777 0x00000001151f3b50 code [0x00000001151f3ca0, 0x00000001151f3db0]
Event: 10.553 Thread 0x00007fc86c047000 2778       3       sun.java2d.pipe.RenderBuffer::putFloat (26 bytes)
Event: 10.553 Thread 0x00007fc86c047000 nmethod 2778 0x00000001151f8a10 code [0x00000001151f8b80, 0x00000001151f8d10]

GC Heap History (8 events):
Event: 2.657 GC heap before
{Heap before GC invocations=1 (full 0):
 PSYoungGen      total 76288K, used 64754K [0x000000076ab00000, 0x0000000770000000, 0x00000007c0000000)
  eden space 65536K, 98% used [0x000000076ab00000,0x000000076ea3c910,0x000000076eb00000)
  from space 10752K, 0% used [0x000000076f580000,0x000000076f580000,0x0000000770000000)
  to   space 10752K, 0% used [0x000000076eb00000,0x000000076eb00000,0x000000076f580000)
 ParOldGen       total 175104K, used 0K [0x00000006c0000000, 0x00000006cab00000, 0x000000076ab00000)
  object space 175104K, 0% used [0x00000006c0000000,0x00000006c0000000,0x00000006cab00000)
 Metaspace       used 18916K, capacity 19083K, committed 19456K, reserved 1067008K
  class space    used 1917K, capacity 1982K, committed 2048K, reserved 1048576K
Event: 2.664 GC heap after
Heap after GC invocations=1 (full 0):
 PSYoungGen      total 76288K, used 10726K [0x000000076ab00000, 0x0000000770000000, 0x00000007c0000000)
  eden space 65536K, 0% used [0x000000076ab00000,0x000000076ab00000,0x000000076eb00000)
  from space 10752K, 99% used [0x000000076eb00000,0x000000076f5798e0,0x000000076f580000)
  to   space 10752K, 0% used [0x000000076f580000,0x000000076f580000,0x0000000770000000)
 ParOldGen       total 175104K, used 459K [0x00000006c0000000, 0x00000006cab00000, 0x000000076ab00000)
  object space 175104K, 0% used [0x00000006c0000000,0x00000006c0072f58,0x00000006cab00000)
 Metaspace       used 18916K, capacity 19083K, committed 19456K, reserved 1067008K
  class space    used 1917K, capacity 1982K, committed 2048K, reserved 1048576K
}
Event: 2.786 GC heap before
{Heap before GC invocations=2 (full 0):
 PSYoungGen      total 76288K, used 34832K [0x000000076ab00000, 0x0000000770000000, 0x00000007c0000000)
  eden space 65536K, 36% used [0x000000076ab00000,0x000000076c28a938,0x000000076eb00000)
  from space 10752K, 99% used [0x000000076eb00000,0x000000076f5798e0,0x000000076f580000)
  to   space 10752K, 0% used [0x000000076f580000,0x000000076f580000,0x0000000770000000)
 ParOldGen       total 175104K, used 459K [0x00000006c0000000, 0x00000006cab00000, 0x000000076ab00000)
  object space 175104K, 0% used [0x00000006c0000000,0x00000006c0072f58,0x00000006cab00000)
 Metaspace       used 20815K, capacity 20992K, committed 21296K, reserved 1069056K
  class space    used 1985K, capacity 2078K, committed 2176K, reserved 1048576K
Event: 2.792 GC heap after
Heap after GC invocations=2 (full 0):
 PSYoungGen      total 76288K, used 10749K [0x000000076ab00000, 0x0000000774000000, 0x00000007c0000000)
  eden space 65536K, 0% used [0x000000076ab00000,0x000000076ab00000,0x000000076eb00000)
  from space 10752K, 99% used [0x000000076f580000,0x000000076ffff4a0,0x0000000770000000)
  to   space 10752K, 0% used [0x000000076eb00000,0x000000076eb00000,0x000000076f580000)
 ParOldGen       total 175104K, used 6235K [0x00000006c0000000, 0x00000006cab00000, 0x000000076ab00000)
  object space 175104K, 3% used [0x00000006c0000000,0x00000006c0616d90,0x00000006cab00000)
 Metaspace       used 20815K, capacity 20992K, committed 21296K, reserved 1069056K
  class space    used 1985K, capacity 2078K, committed 2176K, reserved 1048576K
}
Event: 2.792 GC heap before
{Heap before GC invocations=3 (full 1):
 PSYoungGen      total 76288K, used 10749K [0x000000076ab00000, 0x0000000774000000, 0x00000007c0000000)
  eden space 65536K, 0% used [0x000000076ab00000,0x000000076ab00000,0x000000076eb00000)
  from space 10752K, 99% used [0x000000076f580000,0x000000076ffff4a0,0x0000000770000000)
  to   space 10752K, 0% used [0x000000076eb00000,0x000000076eb00000,0x000000076f580000)
 ParOldGen       total 175104K, used 6235K [0x00000006c0000000, 0x00000006cab00000, 0x000000076ab00000)
  object space 175104K, 3% used [0x00000006c0000000,0x00000006c0616d90,0x00000006cab00000)
 Metaspace       used 20815K, capacity 20992K, committed 21296K, reserved 1069056K
  class space    used 1985K, capacity 2078K, committed 2176K, reserved 1048576K
Event: 2.831 GC heap after
Heap after GC invocations=3 (full 1):
 PSYoungGen      total 76288K, used 0K [0x000000076ab00000, 0x0000000774000000, 0x00000007c0000000)
  eden space 65536K, 0% used [0x000000076ab00000,0x000000076ab00000,0x000000076eb00000)
  from space 10752K, 0% used [0x000000076f580000,0x000000076f580000,0x0000000770000000)
  to   space 10752K, 0% used [0x000000076eb00000,0x000000076eb00000,0x000000076f580000)
 ParOldGen       total 112128K, used 16479K [0x00000006c0000000, 0x00000006c6d80000, 0x000000076ab00000)
  object space 112128K, 14% used [0x00000006c0000000,0x00000006c1017d10,0x00000006c6d80000)
 Metaspace       used 20815K, capacity 20992K, committed 21296K, reserved 1069056K
  class space    used 1985K, capacity 2078K, committed 2176K, reserved 1048576K
}
Event: 6.461 GC heap before
{Heap before GC invocations=4 (full 1):
 PSYoungGen      total 76288K, used 65536K [0x000000076ab00000, 0x0000000774000000, 0x00000007c0000000)
  eden space 65536K, 100% used [0x000000076ab00000,0x000000076eb00000,0x000000076eb00000)
  from space 10752K, 0% used [0x000000076f580000,0x000000076f580000,0x0000000770000000)
  to   space 10752K, 0% used [0x000000076eb00000,0x000000076eb00000,0x000000076f580000)
 ParOldGen       total 112128K, used 16479K [0x00000006c0000000, 0x00000006c6d80000, 0x000000076ab00000)
  object space 112128K, 14% used [0x00000006c0000000,0x00000006c1017d10,0x00000006c6d80000)
 Metaspace       used 26944K, capacity 27133K, committed 27392K, reserved 1075200K
  class space    used 2140K, capacity 2240K, committed 2304K, reserved 1048576K
Event: 6.467 GC heap after
Heap after GC invocations=4 (full 1):
 PSYoungGen      total 76288K, used 8781K [0x000000076ab00000, 0x0000000772480000, 0x00000007c0000000)
  eden space 65536K, 0% used [0x000000076ab00000,0x000000076ab00000,0x000000076eb00000)
  from space 10752K, 81% used [0x000000076eb00000,0x000000076f393630,0x000000076f580000)
  to   space 10752K, 0% used [0x0000000771a00000,0x0000000771a00000,0x0000000772480000)
 ParOldGen       total 112128K, used 16487K [0x00000006c0000000, 0x00000006c6d80000, 0x000000076ab00000)
  object space 112128K, 14% used [0x00000006c0000000,0x00000006c1019d10,0x00000006c6d80000)
 Metaspace       used 26944K, capacity 27133K, committed 27392K, reserved 1075200K
  class space    used 2140K, capacity 2240K, committed 2304K, reserved 1048576K
}

Deoptimization events (10 events):
Event: 10.507 Thread 0x00007fc86e2ac000 Uncommon trap: reason=class_check action=maybe_recompile pc=0x0000000114b31e98 method=java.util.Arrays.copyOf([Ljava/lang/Object;ILjava/lang/Class;)[Ljava/lang/Object; @ 24
Event: 10.507 Thread 0x00007fc86e2ac000 Uncommon trap: reason=class_check action=maybe_recompile pc=0x0000000114b31e98 method=java.util.Arrays.copyOf([Ljava/lang/Object;ILjava/lang/Class;)[Ljava/lang/Object; @ 24
Event: 10.508 Thread 0x00007fc86e2ac000 Uncommon trap: reason=unstable_if action=reinterpret pc=0x0000000115068a68 method=com.jogamp.common.util.VersionNumber.compareTo(Lcom/jogamp/common/util/VersionNumber;)I @ 21
Event: 10.509 Thread 0x00007fc86d92b800 Uncommon trap: reason=unstable_if action=reinterpret pc=0x00000001151a6264 method=java.security.AccessControlContext.combine([Ljava/security/ProtectionDomain;[Ljava/security/ProtectionDomain;)[Ljava/security/ProtectionDomain; @ 151
Event: 10.509 Thread 0x00007fc86d978800 Uncommon trap: reason=unstable_if action=reinterpret pc=0x0000000114ee5f5c method=java.awt.font.FontRenderContext.equals(Ljava/awt/font/FontRenderContext;)Z @ 2
Event: 10.540 Thread 0x00007fc86d92b800 Uncommon trap: reason=unstable_if action=reinterpret pc=0x0000000114c5f58c method=java.util.HashMap.putVal(ILjava/lang/Object;Ljava/lang/Object;ZZ)Ljava/lang/Object; @ 81
Event: 10.540 Thread 0x00007fc86d92b800 Uncommon trap: reason=unstable_if action=reinterpret pc=0x0000000114c53514 method=java.util.HashMap.putVal(ILjava/lang/Object;Ljava/lang/Object;ZZ)Ljava/lang/Object; @ 81
Event: 10.541 Thread 0x00007fc86d978800 Uncommon trap: reason=unstable_if action=reinterpret pc=0x0000000114e7d438 method=java.awt.font.FontRenderContext.equals(Ljava/awt/font/FontRenderContext;)Z @ 2
Event: 10.553 Thread 0x00007fc86e2ac000 Uncommon trap: reason=unstable_if action=reinterpret pc=0x0000000114f60510 method=java.security.AccessControlContext.combine([Ljava/security/ProtectionDomain;[Ljava/security/ProtectionDomain;)[Ljava/security/ProtectionDomain; @ 151
Event: 10.553 Thread 0x00007fc863893000 Uncommon trap: reason=predicate action=maybe_recompile pc=0x0000000114eac2d0 method=java.util.Vector.indexOf(Ljava/lang/Object;I)I @ 44

Internal exceptions (10 events):
Event: 0.107 Thread 0x00007fc86d803000 Exception <a 'java/lang/NoSuchFieldError': method resolution failed> (0x000000076adb4e78) thrown at [/Users/java_re/workspace/8-2-build-macosx-x86_64/jdk8u111/7883/hotspot/src/share/vm/prims/methodHandles.cpp, line 1146]
Event: 0.228 Thread 0x00007fc86d803000 Exception <a 'java/io/FileNotFoundException'> (0x000000076ae30370) thrown at [/Users/java_re/workspace/8-2-build-macosx-x86_64/jdk8u111/7883/hotspot/src/share/vm/prims/jni.cpp, line 709]
Event: 0.228 Thread 0x00007fc86d803000 Exception <a 'java/io/FileNotFoundException'> (0x000000076ae30ed8) thrown at [/Users/java_re/workspace/8-2-build-macosx-x86_64/jdk8u111/7883/hotspot/src/share/vm/prims/jni.cpp, line 709]
Event: 0.309 Thread 0x00007fc86d803000 Exception <a 'java/io/FileNotFoundException'> (0x000000076aec66d0) thrown at [/Users/java_re/workspace/8-2-build-macosx-x86_64/jdk8u111/7883/hotspot/src/share/vm/prims/jni.cpp, line 709]
Event: 1.678 Thread 0x00007fc86e2ac800 Exception <a 'java/lang/UnsatisfiedLinkError': com.jogamp.common.util.JarUtil.fixNativeLibAttribs(Ljava/lang/String;)Z> (0x000000076c616af8) thrown at [/Users/java_re/workspace/8-2-build-macosx-x86_64/jdk8u111/7883/hotspot/src/share/vm/prims/nativeLookup.
Event: 2.418 Thread 0x00007fc86e2ac000 Exception <a 'java/io/FileNotFoundException'> (0x000000076d6a1190) thrown at [/Users/java_re/workspace/8-2-build-macosx-x86_64/jdk8u111/7883/hotspot/src/share/vm/prims/jni.cpp, line 709]
Event: 2.418 Thread 0x00007fc86e2ac000 Exception <a 'java/io/FileNotFoundException'> (0x000000076d6a77a0) thrown at [/Users/java_re/workspace/8-2-build-macosx-x86_64/jdk8u111/7883/hotspot/src/share/vm/prims/jni.cpp, line 709]
Event: 2.418 Thread 0x00007fc86e2ac000 Implicit null exception at 0x000000011489fdb4 to 0x00000001148a01e9
Event: 2.666 Thread 0x00007fc86e003000 Exception <a 'java/lang/NullPointerException'> (0x000000076af52d48) thrown at [/Users/java_re/workspace/8-2-build-macosx-x86_64/jdk8u111/7883/hotspot/src/share/vm/interpreter/linkResolver.cpp, line 1178]
Event: 2.745 Thread 0x00007fc86e7f7000 Implicit null exception at 0x000000011489f3f5 to 0x000000011489f7b9

Events (10 events):
Event: 10.553 loading class java/awt/event/AWTEventListenerProxy
Event: 10.553 loading class java/awt/event/AWTEventListenerProxy done
Event: 10.553 loading class java/awt/Toolkit$ToolkitEventMulticaster
Event: 10.553 loading class java/awt/Toolkit$ToolkitEventMulticaster done
Event: 10.553 Thread 0x00007fc86d92b800 Thread exited: 0x00007fc86d92b800
Event: 10.553 Thread 0x00007fc863893000 Uncommon trap: trap_request=0xffffff86 fr.pc=0x0000000114eac2d0
Event: 10.553 Thread 0x00007fc863893000 DEOPT PACKING pc=0x0000000114eac2d0 sp=0x0000700011c96770
Event: 10.553 Thread 0x00007fc863893000 DEOPT UNPACKING pc=0x0000000114705229 sp=0x0000700011c96748 mode 2
Event: 10.553 loading class java/awt/Window$1DisposeAction
Event: 10.553 loading class java/awt/Window$1DisposeAction done


Dynamic libraries:
0x0000000049353000 	/System/Library/Frameworks/Cocoa.framework/Versions/A/Cocoa
0x0000000049353000 	/System/Library/Frameworks/Security.framework/Versions/A/Security
0x0000000049353000 	/System/Library/Frameworks/ApplicationServices.framework/Versions/A/ApplicationServices
0x0000000049353000 	/usr/lib/libz.1.dylib
0x0000000049353000 	/usr/lib/libSystem.B.dylib
0x0000000049353000 	/usr/lib/libobjc.A.dylib
0x0000000049353000 	/System/Library/Frameworks/CoreFoundation.framework/Versions/A/CoreFoundation
0x0000000049353000 	/System/Library/Frameworks/Foundation.framework/Versions/C/Foundation
0x0000000049353000 	/System/Library/Frameworks/AppKit.framework/Versions/C/AppKit
0x0000000049353000 	/System/Library/Frameworks/CoreData.framework/Versions/A/CoreData
0x0000000049353000 	/System/Library/PrivateFrameworks/RemoteViewServices.framework/Versions/A/RemoteViewServices
0x0000000049353000 	/System/Library/PrivateFrameworks/UIFoundation.framework/Versions/A/UIFoundation
0x0000000049353000 	/System/Library/PrivateFrameworks/DFRFoundation.framework/Versions/A/DFRFoundation
0x0000000049353000 	/usr/lib/libenergytrace.dylib
0x0000000049353000 	/System/Library/PrivateFrameworks/SkyLight.framework/Versions/A/SkyLight
0x0000000049353000 	/System/Library/Frameworks/CoreGraphics.framework/Versions/A/CoreGraphics
0x0000000049353000 	/usr/lib/libScreenReader.dylib
0x0000000049353000 	/System/Library/Frameworks/Accelerate.framework/Versions/A/Accelerate
0x0000000049353000 	/System/Library/Frameworks/IOSurface.framework/Versions/A/IOSurface
0x0000000049353000 	/System/Library/Frameworks/AudioToolbox.framework/Versions/A/AudioToolbox
0x0000000049353000 	/System/Library/Frameworks/AudioUnit.framework/Versions/A/AudioUnit
0x0000000049353000 	/System/Library/PrivateFrameworks/DataDetectorsCore.framework/Versions/A/DataDetectorsCore
0x0000000049353000 	/System/Library/PrivateFrameworks/DesktopServicesPriv.framework/Versions/A/DesktopServicesPriv
0x0000000049353000 	/System/Library/Frameworks/Carbon.framework/Versions/A/Frameworks/HIToolbox.framework/Versions/A/HIToolbox
0x0000000049353000 	/usr/lib/libicucore.A.dylib
0x0000000049353000 	/System/Library/Frameworks/QuartzCore.framework/Versions/A/QuartzCore
0x0000000049353000 	/System/Library/Frameworks/Carbon.framework/Versions/A/Frameworks/SpeechRecognition.framework/Versions/A/SpeechRecognition
0x0000000049353000 	/usr/lib/libauto.dylib
0x0000000049353000 	/usr/lib/libxml2.2.dylib
0x0000000049353000 	/System/Library/PrivateFrameworks/CoreUI.framework/Versions/A/CoreUI
0x0000000049353000 	/System/Library/Frameworks/CoreAudio.framework/Versions/A/CoreAudio
0x0000000049353000 	/System/Library/Frameworks/DiskArbitration.framework/Versions/A/DiskArbitration
0x0000000049353000 	/usr/lib/liblangid.dylib
0x0000000049353000 	/System/Library/PrivateFrameworks/MultitouchSupport.framework/Versions/A/MultitouchSupport
0x0000000049353000 	/System/Library/Frameworks/IOKit.framework/Versions/A/IOKit
0x0000000049353000 	/usr/lib/libDiagnosticMessagesClient.dylib
0x0000000049353000 	/System/Library/Frameworks/CoreServices.framework/Versions/A/CoreServices
0x0000000049353000 	/System/Library/PrivateFrameworks/PerformanceAnalysis.framework/Versions/A/PerformanceAnalysis
0x0000000049353000 	/System/Library/PrivateFrameworks/GenerationalStorage.framework/Versions/A/GenerationalStorage
0x0000000049353000 	/System/Library/Frameworks/OpenGL.framework/Versions/A/OpenGL
0x0000000049353000 	/System/Library/Frameworks/CoreImage.framework/Versions/A/CoreImage
0x0000000049353000 	/System/Library/Frameworks/CoreText.framework/Versions/A/CoreText
0x0000000049353000 	/System/Library/Frameworks/ImageIO.framework/Versions/A/ImageIO
0x0000000049353000 	/System/Library/PrivateFrameworks/Backup.framework/Versions/A/Backup
0x0000000049353000 	/usr/lib/libarchive.2.dylib
0x0000000049353000 	/System/Library/Frameworks/CFNetwork.framework/Versions/A/CFNetwork
0x0000000049353000 	/System/Library/Frameworks/SystemConfiguration.framework/Versions/A/SystemConfiguration
0x0000000049353000 	/usr/lib/libCRFSuite.dylib
0x0000000049353000 	/usr/lib/libc++.1.dylib
0x0000000049353000 	/usr/lib/libc++abi.dylib
0x0000000049353000 	/usr/lib/system/libcache.dylib
0x0000000049353000 	/usr/lib/system/libcommonCrypto.dylib
0x0000000049353000 	/usr/lib/system/libcompiler_rt.dylib
0x0000000049353000 	/usr/lib/system/libcopyfile.dylib
0x0000000049353000 	/usr/lib/system/libcorecrypto.dylib
0x0000000049353000 	/usr/lib/system/libdispatch.dylib
0x0000000049353000 	/usr/lib/system/libdyld.dylib
0x0000000049353000 	/usr/lib/system/libkeymgr.dylib
0x0000000049353000 	/usr/lib/system/liblaunch.dylib
0x0000000049353000 	/usr/lib/system/libmacho.dylib
0x0000000049353000 	/usr/lib/system/libquarantine.dylib
0x0000000049353000 	/usr/lib/system/libremovefile.dylib
0x0000000049353000 	/usr/lib/system/libsystem_asl.dylib
0x0000000049353000 	/usr/lib/system/libsystem_blocks.dylib
0x0000000049353000 	/usr/lib/system/libsystem_c.dylib
0x0000000049353000 	/usr/lib/system/libsystem_configuration.dylib
0x0000000049353000 	/usr/lib/system/libsystem_coreservices.dylib
0x0000000049353000 	/usr/lib/system/libsystem_coretls.dylib
0x0000000049353000 	/usr/lib/system/libsystem_dnssd.dylib
0x0000000049353000 	/usr/lib/system/libsystem_info.dylib
0x0000000049353000 	/usr/lib/system/libsystem_kernel.dylib
0x0000000049353000 	/usr/lib/system/libsystem_m.dylib
0x0000000049353000 	/usr/lib/system/libsystem_malloc.dylib
0x0000000049353000 	/usr/lib/system/libsystem_network.dylib
0x0000000049353000 	/usr/lib/system/libsystem_networkextension.dylib
0x0000000049353000 	/usr/lib/system/libsystem_notify.dylib
0x0000000049353000 	/usr/lib/system/libsystem_platform.dylib
0x0000000049353000 	/usr/lib/system/libsystem_pthread.dylib
0x0000000049353000 	/usr/lib/system/libsystem_sandbox.dylib
0x0000000049353000 	/usr/lib/system/libsystem_secinit.dylib
0x0000000049353000 	/usr/lib/system/libsystem_symptoms.dylib
0x0000000049353000 	/usr/lib/system/libsystem_trace.dylib
0x0000000049353000 	/usr/lib/system/libunwind.dylib
0x0000000049353000 	/usr/lib/system/libxpc.dylib
0x0000000049353000 	/usr/lib/libbsm.0.dylib
0x0000000049353000 	/usr/lib/system/libkxld.dylib
0x0000000049353000 	/usr/lib/libcoretls.dylib
0x0000000049353000 	/usr/lib/libcoretls_cfhelpers.dylib
0x0000000049353000 	/usr/lib/libxar.1.dylib
0x0000000049353000 	/usr/lib/libsqlite3.dylib
0x0000000049353000 	/usr/lib/libpam.2.dylib
0x0000000049353000 	/usr/lib/libOpenScriptingUtil.dylib
0x0000000049353000 	/usr/lib/libbz2.1.0.dylib
0x0000000049353000 	/usr/lib/liblzma.5.dylib
0x0000000049353000 	/usr/lib/libnetwork.dylib
0x0000000049353000 	/usr/lib/libpcap.A.dylib
0x0000000049353000 	/System/Library/Frameworks/CoreServices.framework/Versions/A/Frameworks/FSEvents.framework/Versions/A/FSEvents
0x0000000049353000 	/System/Library/Frameworks/CoreServices.framework/Versions/A/Frameworks/CarbonCore.framework/Versions/A/CarbonCore
0x0000000049353000 	/System/Library/Frameworks/CoreServices.framework/Versions/A/Frameworks/Metadata.framework/Versions/A/Metadata
0x0000000049353000 	/System/Library/Frameworks/CoreServices.framework/Versions/A/Frameworks/OSServices.framework/Versions/A/OSServices
0x0000000049353000 	/System/Library/Frameworks/CoreServices.framework/Versions/A/Frameworks/SearchKit.framework/Versions/A/SearchKit
0x0000000049353000 	/System/Library/Frameworks/CoreServices.framework/Versions/A/Frameworks/AE.framework/Versions/A/AE
0x0000000049353000 	/System/Library/Frameworks/CoreServices.framework/Versions/A/Frameworks/LaunchServices.framework/Versions/A/LaunchServices
0x0000000049353000 	/System/Library/Frameworks/CoreServices.framework/Versions/A/Frameworks/DictionaryServices.framework/Versions/A/DictionaryServices
0x0000000049353000 	/System/Library/Frameworks/CoreServices.framework/Versions/A/Frameworks/SharedFileList.framework/Versions/A/SharedFileList
0x0000000049353000 	/System/Library/Frameworks/NetFS.framework/Versions/A/NetFS
0x0000000049353000 	/System/Library/PrivateFrameworks/NetAuth.framework/Versions/A/NetAuth
0x0000000049353000 	/System/Library/PrivateFrameworks/login.framework/Versions/A/Frameworks/loginsupport.framework/Versions/A/loginsupport
0x0000000049353000 	/System/Library/PrivateFrameworks/TCC.framework/Versions/A/TCC
0x0000000049353000 	/usr/lib/libmecabra.dylib
0x0000000049353000 	/System/Library/Frameworks/ApplicationServices.framework/Versions/A/Frameworks/ATS.framework/Versions/A/ATS
0x0000000049353000 	/System/Library/Frameworks/ApplicationServices.framework/Versions/A/Frameworks/ColorSync.framework/Versions/A/ColorSync
0x0000000049353000 	/System/Library/Frameworks/ApplicationServices.framework/Versions/A/Frameworks/HIServices.framework/Versions/A/HIServices
0x0000000049353000 	/System/Library/Frameworks/ApplicationServices.framework/Versions/A/Frameworks/LangAnalysis.framework/Versions/A/LangAnalysis
0x0000000049353000 	/System/Library/Frameworks/ApplicationServices.framework/Versions/A/Frameworks/PrintCore.framework/Versions/A/PrintCore
0x0000000049353000 	/System/Library/Frameworks/ApplicationServices.framework/Versions/A/Frameworks/QD.framework/Versions/A/QD
0x0000000049353000 	/System/Library/Frameworks/ApplicationServices.framework/Versions/A/Frameworks/SpeechSynthesis.framework/Versions/A/SpeechSynthesis
0x0000000049353000 	/System/Library/Frameworks/Accelerate.framework/Versions/A/Frameworks/vImage.framework/Versions/A/vImage
0x0000000049353000 	/System/Library/Frameworks/Accelerate.framework/Versions/A/Frameworks/vecLib.framework/Versions/A/vecLib
0x0000000049353000 	/System/Library/Frameworks/Accelerate.framework/Versions/A/Frameworks/vecLib.framework/Versions/A/libvDSP.dylib
0x0000000049353000 	/System/Library/Frameworks/Accelerate.framework/Versions/A/Frameworks/vecLib.framework/Versions/A/libBNNS.dylib
0x0000000049353000 	/System/Library/Frameworks/Accelerate.framework/Versions/A/Frameworks/vecLib.framework/Versions/A/libQuadrature.dylib
0x0000000049353000 	/System/Library/Frameworks/Accelerate.framework/Versions/A/Frameworks/vecLib.framework/Versions/A/libvMisc.dylib
0x0000000049353000 	/System/Library/Frameworks/Accelerate.framework/Versions/A/Frameworks/vecLib.framework/Versions/A/libLAPACK.dylib
0x0000000049353000 	/System/Library/Frameworks/Accelerate.framework/Versions/A/Frameworks/vecLib.framework/Versions/A/libBLAS.dylib
0x0000000049353000 	/System/Library/Frameworks/Accelerate.framework/Versions/A/Frameworks/vecLib.framework/Versions/A/libLinearAlgebra.dylib
0x0000000049353000 	/System/Library/Frameworks/Accelerate.framework/Versions/A/Frameworks/vecLib.framework/Versions/A/libSparseBLAS.dylib
0x0000000049353000 	/System/Library/Frameworks/ApplicationServices.framework/Versions/A/Frameworks/ATS.framework/Versions/A/Resources/libFontParser.dylib
0x0000000049353000 	/System/Library/Frameworks/ApplicationServices.framework/Versions/A/Frameworks/ATS.framework/Versions/A/Resources/libFontRegistry.dylib
0x0000000049353000 	/System/Library/Frameworks/ImageIO.framework/Versions/A/Resources/libJPEG.dylib
0x0000000049353000 	/System/Library/Frameworks/ImageIO.framework/Versions/A/Resources/libTIFF.dylib
0x0000000049353000 	/System/Library/Frameworks/ImageIO.framework/Versions/A/Resources/libPng.dylib
0x0000000049353000 	/System/Library/Frameworks/ImageIO.framework/Versions/A/Resources/libGIF.dylib
0x0000000049353000 	/System/Library/Frameworks/ImageIO.framework/Versions/A/Resources/libJP2.dylib
0x0000000049353000 	/System/Library/Frameworks/ImageIO.framework/Versions/A/Resources/libRadiance.dylib
0x0000000049353000 	/usr/lib/libcompression.dylib
0x0000000049353000 	/System/Library/PrivateFrameworks/AppleJPEG.framework/Versions/A/AppleJPEG
0x0000000049353000 	/usr/lib/libcups.2.dylib
0x0000000049353000 	/System/Library/Frameworks/Kerberos.framework/Versions/A/Kerberos
0x0000000049353000 	/System/Library/Frameworks/GSS.framework/Versions/A/GSS
0x0000000049353000 	/usr/lib/libresolv.9.dylib
0x0000000049353000 	/usr/lib/libiconv.2.dylib
0x0000000049353000 	/System/Library/PrivateFrameworks/Heimdal.framework/Versions/A/Heimdal
0x0000000049353000 	/usr/lib/libheimdal-asn1.dylib
0x0000000049353000 	/System/Library/Frameworks/OpenDirectory.framework/Versions/A/OpenDirectory
0x0000000049353000 	/System/Library/PrivateFrameworks/CommonAuth.framework/Versions/A/CommonAuth
0x0000000049353000 	/System/Library/Frameworks/OpenDirectory.framework/Versions/A/Frameworks/CFOpenDirectory.framework/Versions/A/CFOpenDirectory
0x0000000049353000 	/System/Library/Frameworks/SecurityFoundation.framework/Versions/A/SecurityFoundation
0x0000000049353000 	/System/Library/PrivateFrameworks/LanguageModeling.framework/Versions/A/LanguageModeling
0x0000000049353000 	/usr/lib/libmarisa.dylib
0x0000000049353000 	/usr/lib/libChineseTokenizer.dylib
0x0000000049353000 	/usr/lib/libcmph.dylib
0x0000000049353000 	/System/Library/PrivateFrameworks/CoreEmoji.framework/Versions/A/CoreEmoji
0x0000000049353000 	/System/Library/Frameworks/ServiceManagement.framework/Versions/A/ServiceManagement
0x0000000049353000 	/usr/lib/libxslt.1.dylib
0x0000000049353000 	/System/Library/Frameworks/Carbon.framework/Versions/A/Frameworks/Ink.framework/Versions/A/Ink
0x0000000049353000 	/System/Library/PrivateFrameworks/TextureIO.framework/Versions/A/TextureIO
0x0000000049353000 	/System/Library/Frameworks/Metal.framework/Versions/A/Metal
0x0000000049353000 	/usr/lib/libate.dylib
0x0000000049353000 	/System/Library/PrivateFrameworks/GPUCompiler.framework/libmetal_timestamp.dylib
0x0000000049353000 	/System/Library/Frameworks/OpenGL.framework/Versions/A/Libraries/libCoreFSCache.dylib
0x0000000049353000 	/System/Library/PrivateFrameworks/IOAccelerator.framework/Versions/A/IOAccelerator
0x0000000049353000 	/System/Library/Frameworks/CoreVideo.framework/Versions/A/CoreVideo
0x0000000049353000 	/usr/lib/libFosl_dynamic.dylib
0x0000000049353000 	/System/Library/PrivateFrameworks/MetalPerformanceShaders.framework/Versions/A/MetalPerformanceShaders
0x0000000049353000 	/System/Library/PrivateFrameworks/FaceCore.framework/Versions/A/FaceCore
0x0000000049353000 	/System/Library/Frameworks/OpenCL.framework/Versions/A/OpenCL
0x0000000049353000 	/System/Library/Frameworks/OpenGL.framework/Versions/A/Libraries/libGLU.dylib
0x0000000049353000 	/System/Library/Frameworks/OpenGL.framework/Versions/A/Libraries/libGFXShared.dylib
0x0000000049353000 	/System/Library/Frameworks/OpenGL.framework/Versions/A/Libraries/libGL.dylib
0x0000000049353000 	/System/Library/Frameworks/OpenGL.framework/Versions/A/Libraries/libGLImage.dylib
0x0000000049353000 	/System/Library/Frameworks/OpenGL.framework/Versions/A/Libraries/libCVMSPluginSupport.dylib
0x0000000049353000 	/System/Library/Frameworks/OpenGL.framework/Versions/A/Libraries/libCoreVMClient.dylib
0x0000000049353000 	/System/Library/PrivateFrameworks/CrashReporterSupport.framework/Versions/A/CrashReporterSupport
0x0000000049353000 	/System/Library/PrivateFrameworks/Sharing.framework/Versions/A/Sharing
0x0000000049353000 	/System/Library/PrivateFrameworks/IconServices.framework/Versions/A/IconServices
0x0000000049353000 	/System/Library/PrivateFrameworks/ProtocolBuffer.framework/Versions/A/ProtocolBuffer
0x0000000049353000 	/System/Library/PrivateFrameworks/Apple80211.framework/Versions/A/Apple80211
0x0000000049353000 	/System/Library/Frameworks/CoreWLAN.framework/Versions/A/CoreWLAN
0x0000000049353000 	/System/Library/PrivateFrameworks/CoreUtils.framework/Versions/A/CoreUtils
0x0000000049353000 	/System/Library/Frameworks/IOBluetooth.framework/Versions/A/IOBluetooth
0x0000000049353000 	/System/Library/PrivateFrameworks/CoreWiFi.framework/Versions/A/CoreWiFi
0x0000000049353000 	/System/Library/Frameworks/CoreBluetooth.framework/Versions/A/CoreBluetooth
0x0000000049353000 	/System/Library/Frameworks/CoreDisplay.framework/Versions/A/CoreDisplay
0x0000000049353000 	/System/Library/PrivateFrameworks/IOPresentment.framework/Versions/A/IOPresentment
0x0000000049353000 	/System/Library/PrivateFrameworks/DebugSymbols.framework/Versions/A/DebugSymbols
0x0000000049353000 	/System/Library/PrivateFrameworks/CoreSymbolication.framework/Versions/A/CoreSymbolication
0x0000000049353000 	/System/Library/PrivateFrameworks/Symbolication.framework/Versions/A/Symbolication
0x0000000049353000 	/System/Library/PrivateFrameworks/AppleFSCompression.framework/Versions/A/AppleFSCompression
0x0000000049353000 	/System/Library/PrivateFrameworks/SpeechRecognitionCore.framework/Versions/A/SpeechRecognitionCore
0x0000000049353000 	/System/Library/PrivateFrameworks/ChunkingLibrary.framework/Versions/A/ChunkingLibrary
0x000000010bc00000 	/Library/Java/JavaVirtualMachines/jdk1.8.0_111.jdk/Contents/Home/jre/lib/server/libjvm.dylib
0x0000000049353000 	/usr/lib/libstdc++.6.dylib
0x000000010abcb000 	/Library/Java/JavaVirtualMachines/jdk1.8.0_111.jdk/Contents/Home/jre/lib/libverify.dylib
0x000000010cba1000 	/Library/Java/JavaVirtualMachines/jdk1.8.0_111.jdk/Contents/Home/jre/lib/libjava.dylib
0x000000010abe3000 	/Library/Java/JavaVirtualMachines/jdk1.8.0_111.jdk/Contents/Home/jre/lib/libzip.dylib
0x0000000110c8c000 	/System/Library/Frameworks/JavaVM.framework/Frameworks/JavaRuntimeSupport.framework/JavaRuntimeSupport
0x0000000110ca6000 	/System/Library/Frameworks/JavaVM.framework/Versions/A/Frameworks/JavaNativeFoundation.framework/Versions/A/JavaNativeFoundation
0x000000010abed000 	/System/Library/Frameworks/JavaVM.framework/Versions/A/JavaVM
0x0000000049353000 	/System/Library/Frameworks/Carbon.framework/Versions/A/Carbon
0x0000000110cbb000 	/System/Library/PrivateFrameworks/JavaLaunching.framework/Versions/A/JavaLaunching
0x0000000049353000 	/System/Library/Frameworks/Carbon.framework/Versions/A/Frameworks/CommonPanels.framework/Versions/A/CommonPanels
0x0000000049353000 	/System/Library/Frameworks/Carbon.framework/Versions/A/Frameworks/Help.framework/Versions/A/Help
0x0000000049353000 	/System/Library/Frameworks/Carbon.framework/Versions/A/Frameworks/ImageCapture.framework/Versions/A/ImageCapture
0x0000000049353000 	/System/Library/Frameworks/Carbon.framework/Versions/A/Frameworks/OpenScripting.framework/Versions/A/OpenScripting
0x0000000049353000 	/System/Library/Frameworks/Carbon.framework/Versions/A/Frameworks/Print.framework/Versions/A/Print
0x0000000049353000 	/System/Library/Frameworks/Carbon.framework/Versions/A/Frameworks/SecurityHI.framework/Versions/A/SecurityHI
0x00000001125c1000 	/Library/Java/JavaVirtualMachines/jdk1.8.0_111.jdk/Contents/Home/jre/lib/libawt.dylib
0x0000000112669000 	/Library/Java/JavaVirtualMachines/jdk1.8.0_111.jdk/Contents/Home/jre/lib/./libmlib_image.dylib
0x0000000112735000 	/Library/Java/JavaVirtualMachines/jdk1.8.0_111.jdk/Contents/Home/jre/lib/libawt_lwawt.dylib
0x00000001127ea000 	/Library/Java/JavaVirtualMachines/jdk1.8.0_111.jdk/Contents/Home/jre/lib/./libosxapp.dylib
0x0000000049353000 	/System/Library/Frameworks/ExceptionHandling.framework/Versions/A/ExceptionHandling
0x0000000049353000 	/System/Library/PrivateFrameworks/CoreServicesInternal.framework/Versions/A/CoreServicesInternal
0x0000000049353000 	/System/Library/CoreServices/RawCamera.bundle/Contents/MacOS/RawCamera
0x0000000049353000 	/System/Library/Frameworks/Accelerate.framework/Versions/A/Frameworks/vImage.framework/Versions/A/Libraries/libCGInterfaces.dylib
0x0000000049353000 	/System/Library/Frameworks/ApplicationServices.framework/Versions/A/Frameworks/ATS.framework/Versions/A/Resources/libTrueTypeScaler.dylib
0x0000000049353000 	/System/Library/Frameworks/OpenGL.framework/Versions/A/Resources/GLEngine.bundle/GLEngine
0x0000000049353000 	/System/Library/Frameworks/OpenGL.framework/Versions/A/Libraries/libGLProgrammability.dylib
0x000000012b90c000 	/System/Library/Extensions/AppleIntelHD5000GraphicsGLDriver.bundle/Contents/MacOS/AppleIntelHD5000GraphicsGLDriver
0x0000000049353000 	/System/Library/PrivateFrameworks/GPUSupport.framework/Versions/A/Libraries/libGPUSupportMercury.dylib
0x0000000049353000 	/System/Library/Extensions/GeForceGLDriver.bundle/Contents/MacOS/GeForceGLDriver
0x0000000049353000 	/System/Library/Extensions/GeForceGLDriver.bundle/Contents/MacOS/libclh.dylib
0x0000000049353000 	/System/Library/Frameworks/OpenGL.framework/Versions/A/Resources/GLRendererFloat.bundle/GLRendererFloat
0x0000000049353000 	/System/Library/Frameworks/OpenCL.framework/Versions/A/Libraries/libcldcpuengine.dylib
0x0000000049353000 	/usr/lib/libcrypto.0.9.8.dylib
0x0000000049353000 	/System/Library/PrivateFrameworks/TrustEvaluationAgent.framework/Versions/A/TrustEvaluationAgent
0x0000000049353000 	/System/Library/Extensions/GeForceMTLDriver.bundle/Contents/MacOS/GeForceMTLDriver
0x00000001144ae000 	/System/Library/Extensions/AppleIntelHD5000GraphicsMTLDriver.bundle/Contents/MacOS/AppleIntelHD5000GraphicsMTLDriver
0x0000000049353000 	/System/Library/PrivateFrameworks/FamilyControls.framework/Versions/A/FamilyControls
0x0000000049353000 	/System/Library/PrivateFrameworks/CommerceKit.framework/Versions/A/Frameworks/CommerceCore.framework/Versions/A/CommerceCore
0x0000000049353000 	/System/Library/PrivateFrameworks/SystemAdministration.framework/Versions/A/SystemAdministration
0x0000000049353000 	/System/Library/PrivateFrameworks/AppContainer.framework/Versions/A/AppContainer
0x0000000049353000 	/System/Library/PrivateFrameworks/SecCodeWrapper.framework/Versions/A/SecCodeWrapper
0x0000000049353000 	/System/Library/Frameworks/DirectoryService.framework/Versions/A/DirectoryService
0x0000000049353000 	/System/Library/PrivateFrameworks/DiskImages.framework/Versions/A/DiskImages
0x0000000049353000 	/System/Library/PrivateFrameworks/LoginUIKit.framework/Versions/A/Frameworks/LoginUICore.framework/Versions/A/LoginUICore
0x0000000049353000 	/usr/lib/libCoreStorage.dylib
0x0000000049353000 	/usr/lib/libcsfde.dylib
0x0000000049353000 	/usr/lib/libodfde.dylib
0x0000000049353000 	/System/Library/Frameworks/DiscRecording.framework/Versions/A/DiscRecording
0x0000000049353000 	/usr/lib/libcurl.4.dylib
0x0000000049353000 	/System/Library/PrivateFrameworks/MediaKit.framework/Versions/A/MediaKit
0x0000000049353000 	/System/Library/PrivateFrameworks/ProtectedCloudStorage.framework/Versions/A/ProtectedCloudStorage
0x0000000049353000 	/System/Library/PrivateFrameworks/EFILogin.framework/Versions/A/EFILogin
0x0000000049353000 	/usr/lib/libutil.dylib
0x0000000049353000 	/System/Library/Frameworks/LDAP.framework/Versions/A/LDAP
0x0000000049353000 	/usr/lib/libsasl2.2.dylib
0x0000000049353000 	/System/Library/PrivateFrameworks/CoreDaemon.framework/Versions/B/CoreDaemon
0x0000000049353000 	/System/Library/PrivateFrameworks/AppleSRP.framework/Versions/A/AppleSRP
0x0000000049353000 	/System/Library/PrivateFrameworks/APFS.framework/Versions/A/APFS
0x000000012daea000 	/Library/Java/JavaVirtualMachines/jdk1.8.0_111.jdk/Contents/Home/jre/lib/libfontmanager.dylib
0x000000012f906000 	/Library/Java/JavaVirtualMachines/jdk1.8.0_111.jdk/Contents/Home/jre/lib/libosxui.dylib
0x00000001306cb000 	/Library/Java/JavaVirtualMachines/jdk1.8.0_111.jdk/Contents/Home/jre/lib/libnet.dylib
0x00000001306e2000 	/Library/Java/JavaVirtualMachines/jdk1.8.0_111.jdk/Contents/Home/jre/lib/libnio.dylib
0x0000000049353000 	/System/Library/PrivateFrameworks/ViewBridge.framework/Versions/A/ViewBridge
0x0000000049353000 	/System/Library/PrivateFrameworks/XPCService.framework/Versions/A/XPCService
0x0000000049353000 	/System/Library/PrivateFrameworks/AppSandbox.framework/Versions/A/AppSandbox
0x0000000049353000 	/usr/lib/libsandbox.1.dylib
0x0000000049353000 	/usr/lib/libMatch.1.dylib
0x000000019874e000 	/private/var/folders/9f/6bxbn80n4793vm26lrjc_dvm0000gn/T/jogamp_0000/file_cache/jln5899729889722014727/jln9162918147822716796/libgluegen-rt.jnilib
0x00000001306f2000 	/private/var/folders/9f/6bxbn80n4793vm26lrjc_dvm0000gn/T/jogamp_0000/file_cache/jln5899729889722014727/jln9162918147822716796/libnativewindow_awt.jnilib
0x0000000132620000 	/Library/Java/JavaVirtualMachines/jdk1.8.0_111.jdk/Contents/Home/jre/lib/libjawt.dylib
0x0000000198752000 	/private/var/folders/9f/6bxbn80n4793vm26lrjc_dvm0000gn/T/jogamp_0000/file_cache/jln5899729889722014727/jln9162918147822716796/libnativewindow_macosx.jnilib
0x000000019f8bb000 	/private/var/folders/9f/6bxbn80n4793vm26lrjc_dvm0000gn/T/jogamp_0000/file_cache/jln5899729889722014727/jln9162918147822716796/libjogl_desktop.jnilib
0x00000001a169c000 	/Library/Java/JavaVirtualMachines/jdk1.8.0_111.jdk/Contents/Home/jre/lib/libt2k.dylib

VM Arguments:
jvm_args: -Djava.security.policy=java.policy.applet -Dfile.encoding=UTF-8 
java_command: sun.applet.AppletViewer module4.EarthquakeCityMap1482542782144.html
java_class_path (initial): /Users/HSZHAO/Documents/Eclipse_workspace/UCSDUnfoldingMaps/build:/Users/HSZHAO/Documents/Eclipse_workspace/UCSDUnfoldingMaps/lib/core.jar:/Users/HSZHAO/Documents/Eclipse_workspace/UCSDUnfoldingMaps/lib/gluegen-rt.jar:/Users/HSZHAO/Documents/Eclipse_workspace/UCSDUnfoldingMaps/lib/jogl-all.jar:/Users/HSZHAO/Documents/Eclipse_workspace/UCSDUnfoldingMaps/lib/log4j-1.2.15.jar:/Users/HSZHAO/Documents/Eclipse_workspace/UCSDUnfoldingMaps/lib/sqlite-jdbc-3.7.2.jar:/Users/HSZHAO/Documents/Eclipse_workspace/UCSDUnfoldingMaps/lib/json4processing.jar:/Users/HSZHAO/Documents/Eclipse_workspace/UCSDUnfoldingMaps/lib/libTUIO.jar:/Users/HSZHAO/Documents/Eclipse_workspace/UCSDUnfoldingMaps/lib/unfolding.0.9.7-uscd.jar
Launcher Type: SUN_STANDARD

Environment Variables:
PATH=/usr/bin:/bin:/usr/sbin:/sbin
SHELL=/bin/bash

Signal Handlers:
SIGSEGV: [libjvm.dylib+0x5b03ed], sa_mask[0]=11111111011111110111111111111111, sa_flags=SA_ONSTACK|SA_RESTART|SA_SIGINFO
SIGBUS: [libjvm.dylib+0x5b03ed], sa_mask[0]=11111111011111110111111111111111, sa_flags=SA_RESTART|SA_SIGINFO
SIGFPE: [libjvm.dylib+0x48711c], sa_mask[0]=11111111011111110111111111111111, sa_flags=SA_RESTART|SA_SIGINFO
SIGPIPE: [libjvm.dylib+0x48711c], sa_mask[0]=11111111011111110111111111111111, sa_flags=SA_RESTART|SA_SIGINFO
SIGXFSZ: [libjvm.dylib+0x48711c], sa_mask[0]=11111111011111110111111111111111, sa_flags=SA_RESTART|SA_SIGINFO
SIGILL: [libjvm.dylib+0x48711c], sa_mask[0]=11111111011111110111111111111111, sa_flags=SA_RESTART|SA_SIGINFO
SIGUSR1: SIG_DFL, sa_mask[0]=00000000000000000000000000000000, sa_flags=none
SIGUSR2: [libjvm.dylib+0x486c3a], sa_mask[0]=00100000000000000000000000000000, sa_flags=SA_RESTART|SA_SIGINFO
SIGHUP: [libjvm.dylib+0x485211], sa_mask[0]=11111111011111110111111111111111, sa_flags=SA_RESTART|SA_SIGINFO
SIGINT: [libjvm.dylib+0x485211], sa_mask[0]=11111111011111110111111111111111, sa_flags=SA_RESTART|SA_SIGINFO
SIGTERM: [libjvm.dylib+0x485211], sa_mask[0]=11111111011111110111111111111111, sa_flags=SA_RESTART|SA_SIGINFO
SIGQUIT: [libjvm.dylib+0x485211], sa_mask[0]=11111111011111110111111111111111, sa_flags=SA_RESTART|SA_SIGINFO


---------------  S Y S T E M  ---------------

OS:Bsduname:Darwin 16.1.0 Darwin Kernel Version 16.1.0: Wed Oct 19 20:31:56 PDT 2016; root:xnu-3789.21.4~4/RELEASE_X86_64 x86_64
rlimit: STACK 8192k, CORE 0k, NPROC 709, NOFILE 10240, AS infinity
load average:1.78 1.87 1.91

CPU:total 8 (4 cores per cpu, 2 threads per core) family 6 model 70 stepping 1, cmov, cx8, fxsr, mmx, sse, sse2, sse3, ssse3, sse4.1, sse4.2, popcnt, avx, avx2, aes, clmul, erms, rtm, lzcnt, ht, tsc, tscinvbit, bmi1, bmi2

Memory: 4k page, physical 16777216k(1000392k free)

/proc/meminfo:


vm_info: Java HotSpot(TM) 64-Bit Server VM (25.111-b14) for bsd-amd64 JRE (1.8.0_111-b14), built on Sep 22 2016 15:31:41 by "java_re" with gcc 4.2.1 (Based on Apple Inc. build 5658) (LLVM build 2336.11.00)

time: Sat Dec 24 09:26:32 2016
elapsed time: 10 seconds (0d 0h 0m 10s)

