#
# A fatal error has been detected by the Java Runtime Environment:
#
#  SIGSEGV (0xb) at pc=0x00007fffd300cb5d, pid=47190, tid=0x0000000000000307
#
# JRE version: Java(TM) SE Runtime Environment (8.0_111-b14) (build 1.8.0_111-b14)
# Java VM: Java HotSpot(TM) 64-Bit Server VM (25.111-b14 mixed mode bsd-amd64 compressed oops)
# Problematic frame:
# C  [libobjc.A.dylib+0x6b5d]  objc_msgSend+0x1d
#
# Failed to write core dump. Core dumps have been disabled. To enable core dumping, try "ulimit -c unlimited" before starting Java again
#
# If you would like to submit a bug report, please visit:
#   http://bugreport.java.com/bugreport/crash.jsp
# The crash happened outside the Java Virtual Machine in native code.
# See problematic frame for where to report the bug.
#

---------------  T H R E A D  ---------------

Current thread (0x00007fa7cd0ab800):  JavaThread "AWT-AppKit" daemon [_thread_in_native, id=775, stack(0x00007fff5c443000,0x00007fff5cc43000)]

siginfo: si_signo: 11 (SIGSEGV), si_code: 1 (SEGV_MAPERR), si_addr: 0x0000000000000018

Registers:
RAX=0x00007fa7cc5d0570, RBX=0x0000000190d1f450, RCX=0x00007fa7d22008d0, RDX=0x0000000000000000
RSP=0x00007fff5cc3e418, RBP=0x00007fff5cc3e4d0, RSI=0x00007fffbce3b56c, RDI=0x00007fa7d490c4e0
R8 =0x0000000000000018, R9 =0x00007fa7d2200000, R10=0x0000000000000000, R11=0x00007fffbce3b56c
R12=0x0000000000000000, R13=0x00000001975559b0, R14=0x0000000190d1f440, R15=0x00007fa7cd0ab800
RIP=0x00007fffd300cb5d, EFLAGS=0x0000000000010246, ERR=0x0000000000000004
  TRAPNO=0x000000000000000e

Top of Stack: (sp=0x00007fff5cc3e418)
0x00007fff5cc3e418:   0000000190d1d157 00007fff5cc3e470
0x00007fff5cc3e428:   0000000000000003 00007fff5cc3e450
0x00007fff5cc3e438:   00000001043f27be 00000001975559b0
0x00007fff5cc3e448:   00000001975559b0 00007fa7cc5d0570
0x00007fff5cc3e458:   0000000190d1f6a0 0000000190d1f710
0x00007fff5cc3e468:   00007fffd90356d0 00007fffd9c9df90
0x00007fff5cc3e478:   0000000190d1f450 0000000190d1f690
0x00007fff5cc3e488:   00007fa7cc5d0570 00007fa7d490c4e0
0x00007fff5cc3e498:   00007fa7ce0a0850 00007fa7cc5d0570
0x00007fff5cc3e4a8:   00007fa7d490c4e0 00007fff5cc3e558
0x00007fff5cc3e4b8:   00007fa7cd0ab9f8 00000001975559b0
0x00007fff5cc3e4c8:   00007fff5cc3e580 00007fff5cc3e548
0x00007fff5cc3e4d8:   0000000112fa29f4 00000001975559b0
0x00007fff5cc3e4e8:   00007fff5cc3e580 00007fff5cc3e548
0x00007fff5cc3e4f8:   0000000112fa2787 0000000112fa2742
0x00007fff5cc3e508:   00007fff5cc3e508 00000001975559b0
0x00007fff5cc3e518:   00007fff5cc3e580 00000001975585e8
0x00007fff5cc3e528:   0000000000000000 00000001975559b0
0x00007fff5cc3e538:   0000000000000000 00007fff5cc3e568
0x00007fff5cc3e548:   00007fff5cc3e5c8 0000000112f932bd
0x00007fff5cc3e558:   00000006c0e22c78 0000000112f9c538
0x00007fff5cc3e568:   00007fa7cc5d0570 00007fff5cc3e5c8
0x00007fff5cc3e578:   00007fa7d490c4e0 0000000112f9de02
0x00007fff5cc3e588:   00007fff5cc3e588 0000000197555b7a
0x00007fff5cc3e598:   00007fff5cc3e5f0 00000001975585e8
0x00007fff5cc3e5a8:   0000000000000000 0000000197555b88
0x00007fff5cc3e5b8:   00007fff5cc3e568 00007fff5cc3e5d8
0x00007fff5cc3e5c8:   00007fff5cc3e638 0000000112f932bd
0x00007fff5cc3e5d8:   00007fa7cc5d0570 00000006c0e5ac98
0x00007fff5cc3e5e8:   00007fa7d490c4e0 00000006c0e5ac98
0x00007fff5cc3e5f8:   00007fff5cc3e5f8 000000019d4069d6
0x00007fff5cc3e608:   00007fff5cc3e648 000000019d406a90 

Instructions: (pc=0x00007fffd300cb5d)
0x00007fffd300cb3d:   0f 1f 00 48 85 ff 2e 74 62 40 f6 c7 01 2e 75 66
0x00007fffd300cb4d:   49 ba f8 ff ff ff ff 7f 00 00 4c 23 17 49 89 f3
0x00007fffd300cb5d:   45 23 5a 18 49 c1 e3 04 4d 03 5a 10 49 3b 33 75
0x00007fffd300cb6d:   04 41 ff 63 08 49 83 3b 01 76 0d 49 83 c3 10 49 

Register to memory mapping:

RAX=0x00007fa7cc5d0570 is an unknown value
RBX=0x0000000190d1f450: Java_jogamp_nativewindow_macosx_OSXUtil_GetScreenRefreshRate0+0x1cf0 in /private/var/folders/9f/6bxbn80n4793vm26lrjc_dvm0000gn/T/jogamp_0000/file_cache/jln1056524993350703938/jln2543767972985242867/libnativewindow_macosx.jnilib at 0x0000000190d18000
RCX=0x00007fa7d22008d0 is an unknown value
RDX=0x0000000000000000 is an unknown value
RSP=0x00007fff5cc3e418 is pointing into the stack for thread: 0x00007fa7cd0ab800
RBP=0x00007fff5cc3e4d0 is pointing into the stack for thread: 0x00007fa7cd0ab800
RSI=0x00007fffbce3b56c: __NSStyleNameIndexTable+0x7e867 in /System/Library/Frameworks/AppKit.framework/Versions/C/AppKit at 0x00007fffbc1dd000
RDI=0x00007fa7d490c4e0 is an unknown value
R8 =0x0000000000000018 is an unknown value
R9 =0x00007fa7d2200000 is an unknown value
R10=0x0000000000000000 is an unknown value
R11=0x00007fffbce3b56c: __NSStyleNameIndexTable+0x7e867 in /System/Library/Frameworks/AppKit.framework/Versions/C/AppKit at 0x00007fffbc1dd000
R12=0x0000000000000000 is an unknown value
R13={method} {0x00000001975559b0} 'UnsetJAWTRootSurfaceLayer0' '(JJ)V' in 'jogamp/nativewindow/jawt/macosx/MacOSXJAWTWindow'
R14=0x0000000190d1f440: Java_jogamp_nativewindow_macosx_OSXUtil_GetScreenRefreshRate0+0x1ce0 in /private/var/folders/9f/6bxbn80n4793vm26lrjc_dvm0000gn/T/jogamp_0000/file_cache/jln1056524993350703938/jln2543767972985242867/libnativewindow_macosx.jnilib at 0x0000000190d18000
R15=0x00007fa7cd0ab800 is a thread


Stack: [0x00007fff5c443000,0x00007fff5cc43000],  sp=0x00007fff5cc3e418,  free space=8173k
Native frames: (J=compiled Java code, j=interpreted, Vv=VM code, C=native code)
C  [libobjc.A.dylib+0x6b5d]  objc_msgSend+0x1d
j  jogamp.nativewindow.jawt.macosx.MacOSXJAWTWindow.UnsetJAWTRootSurfaceLayer0(JJ)V+0
j  jogamp.nativewindow.jawt.macosx.MacOSXJAWTWindow.access$200(JJ)V+2
j  jogamp.nativewindow.jawt.macosx.MacOSXJAWTWindow$1.run()V+38
j  com.jogamp.common.util.RunnableTask.run()V+24
v  ~StubRoutines::call_stub
V  [libjvm.dylib+0x2ecf8a]
V  [libjvm.dylib+0x324119]
V  [libjvm.dylib+0x3168e7]
C  [libnativewindow_macosx.jnilib+0x5326]  Java_jogamp_nativewindow_jawt_macosx_MacOSXJAWTWindow_UnsetJAWTRootSurfaceLayer0+0x2b6
C  [Foundation+0x71f2a]  __NSThreadPerformPerform+0x146
C  [CoreFoundation+0xa74b1]  __CFRUNLOOP_IS_CALLING_OUT_TO_A_SOURCE0_PERFORM_FUNCTION__+0x11
C  [CoreFoundation+0x88597]  __CFRunLoopDoSources0+0x1a7
C  [CoreFoundation+0x87b16]  __CFRunLoopRun+0x3a6
C  [CoreFoundation+0x87514]  CFRunLoopRunSpecific+0x1a4
C  [HIToolbox+0x312ac]  RunCurrentEventLoopInMode+0xf0
C  [HIToolbox+0x30fe9]  ReceiveNextEventCommon+0xb8
C  [HIToolbox+0x30f16]  _BlockUntilNextEventMatchingListInModeWithFilter+0x47
C  [AppKit+0x476cd]  _DPSNextEvent+0x445
C  [AppKit+0x7be830]  -[NSApplication(NSEvent) _nextEventMatchingEventMask:untilDate:inMode:dequeue:]+0xaaa
C  [libosxapp.dylib+0x23aa]  -[NSApplicationAWT nextEventMatchingMask:untilDate:inMode:dequeue:]+0x7c
C  [AppKit+0x3c06d]  -[NSApplication run]+0x39e
C  [libosxapp.dylib+0x214d]  +[NSApplicationAWT runAWTLoopWithApp:]+0x9c
C  [libawt_lwawt.dylib+0x444b3]  -[AWTStarter starter:]+0x389
C  [Foundation+0x71f2a]  __NSThreadPerformPerform+0x146
C  [CoreFoundation+0xa74b1]  __CFRUNLOOP_IS_CALLING_OUT_TO_A_SOURCE0_PERFORM_FUNCTION__+0x11
C  [CoreFoundation+0x8861d]  __CFRunLoopDoSources0+0x22d
C  [CoreFoundation+0x87b16]  __CFRunLoopRun+0x3a6
C  [CoreFoundation+0x87514]  CFRunLoopRunSpecific+0x1a4
C  [java+0x6465]  CreateExecutionEnvironment+0x367
C  [java+0x218c]  JLI_Launch+0x7a0
C  [java+0x84c2]  main+0x65
C  [java+0x19e4]  start+0x34
C  0x0000000000000007

Java frames: (J=compiled Java code, j=interpreted, Vv=VM code)
j  jogamp.nativewindow.jawt.macosx.MacOSXJAWTWindow.UnsetJAWTRootSurfaceLayer0(JJ)V+0
j  jogamp.nativewindow.jawt.macosx.MacOSXJAWTWindow.access$200(JJ)V+2
j  jogamp.nativewindow.jawt.macosx.MacOSXJAWTWindow$1.run()V+38
j  com.jogamp.common.util.RunnableTask.run()V+24
v  ~StubRoutines::call_stub

---------------  P R O C E S S  ---------------

Java Threads: ( => current thread )
  0x00007fa7c4971000 JavaThread "Thread-20" [_thread_blocked, id=5183, stack(0x000070000f250000,0x000070000f350000)]
  0x00007fa7cd303800 JavaThread "Animation Thread" [_thread_blocked, id=81183, stack(0x000070000f96e000,0x000070000fa6e000)]
  0x00007fa7cd303000 JavaThread "AWT-EventQueue-1" [_thread_in_native, id=79895, stack(0x000070000fa71000,0x000070000fb71000)]
  0x00007fa7cd166800 JavaThread "DestroyJavaVM" [_thread_blocked, id=7171, stack(0x000070000dd91000,0x000070000de91000)]
  0x00007fa7cd91b800 JavaThread "AWT-EventQueue-0" [_thread_blocked, id=63519, stack(0x000070000f7e8000,0x000070000f8e8000)]
  0x00007fa7ce930800 JavaThread "Java2D Disposer" daemon [_thread_blocked, id=62471, stack(0x000070000f55f000,0x000070000f65f000)]
  0x00007fa7ce8e0000 JavaThread "Java2D Queue Flusher" daemon [_thread_blocked, id=60167, stack(0x000070000f45c000,0x000070000f55c000)]
  0x00007fa7ce8d0000 JavaThread "AWT-Shutdown" [_thread_blocked, id=33055, stack(0x000070000f14d000,0x000070000f24d000)]
=>0x00007fa7cd0ab800 JavaThread "AWT-AppKit" daemon [_thread_in_native, id=775, stack(0x00007fff5c443000,0x00007fff5cc43000)]
  0x00007fa7cd013000 JavaThread "Service Thread" daemon [_thread_blocked, id=20995, stack(0x000070000eec4000,0x000070000efc4000)]
  0x00007fa7cd80a800 JavaThread "C1 CompilerThread3" daemon [_thread_blocked, id=20483, stack(0x000070000edc1000,0x000070000eec1000)]
  0x00007fa7cc844800 JavaThread "C2 CompilerThread2" daemon [_thread_blocked, id=19971, stack(0x000070000ecbe000,0x000070000edbe000)]
  0x00007fa7cc843800 JavaThread "C2 CompilerThread1" daemon [_thread_blocked, id=19459, stack(0x000070000ebbb000,0x000070000ecbb000)]
  0x00007fa7cd80a000 JavaThread "C2 CompilerThread0" daemon [_thread_blocked, id=18947, stack(0x000070000eab8000,0x000070000ebb8000)]
  0x00007fa7cd005000 JavaThread "Signal Dispatcher" daemon [_thread_blocked, id=18435, stack(0x000070000e9b5000,0x000070000eab5000)]
  0x00007fa7cd808000 JavaThread "Finalizer" daemon [_thread_blocked, id=14595, stack(0x000070000e8b2000,0x000070000e9b2000)]
  0x00007fa7cd805800 JavaThread "Reference Handler" daemon [_thread_blocked, id=14083, stack(0x000070000e7af000,0x000070000e8af000)]

Other Threads:
  0x00007fa7ce809000 VMThread [stack: 0x000070000e6ac000,0x000070000e7ac000] [id=13571]
  0x00007fa7cd006000 WatcherThread [stack: 0x000070000efc7000,0x000070000f0c7000] [id=21507]

VM state:not at safepoint (normal execution)

VM Mutex/Monitor currently owned by a thread: None

Heap:
 PSYoungGen      total 191488K, used 182171K [0x000000076ab00000, 0x0000000778080000, 0x00000007c0000000)
  eden space 180736K, 94% used [0x000000076ab00000,0x000000077527c7e8,0x0000000775b80000)
  from space 10752K, 99% used [0x0000000777600000,0x000000077806a580,0x0000000778080000)
  to   space 15872K, 0% used [0x0000000776180000,0x0000000776180000,0x0000000777100000)
 ParOldGen       total 111616K, used 18447K [0x00000006c0000000, 0x00000006c6d00000, 0x000000076ab00000)
  object space 111616K, 16% used [0x00000006c0000000,0x00000006c1203cc0,0x00000006c6d00000)
 Metaspace       used 27562K, capacity 27773K, committed 28160K, reserved 1075200K
  class space    used 2164K, capacity 2240K, committed 2304K, reserved 1048576K

Card table byte_map: [0x0000000105561000,0x0000000105d62000] byte_map_base: 0x0000000101f61000

Marking Bits: (ParMarkBitMap*) 0x0000000104aefd20
 Begin Bits: [0x00000001062b8000, 0x000000010a2b8000)
 End Bits:   [0x000000010a2b8000, 0x000000010e2b8000)

Polling page: 0x000000010307d000

CodeCache: size=245760Kb used=11527Kb max_used=13071Kb free=234232Kb
 bounds [0x0000000112f8b000, 0x0000000113c5b000, 0x0000000121f8b000]
 total_blobs=3658 nmethods=2759 adapters=812
 compilation: enabled

Compilation events (10 events):
Event: 97.986 Thread 0x00007fa7cc844800 nmethod 3237 0x000000011346d510 code [0x000000011346d8c0, 0x000000011346f548]
Event: 98.020 Thread 0x00007fa7cd80a000 nmethod 3240 0x000000011333e6d0 code [0x000000011333eb20, 0x0000000113340e88]
Event: 98.207 Thread 0x00007fa7cd80a800 3241       3       java.awt.Rectangle::isEmpty (20 bytes)
Event: 98.207 Thread 0x00007fa7cd80a800 nmethod 3241 0x0000000113775b10 code [0x0000000113775c80, 0x0000000113775e70]
Event: 98.207 Thread 0x00007fa7cd80a800 3242       3       sun.java2d.SunGraphics2D::setColor (108 bytes)
Event: 98.208 Thread 0x00007fa7cd80a800 nmethod 3242 0x00000001131205d0 code [0x0000000113120760, 0x0000000113120c98]
Event: 98.222 Thread 0x00007fa7cc843800 3243       4       sun.java2d.SunGraphics2D::translate (68 bytes)
Event: 98.225 Thread 0x00007fa7cc843800 nmethod 3243 0x0000000113446bd0 code [0x0000000113446d60, 0x0000000113447008]
Event: 98.233 Thread 0x00007fa7cd80a800 3244       1       sun.java2d.SurfaceData::isValid (5 bytes)
Event: 98.233 Thread 0x00007fa7cd80a800 nmethod 3244 0x00000001138f0c90 code [0x00000001138f0de0, 0x00000001138f0ef0]

GC Heap History (10 events):
Event: 26.794 GC heap before
{Heap before GC invocations=7 (full 1):
 PSYoungGen      total 116736K, used 116489K [0x000000076ab00000, 0x0000000776080000, 0x00000007c0000000)
  eden space 105984K, 100% used [0x000000076ab00000,0x0000000771280000,0x0000000771280000)
  from space 10752K, 97% used [0x0000000771280000,0x0000000771cc2580,0x0000000771d00000)
  to   space 17920K, 0% used [0x0000000774f00000,0x0000000774f00000,0x0000000776080000)
 ParOldGen       total 111616K, used 18431K [0x00000006c0000000, 0x00000006c6d00000, 0x000000076ab00000)
  object space 111616K, 16% used [0x00000006c0000000,0x00000006c11ffcc0,0x00000006c6d00000)
 Metaspace       used 27522K, capacity 27773K, committed 28160K, reserved 1075200K
  class space    used 2157K, capacity 2240K, committed 2304K, reserved 1048576K
Event: 26.800 GC heap after
Heap after GC invocations=7 (full 1):
 PSYoungGen      total 166912K, used 10490K [0x000000076ab00000, 0x0000000775f80000, 0x00000007c0000000)
  eden space 150016K, 0% used [0x000000076ab00000,0x000000076ab00000,0x0000000773d80000)
  from space 16896K, 62% used [0x0000000774f00000,0x000000077593eb58,0x0000000775f80000)
  to   space 17408K, 0% used [0x0000000773d80000,0x0000000773d80000,0x0000000774e80000)
 ParOldGen       total 111616K, used 18439K [0x00000006c0000000, 0x00000006c6d00000, 0x000000076ab00000)
  object space 111616K, 16% used [0x00000006c0000000,0x00000006c1201cc0,0x00000006c6d00000)
 Metaspace       used 27522K, capacity 27773K, committed 28160K, reserved 1075200K
  class space    used 2157K, capacity 2240K, committed 2304K, reserved 1048576K
}
Event: 39.365 GC heap before
{Heap before GC invocations=8 (full 1):
 PSYoungGen      total 166912K, used 160506K [0x000000076ab00000, 0x0000000775f80000, 0x00000007c0000000)
  eden space 150016K, 100% used [0x000000076ab00000,0x0000000773d80000,0x0000000773d80000)
  from space 16896K, 62% used [0x0000000774f00000,0x000000077593eb58,0x0000000775f80000)
  to   space 17408K, 0% used [0x0000000773d80000,0x0000000773d80000,0x0000000774e80000)
 ParOldGen       total 111616K, used 18439K [0x00000006c0000000, 0x00000006c6d00000, 0x000000076ab00000)
  object space 111616K, 16% used [0x00000006c0000000,0x00000006c1201cc0,0x00000006c6d00000)
 Metaspace       used 27530K, capacity 27773K, committed 28160K, reserved 1075200K
  class space    used 2157K, capacity 2240K, committed 2304K, reserved 1048576K
Event: 39.370 GC heap after
Heap after GC invocations=8 (full 1):
 PSYoungGen      total 167424K, used 10522K [0x000000076ab00000, 0x0000000779180000, 0x00000007c0000000)
  eden space 150016K, 0% used [0x000000076ab00000,0x000000076ab00000,0x0000000773d80000)
  from space 17408K, 60% used [0x0000000773d80000,0x00000007747c6b58,0x0000000774e80000)
  to   space 16896K, 0% used [0x0000000778100000,0x0000000778100000,0x0000000779180000)
 ParOldGen       total 111616K, used 18439K [0x00000006c0000000, 0x00000006c6d00000, 0x000000076ab00000)
  object space 111616K, 16% used [0x00000006c0000000,0x00000006c1201cc0,0x00000006c6d00000)
 Metaspace       used 27530K, capacity 27773K, committed 28160K, reserved 1075200K
  class space    used 2157K, capacity 2240K, committed 2304K, reserved 1048576K
}
Event: 52.614 GC heap before
{Heap before GC invocations=9 (full 1):
 PSYoungGen      total 167424K, used 160538K [0x000000076ab00000, 0x0000000779180000, 0x00000007c0000000)
  eden space 150016K, 100% used [0x000000076ab00000,0x0000000773d80000,0x0000000773d80000)
  from space 17408K, 60% used [0x0000000773d80000,0x00000007747c6b58,0x0000000774e80000)
  to   space 16896K, 0% used [0x0000000778100000,0x0000000778100000,0x0000000779180000)
 ParOldGen       total 111616K, used 18439K [0x00000006c0000000, 0x00000006c6d00000, 0x000000076ab00000)
  object space 111616K, 16% used [0x00000006c0000000,0x00000006c1201cc0,0x00000006c6d00000)
 Metaspace       used 27530K, capacity 27773K, committed 28160K, reserved 1075200K
  class space    used 2157K, capacity 2240K, committed 2304K, reserved 1048576K
Event: 52.621 GC heap after
Heap after GC invocations=9 (full 1):
 PSYoungGen      total 204288K, used 10601K [0x000000076ab00000, 0x0000000778b80000, 0x00000007c0000000)
  eden space 193536K, 0% used [0x000000076ab00000,0x000000076ab00000,0x0000000776800000)
  from space 10752K, 98% used [0x0000000778100000,0x0000000778b5a580,0x0000000778b80000)
  to   space 16384K, 0% used [0x0000000776b80000,0x0000000776b80000,0x0000000777b80000)
 ParOldGen       total 111616K, used 18439K [0x00000006c0000000, 0x00000006c6d00000, 0x000000076ab00000)
  object space 111616K, 16% used [0x00000006c0000000,0x00000006c1201cc0,0x00000006c6d00000)
 Metaspace       used 27530K, capacity 27773K, committed 28160K, reserved 1075200K
  class space    used 2157K, capacity 2240K, committed 2304K, reserved 1048576K
}
Event: 68.670 GC heap before
{Heap before GC invocations=10 (full 1):
 PSYoungGen      total 204288K, used 204137K [0x000000076ab00000, 0x0000000778b80000, 0x00000007c0000000)
  eden space 193536K, 100% used [0x000000076ab00000,0x0000000776800000,0x0000000776800000)
  from space 10752K, 98% used [0x0000000778100000,0x0000000778b5a580,0x0000000778b80000)
  to   space 16384K, 0% used [0x0000000776b80000,0x0000000776b80000,0x0000000777b80000)
 ParOldGen       total 111616K, used 18439K [0x00000006c0000000, 0x00000006c6d00000, 0x000000076ab00000)
  object space 111616K, 16% used [0x00000006c0000000,0x00000006c1201cc0,0x00000006c6d00000)
 Metaspace       used 27530K, capacity 27773K, committed 28160K, reserved 1075200K
  class space    used 2157K, capacity 2240K, committed 2304K, reserved 1048576K
Event: 68.677 GC heap after
Heap after GC invocations=10 (full 1):
 PSYoungGen      total 197632K, used 10618K [0x000000076ab00000, 0x0000000778180000, 0x00000007c0000000)
  eden space 186880K, 0% used [0x000000076ab00000,0x000000076ab00000,0x0000000776180000)
  from space 10752K, 98% used [0x0000000776b80000,0x00000007775deb58,0x0000000777600000)
  to   space 11776K, 0% used [0x0000000777600000,0x0000000777600000,0x0000000778180000)
 ParOldGen       total 111616K, used 18447K [0x00000006c0000000, 0x00000006c6d00000, 0x000000076ab00000)
  object space 111616K, 16% used [0x00000006c0000000,0x00000006c1203cc0,0x00000006c6d00000)
 Metaspace       used 27530K, capacity 27773K, committed 28160K, reserved 1075200K
  class space    used 2157K, capacity 2240K, committed 2304K, reserved 1048576K
}
Event: 84.539 GC heap before
{Heap before GC invocations=11 (full 1):
 PSYoungGen      total 197632K, used 197498K [0x000000076ab00000, 0x0000000778180000, 0x00000007c0000000)
  eden space 186880K, 100% used [0x000000076ab00000,0x0000000776180000,0x0000000776180000)
  from space 10752K, 98% used [0x0000000776b80000,0x00000007775deb58,0x0000000777600000)
  to   space 11776K, 0% used [0x0000000777600000,0x0000000777600000,0x0000000778180000)
 ParOldGen       total 111616K, used 18447K [0x00000006c0000000, 0x00000006c6d00000, 0x000000076ab00000)
  object space 111616K, 16% used [0x00000006c0000000,0x00000006c1203cc0,0x00000006c6d00000)
 Metaspace       used 27532K, capacity 27773K, committed 28160K, reserved 1075200K
  class space    used 2157K, capacity 2240K, committed 2304K, reserved 1048576K
Event: 84.546 GC heap after
Heap after GC invocations=11 (full 1):
 PSYoungGen      total 191488K, used 10665K [0x000000076ab00000, 0x0000000778080000, 0x00000007c0000000)
  eden space 180736K, 0% used [0x000000076ab00000,0x000000076ab00000,0x0000000775b80000)
  from space 10752K, 99% used [0x0000000777600000,0x000000077806a580,0x0000000778080000)
  to   space 15872K, 0% used [0x0000000776180000,0x0000000776180000,0x0000000777100000)
 ParOldGen       total 111616K, used 18447K [0x00000006c0000000, 0x00000006c6d00000, 0x000000076ab00000)
  object space 111616K, 16% used [0x00000006c0000000,0x00000006c1203cc0,0x00000006c6d00000)
 Metaspace       used 27532K, capacity 27773K, committed 28160K, reserved 1075200K
  class space    used 2157K, capacity 2240K, committed 2304K, reserved 1048576K
}

Deoptimization events (10 events):
Event: 98.221 Thread 0x00007fa7cd91b800 Uncommon trap: reason=class_check action=maybe_recompile pc=0x000000011366c4b0 method=java.awt.event.InvocationEvent.dispatch()V @ 47
Event: 98.222 Thread 0x00007fa7cd91b800 Uncommon trap: reason=class_check action=maybe_recompile pc=0x000000011391818c method=java.awt.Component.getGraphics()Ljava/awt/Graphics; @ 114
Event: 98.223 Thread 0x00007fa7cd0ab800 Uncommon trap: reason=class_check action=maybe_recompile pc=0x000000011328a140 method=com.jogamp.common.util.RunnableTask.run()V @ 24
Event: 98.224 Thread 0x00007fa7cd0ab800 Uncommon trap: reason=unstable_if action=reinterpret pc=0x00000001135b0efc method=jogamp.nativewindow.macosx.OSXUtil.RunOnMainThread(ZZLjava/lang/Runnable;)V @ 3
Event: 98.230 Thread 0x00007fa7cd303000 Uncommon trap: reason=unstable_if action=reinterpret pc=0x00000001136232d8 method=jogamp.opengl.GLContextImpl.release(Z)V @ 161
Event: 98.232 Thread 0x00007fa7cd303000 Uncommon trap: reason=unstable_if action=reinterpret pc=0x0000000113c10218 method=java.util.LinkedList$ListItr.<init>(Ljava/util/LinkedList;I)V @ 26
Event: 98.232 Thread 0x00007fa7cd303000 Uncommon trap: reason=unstable_if action=reinterpret pc=0x000000011394c60c method=java.security.AccessControlContext.combine([Ljava/security/ProtectionDomain;[Ljava/security/ProtectionDomain;)[Ljava/security/ProtectionDomain; @ 151
Event: 98.233 Thread 0x00007fa7cd303000 Uncommon trap: reason=unstable_if action=reinterpret pc=0x00000001136c5084 method=java.util.HashMap.removeNode(ILjava/lang/Object;Ljava/lang/Object;ZZ)Ljava/util/HashMap$Node; @ 46
Event: 98.233 Thread 0x00007fa7c4971000 Uncommon trap: reason=predicate action=maybe_recompile pc=0x0000000113774f50 method=java.util.Vector.indexOf(Ljava/lang/Object;I)I @ 44
Event: 98.238 Thread 0x00007fa7cd0ab800 Uncommon trap: reason=class_check action=maybe_recompile pc=0x000000011328a140 method=com.jogamp.common.util.RunnableTask.run()V @ 24

Internal exceptions (10 events):
Event: 0.107 Thread 0x00007fa7cc808800 Exception <a 'java/lang/NoSuchFieldError': method resolution failed> (0x000000076adb4e78) thrown at [/Users/java_re/workspace/8-2-build-macosx-x86_64/jdk8u111/7883/hotspot/src/share/vm/prims/methodHandles.cpp, line 1146]
Event: 0.225 Thread 0x00007fa7cc808800 Exception <a 'java/io/FileNotFoundException'> (0x000000076ae30370) thrown at [/Users/java_re/workspace/8-2-build-macosx-x86_64/jdk8u111/7883/hotspot/src/share/vm/prims/jni.cpp, line 709]
Event: 0.225 Thread 0x00007fa7cc808800 Exception <a 'java/io/FileNotFoundException'> (0x000000076ae30ed8) thrown at [/Users/java_re/workspace/8-2-build-macosx-x86_64/jdk8u111/7883/hotspot/src/share/vm/prims/jni.cpp, line 709]
Event: 0.305 Thread 0x00007fa7cc808800 Exception <a 'java/io/FileNotFoundException'> (0x000000076aec66d0) thrown at [/Users/java_re/workspace/8-2-build-macosx-x86_64/jdk8u111/7883/hotspot/src/share/vm/prims/jni.cpp, line 709]
Event: 1.704 Thread 0x00007fa7cd303800 Exception <a 'java/lang/UnsatisfiedLinkError': com.jogamp.common.util.JarUtil.fixNativeLibAttribs(Ljava/lang/String;)Z> (0x000000076c611c38) thrown at [/Users/java_re/workspace/8-2-build-macosx-x86_64/jdk8u111/7883/hotspot/src/share/vm/prims/nativeLookup.
Event: 2.497 Thread 0x00007fa7cd303000 Exception <a 'java/io/FileNotFoundException'> (0x000000076d6998c8) thrown at [/Users/java_re/workspace/8-2-build-macosx-x86_64/jdk8u111/7883/hotspot/src/share/vm/prims/jni.cpp, line 709]
Event: 2.497 Thread 0x00007fa7cd303000 Exception <a 'java/io/FileNotFoundException'> (0x000000076d69fed0) thrown at [/Users/java_re/workspace/8-2-build-macosx-x86_64/jdk8u111/7883/hotspot/src/share/vm/prims/jni.cpp, line 709]
Event: 2.497 Thread 0x00007fa7cd303000 Implicit null exception at 0x000000011312bcb4 to 0x000000011312c0b5
Event: 2.767 Thread 0x00007fa7cd808000 Exception <a 'java/lang/NullPointerException'> (0x000000076aeaef80) thrown at [/Users/java_re/workspace/8-2-build-macosx-x86_64/jdk8u111/7883/hotspot/src/share/vm/interpreter/linkResolver.cpp, line 1178]
Event: 2.838 Thread 0x00007fa7cd545800 Implicit null exception at 0x000000011312e1b5 to 0x000000011312e579

Events (10 events):
Event: 98.233 Thread 0x00007fa7cd303000 DEOPT UNPACKING pc=0x0000000112f90229 sp=0x000070000fb70400 mode 2
Event: 98.233 Thread 0x00007fa7ccaf6800 Thread exited: 0x00007fa7ccaf6800
Event: 98.233 Thread 0x00007fa7c4971000 Uncommon trap: trap_request=0xffffff86 fr.pc=0x0000000113774f50
Event: 98.233 Thread 0x00007fa7c4971000 DEOPT PACKING pc=0x0000000113774f50 sp=0x000070000f34f7e0
Event: 98.233 Thread 0x00007fa7c4971000 DEOPT UNPACKING pc=0x0000000112f90229 sp=0x000070000f34f7a0 mode 2
Event: 98.233 loading class java/awt/Window$1DisposeAction
Event: 98.233 loading class java/awt/Window$1DisposeAction done
Event: 98.238 Thread 0x00007fa7cd0ab800 Uncommon trap: trap_request=0xffffffde fr.pc=0x000000011328a140
Event: 98.238 Thread 0x00007fa7cd0ab800 DEOPT PACKING pc=0x000000011328a140 sp=0x00007fff5cc3e690
Event: 98.238 Thread 0x00007fa7cd0ab800 DEOPT UNPACKING pc=0x0000000112f90229 sp=0x00007fff5cc3e638 mode 2


Dynamic libraries:
0x0000000049353000 	/System/Library/Frameworks/Cocoa.framework/Versions/A/Cocoa
0x0000000049353000 	/System/Library/Frameworks/Security.framework/Versions/A/Security
0x0000000049353000 	/System/Library/Frameworks/ApplicationServices.framework/Versions/A/ApplicationServices
0x0000000049353000 	/usr/lib/libz.1.dylib
0x0000000049353000 	/usr/lib/libSystem.B.dylib
0x0000000049353000 	/usr/lib/libobjc.A.dylib
0x0000000049353000 	/System/Library/Frameworks/CoreFoundation.framework/Versions/A/CoreFoundation
0x0000000049353000 	/System/Library/Frameworks/Foundation.framework/Versions/C/Foundation
0x0000000049353000 	/System/Library/Frameworks/AppKit.framework/Versions/C/AppKit
0x0000000049353000 	/System/Library/Frameworks/CoreData.framework/Versions/A/CoreData
0x0000000049353000 	/System/Library/PrivateFrameworks/RemoteViewServices.framework/Versions/A/RemoteViewServices
0x0000000049353000 	/System/Library/PrivateFrameworks/UIFoundation.framework/Versions/A/UIFoundation
0x0000000049353000 	/System/Library/PrivateFrameworks/DFRFoundation.framework/Versions/A/DFRFoundation
0x0000000049353000 	/usr/lib/libenergytrace.dylib
0x0000000049353000 	/System/Library/PrivateFrameworks/SkyLight.framework/Versions/A/SkyLight
0x0000000049353000 	/System/Library/Frameworks/CoreGraphics.framework/Versions/A/CoreGraphics
0x0000000049353000 	/usr/lib/libScreenReader.dylib
0x0000000049353000 	/System/Library/Frameworks/Accelerate.framework/Versions/A/Accelerate
0x0000000049353000 	/System/Library/Frameworks/IOSurface.framework/Versions/A/IOSurface
0x0000000049353000 	/System/Library/Frameworks/AudioToolbox.framework/Versions/A/AudioToolbox
0x0000000049353000 	/System/Library/Frameworks/AudioUnit.framework/Versions/A/AudioUnit
0x0000000049353000 	/System/Library/PrivateFrameworks/DataDetectorsCore.framework/Versions/A/DataDetectorsCore
0x0000000049353000 	/System/Library/PrivateFrameworks/DesktopServicesPriv.framework/Versions/A/DesktopServicesPriv
0x0000000049353000 	/System/Library/Frameworks/Carbon.framework/Versions/A/Frameworks/HIToolbox.framework/Versions/A/HIToolbox
0x0000000049353000 	/usr/lib/libicucore.A.dylib
0x0000000049353000 	/System/Library/Frameworks/QuartzCore.framework/Versions/A/QuartzCore
0x0000000049353000 	/System/Library/Frameworks/Carbon.framework/Versions/A/Frameworks/SpeechRecognition.framework/Versions/A/SpeechRecognition
0x0000000049353000 	/usr/lib/libauto.dylib
0x0000000049353000 	/usr/lib/libxml2.2.dylib
0x0000000049353000 	/System/Library/PrivateFrameworks/CoreUI.framework/Versions/A/CoreUI
0x0000000049353000 	/System/Library/Frameworks/CoreAudio.framework/Versions/A/CoreAudio
0x0000000049353000 	/System/Library/Frameworks/DiskArbitration.framework/Versions/A/DiskArbitration
0x0000000049353000 	/usr/lib/liblangid.dylib
0x0000000049353000 	/System/Library/PrivateFrameworks/MultitouchSupport.framework/Versions/A/MultitouchSupport
0x0000000049353000 	/System/Library/Frameworks/IOKit.framework/Versions/A/IOKit
0x0000000049353000 	/usr/lib/libDiagnosticMessagesClient.dylib
0x0000000049353000 	/System/Library/Frameworks/CoreServices.framework/Versions/A/CoreServices
0x0000000049353000 	/System/Library/PrivateFrameworks/PerformanceAnalysis.framework/Versions/A/PerformanceAnalysis
0x0000000049353000 	/System/Library/PrivateFrameworks/GenerationalStorage.framework/Versions/A/GenerationalStorage
0x0000000049353000 	/System/Library/Frameworks/OpenGL.framework/Versions/A/OpenGL
0x0000000049353000 	/System/Library/Frameworks/CoreImage.framework/Versions/A/CoreImage
0x0000000049353000 	/System/Library/Frameworks/CoreText.framework/Versions/A/CoreText
0x0000000049353000 	/System/Library/Frameworks/ImageIO.framework/Versions/A/ImageIO
0x0000000049353000 	/System/Library/PrivateFrameworks/Backup.framework/Versions/A/Backup
0x0000000049353000 	/usr/lib/libarchive.2.dylib
0x0000000049353000 	/System/Library/Frameworks/CFNetwork.framework/Versions/A/CFNetwork
0x0000000049353000 	/System/Library/Frameworks/SystemConfiguration.framework/Versions/A/SystemConfiguration
0x0000000049353000 	/usr/lib/libCRFSuite.dylib
0x0000000049353000 	/usr/lib/libc++.1.dylib
0x0000000049353000 	/usr/lib/libc++abi.dylib
0x0000000049353000 	/usr/lib/system/libcache.dylib
0x0000000049353000 	/usr/lib/system/libcommonCrypto.dylib
0x0000000049353000 	/usr/lib/system/libcompiler_rt.dylib
0x0000000049353000 	/usr/lib/system/libcopyfile.dylib
0x0000000049353000 	/usr/lib/system/libcorecrypto.dylib
0x0000000049353000 	/usr/lib/system/libdispatch.dylib
0x0000000049353000 	/usr/lib/system/libdyld.dylib
0x0000000049353000 	/usr/lib/system/libkeymgr.dylib
0x0000000049353000 	/usr/lib/system/liblaunch.dylib
0x0000000049353000 	/usr/lib/system/libmacho.dylib
0x0000000049353000 	/usr/lib/system/libquarantine.dylib
0x0000000049353000 	/usr/lib/system/libremovefile.dylib
0x0000000049353000 	/usr/lib/system/libsystem_asl.dylib
0x0000000049353000 	/usr/lib/system/libsystem_blocks.dylib
0x0000000049353000 	/usr/lib/system/libsystem_c.dylib
0x0000000049353000 	/usr/lib/system/libsystem_configuration.dylib
0x0000000049353000 	/usr/lib/system/libsystem_coreservices.dylib
0x0000000049353000 	/usr/lib/system/libsystem_coretls.dylib
0x0000000049353000 	/usr/lib/system/libsystem_dnssd.dylib
0x0000000049353000 	/usr/lib/system/libsystem_info.dylib
0x0000000049353000 	/usr/lib/system/libsystem_kernel.dylib
0x0000000049353000 	/usr/lib/system/libsystem_m.dylib
0x0000000049353000 	/usr/lib/system/libsystem_malloc.dylib
0x0000000049353000 	/usr/lib/system/libsystem_network.dylib
0x0000000049353000 	/usr/lib/system/libsystem_networkextension.dylib
0x0000000049353000 	/usr/lib/system/libsystem_notify.dylib
0x0000000049353000 	/usr/lib/system/libsystem_platform.dylib
0x0000000049353000 	/usr/lib/system/libsystem_pthread.dylib
0x0000000049353000 	/usr/lib/system/libsystem_sandbox.dylib
0x0000000049353000 	/usr/lib/system/libsystem_secinit.dylib
0x0000000049353000 	/usr/lib/system/libsystem_symptoms.dylib
0x0000000049353000 	/usr/lib/system/libsystem_trace.dylib
0x0000000049353000 	/usr/lib/system/libunwind.dylib
0x0000000049353000 	/usr/lib/system/libxpc.dylib
0x0000000049353000 	/usr/lib/libbsm.0.dylib
0x0000000049353000 	/usr/lib/system/libkxld.dylib
0x0000000049353000 	/usr/lib/libcoretls.dylib
0x0000000049353000 	/usr/lib/libcoretls_cfhelpers.dylib
0x0000000049353000 	/usr/lib/libxar.1.dylib
0x0000000049353000 	/usr/lib/libsqlite3.dylib
0x0000000049353000 	/usr/lib/libpam.2.dylib
0x0000000049353000 	/usr/lib/libOpenScriptingUtil.dylib
0x0000000049353000 	/usr/lib/libbz2.1.0.dylib
0x0000000049353000 	/usr/lib/liblzma.5.dylib
0x0000000049353000 	/usr/lib/libnetwork.dylib
0x0000000049353000 	/usr/lib/libpcap.A.dylib
0x0000000049353000 	/System/Library/Frameworks/CoreServices.framework/Versions/A/Frameworks/FSEvents.framework/Versions/A/FSEvents
0x0000000049353000 	/System/Library/Frameworks/CoreServices.framework/Versions/A/Frameworks/CarbonCore.framework/Versions/A/CarbonCore
0x0000000049353000 	/System/Library/Frameworks/CoreServices.framework/Versions/A/Frameworks/Metadata.framework/Versions/A/Metadata
0x0000000049353000 	/System/Library/Frameworks/CoreServices.framework/Versions/A/Frameworks/OSServices.framework/Versions/A/OSServices
0x0000000049353000 	/System/Library/Frameworks/CoreServices.framework/Versions/A/Frameworks/SearchKit.framework/Versions/A/SearchKit
0x0000000049353000 	/System/Library/Frameworks/CoreServices.framework/Versions/A/Frameworks/AE.framework/Versions/A/AE
0x0000000049353000 	/System/Library/Frameworks/CoreServices.framework/Versions/A/Frameworks/LaunchServices.framework/Versions/A/LaunchServices
0x0000000049353000 	/System/Library/Frameworks/CoreServices.framework/Versions/A/Frameworks/DictionaryServices.framework/Versions/A/DictionaryServices
0x0000000049353000 	/System/Library/Frameworks/CoreServices.framework/Versions/A/Frameworks/SharedFileList.framework/Versions/A/SharedFileList
0x0000000049353000 	/System/Library/Frameworks/NetFS.framework/Versions/A/NetFS
0x0000000049353000 	/System/Library/PrivateFrameworks/NetAuth.framework/Versions/A/NetAuth
0x0000000049353000 	/System/Library/PrivateFrameworks/login.framework/Versions/A/Frameworks/loginsupport.framework/Versions/A/loginsupport
0x0000000049353000 	/System/Library/PrivateFrameworks/TCC.framework/Versions/A/TCC
0x0000000049353000 	/usr/lib/libmecabra.dylib
0x0000000049353000 	/System/Library/Frameworks/ApplicationServices.framework/Versions/A/Frameworks/ATS.framework/Versions/A/ATS
0x0000000049353000 	/System/Library/Frameworks/ApplicationServices.framework/Versions/A/Frameworks/ColorSync.framework/Versions/A/ColorSync
0x0000000049353000 	/System/Library/Frameworks/ApplicationServices.framework/Versions/A/Frameworks/HIServices.framework/Versions/A/HIServices
0x0000000049353000 	/System/Library/Frameworks/ApplicationServices.framework/Versions/A/Frameworks/LangAnalysis.framework/Versions/A/LangAnalysis
0x0000000049353000 	/System/Library/Frameworks/ApplicationServices.framework/Versions/A/Frameworks/PrintCore.framework/Versions/A/PrintCore
0x0000000049353000 	/System/Library/Frameworks/ApplicationServices.framework/Versions/A/Frameworks/QD.framework/Versions/A/QD
0x0000000049353000 	/System/Library/Frameworks/ApplicationServices.framework/Versions/A/Frameworks/SpeechSynthesis.framework/Versions/A/SpeechSynthesis
0x0000000049353000 	/System/Library/Frameworks/Accelerate.framework/Versions/A/Frameworks/vImage.framework/Versions/A/vImage
0x0000000049353000 	/System/Library/Frameworks/Accelerate.framework/Versions/A/Frameworks/vecLib.framework/Versions/A/vecLib
0x0000000049353000 	/System/Library/Frameworks/Accelerate.framework/Versions/A/Frameworks/vecLib.framework/Versions/A/libvDSP.dylib
0x0000000049353000 	/System/Library/Frameworks/Accelerate.framework/Versions/A/Frameworks/vecLib.framework/Versions/A/libBNNS.dylib
0x0000000049353000 	/System/Library/Frameworks/Accelerate.framework/Versions/A/Frameworks/vecLib.framework/Versions/A/libQuadrature.dylib
0x0000000049353000 	/System/Library/Frameworks/Accelerate.framework/Versions/A/Frameworks/vecLib.framework/Versions/A/libvMisc.dylib
0x0000000049353000 	/System/Library/Frameworks/Accelerate.framework/Versions/A/Frameworks/vecLib.framework/Versions/A/libLAPACK.dylib
0x0000000049353000 	/System/Library/Frameworks/Accelerate.framework/Versions/A/Frameworks/vecLib.framework/Versions/A/libBLAS.dylib
0x0000000049353000 	/System/Library/Frameworks/Accelerate.framework/Versions/A/Frameworks/vecLib.framework/Versions/A/libLinearAlgebra.dylib
0x0000000049353000 	/System/Library/Frameworks/Accelerate.framework/Versions/A/Frameworks/vecLib.framework/Versions/A/libSparseBLAS.dylib
0x0000000049353000 	/System/Library/Frameworks/ApplicationServices.framework/Versions/A/Frameworks/ATS.framework/Versions/A/Resources/libFontParser.dylib
0x0000000049353000 	/System/Library/Frameworks/ApplicationServices.framework/Versions/A/Frameworks/ATS.framework/Versions/A/Resources/libFontRegistry.dylib
0x0000000049353000 	/System/Library/Frameworks/ImageIO.framework/Versions/A/Resources/libJPEG.dylib
0x0000000049353000 	/System/Library/Frameworks/ImageIO.framework/Versions/A/Resources/libTIFF.dylib
0x0000000049353000 	/System/Library/Frameworks/ImageIO.framework/Versions/A/Resources/libPng.dylib
0x0000000049353000 	/System/Library/Frameworks/ImageIO.framework/Versions/A/Resources/libGIF.dylib
0x0000000049353000 	/System/Library/Frameworks/ImageIO.framework/Versions/A/Resources/libJP2.dylib
0x0000000049353000 	/System/Library/Frameworks/ImageIO.framework/Versions/A/Resources/libRadiance.dylib
0x0000000049353000 	/usr/lib/libcompression.dylib
0x0000000049353000 	/System/Library/PrivateFrameworks/AppleJPEG.framework/Versions/A/AppleJPEG
0x0000000049353000 	/usr/lib/libcups.2.dylib
0x0000000049353000 	/System/Library/Frameworks/Kerberos.framework/Versions/A/Kerberos
0x0000000049353000 	/System/Library/Frameworks/GSS.framework/Versions/A/GSS
0x0000000049353000 	/usr/lib/libresolv.9.dylib
0x0000000049353000 	/usr/lib/libiconv.2.dylib
0x0000000049353000 	/System/Library/PrivateFrameworks/Heimdal.framework/Versions/A/Heimdal
0x0000000049353000 	/usr/lib/libheimdal-asn1.dylib
0x0000000049353000 	/System/Library/Frameworks/OpenDirectory.framework/Versions/A/OpenDirectory
0x0000000049353000 	/System/Library/PrivateFrameworks/CommonAuth.framework/Versions/A/CommonAuth
0x0000000049353000 	/System/Library/Frameworks/OpenDirectory.framework/Versions/A/Frameworks/CFOpenDirectory.framework/Versions/A/CFOpenDirectory
0x0000000049353000 	/System/Library/Frameworks/SecurityFoundation.framework/Versions/A/SecurityFoundation
0x0000000049353000 	/System/Library/PrivateFrameworks/LanguageModeling.framework/Versions/A/LanguageModeling
0x0000000049353000 	/usr/lib/libmarisa.dylib
0x0000000049353000 	/usr/lib/libChineseTokenizer.dylib
0x0000000049353000 	/usr/lib/libcmph.dylib
0x0000000049353000 	/System/Library/PrivateFrameworks/CoreEmoji.framework/Versions/A/CoreEmoji
0x0000000049353000 	/System/Library/Frameworks/ServiceManagement.framework/Versions/A/ServiceManagement
0x0000000049353000 	/usr/lib/libxslt.1.dylib
0x0000000049353000 	/System/Library/Frameworks/Carbon.framework/Versions/A/Frameworks/Ink.framework/Versions/A/Ink
0x0000000049353000 	/System/Library/PrivateFrameworks/TextureIO.framework/Versions/A/TextureIO
0x0000000049353000 	/System/Library/Frameworks/Metal.framework/Versions/A/Metal
0x0000000049353000 	/usr/lib/libate.dylib
0x0000000049353000 	/System/Library/PrivateFrameworks/GPUCompiler.framework/libmetal_timestamp.dylib
0x0000000049353000 	/System/Library/Frameworks/OpenGL.framework/Versions/A/Libraries/libCoreFSCache.dylib
0x0000000049353000 	/System/Library/PrivateFrameworks/IOAccelerator.framework/Versions/A/IOAccelerator
0x0000000049353000 	/System/Library/Frameworks/CoreVideo.framework/Versions/A/CoreVideo
0x0000000049353000 	/usr/lib/libFosl_dynamic.dylib
0x0000000049353000 	/System/Library/PrivateFrameworks/MetalPerformanceShaders.framework/Versions/A/MetalPerformanceShaders
0x0000000049353000 	/System/Library/PrivateFrameworks/FaceCore.framework/Versions/A/FaceCore
0x0000000049353000 	/System/Library/Frameworks/OpenCL.framework/Versions/A/OpenCL
0x0000000049353000 	/System/Library/Frameworks/OpenGL.framework/Versions/A/Libraries/libGLU.dylib
0x0000000049353000 	/System/Library/Frameworks/OpenGL.framework/Versions/A/Libraries/libGFXShared.dylib
0x0000000049353000 	/System/Library/Frameworks/OpenGL.framework/Versions/A/Libraries/libGL.dylib
0x0000000049353000 	/System/Library/Frameworks/OpenGL.framework/Versions/A/Libraries/libGLImage.dylib
0x0000000049353000 	/System/Library/Frameworks/OpenGL.framework/Versions/A/Libraries/libCVMSPluginSupport.dylib
0x0000000049353000 	/System/Library/Frameworks/OpenGL.framework/Versions/A/Libraries/libCoreVMClient.dylib
0x0000000049353000 	/System/Library/PrivateFrameworks/CrashReporterSupport.framework/Versions/A/CrashReporterSupport
0x0000000049353000 	/System/Library/PrivateFrameworks/Sharing.framework/Versions/A/Sharing
0x0000000049353000 	/System/Library/PrivateFrameworks/IconServices.framework/Versions/A/IconServices
0x0000000049353000 	/System/Library/PrivateFrameworks/ProtocolBuffer.framework/Versions/A/ProtocolBuffer
0x0000000049353000 	/System/Library/PrivateFrameworks/Apple80211.framework/Versions/A/Apple80211
0x0000000049353000 	/System/Library/Frameworks/CoreWLAN.framework/Versions/A/CoreWLAN
0x0000000049353000 	/System/Library/PrivateFrameworks/CoreUtils.framework/Versions/A/CoreUtils
0x0000000049353000 	/System/Library/Frameworks/IOBluetooth.framework/Versions/A/IOBluetooth
0x0000000049353000 	/System/Library/PrivateFrameworks/CoreWiFi.framework/Versions/A/CoreWiFi
0x0000000049353000 	/System/Library/Frameworks/CoreBluetooth.framework/Versions/A/CoreBluetooth
0x0000000049353000 	/System/Library/Frameworks/CoreDisplay.framework/Versions/A/CoreDisplay
0x0000000049353000 	/System/Library/PrivateFrameworks/IOPresentment.framework/Versions/A/IOPresentment
0x0000000049353000 	/System/Library/PrivateFrameworks/DebugSymbols.framework/Versions/A/DebugSymbols
0x0000000049353000 	/System/Library/PrivateFrameworks/CoreSymbolication.framework/Versions/A/CoreSymbolication
0x0000000049353000 	/System/Library/PrivateFrameworks/Symbolication.framework/Versions/A/Symbolication
0x0000000049353000 	/System/Library/PrivateFrameworks/AppleFSCompression.framework/Versions/A/AppleFSCompression
0x0000000049353000 	/System/Library/PrivateFrameworks/SpeechRecognitionCore.framework/Versions/A/SpeechRecognitionCore
0x0000000049353000 	/System/Library/PrivateFrameworks/ChunkingLibrary.framework/Versions/A/ChunkingLibrary
0x0000000104200000 	/Library/Java/JavaVirtualMachines/jdk1.8.0_111.jdk/Contents/Home/jre/lib/server/libjvm.dylib
0x0000000049353000 	/usr/lib/libstdc++.6.dylib
0x000000010303a000 	/Library/Java/JavaVirtualMachines/jdk1.8.0_111.jdk/Contents/Home/jre/lib/libverify.dylib
0x0000000103048000 	/Library/Java/JavaVirtualMachines/jdk1.8.0_111.jdk/Contents/Home/jre/lib/libjava.dylib
0x0000000103087000 	/Library/Java/JavaVirtualMachines/jdk1.8.0_111.jdk/Contents/Home/jre/lib/libzip.dylib
0x00000001110ee000 	/System/Library/Frameworks/JavaVM.framework/Frameworks/JavaRuntimeSupport.framework/JavaRuntimeSupport
0x0000000111108000 	/System/Library/Frameworks/JavaVM.framework/Versions/A/Frameworks/JavaNativeFoundation.framework/Versions/A/JavaNativeFoundation
0x000000011111d000 	/System/Library/Frameworks/JavaVM.framework/Versions/A/JavaVM
0x0000000049353000 	/System/Library/Frameworks/Carbon.framework/Versions/A/Carbon
0x000000011112a000 	/System/Library/PrivateFrameworks/JavaLaunching.framework/Versions/A/JavaLaunching
0x0000000049353000 	/System/Library/Frameworks/Carbon.framework/Versions/A/Frameworks/CommonPanels.framework/Versions/A/CommonPanels
0x0000000049353000 	/System/Library/Frameworks/Carbon.framework/Versions/A/Frameworks/Help.framework/Versions/A/Help
0x0000000049353000 	/System/Library/Frameworks/Carbon.framework/Versions/A/Frameworks/ImageCapture.framework/Versions/A/ImageCapture
0x0000000049353000 	/System/Library/Frameworks/Carbon.framework/Versions/A/Frameworks/OpenScripting.framework/Versions/A/OpenScripting
0x0000000049353000 	/System/Library/Frameworks/Carbon.framework/Versions/A/Frameworks/Print.framework/Versions/A/Print
0x0000000049353000 	/System/Library/Frameworks/Carbon.framework/Versions/A/Frameworks/SecurityHI.framework/Versions/A/SecurityHI
0x0000000112a30000 	/Library/Java/JavaVirtualMachines/jdk1.8.0_111.jdk/Contents/Home/jre/lib/libawt.dylib
0x0000000112ad8000 	/Library/Java/JavaVirtualMachines/jdk1.8.0_111.jdk/Contents/Home/jre/lib/./libmlib_image.dylib
0x0000000112ba4000 	/Library/Java/JavaVirtualMachines/jdk1.8.0_111.jdk/Contents/Home/jre/lib/libawt_lwawt.dylib
0x0000000112c59000 	/Library/Java/JavaVirtualMachines/jdk1.8.0_111.jdk/Contents/Home/jre/lib/./libosxapp.dylib
0x0000000049353000 	/System/Library/Frameworks/ExceptionHandling.framework/Versions/A/ExceptionHandling
0x0000000049353000 	/System/Library/PrivateFrameworks/CoreServicesInternal.framework/Versions/A/CoreServicesInternal
0x0000000049353000 	/System/Library/CoreServices/RawCamera.bundle/Contents/MacOS/RawCamera
0x0000000049353000 	/System/Library/Frameworks/Accelerate.framework/Versions/A/Frameworks/vImage.framework/Versions/A/Libraries/libCGInterfaces.dylib
0x0000000049353000 	/System/Library/Frameworks/ApplicationServices.framework/Versions/A/Frameworks/ATS.framework/Versions/A/Resources/libTrueTypeScaler.dylib
0x0000000049353000 	/System/Library/Frameworks/OpenGL.framework/Versions/A/Resources/GLEngine.bundle/GLEngine
0x0000000049353000 	/System/Library/Frameworks/OpenGL.framework/Versions/A/Libraries/libGLProgrammability.dylib
0x0000000123b0b000 	/System/Library/Extensions/AppleIntelHD5000GraphicsGLDriver.bundle/Contents/MacOS/AppleIntelHD5000GraphicsGLDriver
0x0000000049353000 	/System/Library/PrivateFrameworks/GPUSupport.framework/Versions/A/Libraries/libGPUSupportMercury.dylib
0x0000000049353000 	/System/Library/Extensions/GeForceGLDriver.bundle/Contents/MacOS/GeForceGLDriver
0x0000000049353000 	/System/Library/Extensions/GeForceGLDriver.bundle/Contents/MacOS/libclh.dylib
0x0000000049353000 	/System/Library/Frameworks/OpenGL.framework/Versions/A/Resources/GLRendererFloat.bundle/GLRendererFloat
0x0000000049353000 	/System/Library/Frameworks/OpenCL.framework/Versions/A/Libraries/libcldcpuengine.dylib
0x0000000049353000 	/usr/lib/libcrypto.0.9.8.dylib
0x0000000049353000 	/System/Library/PrivateFrameworks/TrustEvaluationAgent.framework/Versions/A/TrustEvaluationAgent
0x0000000049353000 	/System/Library/Extensions/GeForceMTLDriver.bundle/Contents/MacOS/GeForceMTLDriver
0x00000001242ac000 	/System/Library/Extensions/AppleIntelHD5000GraphicsMTLDriver.bundle/Contents/MacOS/AppleIntelHD5000GraphicsMTLDriver
0x0000000049353000 	/System/Library/PrivateFrameworks/FamilyControls.framework/Versions/A/FamilyControls
0x0000000049353000 	/System/Library/PrivateFrameworks/CommerceKit.framework/Versions/A/Frameworks/CommerceCore.framework/Versions/A/CommerceCore
0x0000000049353000 	/System/Library/PrivateFrameworks/SystemAdministration.framework/Versions/A/SystemAdministration
0x0000000049353000 	/System/Library/PrivateFrameworks/AppContainer.framework/Versions/A/AppContainer
0x0000000049353000 	/System/Library/PrivateFrameworks/SecCodeWrapper.framework/Versions/A/SecCodeWrapper
0x0000000049353000 	/System/Library/Frameworks/DirectoryService.framework/Versions/A/DirectoryService
0x0000000049353000 	/System/Library/PrivateFrameworks/DiskImages.framework/Versions/A/DiskImages
0x0000000049353000 	/System/Library/PrivateFrameworks/LoginUIKit.framework/Versions/A/Frameworks/LoginUICore.framework/Versions/A/LoginUICore
0x0000000049353000 	/usr/lib/libCoreStorage.dylib
0x0000000049353000 	/usr/lib/libcsfde.dylib
0x0000000049353000 	/usr/lib/libodfde.dylib
0x0000000049353000 	/System/Library/Frameworks/DiscRecording.framework/Versions/A/DiscRecording
0x0000000049353000 	/usr/lib/libcurl.4.dylib
0x0000000049353000 	/System/Library/PrivateFrameworks/MediaKit.framework/Versions/A/MediaKit
0x0000000049353000 	/System/Library/PrivateFrameworks/ProtectedCloudStorage.framework/Versions/A/ProtectedCloudStorage
0x0000000049353000 	/System/Library/PrivateFrameworks/EFILogin.framework/Versions/A/EFILogin
0x0000000049353000 	/usr/lib/libutil.dylib
0x0000000049353000 	/System/Library/Frameworks/LDAP.framework/Versions/A/LDAP
0x0000000049353000 	/usr/lib/libsasl2.2.dylib
0x0000000049353000 	/System/Library/PrivateFrameworks/CoreDaemon.framework/Versions/B/CoreDaemon
0x0000000049353000 	/System/Library/PrivateFrameworks/AppleSRP.framework/Versions/A/AppleSRP
0x0000000049353000 	/System/Library/PrivateFrameworks/APFS.framework/Versions/A/APFS
0x0000000125f59000 	/Library/Java/JavaVirtualMachines/jdk1.8.0_111.jdk/Contents/Home/jre/lib/libfontmanager.dylib
0x0000000127fe7000 	/Library/Java/JavaVirtualMachines/jdk1.8.0_111.jdk/Contents/Home/jre/lib/libosxui.dylib
0x0000000049353000 	/System/Library/PrivateFrameworks/ViewBridge.framework/Versions/A/ViewBridge
0x0000000049353000 	/System/Library/PrivateFrameworks/XPCService.framework/Versions/A/XPCService
0x0000000049353000 	/System/Library/PrivateFrameworks/AppSandbox.framework/Versions/A/AppSandbox
0x0000000049353000 	/usr/lib/libsandbox.1.dylib
0x0000000049353000 	/usr/lib/libMatch.1.dylib
0x0000000128b50000 	/Library/Java/JavaVirtualMachines/jdk1.8.0_111.jdk/Contents/Home/jre/lib/libnet.dylib
0x0000000128b67000 	/Library/Java/JavaVirtualMachines/jdk1.8.0_111.jdk/Contents/Home/jre/lib/libnio.dylib
0x0000000190d0e000 	/private/var/folders/9f/6bxbn80n4793vm26lrjc_dvm0000gn/T/jogamp_0000/file_cache/jln1056524993350703938/jln2543767972985242867/libgluegen-rt.jnilib
0x0000000190d12000 	/private/var/folders/9f/6bxbn80n4793vm26lrjc_dvm0000gn/T/jogamp_0000/file_cache/jln1056524993350703938/jln2543767972985242867/libnativewindow_awt.jnilib
0x0000000190d15000 	/Library/Java/JavaVirtualMachines/jdk1.8.0_111.jdk/Contents/Home/jre/lib/libjawt.dylib
0x0000000190d18000 	/private/var/folders/9f/6bxbn80n4793vm26lrjc_dvm0000gn/T/jogamp_0000/file_cache/jln1056524993350703938/jln2543767972985242867/libnativewindow_macosx.jnilib
0x0000000197413000 	/private/var/folders/9f/6bxbn80n4793vm26lrjc_dvm0000gn/T/jogamp_0000/file_cache/jln1056524993350703938/jln2543767972985242867/libjogl_desktop.jnilib
0x00000001236d8000 	/Library/Java/JavaVirtualMachines/jdk1.8.0_111.jdk/Contents/Home/jre/lib/libt2k.dylib

VM Arguments:
jvm_args: -Djava.security.policy=java.policy.applet -Dfile.encoding=UTF-8 
java_command: sun.applet.AppletViewer module5.EarthquakeCityMap1482674509473.html
java_class_path (initial): /Users/HSZHAO/Documents/Eclipse_workspace/UCSDUnfoldingMaps/build:/Users/HSZHAO/Documents/Eclipse_workspace/UCSDUnfoldingMaps/lib/core.jar:/Users/HSZHAO/Documents/Eclipse_workspace/UCSDUnfoldingMaps/lib/gluegen-rt.jar:/Users/HSZHAO/Documents/Eclipse_workspace/UCSDUnfoldingMaps/lib/jogl-all.jar:/Users/HSZHAO/Documents/Eclipse_workspace/UCSDUnfoldingMaps/lib/log4j-1.2.15.jar:/Users/HSZHAO/Documents/Eclipse_workspace/UCSDUnfoldingMaps/lib/sqlite-jdbc-3.7.2.jar:/Users/HSZHAO/Documents/Eclipse_workspace/UCSDUnfoldingMaps/lib/json4processing.jar:/Users/HSZHAO/Documents/Eclipse_workspace/UCSDUnfoldingMaps/lib/libTUIO.jar:/Users/HSZHAO/Documents/Eclipse_workspace/UCSDUnfoldingMaps/lib/unfolding.0.9.7-uscd.jar
Launcher Type: SUN_STANDARD

Environment Variables:
PATH=/usr/bin:/bin:/usr/sbin:/sbin
SHELL=/bin/bash

Signal Handlers:
SIGSEGV: [libjvm.dylib+0x5b03ed], sa_mask[0]=11111111011111110111111111111111, sa_flags=SA_ONSTACK|SA_RESTART|SA_SIGINFO
SIGBUS: [libjvm.dylib+0x5b03ed], sa_mask[0]=11111111011111110111111111111111, sa_flags=SA_RESTART|SA_SIGINFO
SIGFPE: [libjvm.dylib+0x48711c], sa_mask[0]=11111111011111110111111111111111, sa_flags=SA_RESTART|SA_SIGINFO
SIGPIPE: [libjvm.dylib+0x48711c], sa_mask[0]=11111111011111110111111111111111, sa_flags=SA_RESTART|SA_SIGINFO
SIGXFSZ: [libjvm.dylib+0x48711c], sa_mask[0]=11111111011111110111111111111111, sa_flags=SA_RESTART|SA_SIGINFO
SIGILL: [libjvm.dylib+0x48711c], sa_mask[0]=11111111011111110111111111111111, sa_flags=SA_RESTART|SA_SIGINFO
SIGUSR1: SIG_DFL, sa_mask[0]=00000000000000000000000000000000, sa_flags=none
SIGUSR2: [libjvm.dylib+0x486c3a], sa_mask[0]=00100000000000000000000000000000, sa_flags=SA_RESTART|SA_SIGINFO
SIGHUP: [libjvm.dylib+0x485211], sa_mask[0]=11111111011111110111111111111111, sa_flags=SA_RESTART|SA_SIGINFO
SIGINT: [libjvm.dylib+0x485211], sa_mask[0]=11111111011111110111111111111111, sa_flags=SA_RESTART|SA_SIGINFO
SIGTERM: [libjvm.dylib+0x485211], sa_mask[0]=11111111011111110111111111111111, sa_flags=SA_RESTART|SA_SIGINFO
SIGQUIT: [libjvm.dylib+0x485211], sa_mask[0]=11111111011111110111111111111111, sa_flags=SA_RESTART|SA_SIGINFO


---------------  S Y S T E M  ---------------

OS:Bsduname:Darwin 16.1.0 Darwin Kernel Version 16.1.0: Wed Oct 19 20:31:56 PDT 2016; root:xnu-3789.21.4~4/RELEASE_X86_64 x86_64
rlimit: STACK 8192k, CORE 0k, NPROC 709, NOFILE 10240, AS infinity
load average:1.76 1.70 1.71

CPU:total 8 (4 cores per cpu, 2 threads per core) family 6 model 70 stepping 1, cmov, cx8, fxsr, mmx, sse, sse2, sse3, ssse3, sse4.1, sse4.2, popcnt, avx, avx2, aes, clmul, erms, rtm, lzcnt, ht, tsc, tscinvbit, bmi1, bmi2

Memory: 4k page, physical 16777216k(2992132k free)

/proc/meminfo:


vm_info: Java HotSpot(TM) 64-Bit Server VM (25.111-b14) for bsd-amd64 JRE (1.8.0_111-b14), built on Sep 22 2016 15:31:41 by "java_re" with gcc 4.2.1 (Based on Apple Inc. build 5658) (LLVM build 2336.11.00)

time: Sun Dec 25 22:03:27 2016
elapsed time: 98 seconds (0d 0h 1m 38s)

