#
# A fatal error has been detected by the Java Runtime Environment:
#
#  SIGSEGV (0xb) at pc=0x00007fffd300cb5d, pid=46272, tid=0x0000000000000307
#
# JRE version: Java(TM) SE Runtime Environment (8.0_111-b14) (build 1.8.0_111-b14)
# Java VM: Java HotSpot(TM) 64-Bit Server VM (25.111-b14 mixed mode bsd-amd64 compressed oops)
# Problematic frame:
# C  [libobjc.A.dylib+0x6b5d]  objc_msgSend+0x1d
#
# Failed to write core dump. Core dumps have been disabled. To enable core dumping, try "ulimit -c unlimited" before starting Java again
#
# If you would like to submit a bug report, please visit:
#   http://bugreport.java.com/bugreport/crash.jsp
# The crash happened outside the Java Virtual Machine in native code.
# See problematic frame for where to report the bug.
#

---------------  T H R E A D  ---------------

Current thread (0x00007faba9040800):  JavaThread "AWT-AppKit" daemon [_thread_in_native, id=775, stack(0x00007fff4f708000,0x00007fff4ff08000)]

siginfo: si_signo: 11 (SIGSEGV), si_code: 1 (SEGV_MAPERR), si_addr: 0x0000000000000018

Registers:
RAX=0x00007fabad54f290, RBX=0x000000019d90a450, RCX=0x00007fabad101570, RDX=0x0000000000000000
RSP=0x00007fff4ff03418, RBP=0x00007fff4ff034d0, RSI=0x00007fffbce3b56c, RDI=0x00007faba7591a30
R8 =0x0000000000000018, R9 =0x00007fabad100ec0, R10=0x0000000000000000, R11=0x00007fffbce3b56c
R12=0x0000000000000000, R13=0x00000001a3cfc140, R14=0x000000019d90a440, R15=0x00007faba9040800
RIP=0x00007fffd300cb5d, EFLAGS=0x0000000000010246, ERR=0x0000000000000004
  TRAPNO=0x000000000000000e

Top of Stack: (sp=0x00007fff4ff03418)
0x00007fff4ff03418:   000000019d908157 00007fff4ff03470
0x00007fff4ff03428:   0000000000000003 00007fff4ff03450
0x00007fff4ff03438:   0000000110ff27be 00000001a3cfc140
0x00007fff4ff03448:   00000001a3cfc140 00007fabad54f290
0x00007fff4ff03458:   000000019d90a6a0 000000019d90a710
0x00007fff4ff03468:   00007fffd90356d0 00007fffd9c9df90
0x00007fff4ff03478:   000000019d90a450 000000019d90a690
0x00007fff4ff03488:   00007fabad54f290 00007faba7591a30
0x00007fff4ff03498:   00007faba75434b0 00007fabad54f290
0x00007fff4ff034a8:   00007faba7591a30 00007fff4ff03558
0x00007fff4ff034b8:   00007faba90409f8 00000001a3cfc140
0x00007fff4ff034c8:   00007fff4ff03580 00007fff4ff03548
0x00007fff4ff034d8:   000000011f2519f4 00000001a3cfc140
0x00007fff4ff034e8:   00007fff4ff03580 00007fff4ff03548
0x00007fff4ff034f8:   000000011f251787 000000011f251742
0x00007fff4ff03508:   00007fff4ff03508 00000001a3cfc140
0x00007fff4ff03518:   00007fff4ff03580 00000001a3cfed78
0x00007fff4ff03528:   0000000000000000 00000001a3cfc140
0x00007fff4ff03538:   0000000000000000 00007fff4ff03568
0x00007fff4ff03548:   00007fff4ff035c8 000000011f2422bd
0x00007fff4ff03558:   00000006c0e57f68 000000011f24b538
0x00007fff4ff03568:   00007fabad54f290 00007fff4ff035c8
0x00007fff4ff03578:   00007faba7591a30 000000011f24ce02
0x00007fff4ff03588:   00007fff4ff03588 00000001a3cfc30a
0x00007fff4ff03598:   00007fff4ff035f0 00000001a3cfed78
0x00007fff4ff035a8:   0000000000000000 00000001a3cfc318
0x00007fff4ff035b8:   00007fff4ff03568 00007fff4ff035d8
0x00007fff4ff035c8:   00007fff4ff03638 000000011f2422bd
0x00007fff4ff035d8:   00007fabad54f290 00000006c0ea1108
0x00007fff4ff035e8:   00007faba7591a30 00000006c0ea1108
0x00007fff4ff035f8:   00007fff4ff035f8 00000001a985442e
0x00007fff4ff03608:   00007fff4ff03648 00000001a98544e8 

Instructions: (pc=0x00007fffd300cb5d)
0x00007fffd300cb3d:   0f 1f 00 48 85 ff 2e 74 62 40 f6 c7 01 2e 75 66
0x00007fffd300cb4d:   49 ba f8 ff ff ff ff 7f 00 00 4c 23 17 49 89 f3
0x00007fffd300cb5d:   45 23 5a 18 49 c1 e3 04 4d 03 5a 10 49 3b 33 75
0x00007fffd300cb6d:   04 41 ff 63 08 49 83 3b 01 76 0d 49 83 c3 10 49 

Register to memory mapping:

RAX=0x00007fabad54f290 is an unknown value
RBX=0x000000019d90a450: Java_jogamp_nativewindow_macosx_OSXUtil_GetScreenRefreshRate0+0x1cf0 in /private/var/folders/9f/6bxbn80n4793vm26lrjc_dvm0000gn/T/jogamp_0000/file_cache/jln4127620446495714998/jln3968947556706660061/libnativewindow_macosx.jnilib at 0x000000019d903000
RCX=0x00007fabad101570 is an unknown value
RDX=0x0000000000000000 is an unknown value
RSP=0x00007fff4ff03418 is pointing into the stack for thread: 0x00007faba9040800
RBP=0x00007fff4ff034d0 is pointing into the stack for thread: 0x00007faba9040800
RSI=0x00007fffbce3b56c: __NSStyleNameIndexTable+0x7e867 in /System/Library/Frameworks/AppKit.framework/Versions/C/AppKit at 0x00007fffbc1dd000
RDI=0x00007faba7591a30 is an unknown value
R8 =0x0000000000000018 is an unknown value
R9 =0x00007fabad100ec0 is an unknown value
R10=0x0000000000000000 is an unknown value
R11=0x00007fffbce3b56c: __NSStyleNameIndexTable+0x7e867 in /System/Library/Frameworks/AppKit.framework/Versions/C/AppKit at 0x00007fffbc1dd000
R12=0x0000000000000000 is an unknown value
R13={method} {0x00000001a3cfc140} 'UnsetJAWTRootSurfaceLayer0' '(JJ)V' in 'jogamp/nativewindow/jawt/macosx/MacOSXJAWTWindow'
R14=0x000000019d90a440: Java_jogamp_nativewindow_macosx_OSXUtil_GetScreenRefreshRate0+0x1ce0 in /private/var/folders/9f/6bxbn80n4793vm26lrjc_dvm0000gn/T/jogamp_0000/file_cache/jln4127620446495714998/jln3968947556706660061/libnativewindow_macosx.jnilib at 0x000000019d903000
R15=0x00007faba9040800 is a thread


Stack: [0x00007fff4f708000,0x00007fff4ff08000],  sp=0x00007fff4ff03418,  free space=8173k
Native frames: (J=compiled Java code, j=interpreted, Vv=VM code, C=native code)
C  [libobjc.A.dylib+0x6b5d]  objc_msgSend+0x1d
j  jogamp.nativewindow.jawt.macosx.MacOSXJAWTWindow.UnsetJAWTRootSurfaceLayer0(JJ)V+0
j  jogamp.nativewindow.jawt.macosx.MacOSXJAWTWindow.access$200(JJ)V+2
j  jogamp.nativewindow.jawt.macosx.MacOSXJAWTWindow$1.run()V+38
j  com.jogamp.common.util.RunnableTask.run()V+24
v  ~StubRoutines::call_stub
V  [libjvm.dylib+0x2ecf8a]  JavaCalls::call_helper(JavaValue*, methodHandle*, JavaCallArguments*, Thread*)+0x6ae
V  [libjvm.dylib+0x324119]  jni_invoke_nonstatic(JNIEnv_*, JavaValue*, _jobject*, JNICallType, _jmethodID*, JNI_ArgumentPusher*, Thread*)+0x2ec
V  [libjvm.dylib+0x3168e7]  jni_CallVoidMethod+0x16b
C  [libnativewindow_macosx.jnilib+0x5326]  Java_jogamp_nativewindow_jawt_macosx_MacOSXJAWTWindow_UnsetJAWTRootSurfaceLayer0+0x2b6
C  [Foundation+0x71f2a]  __NSThreadPerformPerform+0x146
C  [CoreFoundation+0xa74b1]  __CFRUNLOOP_IS_CALLING_OUT_TO_A_SOURCE0_PERFORM_FUNCTION__+0x11
C  [CoreFoundation+0x8861d]  __CFRunLoopDoSources0+0x22d
C  [CoreFoundation+0x87b16]  __CFRunLoopRun+0x3a6
C  [CoreFoundation+0x87514]  CFRunLoopRunSpecific+0x1a4
C  [HIToolbox+0x312ac]  RunCurrentEventLoopInMode+0xf0
C  [HIToolbox+0x30fe9]  ReceiveNextEventCommon+0xb8
C  [HIToolbox+0x30f16]  _BlockUntilNextEventMatchingListInModeWithFilter+0x47
C  [AppKit+0x476cd]  _DPSNextEvent+0x445
C  [AppKit+0x7be830]  -[NSApplication(NSEvent) _nextEventMatchingEventMask:untilDate:inMode:dequeue:]+0xaaa
C  [libosxapp.dylib+0x23aa]  -[NSApplicationAWT nextEventMatchingMask:untilDate:inMode:dequeue:]+0x7c
C  [AppKit+0x3c06d]  -[NSApplication run]+0x39e
C  [libosxapp.dylib+0x214d]  +[NSApplicationAWT runAWTLoopWithApp:]+0x9c
C  [libawt_lwawt.dylib+0x444b3]  -[AWTStarter starter:]+0x389
C  [Foundation+0x71f2a]  __NSThreadPerformPerform+0x146
C  [CoreFoundation+0xa74b1]  __CFRUNLOOP_IS_CALLING_OUT_TO_A_SOURCE0_PERFORM_FUNCTION__+0x11
C  [CoreFoundation+0x8861d]  __CFRunLoopDoSources0+0x22d
C  [CoreFoundation+0x87b16]  __CFRunLoopRun+0x3a6
C  [CoreFoundation+0x87514]  CFRunLoopRunSpecific+0x1a4
C  [java+0x6465]  CreateExecutionEnvironment+0x367
C  [java+0x218c]  JLI_Launch+0x7a0
C  [java+0x84c2]  main+0x65
C  [java+0x19e4]  start+0x34
C  0x0000000000000007

Java frames: (J=compiled Java code, j=interpreted, Vv=VM code)
j  jogamp.nativewindow.jawt.macosx.MacOSXJAWTWindow.UnsetJAWTRootSurfaceLayer0(JJ)V+0
j  jogamp.nativewindow.jawt.macosx.MacOSXJAWTWindow.access$200(JJ)V+2
j  jogamp.nativewindow.jawt.macosx.MacOSXJAWTWindow$1.run()V+38
j  com.jogamp.common.util.RunnableTask.run()V+24
v  ~StubRoutines::call_stub

---------------  P R O C E S S  ---------------

Java Threads: ( => current thread )
  0x00007fab9e3e1800 JavaThread "Thread-55" [_thread_blocked, id=74439, stack(0x0000700007259000,0x0000700007359000)]
  0x00007fabaabbf000 JavaThread "AWT-EventQueue-1" [_thread_in_native, id=80147, stack(0x00007000079f7000,0x0000700007af7000)]
  0x00007fabaa96e800 JavaThread "DestroyJavaVM" [_thread_blocked, id=7171, stack(0x0000700005d17000,0x0000700005e17000)]
  0x00007fabaaa43800 JavaThread "AWT-EventQueue-0" [_thread_blocked, id=77323, stack(0x00007000077f1000,0x00007000078f1000)]
  0x00007fabaaa44800 JavaThread "Java2D Disposer" daemon [_thread_blocked, id=62723, stack(0x0000700007568000,0x0000700007668000)]
  0x00007fabaaa11000 JavaThread "Java2D Queue Flusher" daemon [_thread_blocked, id=60167, stack(0x00007000073e2000,0x00007000074e2000)]
  0x00007faba9015000 JavaThread "AWT-Shutdown" [_thread_blocked, id=33055, stack(0x00007000070d3000,0x00007000071d3000)]
=>0x00007faba9040800 JavaThread "AWT-AppKit" daemon [_thread_in_native, id=775, stack(0x00007fff4f708000,0x00007fff4ff08000)]
  0x00007faba781c000 JavaThread "Service Thread" daemon [_thread_blocked, id=21251, stack(0x0000700006e4a000,0x0000700006f4a000)]
  0x00007fabaa84d800 JavaThread "C1 CompilerThread3" daemon [_thread_blocked, id=20739, stack(0x0000700006d47000,0x0000700006e47000)]
  0x00007faba8000800 JavaThread "C2 CompilerThread2" daemon [_thread_blocked, id=20227, stack(0x0000700006c44000,0x0000700006d44000)]
  0x00007fabaa84c800 JavaThread "C2 CompilerThread1" daemon [_thread_blocked, id=19715, stack(0x0000700006b41000,0x0000700006c41000)]
  0x00007fabaa84b000 JavaThread "C2 CompilerThread0" daemon [_thread_blocked, id=19203, stack(0x0000700006a3e000,0x0000700006b3e000)]
  0x00007fabaa837000 JavaThread "Signal Dispatcher" daemon [_thread_blocked, id=18691, stack(0x000070000693b000,0x0000700006a3b000)]
  0x00007faba900d000 JavaThread "Finalizer" daemon [_thread_blocked, id=14595, stack(0x0000700006838000,0x0000700006938000)]
  0x00007faba8019800 JavaThread "Reference Handler" daemon [_thread_blocked, id=14083, stack(0x0000700006735000,0x0000700006835000)]

Other Threads:
  0x00007fabaa82e000 VMThread [stack: 0x0000700006632000,0x0000700006732000] [id=13571]
  0x00007faba8062800 WatcherThread [stack: 0x0000700006f4d000,0x000070000704d000] [id=21763]

VM state:not at safepoint (normal execution)

VM Mutex/Monitor currently owned by a thread: None

Heap:
 PSYoungGen      total 160768K, used 149166K [0x000000076ab00000, 0x0000000775d00000, 0x00000007c0000000)
  eden space 149504K, 97% used [0x000000076ab00000,0x00000007738ab788,0x0000000773d00000)
  from space 11264K, 36% used [0x0000000775200000,0x00000007756000d0,0x0000000775d00000)
  to   space 16384K, 0% used [0x0000000773d00000,0x0000000773d00000,0x0000000774d00000)
 ParOldGen       total 113152K, used 34489K [0x00000006c0000000, 0x00000006c6e80000, 0x000000076ab00000)
  object space 113152K, 30% used [0x00000006c0000000,0x00000006c21ae498,0x00000006c6e80000)
 Metaspace       used 27707K, capacity 27905K, committed 28160K, reserved 1075200K
  class space    used 2159K, capacity 2240K, committed 2304K, reserved 1048576K

Card table byte_map: [0x0000000112161000,0x0000000112962000] byte_map_base: 0x000000010eb61000

Marking Bits: (ParMarkBitMap*) 0x00000001116efd20
 Begin Bits: [0x0000000112eb8000, 0x0000000116eb8000)
 End Bits:   [0x0000000116eb8000, 0x000000011aeb8000)

Polling page: 0x000000010fdb8000

CodeCache: size=245760Kb used=12262Kb max_used=12496Kb free=233497Kb
 bounds [0x000000011f23a000, 0x000000011fe8a000, 0x000000012e23a000]
 total_blobs=3753 nmethods=2851 adapters=815
 compilation: enabled

Compilation events (10 events):
Event: 651.429 Thread 0x00007faba8000800 3533       4       java.lang.Math::floor (5 bytes)
Event: 651.429 Thread 0x00007fabaa84d800 3534       1       sun.java2d.SurfaceData::isValid (5 bytes)
Event: 651.429 Thread 0x00007fabaa84d800 nmethod 3534 0x000000011f43cbd0 code [0x000000011f43cd20, 0x000000011f43ce30]
Event: 651.429 Thread 0x00007faba8000800 nmethod 3533 0x000000011f7e2f90 code [0x000000011f7e3100, 0x000000011f7e3218]
Event: 651.429 Thread 0x00007fabaa84d800 3535  s    3       sun.font.FontAccess::getFontAccess (4 bytes)
Event: 651.430 Thread 0x00007fabaa84d800 nmethod 3535 0x000000011f479450 code [0x000000011f4795c0, 0x000000011f479870]
Event: 651.430 Thread 0x00007fabaa84d800 3536       3       sun.java2d.pipe.RenderBuffer::putFloat (26 bytes)
Event: 651.430 Thread 0x00007fabaa84d800 nmethod 3536 0x000000011fc5cd50 code [0x000000011fc5cec0, 0x000000011fc5d050]
Event: 651.467 Thread 0x00007fabaa84c800 3538       4       java.io.UnixFileSystem::parentOrNull (118 bytes)
Event: 651.478 Thread 0x00007fabaa84c800 nmethod 3538 0x000000011f6da550 code [0x000000011f6da6e0, 0x000000011f6dae18]

GC Heap History (10 events):
Event: 536.278 GC heap before
{Heap before GC invocations=23 (full 1):
 PSYoungGen      total 179712K, used 179296K [0x000000076ab00000, 0x0000000777800000, 0x00000007c0000000)
  eden space 175104K, 100% used [0x000000076ab00000,0x0000000775600000,0x0000000775600000)
  from space 4608K, 90% used [0x0000000775b80000,0x0000000775f980d0,0x0000000776000000)
  to   space 17408K, 0% used [0x0000000776700000,0x0000000776700000,0x0000000777800000)
 ParOldGen       total 113152K, used 34257K [0x00000006c0000000, 0x00000006c6e80000, 0x000000076ab00000)
  object space 113152K, 30% used [0x00000006c0000000,0x00000006c2174498,0x00000006c6e80000)
 Metaspace       used 27672K, capacity 27905K, committed 28160K, reserved 1075200K
  class space    used 2151K, capacity 2240K, committed 2304K, reserved 1048576K
Event: 536.281 GC heap after
Heap after GC invocations=23 (full 1):
 PSYoungGen      total 181248K, used 4160K [0x000000076ab00000, 0x0000000777280000, 0x00000007c0000000)
  eden space 169472K, 0% used [0x000000076ab00000,0x000000076ab00000,0x0000000775080000)
  from space 11776K, 35% used [0x0000000776700000,0x0000000776b100d0,0x0000000777280000)
  to   space 17408K, 0% used [0x0000000775080000,0x0000000775080000,0x0000000776180000)
 ParOldGen       total 113152K, used 34281K [0x00000006c0000000, 0x00000006c6e80000, 0x000000076ab00000)
  object space 113152K, 30% used [0x00000006c0000000,0x00000006c217a498,0x00000006c6e80000)
 Metaspace       used 27672K, capacity 27905K, committed 28160K, reserved 1075200K
  class space    used 2151K, capacity 2240K, committed 2304K, reserved 1048576K
}
Event: 561.151 GC heap before
{Heap before GC invocations=24 (full 1):
 PSYoungGen      total 181248K, used 173632K [0x000000076ab00000, 0x0000000777280000, 0x00000007c0000000)
  eden space 169472K, 100% used [0x000000076ab00000,0x0000000775080000,0x0000000775080000)
  from space 11776K, 35% used [0x0000000776700000,0x0000000776b100d0,0x0000000777280000)
  to   space 17408K, 0% used [0x0000000775080000,0x0000000775080000,0x0000000776180000)
 ParOldGen       total 113152K, used 34281K [0x00000006c0000000, 0x00000006c6e80000, 0x000000076ab00000)
  object space 113152K, 30% used [0x00000006c0000000,0x00000006c217a498,0x00000006c6e80000)
 Metaspace       used 27672K, capacity 27905K, committed 28160K, reserved 1075200K
  class space    used 2151K, capacity 2240K, committed 2304K, reserved 1048576K
Event: 561.153 GC heap after
Heap after GC invocations=24 (full 1):
 PSYoungGen      total 168960K, used 4192K [0x000000076ab00000, 0x0000000776d80000, 0x00000007c0000000)
  eden space 164352K, 0% used [0x000000076ab00000,0x000000076ab00000,0x0000000774b80000)
  from space 4608K, 90% used [0x0000000775080000,0x00000007754980d0,0x0000000775500000)
  to   space 17408K, 0% used [0x0000000775c80000,0x0000000775c80000,0x0000000776d80000)
 ParOldGen       total 113152K, used 34289K [0x00000006c0000000, 0x00000006c6e80000, 0x000000076ab00000)
  object space 113152K, 30% used [0x00000006c0000000,0x00000006c217c498,0x00000006c6e80000)
 Metaspace       used 27672K, capacity 27905K, committed 28160K, reserved 1075200K
  class space    used 2151K, capacity 2240K, committed 2304K, reserved 1048576K
}
Event: 585.371 GC heap before
{Heap before GC invocations=25 (full 1):
 PSYoungGen      total 168960K, used 168544K [0x000000076ab00000, 0x0000000776d80000, 0x00000007c0000000)
  eden space 164352K, 100% used [0x000000076ab00000,0x0000000774b80000,0x0000000774b80000)
  from space 4608K, 90% used [0x0000000775080000,0x00000007754980d0,0x0000000775500000)
  to   space 17408K, 0% used [0x0000000775c80000,0x0000000775c80000,0x0000000776d80000)
 ParOldGen       total 113152K, used 34289K [0x00000006c0000000, 0x00000006c6e80000, 0x000000076ab00000)
  object space 113152K, 30% used [0x00000006c0000000,0x00000006c217c498,0x00000006c6e80000)
 Metaspace       used 27672K, capacity 27905K, committed 28160K, reserved 1075200K
  class space    used 2151K, capacity 2240K, committed 2304K, reserved 1048576K
Event: 585.373 GC heap after
Heap after GC invocations=25 (full 1):
 PSYoungGen      total 171520K, used 4160K [0x000000076ab00000, 0x0000000776880000, 0x00000007c0000000)
  eden space 159232K, 0% used [0x000000076ab00000,0x000000076ab00000,0x0000000774680000)
  from space 12288K, 33% used [0x0000000775c80000,0x00000007760900d0,0x0000000776880000)
  to   space 17408K, 0% used [0x0000000774680000,0x0000000774680000,0x0000000775780000)
 ParOldGen       total 113152K, used 34337K [0x00000006c0000000, 0x00000006c6e80000, 0x000000076ab00000)
  object space 113152K, 30% used [0x00000006c0000000,0x00000006c2188498,0x00000006c6e80000)
 Metaspace       used 27672K, capacity 27905K, committed 28160K, reserved 1075200K
  class space    used 2151K, capacity 2240K, committed 2304K, reserved 1048576K
}
Event: 608.727 GC heap before
{Heap before GC invocations=26 (full 1):
 PSYoungGen      total 171520K, used 163392K [0x000000076ab00000, 0x0000000776880000, 0x00000007c0000000)
  eden space 159232K, 100% used [0x000000076ab00000,0x0000000774680000,0x0000000774680000)
  from space 12288K, 33% used [0x0000000775c80000,0x00000007760900d0,0x0000000776880000)
  to   space 17408K, 0% used [0x0000000774680000,0x0000000774680000,0x0000000775780000)
 ParOldGen       total 113152K, used 34337K [0x00000006c0000000, 0x00000006c6e80000, 0x000000076ab00000)
  object space 113152K, 30% used [0x00000006c0000000,0x00000006c2188498,0x00000006c6e80000)
 Metaspace       used 27672K, capacity 27905K, committed 28160K, reserved 1075200K
  class space    used 2151K, capacity 2240K, committed 2304K, reserved 1048576K
Event: 608.729 GC heap after
Heap after GC invocations=26 (full 1):
 PSYoungGen      total 158720K, used 4160K [0x000000076ab00000, 0x0000000776280000, 0x00000007c0000000)
  eden space 154112K, 0% used [0x000000076ab00000,0x000000076ab00000,0x0000000774180000)
  from space 4608K, 90% used [0x0000000774680000,0x0000000774a900d0,0x0000000774b00000)
  to   space 16896K, 0% used [0x0000000775200000,0x0000000775200000,0x0000000776280000)
 ParOldGen       total 113152K, used 34377K [0x00000006c0000000, 0x00000006c6e80000, 0x000000076ab00000)
  object space 113152K, 30% used [0x00000006c0000000,0x00000006c2192498,0x00000006c6e80000)
 Metaspace       used 27672K, capacity 27905K, committed 28160K, reserved 1075200K
  class space    used 2151K, capacity 2240K, committed 2304K, reserved 1048576K
}
Event: 631.396 GC heap before
{Heap before GC invocations=27 (full 1):
 PSYoungGen      total 158720K, used 158272K [0x000000076ab00000, 0x0000000776280000, 0x00000007c0000000)
  eden space 154112K, 100% used [0x000000076ab00000,0x0000000774180000,0x0000000774180000)
  from space 4608K, 90% used [0x0000000774680000,0x0000000774a900d0,0x0000000774b00000)
  to   space 16896K, 0% used [0x0000000775200000,0x0000000775200000,0x0000000776280000)
 ParOldGen       total 113152K, used 34377K [0x00000006c0000000, 0x00000006c6e80000, 0x000000076ab00000)
  object space 113152K, 30% used [0x00000006c0000000,0x00000006c2192498,0x00000006c6e80000)
 Metaspace       used 27672K, capacity 27905K, committed 28160K, reserved 1075200K
  class space    used 2151K, capacity 2240K, committed 2304K, reserved 1048576K
Event: 631.399 GC heap after
Heap after GC invocations=27 (full 1):
 PSYoungGen      total 160768K, used 4096K [0x000000076ab00000, 0x0000000775d00000, 0x00000007c0000000)
  eden space 149504K, 0% used [0x000000076ab00000,0x000000076ab00000,0x0000000773d00000)
  from space 11264K, 36% used [0x0000000775200000,0x00000007756000d0,0x0000000775d00000)
  to   space 16384K, 0% used [0x0000000773d00000,0x0000000773d00000,0x0000000774d00000)
 ParOldGen       total 113152K, used 34489K [0x00000006c0000000, 0x00000006c6e80000, 0x000000076ab00000)
  object space 113152K, 30% used [0x00000006c0000000,0x00000006c21ae498,0x00000006c6e80000)
 Metaspace       used 27672K, capacity 27905K, committed 28160K, reserved 1075200K
  class space    used 2151K, capacity 2240K, committed 2304K, reserved 1048576K
}

Deoptimization events (10 events):
Event: 651.465 Thread 0x00007faba8176800 Uncommon trap: reason=unstable_if action=reinterpret pc=0x000000011f76f07c method=java.util.HashMap.putVal(ILjava/lang/Object;Ljava/lang/Object;ZZ)Ljava/lang/Object; @ 81
Event: 651.465 Thread 0x00007fabaaa43800 Uncommon trap: reason=class_check action=maybe_recompile pc=0x000000011fa4860c method=java.awt.Component.getGraphics()Ljava/awt/Graphics; @ 114
Event: 651.465 Thread 0x00007fabaaa43800 Uncommon trap: reason=speculate_class_check action=maybe_recompile pc=0x000000011f3a40f8 method=sun.lwawt.LWComponentPeer.applyConstrain(Ljava/awt/Graphics;)V @ 32
Event: 651.468 Thread 0x00007faba9040800 Uncommon trap: reason=class_check action=maybe_recompile pc=0x000000011fa1df80 method=com.jogamp.common.util.RunnableTask.run()V @ 24
Event: 651.469 Thread 0x00007faba9040800 Uncommon trap: reason=unstable_if action=reinterpret pc=0x000000011f8dc07c method=jogamp.nativewindow.macosx.OSXUtil.RunOnMainThread(ZZLjava/lang/Runnable;)V @ 3
Event: 651.481 Thread 0x00007fabaabbf000 Uncommon trap: reason=unstable_if action=reinterpret pc=0x000000011f95c698 method=jogamp.opengl.GLContextImpl.release(Z)V @ 161
Event: 651.483 Thread 0x00007fabaabbf000 Uncommon trap: reason=unstable_if action=reinterpret pc=0x000000011f4ee118 method=java.util.LinkedList$ListItr.<init>(Ljava/util/LinkedList;I)V @ 26
Event: 651.484 Thread 0x00007fabaabbf000 Uncommon trap: reason=unstable_if action=reinterpret pc=0x000000011fa2ebd0 method=java.security.AccessControlContext.combine([Ljava/security/ProtectionDomain;[Ljava/security/ProtectionDomain;)[Ljava/security/ProtectionDomain; @ 151
Event: 651.486 Thread 0x00007fabaaa43800 Uncommon trap: reason=unstable_if action=reinterpret pc=0x000000011f908ff8 method=java.awt.font.FontRenderContext.equals(Ljava/awt/font/FontRenderContext;)Z @ 2
Event: 651.491 Thread 0x00007faba9040800 Uncommon trap: reason=class_check action=maybe_recompile pc=0x000000011fa1df80 method=com.jogamp.common.util.RunnableTask.run()V @ 24

Internal exceptions (10 events):
Event: 0.906 Thread 0x00007faba9002000 Exception <a 'java/io/FileNotFoundException'> (0x000000076ae30370) thrown at [/Users/java_re/workspace/8-2-build-macosx-x86_64/jdk8u111/7883/hotspot/src/share/vm/prims/jni.cpp, line 709]
Event: 0.906 Thread 0x00007faba9002000 Exception <a 'java/io/FileNotFoundException'> (0x000000076ae30ed8) thrown at [/Users/java_re/workspace/8-2-build-macosx-x86_64/jdk8u111/7883/hotspot/src/share/vm/prims/jni.cpp, line 709]
Event: 1.273 Thread 0x00007faba9002000 Exception <a 'java/io/FileNotFoundException'> (0x000000076aec66d0) thrown at [/Users/java_re/workspace/8-2-build-macosx-x86_64/jdk8u111/7883/hotspot/src/share/vm/prims/jni.cpp, line 709]
Event: 7.063 Thread 0x00007faba7b05800 Exception <a 'java/lang/UnsatisfiedLinkError': com.jogamp.common.util.JarUtil.fixNativeLibAttribs(Ljava/lang/String;)Z> (0x000000076c612080) thrown at [/Users/java_re/workspace/8-2-build-macosx-x86_64/jdk8u111/7883/hotspot/src/share/vm/prims/nativeLookup.
Event: 10.197 Thread 0x00007fabaabbf000 Exception <a 'java/io/FileNotFoundException'> (0x000000076d6a23a0) thrown at [/Users/java_re/workspace/8-2-build-macosx-x86_64/jdk8u111/7883/hotspot/src/share/vm/prims/jni.cpp, line 709]
Event: 10.199 Thread 0x00007fabaabbf000 Exception <a 'java/io/FileNotFoundException'> (0x000000076d6a89a8) thrown at [/Users/java_re/workspace/8-2-build-macosx-x86_64/jdk8u111/7883/hotspot/src/share/vm/prims/jni.cpp, line 709]
Event: 10.199 Thread 0x00007fabaabbf000 Implicit null exception at 0x000000011f3e0376 to 0x000000011f3e0745
Event: 11.256 Thread 0x00007faba900d000 Exception <a 'java/lang/NullPointerException'> (0x000000076aeaf000) thrown at [/Users/java_re/workspace/8-2-build-macosx-x86_64/jdk8u111/7883/hotspot/src/share/vm/interpreter/linkResolver.cpp, line 1178]
Event: 11.548 Thread 0x00007fabab927000 Implicit null exception at 0x000000011f3d9835 to 0x000000011f3d9bf9
Event: 651.447 Thread 0x00007fabaabbf000 Implicit null exception at 0x000000011f422245 to 0x000000011f422bc9

Events (10 events):
Event: 651.485 loading class java/awt/Toolkit$ToolkitEventMulticaster
Event: 651.485 loading class java/awt/Toolkit$ToolkitEventMulticaster done
Event: 651.485 Executing VM operation: RevokeBias
Event: 651.485 Executing VM operation: RevokeBias done
Event: 651.486 Thread 0x00007fabaaa43800 Uncommon trap: trap_request=0xffffff65 fr.pc=0x000000011f908ff8
Event: 651.486 Thread 0x00007fabaaa43800 DEOPT PACKING pc=0x000000011f908ff8 sp=0x00007000078ee660
Event: 651.486 Thread 0x00007fabaaa43800 DEOPT UNPACKING pc=0x000000011f23f229 sp=0x00007000078ee630 mode 2
Event: 651.491 Thread 0x00007faba9040800 Uncommon trap: trap_request=0xffffffde fr.pc=0x000000011fa1df80
Event: 651.491 Thread 0x00007faba9040800 DEOPT PACKING pc=0x000000011fa1df80 sp=0x00007fff4ff03690
Event: 651.491 Thread 0x00007faba9040800 DEOPT UNPACKING pc=0x000000011f23f229 sp=0x00007fff4ff03638 mode 2


Dynamic libraries:
0x0000000049353000 	/System/Library/Frameworks/Cocoa.framework/Versions/A/Cocoa
0x0000000049353000 	/System/Library/Frameworks/Security.framework/Versions/A/Security
0x0000000049353000 	/System/Library/Frameworks/ApplicationServices.framework/Versions/A/ApplicationServices
0x0000000049353000 	/usr/lib/libz.1.dylib
0x0000000049353000 	/usr/lib/libSystem.B.dylib
0x0000000049353000 	/usr/lib/libobjc.A.dylib
0x0000000049353000 	/System/Library/Frameworks/CoreFoundation.framework/Versions/A/CoreFoundation
0x0000000049353000 	/System/Library/Frameworks/Foundation.framework/Versions/C/Foundation
0x0000000049353000 	/System/Library/Frameworks/AppKit.framework/Versions/C/AppKit
0x0000000049353000 	/System/Library/Frameworks/CoreData.framework/Versions/A/CoreData
0x0000000049353000 	/System/Library/PrivateFrameworks/RemoteViewServices.framework/Versions/A/RemoteViewServices
0x0000000049353000 	/System/Library/PrivateFrameworks/UIFoundation.framework/Versions/A/UIFoundation
0x0000000049353000 	/System/Library/PrivateFrameworks/DFRFoundation.framework/Versions/A/DFRFoundation
0x0000000049353000 	/usr/lib/libenergytrace.dylib
0x0000000049353000 	/System/Library/PrivateFrameworks/SkyLight.framework/Versions/A/SkyLight
0x0000000049353000 	/System/Library/Frameworks/CoreGraphics.framework/Versions/A/CoreGraphics
0x0000000049353000 	/usr/lib/libScreenReader.dylib
0x0000000049353000 	/System/Library/Frameworks/Accelerate.framework/Versions/A/Accelerate
0x0000000049353000 	/System/Library/Frameworks/IOSurface.framework/Versions/A/IOSurface
0x0000000049353000 	/System/Library/Frameworks/AudioToolbox.framework/Versions/A/AudioToolbox
0x0000000049353000 	/System/Library/Frameworks/AudioUnit.framework/Versions/A/AudioUnit
0x0000000049353000 	/System/Library/PrivateFrameworks/DataDetectorsCore.framework/Versions/A/DataDetectorsCore
0x0000000049353000 	/System/Library/PrivateFrameworks/DesktopServicesPriv.framework/Versions/A/DesktopServicesPriv
0x0000000049353000 	/System/Library/Frameworks/Carbon.framework/Versions/A/Frameworks/HIToolbox.framework/Versions/A/HIToolbox
0x0000000049353000 	/usr/lib/libicucore.A.dylib
0x0000000049353000 	/System/Library/Frameworks/QuartzCore.framework/Versions/A/QuartzCore
0x0000000049353000 	/System/Library/Frameworks/Carbon.framework/Versions/A/Frameworks/SpeechRecognition.framework/Versions/A/SpeechRecognition
0x0000000049353000 	/usr/lib/libauto.dylib
0x0000000049353000 	/usr/lib/libxml2.2.dylib
0x0000000049353000 	/System/Library/PrivateFrameworks/CoreUI.framework/Versions/A/CoreUI
0x0000000049353000 	/System/Library/Frameworks/CoreAudio.framework/Versions/A/CoreAudio
0x0000000049353000 	/System/Library/Frameworks/DiskArbitration.framework/Versions/A/DiskArbitration
0x0000000049353000 	/usr/lib/liblangid.dylib
0x0000000049353000 	/System/Library/PrivateFrameworks/MultitouchSupport.framework/Versions/A/MultitouchSupport
0x0000000049353000 	/System/Library/Frameworks/IOKit.framework/Versions/A/IOKit
0x0000000049353000 	/usr/lib/libDiagnosticMessagesClient.dylib
0x0000000049353000 	/System/Library/Frameworks/CoreServices.framework/Versions/A/CoreServices
0x0000000049353000 	/System/Library/PrivateFrameworks/PerformanceAnalysis.framework/Versions/A/PerformanceAnalysis
0x0000000049353000 	/System/Library/PrivateFrameworks/GenerationalStorage.framework/Versions/A/GenerationalStorage
0x0000000049353000 	/System/Library/Frameworks/OpenGL.framework/Versions/A/OpenGL
0x0000000049353000 	/System/Library/Frameworks/CoreImage.framework/Versions/A/CoreImage
0x0000000049353000 	/System/Library/Frameworks/CoreText.framework/Versions/A/CoreText
0x0000000049353000 	/System/Library/Frameworks/ImageIO.framework/Versions/A/ImageIO
0x0000000049353000 	/System/Library/PrivateFrameworks/Backup.framework/Versions/A/Backup
0x0000000049353000 	/usr/lib/libarchive.2.dylib
0x0000000049353000 	/System/Library/Frameworks/CFNetwork.framework/Versions/A/CFNetwork
0x0000000049353000 	/System/Library/Frameworks/SystemConfiguration.framework/Versions/A/SystemConfiguration
0x0000000049353000 	/usr/lib/libCRFSuite.dylib
0x0000000049353000 	/usr/lib/libc++.1.dylib
0x0000000049353000 	/usr/lib/libc++abi.dylib
0x0000000049353000 	/usr/lib/system/libcache.dylib
0x0000000049353000 	/usr/lib/system/libcommonCrypto.dylib
0x0000000049353000 	/usr/lib/system/libcompiler_rt.dylib
0x0000000049353000 	/usr/lib/system/libcopyfile.dylib
0x0000000049353000 	/usr/lib/system/libcorecrypto.dylib
0x0000000049353000 	/usr/lib/system/libdispatch.dylib
0x0000000049353000 	/usr/lib/system/libdyld.dylib
0x0000000049353000 	/usr/lib/system/libkeymgr.dylib
0x0000000049353000 	/usr/lib/system/liblaunch.dylib
0x0000000049353000 	/usr/lib/system/libmacho.dylib
0x0000000049353000 	/usr/lib/system/libquarantine.dylib
0x0000000049353000 	/usr/lib/system/libremovefile.dylib
0x0000000049353000 	/usr/lib/system/libsystem_asl.dylib
0x0000000049353000 	/usr/lib/system/libsystem_blocks.dylib
0x0000000049353000 	/usr/lib/system/libsystem_c.dylib
0x0000000049353000 	/usr/lib/system/libsystem_configuration.dylib
0x0000000049353000 	/usr/lib/system/libsystem_coreservices.dylib
0x0000000049353000 	/usr/lib/system/libsystem_coretls.dylib
0x0000000049353000 	/usr/lib/system/libsystem_dnssd.dylib
0x0000000049353000 	/usr/lib/system/libsystem_info.dylib
0x0000000049353000 	/usr/lib/system/libsystem_kernel.dylib
0x0000000049353000 	/usr/lib/system/libsystem_m.dylib
0x0000000049353000 	/usr/lib/system/libsystem_malloc.dylib
0x0000000049353000 	/usr/lib/system/libsystem_network.dylib
0x0000000049353000 	/usr/lib/system/libsystem_networkextension.dylib
0x0000000049353000 	/usr/lib/system/libsystem_notify.dylib
0x0000000049353000 	/usr/lib/system/libsystem_platform.dylib
0x0000000049353000 	/usr/lib/system/libsystem_pthread.dylib
0x0000000049353000 	/usr/lib/system/libsystem_sandbox.dylib
0x0000000049353000 	/usr/lib/system/libsystem_secinit.dylib
0x0000000049353000 	/usr/lib/system/libsystem_symptoms.dylib
0x0000000049353000 	/usr/lib/system/libsystem_trace.dylib
0x0000000049353000 	/usr/lib/system/libunwind.dylib
0x0000000049353000 	/usr/lib/system/libxpc.dylib
0x0000000049353000 	/usr/lib/libbsm.0.dylib
0x0000000049353000 	/usr/lib/system/libkxld.dylib
0x0000000049353000 	/usr/lib/libcoretls.dylib
0x0000000049353000 	/usr/lib/libcoretls_cfhelpers.dylib
0x0000000049353000 	/usr/lib/libxar.1.dylib
0x0000000049353000 	/usr/lib/libsqlite3.dylib
0x0000000049353000 	/usr/lib/libpam.2.dylib
0x0000000049353000 	/usr/lib/libOpenScriptingUtil.dylib
0x0000000049353000 	/usr/lib/libbz2.1.0.dylib
0x0000000049353000 	/usr/lib/liblzma.5.dylib
0x0000000049353000 	/usr/lib/libnetwork.dylib
0x0000000049353000 	/usr/lib/libpcap.A.dylib
0x0000000049353000 	/System/Library/Frameworks/CoreServices.framework/Versions/A/Frameworks/FSEvents.framework/Versions/A/FSEvents
0x0000000049353000 	/System/Library/Frameworks/CoreServices.framework/Versions/A/Frameworks/CarbonCore.framework/Versions/A/CarbonCore
0x0000000049353000 	/System/Library/Frameworks/CoreServices.framework/Versions/A/Frameworks/Metadata.framework/Versions/A/Metadata
0x0000000049353000 	/System/Library/Frameworks/CoreServices.framework/Versions/A/Frameworks/OSServices.framework/Versions/A/OSServices
0x0000000049353000 	/System/Library/Frameworks/CoreServices.framework/Versions/A/Frameworks/SearchKit.framework/Versions/A/SearchKit
0x0000000049353000 	/System/Library/Frameworks/CoreServices.framework/Versions/A/Frameworks/AE.framework/Versions/A/AE
0x0000000049353000 	/System/Library/Frameworks/CoreServices.framework/Versions/A/Frameworks/LaunchServices.framework/Versions/A/LaunchServices
0x0000000049353000 	/System/Library/Frameworks/CoreServices.framework/Versions/A/Frameworks/DictionaryServices.framework/Versions/A/DictionaryServices
0x0000000049353000 	/System/Library/Frameworks/CoreServices.framework/Versions/A/Frameworks/SharedFileList.framework/Versions/A/SharedFileList
0x0000000049353000 	/System/Library/Frameworks/NetFS.framework/Versions/A/NetFS
0x0000000049353000 	/System/Library/PrivateFrameworks/NetAuth.framework/Versions/A/NetAuth
0x0000000049353000 	/System/Library/PrivateFrameworks/login.framework/Versions/A/Frameworks/loginsupport.framework/Versions/A/loginsupport
0x0000000049353000 	/System/Library/PrivateFrameworks/TCC.framework/Versions/A/TCC
0x0000000049353000 	/usr/lib/libmecabra.dylib
0x0000000049353000 	/System/Library/Frameworks/ApplicationServices.framework/Versions/A/Frameworks/ATS.framework/Versions/A/ATS
0x0000000049353000 	/System/Library/Frameworks/ApplicationServices.framework/Versions/A/Frameworks/ColorSync.framework/Versions/A/ColorSync
0x0000000049353000 	/System/Library/Frameworks/ApplicationServices.framework/Versions/A/Frameworks/HIServices.framework/Versions/A/HIServices
0x0000000049353000 	/System/Library/Frameworks/ApplicationServices.framework/Versions/A/Frameworks/LangAnalysis.framework/Versions/A/LangAnalysis
0x0000000049353000 	/System/Library/Frameworks/ApplicationServices.framework/Versions/A/Frameworks/PrintCore.framework/Versions/A/PrintCore
0x0000000049353000 	/System/Library/Frameworks/ApplicationServices.framework/Versions/A/Frameworks/QD.framework/Versions/A/QD
0x0000000049353000 	/System/Library/Frameworks/ApplicationServices.framework/Versions/A/Frameworks/SpeechSynthesis.framework/Versions/A/SpeechSynthesis
0x0000000049353000 	/System/Library/Frameworks/Accelerate.framework/Versions/A/Frameworks/vImage.framework/Versions/A/vImage
0x0000000049353000 	/System/Library/Frameworks/Accelerate.framework/Versions/A/Frameworks/vecLib.framework/Versions/A/vecLib
0x0000000049353000 	/System/Library/Frameworks/Accelerate.framework/Versions/A/Frameworks/vecLib.framework/Versions/A/libvDSP.dylib
0x0000000049353000 	/System/Library/Frameworks/Accelerate.framework/Versions/A/Frameworks/vecLib.framework/Versions/A/libBNNS.dylib
0x0000000049353000 	/System/Library/Frameworks/Accelerate.framework/Versions/A/Frameworks/vecLib.framework/Versions/A/libQuadrature.dylib
0x0000000049353000 	/System/Library/Frameworks/Accelerate.framework/Versions/A/Frameworks/vecLib.framework/Versions/A/libvMisc.dylib
0x0000000049353000 	/System/Library/Frameworks/Accelerate.framework/Versions/A/Frameworks/vecLib.framework/Versions/A/libLAPACK.dylib
0x0000000049353000 	/System/Library/Frameworks/Accelerate.framework/Versions/A/Frameworks/vecLib.framework/Versions/A/libBLAS.dylib
0x0000000049353000 	/System/Library/Frameworks/Accelerate.framework/Versions/A/Frameworks/vecLib.framework/Versions/A/libLinearAlgebra.dylib
0x0000000049353000 	/System/Library/Frameworks/Accelerate.framework/Versions/A/Frameworks/vecLib.framework/Versions/A/libSparseBLAS.dylib
0x0000000049353000 	/System/Library/Frameworks/ApplicationServices.framework/Versions/A/Frameworks/ATS.framework/Versions/A/Resources/libFontParser.dylib
0x0000000049353000 	/System/Library/Frameworks/ApplicationServices.framework/Versions/A/Frameworks/ATS.framework/Versions/A/Resources/libFontRegistry.dylib
0x0000000049353000 	/System/Library/Frameworks/ImageIO.framework/Versions/A/Resources/libJPEG.dylib
0x0000000049353000 	/System/Library/Frameworks/ImageIO.framework/Versions/A/Resources/libTIFF.dylib
0x0000000049353000 	/System/Library/Frameworks/ImageIO.framework/Versions/A/Resources/libPng.dylib
0x0000000049353000 	/System/Library/Frameworks/ImageIO.framework/Versions/A/Resources/libGIF.dylib
0x0000000049353000 	/System/Library/Frameworks/ImageIO.framework/Versions/A/Resources/libJP2.dylib
0x0000000049353000 	/System/Library/Frameworks/ImageIO.framework/Versions/A/Resources/libRadiance.dylib
0x0000000049353000 	/usr/lib/libcompression.dylib
0x0000000049353000 	/System/Library/PrivateFrameworks/AppleJPEG.framework/Versions/A/AppleJPEG
0x0000000049353000 	/usr/lib/libcups.2.dylib
0x0000000049353000 	/System/Library/Frameworks/Kerberos.framework/Versions/A/Kerberos
0x0000000049353000 	/System/Library/Frameworks/GSS.framework/Versions/A/GSS
0x0000000049353000 	/usr/lib/libresolv.9.dylib
0x0000000049353000 	/usr/lib/libiconv.2.dylib
0x0000000049353000 	/System/Library/PrivateFrameworks/Heimdal.framework/Versions/A/Heimdal
0x0000000049353000 	/usr/lib/libheimdal-asn1.dylib
0x0000000049353000 	/System/Library/Frameworks/OpenDirectory.framework/Versions/A/OpenDirectory
0x0000000049353000 	/System/Library/PrivateFrameworks/CommonAuth.framework/Versions/A/CommonAuth
0x0000000049353000 	/System/Library/Frameworks/OpenDirectory.framework/Versions/A/Frameworks/CFOpenDirectory.framework/Versions/A/CFOpenDirectory
0x0000000049353000 	/System/Library/Frameworks/SecurityFoundation.framework/Versions/A/SecurityFoundation
0x0000000049353000 	/System/Library/PrivateFrameworks/LanguageModeling.framework/Versions/A/LanguageModeling
0x0000000049353000 	/usr/lib/libmarisa.dylib
0x0000000049353000 	/usr/lib/libChineseTokenizer.dylib
0x0000000049353000 	/usr/lib/libcmph.dylib
0x0000000049353000 	/System/Library/PrivateFrameworks/CoreEmoji.framework/Versions/A/CoreEmoji
0x0000000049353000 	/System/Library/Frameworks/ServiceManagement.framework/Versions/A/ServiceManagement
0x0000000049353000 	/usr/lib/libxslt.1.dylib
0x0000000049353000 	/System/Library/Frameworks/Carbon.framework/Versions/A/Frameworks/Ink.framework/Versions/A/Ink
0x0000000049353000 	/System/Library/PrivateFrameworks/TextureIO.framework/Versions/A/TextureIO
0x0000000049353000 	/System/Library/Frameworks/Metal.framework/Versions/A/Metal
0x0000000049353000 	/usr/lib/libate.dylib
0x0000000049353000 	/System/Library/PrivateFrameworks/GPUCompiler.framework/libmetal_timestamp.dylib
0x0000000049353000 	/System/Library/Frameworks/OpenGL.framework/Versions/A/Libraries/libCoreFSCache.dylib
0x0000000049353000 	/System/Library/PrivateFrameworks/IOAccelerator.framework/Versions/A/IOAccelerator
0x0000000049353000 	/System/Library/Frameworks/CoreVideo.framework/Versions/A/CoreVideo
0x0000000049353000 	/usr/lib/libFosl_dynamic.dylib
0x0000000049353000 	/System/Library/PrivateFrameworks/MetalPerformanceShaders.framework/Versions/A/MetalPerformanceShaders
0x0000000049353000 	/System/Library/PrivateFrameworks/FaceCore.framework/Versions/A/FaceCore
0x0000000049353000 	/System/Library/Frameworks/OpenCL.framework/Versions/A/OpenCL
0x0000000049353000 	/System/Library/Frameworks/OpenGL.framework/Versions/A/Libraries/libGLU.dylib
0x0000000049353000 	/System/Library/Frameworks/OpenGL.framework/Versions/A/Libraries/libGFXShared.dylib
0x0000000049353000 	/System/Library/Frameworks/OpenGL.framework/Versions/A/Libraries/libGL.dylib
0x0000000049353000 	/System/Library/Frameworks/OpenGL.framework/Versions/A/Libraries/libGLImage.dylib
0x0000000049353000 	/System/Library/Frameworks/OpenGL.framework/Versions/A/Libraries/libCVMSPluginSupport.dylib
0x0000000049353000 	/System/Library/Frameworks/OpenGL.framework/Versions/A/Libraries/libCoreVMClient.dylib
0x0000000049353000 	/System/Library/PrivateFrameworks/CrashReporterSupport.framework/Versions/A/CrashReporterSupport
0x0000000049353000 	/System/Library/PrivateFrameworks/Sharing.framework/Versions/A/Sharing
0x0000000049353000 	/System/Library/PrivateFrameworks/IconServices.framework/Versions/A/IconServices
0x0000000049353000 	/System/Library/PrivateFrameworks/ProtocolBuffer.framework/Versions/A/ProtocolBuffer
0x0000000049353000 	/System/Library/PrivateFrameworks/Apple80211.framework/Versions/A/Apple80211
0x0000000049353000 	/System/Library/Frameworks/CoreWLAN.framework/Versions/A/CoreWLAN
0x0000000049353000 	/System/Library/PrivateFrameworks/CoreUtils.framework/Versions/A/CoreUtils
0x0000000049353000 	/System/Library/Frameworks/IOBluetooth.framework/Versions/A/IOBluetooth
0x0000000049353000 	/System/Library/PrivateFrameworks/CoreWiFi.framework/Versions/A/CoreWiFi
0x0000000049353000 	/System/Library/Frameworks/CoreBluetooth.framework/Versions/A/CoreBluetooth
0x0000000049353000 	/System/Library/Frameworks/CoreDisplay.framework/Versions/A/CoreDisplay
0x0000000049353000 	/System/Library/PrivateFrameworks/IOPresentment.framework/Versions/A/IOPresentment
0x0000000049353000 	/System/Library/PrivateFrameworks/DebugSymbols.framework/Versions/A/DebugSymbols
0x0000000049353000 	/System/Library/PrivateFrameworks/CoreSymbolication.framework/Versions/A/CoreSymbolication
0x0000000049353000 	/System/Library/PrivateFrameworks/Symbolication.framework/Versions/A/Symbolication
0x0000000049353000 	/System/Library/PrivateFrameworks/AppleFSCompression.framework/Versions/A/AppleFSCompression
0x0000000049353000 	/System/Library/PrivateFrameworks/SpeechRecognitionCore.framework/Versions/A/SpeechRecognitionCore
0x0000000049353000 	/System/Library/PrivateFrameworks/ChunkingLibrary.framework/Versions/A/ChunkingLibrary
0x0000000110e00000 	/Library/Java/JavaVirtualMachines/jdk1.8.0_111.jdk/Contents/Home/jre/lib/server/libjvm.dylib
0x0000000049353000 	/usr/lib/libstdc++.6.dylib
0x000000010fd75000 	/Library/Java/JavaVirtualMachines/jdk1.8.0_111.jdk/Contents/Home/jre/lib/libverify.dylib
0x000000010fd83000 	/Library/Java/JavaVirtualMachines/jdk1.8.0_111.jdk/Contents/Home/jre/lib/libjava.dylib
0x000000010fdc2000 	/Library/Java/JavaVirtualMachines/jdk1.8.0_111.jdk/Contents/Home/jre/lib/libzip.dylib
0x000000011de2f000 	/System/Library/Frameworks/JavaVM.framework/Frameworks/JavaRuntimeSupport.framework/JavaRuntimeSupport
0x000000011de49000 	/System/Library/Frameworks/JavaVM.framework/Versions/A/Frameworks/JavaNativeFoundation.framework/Versions/A/JavaNativeFoundation
0x000000011de5e000 	/System/Library/Frameworks/JavaVM.framework/Versions/A/JavaVM
0x0000000049353000 	/System/Library/Frameworks/Carbon.framework/Versions/A/Carbon
0x000000010fdf4000 	/System/Library/PrivateFrameworks/JavaLaunching.framework/Versions/A/JavaLaunching
0x0000000049353000 	/System/Library/Frameworks/Carbon.framework/Versions/A/Frameworks/CommonPanels.framework/Versions/A/CommonPanels
0x0000000049353000 	/System/Library/Frameworks/Carbon.framework/Versions/A/Frameworks/Help.framework/Versions/A/Help
0x0000000049353000 	/System/Library/Frameworks/Carbon.framework/Versions/A/Frameworks/ImageCapture.framework/Versions/A/ImageCapture
0x0000000049353000 	/System/Library/Frameworks/Carbon.framework/Versions/A/Frameworks/OpenScripting.framework/Versions/A/OpenScripting
0x0000000049353000 	/System/Library/Frameworks/Carbon.framework/Versions/A/Frameworks/Print.framework/Versions/A/Print
0x0000000049353000 	/System/Library/Frameworks/Carbon.framework/Versions/A/Frameworks/SecurityHI.framework/Versions/A/SecurityHI
0x000000011deb5000 	/Library/Java/JavaVirtualMachines/jdk1.8.0_111.jdk/Contents/Home/jre/lib/libawt.dylib
0x000000011df5d000 	/Library/Java/JavaVirtualMachines/jdk1.8.0_111.jdk/Contents/Home/jre/lib/./libmlib_image.dylib
0x000000011e029000 	/Library/Java/JavaVirtualMachines/jdk1.8.0_111.jdk/Contents/Home/jre/lib/libawt_lwawt.dylib
0x000000011e0de000 	/Library/Java/JavaVirtualMachines/jdk1.8.0_111.jdk/Contents/Home/jre/lib/./libosxapp.dylib
0x0000000049353000 	/System/Library/Frameworks/ExceptionHandling.framework/Versions/A/ExceptionHandling
0x0000000049353000 	/System/Library/PrivateFrameworks/CoreServicesInternal.framework/Versions/A/CoreServicesInternal
0x0000000049353000 	/System/Library/CoreServices/RawCamera.bundle/Contents/MacOS/RawCamera
0x0000000049353000 	/System/Library/Frameworks/Accelerate.framework/Versions/A/Frameworks/vImage.framework/Versions/A/Libraries/libCGInterfaces.dylib
0x0000000049353000 	/System/Library/Frameworks/ApplicationServices.framework/Versions/A/Frameworks/ATS.framework/Versions/A/Resources/libTrueTypeScaler.dylib
0x0000000049353000 	/System/Library/Frameworks/OpenGL.framework/Versions/A/Resources/GLEngine.bundle/GLEngine
0x0000000049353000 	/System/Library/Frameworks/OpenGL.framework/Versions/A/Libraries/libGLProgrammability.dylib
0x0000000130856000 	/System/Library/Extensions/AppleIntelHD5000GraphicsGLDriver.bundle/Contents/MacOS/AppleIntelHD5000GraphicsGLDriver
0x0000000049353000 	/System/Library/PrivateFrameworks/GPUSupport.framework/Versions/A/Libraries/libGPUSupportMercury.dylib
0x0000000049353000 	/System/Library/Extensions/GeForceGLDriver.bundle/Contents/MacOS/GeForceGLDriver
0x0000000049353000 	/System/Library/Extensions/GeForceGLDriver.bundle/Contents/MacOS/libclh.dylib
0x0000000049353000 	/System/Library/Frameworks/OpenGL.framework/Versions/A/Resources/GLRendererFloat.bundle/GLRendererFloat
0x0000000049353000 	/System/Library/Frameworks/OpenCL.framework/Versions/A/Libraries/libcldcpuengine.dylib
0x0000000049353000 	/usr/lib/libcrypto.0.9.8.dylib
0x0000000049353000 	/System/Library/PrivateFrameworks/TrustEvaluationAgent.framework/Versions/A/TrustEvaluationAgent
0x0000000049353000 	/System/Library/Extensions/GeForceMTLDriver.bundle/Contents/MacOS/GeForceMTLDriver
0x0000000130fe8000 	/System/Library/Extensions/AppleIntelHD5000GraphicsMTLDriver.bundle/Contents/MacOS/AppleIntelHD5000GraphicsMTLDriver
0x0000000049353000 	/System/Library/PrivateFrameworks/FamilyControls.framework/Versions/A/FamilyControls
0x0000000049353000 	/System/Library/PrivateFrameworks/CommerceKit.framework/Versions/A/Frameworks/CommerceCore.framework/Versions/A/CommerceCore
0x0000000049353000 	/System/Library/PrivateFrameworks/SystemAdministration.framework/Versions/A/SystemAdministration
0x0000000049353000 	/System/Library/PrivateFrameworks/AppContainer.framework/Versions/A/AppContainer
0x0000000049353000 	/System/Library/PrivateFrameworks/SecCodeWrapper.framework/Versions/A/SecCodeWrapper
0x0000000049353000 	/System/Library/Frameworks/DirectoryService.framework/Versions/A/DirectoryService
0x0000000049353000 	/System/Library/PrivateFrameworks/DiskImages.framework/Versions/A/DiskImages
0x0000000049353000 	/System/Library/PrivateFrameworks/LoginUIKit.framework/Versions/A/Frameworks/LoginUICore.framework/Versions/A/LoginUICore
0x0000000049353000 	/usr/lib/libCoreStorage.dylib
0x0000000049353000 	/usr/lib/libcsfde.dylib
0x0000000049353000 	/usr/lib/libodfde.dylib
0x0000000049353000 	/System/Library/Frameworks/DiscRecording.framework/Versions/A/DiscRecording
0x0000000049353000 	/usr/lib/libcurl.4.dylib
0x0000000049353000 	/System/Library/PrivateFrameworks/MediaKit.framework/Versions/A/MediaKit
0x0000000049353000 	/System/Library/PrivateFrameworks/ProtectedCloudStorage.framework/Versions/A/ProtectedCloudStorage
0x0000000049353000 	/System/Library/PrivateFrameworks/EFILogin.framework/Versions/A/EFILogin
0x0000000049353000 	/usr/lib/libutil.dylib
0x0000000049353000 	/System/Library/Frameworks/LDAP.framework/Versions/A/LDAP
0x0000000049353000 	/usr/lib/libsasl2.2.dylib
0x0000000049353000 	/System/Library/PrivateFrameworks/CoreDaemon.framework/Versions/B/CoreDaemon
0x0000000049353000 	/System/Library/PrivateFrameworks/AppleSRP.framework/Versions/A/AppleSRP
0x0000000049353000 	/System/Library/PrivateFrameworks/APFS.framework/Versions/A/APFS
0x0000000132c92000 	/Library/Java/JavaVirtualMachines/jdk1.8.0_111.jdk/Contents/Home/jre/lib/libfontmanager.dylib
0x0000000049353000 	/System/Library/PrivateFrameworks/ViewBridge.framework/Versions/A/ViewBridge
0x0000000049353000 	/System/Library/PrivateFrameworks/XPCService.framework/Versions/A/XPCService
0x0000000049353000 	/System/Library/PrivateFrameworks/AppSandbox.framework/Versions/A/AppSandbox
0x0000000049353000 	/usr/lib/libsandbox.1.dylib
0x0000000049353000 	/usr/lib/libMatch.1.dylib
0x0000000134d20000 	/Library/Java/JavaVirtualMachines/jdk1.8.0_111.jdk/Contents/Home/jre/lib/libosxui.dylib
0x0000000135885000 	/Library/Java/JavaVirtualMachines/jdk1.8.0_111.jdk/Contents/Home/jre/lib/libnet.dylib
0x000000013589c000 	/Library/Java/JavaVirtualMachines/jdk1.8.0_111.jdk/Contents/Home/jre/lib/libnio.dylib
0x000000019d8ff000 	/private/var/folders/9f/6bxbn80n4793vm26lrjc_dvm0000gn/T/jogamp_0000/file_cache/jln4127620446495714998/jln3968947556706660061/libgluegen-rt.jnilib
0x00000001358ac000 	/private/var/folders/9f/6bxbn80n4793vm26lrjc_dvm0000gn/T/jogamp_0000/file_cache/jln4127620446495714998/jln3968947556706660061/libnativewindow_awt.jnilib
0x00000001377d1000 	/Library/Java/JavaVirtualMachines/jdk1.8.0_111.jdk/Contents/Home/jre/lib/libjawt.dylib
0x000000019d903000 	/private/var/folders/9f/6bxbn80n4793vm26lrjc_dvm0000gn/T/jogamp_0000/file_cache/jln4127620446495714998/jln3968947556706660061/libnativewindow_macosx.jnilib
0x000000019e284000 	/private/var/folders/9f/6bxbn80n4793vm26lrjc_dvm0000gn/T/jogamp_0000/file_cache/jln4127620446495714998/jln3968947556706660061/libjogl_desktop.jnilib
0x00000001304a8000 	/Library/Java/JavaVirtualMachines/jdk1.8.0_111.jdk/Contents/Home/jre/lib/libt2k.dylib

VM Arguments:
jvm_args: -Djava.security.policy=java.policy.applet -Dfile.encoding=UTF-8 
java_command: sun.applet.AppletViewer module5.EarthquakeCityMap1482592373502.html
java_class_path (initial): /Users/HSZHAO/Documents/Eclipse_workspace/UCSDUnfoldingMaps/build:/Users/HSZHAO/Documents/Eclipse_workspace/UCSDUnfoldingMaps/lib/core.jar:/Users/HSZHAO/Documents/Eclipse_workspace/UCSDUnfoldingMaps/lib/gluegen-rt.jar:/Users/HSZHAO/Documents/Eclipse_workspace/UCSDUnfoldingMaps/lib/jogl-all.jar:/Users/HSZHAO/Documents/Eclipse_workspace/UCSDUnfoldingMaps/lib/log4j-1.2.15.jar:/Users/HSZHAO/Documents/Eclipse_workspace/UCSDUnfoldingMaps/lib/sqlite-jdbc-3.7.2.jar:/Users/HSZHAO/Documents/Eclipse_workspace/UCSDUnfoldingMaps/lib/json4processing.jar:/Users/HSZHAO/Documents/Eclipse_workspace/UCSDUnfoldingMaps/lib/libTUIO.jar:/Users/HSZHAO/Documents/Eclipse_workspace/UCSDUnfoldingMaps/lib/unfolding.0.9.7-uscd.jar
Launcher Type: SUN_STANDARD

Environment Variables:
PATH=/usr/bin:/bin:/usr/sbin:/sbin
SHELL=/bin/bash

Signal Handlers:
SIGSEGV: [libjvm.dylib+0x5b03ed], sa_mask[0]=11111111011111110111111111111111, sa_flags=SA_ONSTACK|SA_RESTART|SA_SIGINFO
SIGBUS: [libjvm.dylib+0x5b03ed], sa_mask[0]=11111111011111110111111111111111, sa_flags=SA_RESTART|SA_SIGINFO
SIGFPE: [libjvm.dylib+0x48711c], sa_mask[0]=11111111011111110111111111111111, sa_flags=SA_RESTART|SA_SIGINFO
SIGPIPE: [libjvm.dylib+0x48711c], sa_mask[0]=11111111011111110111111111111111, sa_flags=SA_RESTART|SA_SIGINFO
SIGXFSZ: [libjvm.dylib+0x48711c], sa_mask[0]=11111111011111110111111111111111, sa_flags=SA_RESTART|SA_SIGINFO
SIGILL: [libjvm.dylib+0x48711c], sa_mask[0]=11111111011111110111111111111111, sa_flags=SA_RESTART|SA_SIGINFO
SIGUSR1: SIG_DFL, sa_mask[0]=00000000000000000000000000000000, sa_flags=none
SIGUSR2: [libjvm.dylib+0x486c3a], sa_mask[0]=00100000000000000000000000000000, sa_flags=SA_RESTART|SA_SIGINFO
SIGHUP: [libjvm.dylib+0x485211], sa_mask[0]=11111111011111110111111111111111, sa_flags=SA_RESTART|SA_SIGINFO
SIGINT: [libjvm.dylib+0x485211], sa_mask[0]=11111111011111110111111111111111, sa_flags=SA_RESTART|SA_SIGINFO
SIGTERM: [libjvm.dylib+0x485211], sa_mask[0]=11111111011111110111111111111111, sa_flags=SA_RESTART|SA_SIGINFO
SIGQUIT: [libjvm.dylib+0x485211], sa_mask[0]=11111111011111110111111111111111, sa_flags=SA_RESTART|SA_SIGINFO


---------------  S Y S T E M  ---------------

OS:Bsduname:Darwin 16.1.0 Darwin Kernel Version 16.1.0: Wed Oct 19 20:31:56 PDT 2016; root:xnu-3789.21.4~4/RELEASE_X86_64 x86_64
rlimit: STACK 8192k, CORE 0k, NPROC 709, NOFILE 10240, AS infinity
load average:3.02 2.46 2.22

CPU:total 8 (4 cores per cpu, 2 threads per core) family 6 model 70 stepping 1, cmov, cx8, fxsr, mmx, sse, sse2, sse3, ssse3, sse4.1, sse4.2, popcnt, avx, avx2, aes, clmul, erms, rtm, lzcnt, ht, tsc, tscinvbit, bmi1, bmi2

Memory: 4k page, physical 16777216k(3401156k free)

/proc/meminfo:


vm_info: Java HotSpot(TM) 64-Bit Server VM (25.111-b14) for bsd-amd64 JRE (1.8.0_111-b14), built on Sep 22 2016 15:31:41 by "java_re" with gcc 4.2.1 (Based on Apple Inc. build 5658) (LLVM build 2336.11.00)

time: Sun Dec 25 21:30:08 2016
elapsed time: 651 seconds (0d 0h 10m 51s)

