#
# A fatal error has been detected by the Java Runtime Environment:
#
#  SIGSEGV (0xb) at pc=0x00007fffd300cb5d, pid=77817, tid=0x0000000000000307
#
# JRE version: Java(TM) SE Runtime Environment (8.0_111-b14) (build 1.8.0_111-b14)
# Java VM: Java HotSpot(TM) 64-Bit Server VM (25.111-b14 mixed mode bsd-amd64 compressed oops)
# Problematic frame:
# C  [libobjc.A.dylib+0x6b5d]  objc_msgSend+0x1d
#
# Failed to write core dump. Core dumps have been disabled. To enable core dumping, try "ulimit -c unlimited" before starting Java again
#
# If you would like to submit a bug report, please visit:
#   http://bugreport.java.com/bugreport/crash.jsp
# The crash happened outside the Java Virtual Machine in native code.
# See problematic frame for where to report the bug.
#

---------------  T H R E A D  ---------------

Current thread (0x00007fb8910f0800):  JavaThread "AWT-AppKit" daemon [_thread_in_native, id=775, stack(0x00007fff5d176000,0x00007fff5d976000)]

siginfo: si_signo: 11 (SIGSEGV), si_code: 1 (SEGV_MAPERR), si_addr: 0x0000000000000018

Registers:
RAX=0x00007fb898d4de60, RBX=0x000000018fd57450, RCX=0x00007fb896100490, RDX=0x0000000000000000
RSP=0x00007fff5d971338, RBP=0x00007fff5d9713f0, RSI=0x00007fffbce3b56c, RDI=0x00007fb896520cd0
R8 =0x0000000000000018, R9 =0x00007fb8961010a0, R10=0x0000000000000000, R11=0x00007fffbce3b56c
R12=0x0000000000000000, R13=0x000000019518a010, R14=0x000000018fd57440, R15=0x00007fb8910f0800
RIP=0x00007fffd300cb5d, EFLAGS=0x0000000000010246, ERR=0x0000000000000004
  TRAPNO=0x000000000000000e

Top of Stack: (sp=0x00007fff5d971338)
0x00007fff5d971338:   000000018fd55157 00007fff5d971390
0x00007fff5d971348:   0000000000000003 00007fff5d971370
0x00007fff5d971358:   00000001039f27be 000000019518a010
0x00007fff5d971368:   000000019518a010 00007fb898d4de60
0x00007fff5d971378:   000000018fd576a0 000000018fd57710
0x00007fff5d971388:   00007fffd90356d0 00007fffd9c9df90
0x00007fff5d971398:   000000018fd57450 000000018fd57690
0x00007fff5d9713a8:   00007fb898d4de60 00007fb896520cd0
0x00007fff5d9713b8:   00007fb8906398f0 00007fb898d4de60
0x00007fff5d9713c8:   00007fb896520cd0 00007fff5d971478
0x00007fff5d9713d8:   00007fb8910f09f8 000000019518a010
0x00007fff5d9713e8:   00007fff5d9714a0 00007fff5d971468
0x00007fff5d9713f8:   00000001047b89f4 000000019518a010
0x00007fff5d971408:   00007fff5d9714a0 00007fff5d971468
0x00007fff5d971418:   00000001047b8787 00000001047b8742
0x00007fff5d971428:   00007fff5d971428 000000019518a010
0x00007fff5d971438:   00007fff5d9714a0 000000019518cc48
0x00007fff5d971448:   0000000000000000 000000019518a010
0x00007fff5d971458:   0000000000000000 00007fff5d971488
0x00007fff5d971468:   00007fff5d9714e8 00000001047a92bd
0x00007fff5d971478:   00000006c33d5390 00000001047b2538
0x00007fff5d971488:   00007fb898d4de60 00007fff5d9714e8
0x00007fff5d971498:   00007fb896520cd0 00000001047b3e02
0x00007fff5d9714a8:   00007fff5d9714a8 000000019518a1da
0x00007fff5d9714b8:   00007fff5d971510 000000019518cc48
0x00007fff5d9714c8:   0000000000000000 000000019518a1e8
0x00007fff5d9714d8:   00007fff5d971488 00007fff5d9714f8
0x00007fff5d9714e8:   00007fff5d971558 00000001047a92bd
0x00007fff5d9714f8:   00007fb898d4de60 00000006c3497a68
0x00007fff5d971508:   00007fb896520cd0 00000006c3497a68
0x00007fff5d971518:   00007fff5d971518 0000000197d813ce
0x00007fff5d971528:   00007fff5d971568 0000000197d81488 

Instructions: (pc=0x00007fffd300cb5d)
0x00007fffd300cb3d:   0f 1f 00 48 85 ff 2e 74 62 40 f6 c7 01 2e 75 66
0x00007fffd300cb4d:   49 ba f8 ff ff ff ff 7f 00 00 4c 23 17 49 89 f3
0x00007fffd300cb5d:   45 23 5a 18 49 c1 e3 04 4d 03 5a 10 49 3b 33 75
0x00007fffd300cb6d:   04 41 ff 63 08 49 83 3b 01 76 0d 49 83 c3 10 49 

Register to memory mapping:

RAX=0x00007fb898d4de60 is an unknown value
RBX=0x000000018fd57450: Java_jogamp_nativewindow_macosx_OSXUtil_GetScreenRefreshRate0+0x1cf0 in /private/var/folders/9f/6bxbn80n4793vm26lrjc_dvm0000gn/T/jogamp_0000/file_cache/jln130971870572568343/jln2449267754487811542/libnativewindow_macosx.jnilib at 0x000000018fd50000
RCX=0x00007fb896100490 is an unknown value
RDX=0x0000000000000000 is an unknown value
RSP=0x00007fff5d971338 is pointing into the stack for thread: 0x00007fb8910f0800
RBP=0x00007fff5d9713f0 is pointing into the stack for thread: 0x00007fb8910f0800
RSI=0x00007fffbce3b56c: __NSStyleNameIndexTable+0x7e867 in /System/Library/Frameworks/AppKit.framework/Versions/C/AppKit at 0x00007fffbc1dd000
RDI=0x00007fb896520cd0 is an unknown value
R8 =0x0000000000000018 is an unknown value
R9 =0x00007fb8961010a0 is an unknown value
R10=0x0000000000000000 is an unknown value
R11=0x00007fffbce3b56c: __NSStyleNameIndexTable+0x7e867 in /System/Library/Frameworks/AppKit.framework/Versions/C/AppKit at 0x00007fffbc1dd000
R12=0x0000000000000000 is an unknown value
R13={method} {0x000000019518a010} 'UnsetJAWTRootSurfaceLayer0' '(JJ)V' in 'jogamp/nativewindow/jawt/macosx/MacOSXJAWTWindow'
R14=0x000000018fd57440: Java_jogamp_nativewindow_macosx_OSXUtil_GetScreenRefreshRate0+0x1ce0 in /private/var/folders/9f/6bxbn80n4793vm26lrjc_dvm0000gn/T/jogamp_0000/file_cache/jln130971870572568343/jln2449267754487811542/libnativewindow_macosx.jnilib at 0x000000018fd50000
R15=0x00007fb8910f0800 is a thread


Stack: [0x00007fff5d176000,0x00007fff5d976000],  sp=0x00007fff5d971338,  free space=8172k
Native frames: (J=compiled Java code, j=interpreted, Vv=VM code, C=native code)
C  [libobjc.A.dylib+0x6b5d]  objc_msgSend+0x1d
j  jogamp.nativewindow.jawt.macosx.MacOSXJAWTWindow.UnsetJAWTRootSurfaceLayer0(JJ)V+0
j  jogamp.nativewindow.jawt.macosx.MacOSXJAWTWindow.access$200(JJ)V+2
j  jogamp.nativewindow.jawt.macosx.MacOSXJAWTWindow$1.run()V+38
J 2395 C1 com.jogamp.common.util.RunnableTask.run()V (345 bytes) @ 0x0000000104f23064 [0x0000000104f22ec0+0x1a4]
v  ~StubRoutines::call_stub
V  [libjvm.dylib+0x2ecf8a]  JavaCalls::call_helper(JavaValue*, methodHandle*, JavaCallArguments*, Thread*)+0x6ae
V  [libjvm.dylib+0x324119]  jni_invoke_nonstatic(JNIEnv_*, JavaValue*, _jobject*, JNICallType, _jmethodID*, JNI_ArgumentPusher*, Thread*)+0x2ec
V  [libjvm.dylib+0x3168e7]  jni_CallVoidMethod+0x16b
C  [libnativewindow_macosx.jnilib+0x5326]  Java_jogamp_nativewindow_jawt_macosx_MacOSXJAWTWindow_UnsetJAWTRootSurfaceLayer0+0x2b6
C  [Foundation+0x71f2a]  __NSThreadPerformPerform+0x146
C  [CoreFoundation+0xa74b1]  __CFRUNLOOP_IS_CALLING_OUT_TO_A_SOURCE0_PERFORM_FUNCTION__+0x11
C  [CoreFoundation+0x88597]  __CFRunLoopDoSources0+0x1a7
C  [CoreFoundation+0x87b16]  __CFRunLoopRun+0x3a6
C  [CoreFoundation+0x87514]  CFRunLoopRunSpecific+0x1a4
C  [HIToolbox+0x312ac]  RunCurrentEventLoopInMode+0xf0
C  [HIToolbox+0x30fe9]  ReceiveNextEventCommon+0xb8
C  [HIToolbox+0x30f16]  _BlockUntilNextEventMatchingListInModeWithFilter+0x47
C  [AppKit+0x476cd]  _DPSNextEvent+0x445
C  [AppKit+0x7be830]  -[NSApplication(NSEvent) _nextEventMatchingEventMask:untilDate:inMode:dequeue:]+0xaaa
C  [libosxapp.dylib+0x23aa]  -[NSApplicationAWT nextEventMatchingMask:untilDate:inMode:dequeue:]+0x7c
C  [AppKit+0x3c06d]  -[NSApplication run]+0x39e
C  [libosxapp.dylib+0x214d]  +[NSApplicationAWT runAWTLoopWithApp:]+0x9c
C  [libawt_lwawt.dylib+0x444b3]  -[AWTStarter starter:]+0x389
C  [Foundation+0x71f2a]  __NSThreadPerformPerform+0x146
C  [CoreFoundation+0xa74b1]  __CFRUNLOOP_IS_CALLING_OUT_TO_A_SOURCE0_PERFORM_FUNCTION__+0x11
C  [CoreFoundation+0x8861d]  __CFRunLoopDoSources0+0x22d
C  [CoreFoundation+0x87b16]  __CFRunLoopRun+0x3a6
C  [CoreFoundation+0x87514]  CFRunLoopRunSpecific+0x1a4
C  [java+0x6465]  CreateExecutionEnvironment+0x367
C  [java+0x218c]  JLI_Launch+0x7a0
C  [java+0x84c2]  main+0x65
C  [java+0x19e4]  start+0x34
C  0x0000000000000007

Java frames: (J=compiled Java code, j=interpreted, Vv=VM code)
j  jogamp.nativewindow.jawt.macosx.MacOSXJAWTWindow.UnsetJAWTRootSurfaceLayer0(JJ)V+0
j  jogamp.nativewindow.jawt.macosx.MacOSXJAWTWindow.access$200(JJ)V+2
j  jogamp.nativewindow.jawt.macosx.MacOSXJAWTWindow$1.run()V+38
J 2395 C1 com.jogamp.common.util.RunnableTask.run()V (345 bytes) @ 0x0000000104f23064 [0x0000000104f22ec0+0x1a4]
v  ~StubRoutines::call_stub

---------------  P R O C E S S  ---------------

Java Threads: ( => current thread )
  0x00007fb899108000 JavaThread "Thread-133" [_thread_blocked, id=5091, stack(0x00007000038a3000,0x00007000039a3000)]
  0x00007fb89123d000 JavaThread "AWT-EventQueue-1" [_thread_in_native, id=75295, stack(0x0000700004147000,0x0000700004247000)]
  0x00007fb892805000 JavaThread "DestroyJavaVM" [_thread_blocked, id=7171, stack(0x00007000023e4000,0x00007000024e4000)]
  0x00007fb892a82800 JavaThread "AWT-EventQueue-0" [_thread_in_native, id=67343, stack(0x0000700003ebe000,0x0000700003fbe000)]
  0x00007fb890a30800 JavaThread "Java2D Disposer" daemon [_thread_blocked, id=62723, stack(0x0000700003c35000,0x0000700003d35000)]
  0x00007fb8909bf000 JavaThread "Java2D Queue Flusher" daemon [_thread_blocked, id=60167, stack(0x0000700003aaf000,0x0000700003baf000)]
  0x00007fb8928e2800 JavaThread "AWT-Shutdown" [_thread_blocked, id=32799, stack(0x00007000037a0000,0x00007000038a0000)]
=>0x00007fb8910f0800 JavaThread "AWT-AppKit" daemon [_thread_in_native, id=775, stack(0x00007fff5d176000,0x00007fff5d976000)]
  0x00007fb891033000 JavaThread "Service Thread" daemon [_thread_blocked, id=21251, stack(0x0000700003517000,0x0000700003617000)]
  0x00007fb89280e800 JavaThread "C1 CompilerThread3" daemon [_thread_blocked, id=20739, stack(0x0000700003414000,0x0000700003514000)]
  0x00007fb893802000 JavaThread "C2 CompilerThread2" daemon [_thread_blocked, id=20227, stack(0x0000700003311000,0x0000700003411000)]
  0x00007fb89280f800 JavaThread "C2 CompilerThread1" daemon [_thread_blocked, id=19715, stack(0x000070000320e000,0x000070000330e000)]
  0x00007fb89081c800 JavaThread "C2 CompilerThread0" daemon [_thread_blocked, id=19203, stack(0x000070000310b000,0x000070000320b000)]
  0x00007fb890818800 JavaThread "Signal Dispatcher" daemon [_thread_blocked, id=18691, stack(0x0000700003008000,0x0000700003108000)]
  0x00007fb893009800 JavaThread "Finalizer" daemon [_thread_blocked, id=14595, stack(0x0000700002f05000,0x0000700003005000)]
  0x00007fb893006800 JavaThread "Reference Handler" daemon [_thread_blocked, id=14083, stack(0x0000700002e02000,0x0000700002f02000)]

Other Threads:
  0x00007fb893002000 VMThread [stack: 0x0000700002cff000,0x0000700002dff000] [id=13571]
  0x00007fb890819800 WatcherThread [stack: 0x000070000361a000,0x000070000371a000] [id=21763]

VM state:not at safepoint (normal execution)

VM Mutex/Monitor currently owned by a thread: None

Heap:
 PSYoungGen      total 763904K, used 416043K [0x000000076ab00000, 0x000000079e180000, 0x00000007c0000000)
  eden space 763392K, 54% used [0x000000076ab00000,0x000000078411ac70,0x0000000799480000)
  from space 512K, 37% used [0x000000079e100000,0x000000079e130000,0x000000079e180000)
  to   space 36864K, 0% used [0x0000000799980000,0x0000000799980000,0x000000079bd80000)
 ParOldGen       total 175104K, used 92665K [0x00000006c0000000, 0x00000006cab00000, 0x000000076ab00000)
  object space 175104K, 52% used [0x00000006c0000000,0x00000006c5a7e748,0x00000006cab00000)
 Metaspace       used 19117K, capacity 19319K, committed 19712K, reserved 1067008K
  class space    used 1879K, capacity 1952K, committed 2048K, reserved 1048576K

Card table byte_map: [0x0000000113b61000,0x0000000114362000] byte_map_base: 0x0000000110561000

Marking Bits: (ParMarkBitMap*) 0x00000001040efd20
 Begin Bits: [0x00000001148b8000, 0x00000001188b8000)
 End Bits:   [0x00000001188b8000, 0x000000011c8b8000)

Polling page: 0x000000010234a000

CodeCache: size=245760Kb used=8047Kb max_used=8081Kb free=237712Kb
 bounds [0x00000001047a1000, 0x0000000104fa1000, 0x00000001137a1000]
 total_blobs=3062 nmethods=2187 adapters=789
 compilation: enabled

Compilation events (10 events):
Event: 25.523 Thread 0x00007fb89280e800 nmethod 2594 0x0000000104cc5090 code [0x0000000104cc5240, 0x0000000104cc58b8]
Event: 25.523 Thread 0x00007fb89280e800 2595   !   3       java.awt.event.InvocationEvent::finishedDispatching (53 bytes)
Event: 25.523 Thread 0x00007fb89280e800 nmethod 2595 0x0000000104cc4810 code [0x0000000104cc49a0, 0x0000000104cc4eb8]
Event: 25.535 Thread 0x00007fb89280e800 2596       1       sun.java2d.SurfaceData::isValid (5 bytes)
Event: 25.535 Thread 0x00007fb89280e800 nmethod 2596 0x0000000104ce6950 code [0x0000000104ce6aa0, 0x0000000104ce6bb0]
Event: 25.538 Thread 0x00007fb89280e800 2597       3       java.awt.Component::inside (30 bytes)
Event: 25.538 Thread 0x00007fb89280e800 nmethod 2597 0x0000000104ce6510 code [0x0000000104ce6680, 0x0000000104ce68d0]
Event: 25.548 Thread 0x00007fb89280e800 2598       3       java.util.IdentityHashMap::get (60 bytes)
Event: 25.548 Thread 0x00007fb89280e800 nmethod 2598 0x0000000104ce5c90 code [0x0000000104ce5e40, 0x0000000104ce62e8]
Event: 25.569 Thread 0x00007fb89081c800 2599   !   4       sun.awt.AppContext::get (123 bytes)

GC Heap History (10 events):
Event: 9.880 GC heap before
{Heap before GC invocations=8 (full 0):
 PSYoungGen      total 300544K, used 280560K [0x000000076ab00000, 0x000000078f200000, 0x00000007c0000000)
  eden space 262144K, 100% used [0x000000076ab00000,0x000000077ab00000,0x000000077ab00000)
  from space 38400K, 47% used [0x000000077ab00000,0x000000077bcfc210,0x000000077d080000)
  to   space 36352K, 0% used [0x000000078ce80000,0x000000078ce80000,0x000000078f200000)
 ParOldGen       total 175104K, used 55184K [0x00000006c0000000, 0x00000006cab00000, 0x000000076ab00000)
  object space 175104K, 31% used [0x00000006c0000000,0x00000006c35e4098,0x00000006cab00000)
 Metaspace       used 18845K, capacity 19063K, committed 19456K, reserved 1067008K
  class space    used 1872K, capacity 1952K, committed 2048K, reserved 1048576K
Event: 9.887 GC heap after
Heap after GC invocations=8 (full 0):
 PSYoungGen      total 560640K, used 11296K [0x000000076ab00000, 0x000000078f200000, 0x00000007c0000000)
  eden space 524288K, 0% used [0x000000076ab00000,0x000000076ab00000,0x000000078ab00000)
  from space 36352K, 31% used [0x000000078ce80000,0x000000078d9882b0,0x000000078f200000)
  to   space 36352K, 0% used [0x000000078ab00000,0x000000078ab00000,0x000000078ce80000)
 ParOldGen       total 175104K, used 62375K [0x00000006c0000000, 0x00000006cab00000, 0x000000076ab00000)
  object space 175104K, 35% used [0x00000006c0000000,0x00000006c3ce9ff8,0x00000006cab00000)
 Metaspace       used 18845K, capacity 19063K, committed 19456K, reserved 1067008K
  class space    used 1872K, capacity 1952K, committed 2048K, reserved 1048576K
}
Event: 12.524 GC heap before
{Heap before GC invocations=9 (full 0):
 PSYoungGen      total 560640K, used 535584K [0x000000076ab00000, 0x000000078f200000, 0x00000007c0000000)
  eden space 524288K, 100% used [0x000000076ab00000,0x000000078ab00000,0x000000078ab00000)
  from space 36352K, 31% used [0x000000078ce80000,0x000000078d9882b0,0x000000078f200000)
  to   space 36352K, 0% used [0x000000078ab00000,0x000000078ab00000,0x000000078ce80000)
 ParOldGen       total 175104K, used 62375K [0x00000006c0000000, 0x00000006cab00000, 0x000000076ab00000)
  object space 175104K, 35% used [0x00000006c0000000,0x00000006c3ce9ff8,0x00000006cab00000)
 Metaspace       used 18868K, capacity 19063K, committed 19456K, reserved 1067008K
  class space    used 1872K, capacity 1952K, committed 2048K, reserved 1048576K
Event: 12.529 GC heap after
Heap after GC invocations=9 (full 0):
 PSYoungGen      total 560640K, used 6944K [0x000000076ab00000, 0x00000007a2680000, 0x00000007c0000000)
  eden space 524288K, 0% used [0x000000076ab00000,0x000000076ab00000,0x000000078ab00000)
  from space 36352K, 19% used [0x000000078ab00000,0x000000078b1c81a0,0x000000078ce80000)
  to   space 36864K, 0% used [0x00000007a0280000,0x00000007a0280000,0x00000007a2680000)
 ParOldGen       total 175104K, used 68888K [0x00000006c0000000, 0x00000006cab00000, 0x000000076ab00000)
  object space 175104K, 39% used [0x00000006c0000000,0x00000006c4346188,0x00000006cab00000)
 Metaspace       used 18868K, capacity 19063K, committed 19456K, reserved 1067008K
  class space    used 1872K, capacity 1952K, committed 2048K, reserved 1048576K
}
Event: 14.032 GC heap before
{Heap before GC invocations=10 (full 0):
 PSYoungGen      total 560640K, used 531232K [0x000000076ab00000, 0x00000007a2680000, 0x00000007c0000000)
  eden space 524288K, 100% used [0x000000076ab00000,0x000000078ab00000,0x000000078ab00000)
  from space 36352K, 19% used [0x000000078ab00000,0x000000078b1c81a0,0x000000078ce80000)
  to   space 36864K, 0% used [0x00000007a0280000,0x00000007a0280000,0x00000007a2680000)
 ParOldGen       total 175104K, used 68888K [0x00000006c0000000, 0x00000006cab00000, 0x000000076ab00000)
  object space 175104K, 39% used [0x00000006c0000000,0x00000006c4346188,0x00000006cab00000)
 Metaspace       used 18942K, capacity 19127K, committed 19456K, reserved 1067008K
  class space    used 1872K, capacity 1952K, committed 2048K, reserved 1048576K
Event: 14.039 GC heap after
Heap after GC invocations=10 (full 0):
 PSYoungGen      total 871936K, used 17185K [0x000000076ab00000, 0x00000007a2280000, 0x00000007c0000000)
  eden space 839168K, 0% used [0x000000076ab00000,0x000000076ab00000,0x000000079de80000)
  from space 32768K, 52% used [0x00000007a0280000,0x00000007a1348420,0x00000007a2280000)
  to   space 34816K, 0% used [0x000000079de80000,0x000000079de80000,0x00000007a0080000)
 ParOldGen       total 175104K, used 73560K [0x00000006c0000000, 0x00000006cab00000, 0x000000076ab00000)
  object space 175104K, 42% used [0x00000006c0000000,0x00000006c47d62a8,0x00000006cab00000)
 Metaspace       used 18942K, capacity 19127K, committed 19456K, reserved 1067008K
  class space    used 1872K, capacity 1952K, committed 2048K, reserved 1048576K
}
Event: 18.317 GC heap before
{Heap before GC invocations=11 (full 0):
 PSYoungGen      total 871936K, used 856353K [0x000000076ab00000, 0x00000007a2280000, 0x00000007c0000000)
  eden space 839168K, 100% used [0x000000076ab00000,0x000000079de80000,0x000000079de80000)
  from space 32768K, 52% used [0x00000007a0280000,0x00000007a1348420,0x00000007a2280000)
  to   space 34816K, 0% used [0x000000079de80000,0x000000079de80000,0x00000007a0080000)
 ParOldGen       total 175104K, used 73560K [0x00000006c0000000, 0x00000006cab00000, 0x000000076ab00000)
  object space 175104K, 42% used [0x00000006c0000000,0x00000006c47d62a8,0x00000006cab00000)
 Metaspace       used 19012K, capacity 19191K, committed 19456K, reserved 1067008K
  class space    used 1872K, capacity 1952K, committed 2048K, reserved 1048576K
Event: 18.325 GC heap after
Heap after GC invocations=11 (full 0):
 PSYoungGen      total 802816K, used 2336K [0x000000076ab00000, 0x00000007a0300000, 0x00000007c0000000)
  eden space 800256K, 0% used [0x000000076ab00000,0x000000076ab00000,0x000000079b880000)
  from space 2560K, 91% used [0x000000079de80000,0x000000079e0c8080,0x000000079e100000)
  to   space 34816K, 0% used [0x000000079e100000,0x000000079e100000,0x00000007a0300000)
 ParOldGen       total 175104K, used 90545K [0x00000006c0000000, 0x00000006cab00000, 0x000000076ab00000)
  object space 175104K, 51% used [0x00000006c0000000,0x00000006c586c6c8,0x00000006cab00000)
 Metaspace       used 19012K, capacity 19191K, committed 19456K, reserved 1067008K
  class space    used 1872K, capacity 1952K, committed 2048K, reserved 1048576K
}
Event: 22.639 GC heap before
{Heap before GC invocations=12 (full 0):
 PSYoungGen      total 802816K, used 802592K [0x000000076ab00000, 0x00000007a0300000, 0x00000007c0000000)
  eden space 800256K, 100% used [0x000000076ab00000,0x000000079b880000,0x000000079b880000)
  from space 2560K, 91% used [0x000000079de80000,0x000000079e0c8080,0x000000079e100000)
  to   space 34816K, 0% used [0x000000079e100000,0x000000079e100000,0x00000007a0300000)
 ParOldGen       total 175104K, used 90545K [0x00000006c0000000, 0x00000006cab00000, 0x000000076ab00000)
  object space 175104K, 51% used [0x00000006c0000000,0x00000006c586c6c8,0x00000006cab00000)
 Metaspace       used 19050K, capacity 19255K, committed 19456K, reserved 1067008K
  class space    used 1872K, capacity 1952K, committed 2048K, reserved 1048576K
Event: 22.641 GC heap after
Heap after GC invocations=12 (full 0):
 PSYoungGen      total 763904K, used 192K [0x000000076ab00000, 0x000000079e180000, 0x00000007c0000000)
  eden space 763392K, 0% used [0x000000076ab00000,0x000000076ab00000,0x0000000799480000)
  from space 512K, 37% used [0x000000079e100000,0x000000079e130000,0x000000079e180000)
  to   space 36864K, 0% used [0x0000000799980000,0x0000000799980000,0x000000079bd80000)
 ParOldGen       total 175104K, used 92665K [0x00000006c0000000, 0x00000006cab00000, 0x000000076ab00000)
  object space 175104K, 52% used [0x00000006c0000000,0x00000006c5a7e748,0x00000006cab00000)
 Metaspace       used 19050K, capacity 19255K, committed 19456K, reserved 1067008K
  class space    used 1872K, capacity 1952K, committed 2048K, reserved 1048576K
}

Deoptimization events (10 events):
Event: 8.540 Thread 0x00007fb89123d000 Uncommon trap: reason=unstable_if action=reinterpret pc=0x0000000104db803c method=de.fhpotsdam.unfolding.marker.SimpleLinesMarker.draw(Lprocessing/core/PGraphics;Ljava/util/List;)V @ 13
Event: 8.540 Thread 0x00007fb89123d000 Uncommon trap: reason=unstable_if action=reinterpret pc=0x0000000104dad360 method=de.fhpotsdam.unfolding.marker.SimpleLinesMarker.draw(Lprocessing/core/PGraphics;Ljava/util/List;)V @ 13
Event: 8.610 Thread 0x00007fb89123d000 Uncommon trap: reason=unstable_if action=reinterpret pc=0x0000000104df8a80 method=module6.CommonMarker.draw(Lprocessing/core/PGraphics;FF)V @ 4
Event: 8.610 Thread 0x00007fb89123d000 Uncommon trap: reason=unstable_if action=reinterpret pc=0x0000000104dfc390 method=module6.CommonMarker.draw(Lprocessing/core/PGraphics;FF)V @ 4
Event: 11.162 Thread 0x00007fb89123d000 Uncommon trap: reason=unstable_if action=reinterpret pc=0x0000000104993910 method=sun.misc.FloatingDecimal$BinaryToASCIIBuffer.dtoa(IJIZ)V @ 372
Event: 25.317 Thread 0x00007fb89123d000 Uncommon trap: reason=unstable_if action=reinterpret pc=0x0000000104e519a8 method=com.jogamp.common.util.VersionNumber.compareTo(Lcom/jogamp/common/util/VersionNumber;)I @ 21
Event: 25.534 Thread 0x00007fb89114d000 Uncommon trap: reason=unstable_if action=reinterpret pc=0x0000000104c3f658 method=java.util.HashMap.putVal(ILjava/lang/Object;Ljava/lang/Object;ZZ)Ljava/lang/Object; @ 81
Event: 25.534 Thread 0x00007fb89114d000 Uncommon trap: reason=unstable_if action=reinterpret pc=0x0000000104bccf7c method=java.util.HashMap.putVal(ILjava/lang/Object;Ljava/lang/Object;ZZ)Ljava/lang/Object; @ 81
Event: 25.548 Thread 0x00007fb89123d000 Uncommon trap: reason=unstable_if action=reinterpret pc=0x0000000104d41bfc method=java.security.AccessControlContext.optimize()Ljava/security/AccessControlContext; @ 233
Event: 25.548 Thread 0x00007fb899108000 Uncommon trap: reason=predicate action=maybe_recompile pc=0x00000001048b2dd0 method=java.util.Vector.indexOf(Ljava/lang/Object;I)I @ 44

Internal exceptions (10 events):
Event: 14.183 Thread 0x00007fb893819000 Exception <a 'java/security/PrivilegedActionException'> (0x000000076eecff70) thrown at [/Users/java_re/workspace/8-2-build-macosx-x86_64/jdk8u111/7883/hotspot/src/share/vm/prims/jvm.cpp, line 1386]
Event: 14.183 Thread 0x00007fb8932ac800 Exception <a 'java/security/PrivilegedActionException'> (0x000000076e6a1520) thrown at [/Users/java_re/workspace/8-2-build-macosx-x86_64/jdk8u111/7883/hotspot/src/share/vm/prims/jvm.cpp, line 1386]
Event: 14.183 Thread 0x00007fb8932ac800 Exception <a 'java/security/PrivilegedActionException'> (0x000000076e6a1730) thrown at [/Users/java_re/workspace/8-2-build-macosx-x86_64/jdk8u111/7883/hotspot/src/share/vm/prims/jvm.cpp, line 1386]
Event: 14.184 Thread 0x00007fb89402a800 Exception <a 'java/security/PrivilegedActionException'> (0x000000076f2e8f10) thrown at [/Users/java_re/workspace/8-2-build-macosx-x86_64/jdk8u111/7883/hotspot/src/share/vm/prims/jvm.cpp, line 1386]
Event: 14.184 Thread 0x00007fb892008800 Exception <a 'java/security/PrivilegedActionException'> (0x000000076eaba4c8) thrown at [/Users/java_re/workspace/8-2-build-macosx-x86_64/jdk8u111/7883/hotspot/src/share/vm/prims/jvm.cpp, line 1386]
Event: 14.184 Thread 0x00007fb893819000 Exception <a 'java/security/PrivilegedActionException'> (0x000000076eed3460) thrown at [/Users/java_re/workspace/8-2-build-macosx-x86_64/jdk8u111/7883/hotspot/src/share/vm/prims/jvm.cpp, line 1386]
Event: 14.184 Thread 0x00007fb892008800 Exception <a 'java/security/PrivilegedActionException'> (0x000000076eaba6d8) thrown at [/Users/java_re/workspace/8-2-build-macosx-x86_64/jdk8u111/7883/hotspot/src/share/vm/prims/jvm.cpp, line 1386]
Event: 14.184 Thread 0x00007fb893819000 Exception <a 'java/security/PrivilegedActionException'> (0x000000076eed3670) thrown at [/Users/java_re/workspace/8-2-build-macosx-x86_64/jdk8u111/7883/hotspot/src/share/vm/prims/jvm.cpp, line 1386]
Event: 14.184 Thread 0x00007fb89402a800 Exception <a 'java/security/PrivilegedActionException'> (0x000000076f2ec408) thrown at [/Users/java_re/workspace/8-2-build-macosx-x86_64/jdk8u111/7883/hotspot/src/share/vm/prims/jvm.cpp, line 1386]
Event: 14.184 Thread 0x00007fb89402a800 Exception <a 'java/security/PrivilegedActionException'> (0x000000076f2ec618) thrown at [/Users/java_re/workspace/8-2-build-macosx-x86_64/jdk8u111/7883/hotspot/src/share/vm/prims/jvm.cpp, line 1386]

Events (10 events):
Event: 25.548 loading class java/awt/event/AWTEventListenerProxy
Event: 25.548 loading class java/awt/event/AWTEventListenerProxy done
Event: 25.548 loading class java/awt/Toolkit$ToolkitEventMulticaster
Event: 25.548 loading class java/awt/Toolkit$ToolkitEventMulticaster done
Event: 25.548 Thread 0x00007fb89114d000 Thread exited: 0x00007fb89114d000
Event: 25.548 Thread 0x00007fb899108000 Uncommon trap: trap_request=0xffffff86 fr.pc=0x00000001048b2dd0
Event: 25.548 Thread 0x00007fb899108000 DEOPT PACKING pc=0x00000001048b2dd0 sp=0x00007000039a27e0
Event: 25.548 Thread 0x00007fb899108000 DEOPT UNPACKING pc=0x00000001047a6229 sp=0x00007000039a27a0 mode 2
Event: 25.548 loading class java/awt/Window$1DisposeAction
Event: 25.548 loading class java/awt/Window$1DisposeAction done


Dynamic libraries:
0x0000000049353000 	/System/Library/Frameworks/Cocoa.framework/Versions/A/Cocoa
0x0000000049353000 	/System/Library/Frameworks/Security.framework/Versions/A/Security
0x0000000049353000 	/System/Library/Frameworks/ApplicationServices.framework/Versions/A/ApplicationServices
0x0000000049353000 	/usr/lib/libz.1.dylib
0x0000000049353000 	/usr/lib/libSystem.B.dylib
0x0000000049353000 	/usr/lib/libobjc.A.dylib
0x0000000049353000 	/System/Library/Frameworks/CoreFoundation.framework/Versions/A/CoreFoundation
0x0000000049353000 	/System/Library/Frameworks/Foundation.framework/Versions/C/Foundation
0x0000000049353000 	/System/Library/Frameworks/AppKit.framework/Versions/C/AppKit
0x0000000049353000 	/System/Library/Frameworks/CoreData.framework/Versions/A/CoreData
0x0000000049353000 	/System/Library/PrivateFrameworks/RemoteViewServices.framework/Versions/A/RemoteViewServices
0x0000000049353000 	/System/Library/PrivateFrameworks/UIFoundation.framework/Versions/A/UIFoundation
0x0000000049353000 	/System/Library/PrivateFrameworks/DFRFoundation.framework/Versions/A/DFRFoundation
0x0000000049353000 	/usr/lib/libenergytrace.dylib
0x0000000049353000 	/System/Library/PrivateFrameworks/SkyLight.framework/Versions/A/SkyLight
0x0000000049353000 	/System/Library/Frameworks/CoreGraphics.framework/Versions/A/CoreGraphics
0x0000000049353000 	/usr/lib/libScreenReader.dylib
0x0000000049353000 	/System/Library/Frameworks/Accelerate.framework/Versions/A/Accelerate
0x0000000049353000 	/System/Library/Frameworks/IOSurface.framework/Versions/A/IOSurface
0x0000000049353000 	/System/Library/Frameworks/AudioToolbox.framework/Versions/A/AudioToolbox
0x0000000049353000 	/System/Library/Frameworks/AudioUnit.framework/Versions/A/AudioUnit
0x0000000049353000 	/System/Library/PrivateFrameworks/DataDetectorsCore.framework/Versions/A/DataDetectorsCore
0x0000000049353000 	/System/Library/PrivateFrameworks/DesktopServicesPriv.framework/Versions/A/DesktopServicesPriv
0x0000000049353000 	/System/Library/Frameworks/Carbon.framework/Versions/A/Frameworks/HIToolbox.framework/Versions/A/HIToolbox
0x0000000049353000 	/usr/lib/libicucore.A.dylib
0x0000000049353000 	/System/Library/Frameworks/QuartzCore.framework/Versions/A/QuartzCore
0x0000000049353000 	/System/Library/Frameworks/Carbon.framework/Versions/A/Frameworks/SpeechRecognition.framework/Versions/A/SpeechRecognition
0x0000000049353000 	/usr/lib/libauto.dylib
0x0000000049353000 	/usr/lib/libxml2.2.dylib
0x0000000049353000 	/System/Library/PrivateFrameworks/CoreUI.framework/Versions/A/CoreUI
0x0000000049353000 	/System/Library/Frameworks/CoreAudio.framework/Versions/A/CoreAudio
0x0000000049353000 	/System/Library/Frameworks/DiskArbitration.framework/Versions/A/DiskArbitration
0x0000000049353000 	/usr/lib/liblangid.dylib
0x0000000049353000 	/System/Library/PrivateFrameworks/MultitouchSupport.framework/Versions/A/MultitouchSupport
0x0000000049353000 	/System/Library/Frameworks/IOKit.framework/Versions/A/IOKit
0x0000000049353000 	/usr/lib/libDiagnosticMessagesClient.dylib
0x0000000049353000 	/System/Library/Frameworks/CoreServices.framework/Versions/A/CoreServices
0x0000000049353000 	/System/Library/PrivateFrameworks/PerformanceAnalysis.framework/Versions/A/PerformanceAnalysis
0x0000000049353000 	/System/Library/PrivateFrameworks/GenerationalStorage.framework/Versions/A/GenerationalStorage
0x0000000049353000 	/System/Library/Frameworks/OpenGL.framework/Versions/A/OpenGL
0x0000000049353000 	/System/Library/Frameworks/CoreImage.framework/Versions/A/CoreImage
0x0000000049353000 	/System/Library/Frameworks/CoreText.framework/Versions/A/CoreText
0x0000000049353000 	/System/Library/Frameworks/ImageIO.framework/Versions/A/ImageIO
0x0000000049353000 	/System/Library/PrivateFrameworks/Backup.framework/Versions/A/Backup
0x0000000049353000 	/usr/lib/libarchive.2.dylib
0x0000000049353000 	/System/Library/Frameworks/CFNetwork.framework/Versions/A/CFNetwork
0x0000000049353000 	/System/Library/Frameworks/SystemConfiguration.framework/Versions/A/SystemConfiguration
0x0000000049353000 	/usr/lib/libCRFSuite.dylib
0x0000000049353000 	/usr/lib/libc++.1.dylib
0x0000000049353000 	/usr/lib/libc++abi.dylib
0x0000000049353000 	/usr/lib/system/libcache.dylib
0x0000000049353000 	/usr/lib/system/libcommonCrypto.dylib
0x0000000049353000 	/usr/lib/system/libcompiler_rt.dylib
0x0000000049353000 	/usr/lib/system/libcopyfile.dylib
0x0000000049353000 	/usr/lib/system/libcorecrypto.dylib
0x0000000049353000 	/usr/lib/system/libdispatch.dylib
0x0000000049353000 	/usr/lib/system/libdyld.dylib
0x0000000049353000 	/usr/lib/system/libkeymgr.dylib
0x0000000049353000 	/usr/lib/system/liblaunch.dylib
0x0000000049353000 	/usr/lib/system/libmacho.dylib
0x0000000049353000 	/usr/lib/system/libquarantine.dylib
0x0000000049353000 	/usr/lib/system/libremovefile.dylib
0x0000000049353000 	/usr/lib/system/libsystem_asl.dylib
0x0000000049353000 	/usr/lib/system/libsystem_blocks.dylib
0x0000000049353000 	/usr/lib/system/libsystem_c.dylib
0x0000000049353000 	/usr/lib/system/libsystem_configuration.dylib
0x0000000049353000 	/usr/lib/system/libsystem_coreservices.dylib
0x0000000049353000 	/usr/lib/system/libsystem_coretls.dylib
0x0000000049353000 	/usr/lib/system/libsystem_dnssd.dylib
0x0000000049353000 	/usr/lib/system/libsystem_info.dylib
0x0000000049353000 	/usr/lib/system/libsystem_kernel.dylib
0x0000000049353000 	/usr/lib/system/libsystem_m.dylib
0x0000000049353000 	/usr/lib/system/libsystem_malloc.dylib
0x0000000049353000 	/usr/lib/system/libsystem_network.dylib
0x0000000049353000 	/usr/lib/system/libsystem_networkextension.dylib
0x0000000049353000 	/usr/lib/system/libsystem_notify.dylib
0x0000000049353000 	/usr/lib/system/libsystem_platform.dylib
0x0000000049353000 	/usr/lib/system/libsystem_pthread.dylib
0x0000000049353000 	/usr/lib/system/libsystem_sandbox.dylib
0x0000000049353000 	/usr/lib/system/libsystem_secinit.dylib
0x0000000049353000 	/usr/lib/system/libsystem_symptoms.dylib
0x0000000049353000 	/usr/lib/system/libsystem_trace.dylib
0x0000000049353000 	/usr/lib/system/libunwind.dylib
0x0000000049353000 	/usr/lib/system/libxpc.dylib
0x0000000049353000 	/usr/lib/libbsm.0.dylib
0x0000000049353000 	/usr/lib/system/libkxld.dylib
0x0000000049353000 	/usr/lib/libcoretls.dylib
0x0000000049353000 	/usr/lib/libcoretls_cfhelpers.dylib
0x0000000049353000 	/usr/lib/libxar.1.dylib
0x0000000049353000 	/usr/lib/libsqlite3.dylib
0x0000000049353000 	/usr/lib/libpam.2.dylib
0x0000000049353000 	/usr/lib/libOpenScriptingUtil.dylib
0x0000000049353000 	/usr/lib/libbz2.1.0.dylib
0x0000000049353000 	/usr/lib/liblzma.5.dylib
0x0000000049353000 	/usr/lib/libnetwork.dylib
0x0000000049353000 	/usr/lib/libpcap.A.dylib
0x0000000049353000 	/System/Library/Frameworks/CoreServices.framework/Versions/A/Frameworks/FSEvents.framework/Versions/A/FSEvents
0x0000000049353000 	/System/Library/Frameworks/CoreServices.framework/Versions/A/Frameworks/CarbonCore.framework/Versions/A/CarbonCore
0x0000000049353000 	/System/Library/Frameworks/CoreServices.framework/Versions/A/Frameworks/Metadata.framework/Versions/A/Metadata
0x0000000049353000 	/System/Library/Frameworks/CoreServices.framework/Versions/A/Frameworks/OSServices.framework/Versions/A/OSServices
0x0000000049353000 	/System/Library/Frameworks/CoreServices.framework/Versions/A/Frameworks/SearchKit.framework/Versions/A/SearchKit
0x0000000049353000 	/System/Library/Frameworks/CoreServices.framework/Versions/A/Frameworks/AE.framework/Versions/A/AE
0x0000000049353000 	/System/Library/Frameworks/CoreServices.framework/Versions/A/Frameworks/LaunchServices.framework/Versions/A/LaunchServices
0x0000000049353000 	/System/Library/Frameworks/CoreServices.framework/Versions/A/Frameworks/DictionaryServices.framework/Versions/A/DictionaryServices
0x0000000049353000 	/System/Library/Frameworks/CoreServices.framework/Versions/A/Frameworks/SharedFileList.framework/Versions/A/SharedFileList
0x0000000049353000 	/System/Library/Frameworks/NetFS.framework/Versions/A/NetFS
0x0000000049353000 	/System/Library/PrivateFrameworks/NetAuth.framework/Versions/A/NetAuth
0x0000000049353000 	/System/Library/PrivateFrameworks/login.framework/Versions/A/Frameworks/loginsupport.framework/Versions/A/loginsupport
0x0000000049353000 	/System/Library/PrivateFrameworks/TCC.framework/Versions/A/TCC
0x0000000049353000 	/usr/lib/libmecabra.dylib
0x0000000049353000 	/System/Library/Frameworks/ApplicationServices.framework/Versions/A/Frameworks/ATS.framework/Versions/A/ATS
0x0000000049353000 	/System/Library/Frameworks/ApplicationServices.framework/Versions/A/Frameworks/ColorSync.framework/Versions/A/ColorSync
0x0000000049353000 	/System/Library/Frameworks/ApplicationServices.framework/Versions/A/Frameworks/HIServices.framework/Versions/A/HIServices
0x0000000049353000 	/System/Library/Frameworks/ApplicationServices.framework/Versions/A/Frameworks/LangAnalysis.framework/Versions/A/LangAnalysis
0x0000000049353000 	/System/Library/Frameworks/ApplicationServices.framework/Versions/A/Frameworks/PrintCore.framework/Versions/A/PrintCore
0x0000000049353000 	/System/Library/Frameworks/ApplicationServices.framework/Versions/A/Frameworks/QD.framework/Versions/A/QD
0x0000000049353000 	/System/Library/Frameworks/ApplicationServices.framework/Versions/A/Frameworks/SpeechSynthesis.framework/Versions/A/SpeechSynthesis
0x0000000049353000 	/System/Library/Frameworks/Accelerate.framework/Versions/A/Frameworks/vImage.framework/Versions/A/vImage
0x0000000049353000 	/System/Library/Frameworks/Accelerate.framework/Versions/A/Frameworks/vecLib.framework/Versions/A/vecLib
0x0000000049353000 	/System/Library/Frameworks/Accelerate.framework/Versions/A/Frameworks/vecLib.framework/Versions/A/libvDSP.dylib
0x0000000049353000 	/System/Library/Frameworks/Accelerate.framework/Versions/A/Frameworks/vecLib.framework/Versions/A/libBNNS.dylib
0x0000000049353000 	/System/Library/Frameworks/Accelerate.framework/Versions/A/Frameworks/vecLib.framework/Versions/A/libQuadrature.dylib
0x0000000049353000 	/System/Library/Frameworks/Accelerate.framework/Versions/A/Frameworks/vecLib.framework/Versions/A/libvMisc.dylib
0x0000000049353000 	/System/Library/Frameworks/Accelerate.framework/Versions/A/Frameworks/vecLib.framework/Versions/A/libLAPACK.dylib
0x0000000049353000 	/System/Library/Frameworks/Accelerate.framework/Versions/A/Frameworks/vecLib.framework/Versions/A/libBLAS.dylib
0x0000000049353000 	/System/Library/Frameworks/Accelerate.framework/Versions/A/Frameworks/vecLib.framework/Versions/A/libLinearAlgebra.dylib
0x0000000049353000 	/System/Library/Frameworks/Accelerate.framework/Versions/A/Frameworks/vecLib.framework/Versions/A/libSparseBLAS.dylib
0x0000000049353000 	/System/Library/Frameworks/ApplicationServices.framework/Versions/A/Frameworks/ATS.framework/Versions/A/Resources/libFontParser.dylib
0x0000000049353000 	/System/Library/Frameworks/ApplicationServices.framework/Versions/A/Frameworks/ATS.framework/Versions/A/Resources/libFontRegistry.dylib
0x0000000049353000 	/System/Library/Frameworks/ImageIO.framework/Versions/A/Resources/libJPEG.dylib
0x0000000049353000 	/System/Library/Frameworks/ImageIO.framework/Versions/A/Resources/libTIFF.dylib
0x0000000049353000 	/System/Library/Frameworks/ImageIO.framework/Versions/A/Resources/libPng.dylib
0x0000000049353000 	/System/Library/Frameworks/ImageIO.framework/Versions/A/Resources/libGIF.dylib
0x0000000049353000 	/System/Library/Frameworks/ImageIO.framework/Versions/A/Resources/libJP2.dylib
0x0000000049353000 	/System/Library/Frameworks/ImageIO.framework/Versions/A/Resources/libRadiance.dylib
0x0000000049353000 	/usr/lib/libcompression.dylib
0x0000000049353000 	/System/Library/PrivateFrameworks/AppleJPEG.framework/Versions/A/AppleJPEG
0x0000000049353000 	/usr/lib/libcups.2.dylib
0x0000000049353000 	/System/Library/Frameworks/Kerberos.framework/Versions/A/Kerberos
0x0000000049353000 	/System/Library/Frameworks/GSS.framework/Versions/A/GSS
0x0000000049353000 	/usr/lib/libresolv.9.dylib
0x0000000049353000 	/usr/lib/libiconv.2.dylib
0x0000000049353000 	/System/Library/PrivateFrameworks/Heimdal.framework/Versions/A/Heimdal
0x0000000049353000 	/usr/lib/libheimdal-asn1.dylib
0x0000000049353000 	/System/Library/Frameworks/OpenDirectory.framework/Versions/A/OpenDirectory
0x0000000049353000 	/System/Library/PrivateFrameworks/CommonAuth.framework/Versions/A/CommonAuth
0x0000000049353000 	/System/Library/Frameworks/OpenDirectory.framework/Versions/A/Frameworks/CFOpenDirectory.framework/Versions/A/CFOpenDirectory
0x0000000049353000 	/System/Library/Frameworks/SecurityFoundation.framework/Versions/A/SecurityFoundation
0x0000000049353000 	/System/Library/PrivateFrameworks/LanguageModeling.framework/Versions/A/LanguageModeling
0x0000000049353000 	/usr/lib/libmarisa.dylib
0x0000000049353000 	/usr/lib/libChineseTokenizer.dylib
0x0000000049353000 	/usr/lib/libcmph.dylib
0x0000000049353000 	/System/Library/PrivateFrameworks/CoreEmoji.framework/Versions/A/CoreEmoji
0x0000000049353000 	/System/Library/Frameworks/ServiceManagement.framework/Versions/A/ServiceManagement
0x0000000049353000 	/usr/lib/libxslt.1.dylib
0x0000000049353000 	/System/Library/Frameworks/Carbon.framework/Versions/A/Frameworks/Ink.framework/Versions/A/Ink
0x0000000049353000 	/System/Library/PrivateFrameworks/TextureIO.framework/Versions/A/TextureIO
0x0000000049353000 	/System/Library/Frameworks/Metal.framework/Versions/A/Metal
0x0000000049353000 	/usr/lib/libate.dylib
0x0000000049353000 	/System/Library/PrivateFrameworks/GPUCompiler.framework/libmetal_timestamp.dylib
0x0000000049353000 	/System/Library/Frameworks/OpenGL.framework/Versions/A/Libraries/libCoreFSCache.dylib
0x0000000049353000 	/System/Library/PrivateFrameworks/IOAccelerator.framework/Versions/A/IOAccelerator
0x0000000049353000 	/System/Library/Frameworks/CoreVideo.framework/Versions/A/CoreVideo
0x0000000049353000 	/usr/lib/libFosl_dynamic.dylib
0x0000000049353000 	/System/Library/PrivateFrameworks/MetalPerformanceShaders.framework/Versions/A/MetalPerformanceShaders
0x0000000049353000 	/System/Library/PrivateFrameworks/FaceCore.framework/Versions/A/FaceCore
0x0000000049353000 	/System/Library/Frameworks/OpenCL.framework/Versions/A/OpenCL
0x0000000049353000 	/System/Library/Frameworks/OpenGL.framework/Versions/A/Libraries/libGLU.dylib
0x0000000049353000 	/System/Library/Frameworks/OpenGL.framework/Versions/A/Libraries/libGFXShared.dylib
0x0000000049353000 	/System/Library/Frameworks/OpenGL.framework/Versions/A/Libraries/libGL.dylib
0x0000000049353000 	/System/Library/Frameworks/OpenGL.framework/Versions/A/Libraries/libGLImage.dylib
0x0000000049353000 	/System/Library/Frameworks/OpenGL.framework/Versions/A/Libraries/libCVMSPluginSupport.dylib
0x0000000049353000 	/System/Library/Frameworks/OpenGL.framework/Versions/A/Libraries/libCoreVMClient.dylib
0x0000000049353000 	/System/Library/PrivateFrameworks/CrashReporterSupport.framework/Versions/A/CrashReporterSupport
0x0000000049353000 	/System/Library/PrivateFrameworks/Sharing.framework/Versions/A/Sharing
0x0000000049353000 	/System/Library/PrivateFrameworks/IconServices.framework/Versions/A/IconServices
0x0000000049353000 	/System/Library/PrivateFrameworks/ProtocolBuffer.framework/Versions/A/ProtocolBuffer
0x0000000049353000 	/System/Library/PrivateFrameworks/Apple80211.framework/Versions/A/Apple80211
0x0000000049353000 	/System/Library/Frameworks/CoreWLAN.framework/Versions/A/CoreWLAN
0x0000000049353000 	/System/Library/PrivateFrameworks/CoreUtils.framework/Versions/A/CoreUtils
0x0000000049353000 	/System/Library/Frameworks/IOBluetooth.framework/Versions/A/IOBluetooth
0x0000000049353000 	/System/Library/PrivateFrameworks/CoreWiFi.framework/Versions/A/CoreWiFi
0x0000000049353000 	/System/Library/Frameworks/CoreBluetooth.framework/Versions/A/CoreBluetooth
0x0000000049353000 	/System/Library/Frameworks/CoreDisplay.framework/Versions/A/CoreDisplay
0x0000000049353000 	/System/Library/PrivateFrameworks/IOPresentment.framework/Versions/A/IOPresentment
0x0000000049353000 	/System/Library/PrivateFrameworks/DebugSymbols.framework/Versions/A/DebugSymbols
0x0000000049353000 	/System/Library/PrivateFrameworks/CoreSymbolication.framework/Versions/A/CoreSymbolication
0x0000000049353000 	/System/Library/PrivateFrameworks/Symbolication.framework/Versions/A/Symbolication
0x0000000049353000 	/System/Library/PrivateFrameworks/AppleFSCompression.framework/Versions/A/AppleFSCompression
0x0000000049353000 	/System/Library/PrivateFrameworks/SpeechRecognitionCore.framework/Versions/A/SpeechRecognitionCore
0x0000000049353000 	/System/Library/PrivateFrameworks/ChunkingLibrary.framework/Versions/A/ChunkingLibrary
0x0000000103800000 	/Library/Java/JavaVirtualMachines/jdk1.8.0_111.jdk/Contents/Home/jre/lib/server/libjvm.dylib
0x0000000049353000 	/usr/lib/libstdc++.6.dylib
0x0000000102307000 	/Library/Java/JavaVirtualMachines/jdk1.8.0_111.jdk/Contents/Home/jre/lib/libverify.dylib
0x0000000102315000 	/Library/Java/JavaVirtualMachines/jdk1.8.0_111.jdk/Contents/Home/jre/lib/libjava.dylib
0x0000000102354000 	/Library/Java/JavaVirtualMachines/jdk1.8.0_111.jdk/Contents/Home/jre/lib/libzip.dylib
0x0000000102558000 	/System/Library/Frameworks/JavaVM.framework/Frameworks/JavaRuntimeSupport.framework/JavaRuntimeSupport
0x00000001027e6000 	/System/Library/Frameworks/JavaVM.framework/Versions/A/Frameworks/JavaNativeFoundation.framework/Versions/A/JavaNativeFoundation
0x000000011f478000 	/System/Library/Frameworks/JavaVM.framework/Versions/A/JavaVM
0x0000000049353000 	/System/Library/Frameworks/Carbon.framework/Versions/A/Carbon
0x000000011f485000 	/System/Library/PrivateFrameworks/JavaLaunching.framework/Versions/A/JavaLaunching
0x0000000049353000 	/System/Library/Frameworks/Carbon.framework/Versions/A/Frameworks/CommonPanels.framework/Versions/A/CommonPanels
0x0000000049353000 	/System/Library/Frameworks/Carbon.framework/Versions/A/Frameworks/Help.framework/Versions/A/Help
0x0000000049353000 	/System/Library/Frameworks/Carbon.framework/Versions/A/Frameworks/ImageCapture.framework/Versions/A/ImageCapture
0x0000000049353000 	/System/Library/Frameworks/Carbon.framework/Versions/A/Frameworks/OpenScripting.framework/Versions/A/OpenScripting
0x0000000049353000 	/System/Library/Frameworks/Carbon.framework/Versions/A/Frameworks/Print.framework/Versions/A/Print
0x0000000049353000 	/System/Library/Frameworks/Carbon.framework/Versions/A/Frameworks/SecurityHI.framework/Versions/A/SecurityHI
0x0000000120d89000 	/Library/Java/JavaVirtualMachines/jdk1.8.0_111.jdk/Contents/Home/jre/lib/libawt.dylib
0x0000000120e31000 	/Library/Java/JavaVirtualMachines/jdk1.8.0_111.jdk/Contents/Home/jre/lib/./libmlib_image.dylib
0x0000000120efd000 	/Library/Java/JavaVirtualMachines/jdk1.8.0_111.jdk/Contents/Home/jre/lib/libawt_lwawt.dylib
0x0000000120fb2000 	/Library/Java/JavaVirtualMachines/jdk1.8.0_111.jdk/Contents/Home/jre/lib/./libosxapp.dylib
0x0000000049353000 	/System/Library/Frameworks/ExceptionHandling.framework/Versions/A/ExceptionHandling
0x0000000049353000 	/System/Library/PrivateFrameworks/CoreServicesInternal.framework/Versions/A/CoreServicesInternal
0x0000000049353000 	/System/Library/CoreServices/RawCamera.bundle/Contents/MacOS/RawCamera
0x0000000049353000 	/System/Library/Frameworks/Accelerate.framework/Versions/A/Frameworks/vImage.framework/Versions/A/Libraries/libCGInterfaces.dylib
0x0000000049353000 	/System/Library/Frameworks/ApplicationServices.framework/Versions/A/Frameworks/ATS.framework/Versions/A/Resources/libTrueTypeScaler.dylib
0x0000000049353000 	/System/Library/Frameworks/OpenGL.framework/Versions/A/Resources/GLEngine.bundle/GLEngine
0x0000000049353000 	/System/Library/Frameworks/OpenGL.framework/Versions/A/Libraries/libGLProgrammability.dylib
0x0000000122f08000 	/System/Library/Extensions/AppleIntelHD5000GraphicsGLDriver.bundle/Contents/MacOS/AppleIntelHD5000GraphicsGLDriver
0x0000000049353000 	/System/Library/PrivateFrameworks/GPUSupport.framework/Versions/A/Libraries/libGPUSupportMercury.dylib
0x0000000049353000 	/System/Library/Extensions/GeForceGLDriver.bundle/Contents/MacOS/GeForceGLDriver
0x0000000049353000 	/System/Library/Extensions/GeForceGLDriver.bundle/Contents/MacOS/libclh.dylib
0x0000000049353000 	/System/Library/Frameworks/OpenGL.framework/Versions/A/Resources/GLRendererFloat.bundle/GLRendererFloat
0x0000000049353000 	/System/Library/Frameworks/OpenCL.framework/Versions/A/Libraries/libcldcpuengine.dylib
0x0000000049353000 	/usr/lib/libcrypto.0.9.8.dylib
0x0000000049353000 	/System/Library/PrivateFrameworks/TrustEvaluationAgent.framework/Versions/A/TrustEvaluationAgent
0x0000000049353000 	/System/Library/Extensions/GeForceMTLDriver.bundle/Contents/MacOS/GeForceMTLDriver
0x0000000123686000 	/System/Library/Extensions/AppleIntelHD5000GraphicsMTLDriver.bundle/Contents/MacOS/AppleIntelHD5000GraphicsMTLDriver
0x0000000049353000 	/System/Library/PrivateFrameworks/FamilyControls.framework/Versions/A/FamilyControls
0x0000000049353000 	/System/Library/PrivateFrameworks/CommerceKit.framework/Versions/A/Frameworks/CommerceCore.framework/Versions/A/CommerceCore
0x0000000049353000 	/System/Library/PrivateFrameworks/SystemAdministration.framework/Versions/A/SystemAdministration
0x0000000049353000 	/System/Library/PrivateFrameworks/AppContainer.framework/Versions/A/AppContainer
0x0000000049353000 	/System/Library/PrivateFrameworks/SecCodeWrapper.framework/Versions/A/SecCodeWrapper
0x0000000049353000 	/System/Library/Frameworks/DirectoryService.framework/Versions/A/DirectoryService
0x0000000049353000 	/System/Library/PrivateFrameworks/DiskImages.framework/Versions/A/DiskImages
0x0000000049353000 	/System/Library/PrivateFrameworks/LoginUIKit.framework/Versions/A/Frameworks/LoginUICore.framework/Versions/A/LoginUICore
0x0000000049353000 	/usr/lib/libCoreStorage.dylib
0x0000000049353000 	/usr/lib/libcsfde.dylib
0x0000000049353000 	/usr/lib/libodfde.dylib
0x0000000049353000 	/System/Library/Frameworks/DiscRecording.framework/Versions/A/DiscRecording
0x0000000049353000 	/usr/lib/libcurl.4.dylib
0x0000000049353000 	/System/Library/PrivateFrameworks/MediaKit.framework/Versions/A/MediaKit
0x0000000049353000 	/System/Library/PrivateFrameworks/ProtectedCloudStorage.framework/Versions/A/ProtectedCloudStorage
0x0000000049353000 	/System/Library/PrivateFrameworks/EFILogin.framework/Versions/A/EFILogin
0x0000000049353000 	/usr/lib/libutil.dylib
0x0000000049353000 	/System/Library/Frameworks/LDAP.framework/Versions/A/LDAP
0x0000000049353000 	/usr/lib/libsasl2.2.dylib
0x0000000049353000 	/System/Library/PrivateFrameworks/CoreDaemon.framework/Versions/B/CoreDaemon
0x0000000049353000 	/System/Library/PrivateFrameworks/AppleSRP.framework/Versions/A/AppleSRP
0x0000000049353000 	/System/Library/PrivateFrameworks/APFS.framework/Versions/A/APFS
0x0000000125247000 	/Library/Java/JavaVirtualMachines/jdk1.8.0_111.jdk/Contents/Home/jre/lib/libfontmanager.dylib
0x0000000127064000 	/Library/Java/JavaVirtualMachines/jdk1.8.0_111.jdk/Contents/Home/jre/lib/libosxui.dylib
0x0000000049353000 	/System/Library/PrivateFrameworks/ViewBridge.framework/Versions/A/ViewBridge
0x0000000049353000 	/System/Library/PrivateFrameworks/XPCService.framework/Versions/A/XPCService
0x0000000049353000 	/System/Library/PrivateFrameworks/AppSandbox.framework/Versions/A/AppSandbox
0x0000000049353000 	/usr/lib/libsandbox.1.dylib
0x0000000049353000 	/usr/lib/libMatch.1.dylib
0x0000000127de9000 	/Library/Java/JavaVirtualMachines/jdk1.8.0_111.jdk/Contents/Home/jre/lib/libnet.dylib
0x0000000127e5d000 	/Library/Java/JavaVirtualMachines/jdk1.8.0_111.jdk/Contents/Home/jre/lib/libnio.dylib
0x000000018fd46000 	/private/var/folders/9f/6bxbn80n4793vm26lrjc_dvm0000gn/T/jogamp_0000/file_cache/jln130971870572568343/jln2449267754487811542/libgluegen-rt.jnilib
0x000000018fd4a000 	/private/var/folders/9f/6bxbn80n4793vm26lrjc_dvm0000gn/T/jogamp_0000/file_cache/jln130971870572568343/jln2449267754487811542/libnativewindow_awt.jnilib
0x000000018fd4d000 	/Library/Java/JavaVirtualMachines/jdk1.8.0_111.jdk/Contents/Home/jre/lib/libjawt.dylib
0x000000018fd50000 	/private/var/folders/9f/6bxbn80n4793vm26lrjc_dvm0000gn/T/jogamp_0000/file_cache/jln130971870572568343/jln2449267754487811542/libnativewindow_macosx.jnilib
0x000000018fd8d000 	/private/var/folders/9f/6bxbn80n4793vm26lrjc_dvm0000gn/T/jogamp_0000/file_cache/jln130971870572568343/jln2449267754487811542/libjogl_desktop.jnilib

VM Arguments:
jvm_args: -Djava.security.policy=java.policy.applet -Dfile.encoding=UTF-8 
java_command: sun.applet.AppletViewer module6.AirportMap1483419759803.html
java_class_path (initial): /Users/HSZHAO/Documents/Eclipse_workspace/UCSDUnfoldingMaps/build:/Users/HSZHAO/Documents/Eclipse_workspace/UCSDUnfoldingMaps/lib/core.jar:/Users/HSZHAO/Documents/Eclipse_workspace/UCSDUnfoldingMaps/lib/gluegen-rt.jar:/Users/HSZHAO/Documents/Eclipse_workspace/UCSDUnfoldingMaps/lib/jogl-all.jar:/Users/HSZHAO/Documents/Eclipse_workspace/UCSDUnfoldingMaps/lib/log4j-1.2.15.jar:/Users/HSZHAO/Documents/Eclipse_workspace/UCSDUnfoldingMaps/lib/sqlite-jdbc-3.7.2.jar:/Users/HSZHAO/Documents/Eclipse_workspace/UCSDUnfoldingMaps/lib/json4processing.jar:/Users/HSZHAO/Documents/Eclipse_workspace/UCSDUnfoldingMaps/lib/libTUIO.jar:/Users/HSZHAO/Documents/Eclipse_workspace/UCSDUnfoldingMaps/lib/unfolding.0.9.7-uscd.jar
Launcher Type: SUN_STANDARD

Environment Variables:
PATH=/usr/bin:/bin:/usr/sbin:/sbin
SHELL=/bin/bash

Signal Handlers:
SIGSEGV: [libjvm.dylib+0x5b03ed], sa_mask[0]=11111111011111110111111111111111, sa_flags=SA_ONSTACK|SA_RESTART|SA_SIGINFO
SIGBUS: [libjvm.dylib+0x5b03ed], sa_mask[0]=11111111011111110111111111111111, sa_flags=SA_RESTART|SA_SIGINFO
SIGFPE: [libjvm.dylib+0x48711c], sa_mask[0]=11111111011111110111111111111111, sa_flags=SA_RESTART|SA_SIGINFO
SIGPIPE: [libjvm.dylib+0x48711c], sa_mask[0]=11111111011111110111111111111111, sa_flags=SA_RESTART|SA_SIGINFO
SIGXFSZ: [libjvm.dylib+0x48711c], sa_mask[0]=11111111011111110111111111111111, sa_flags=SA_RESTART|SA_SIGINFO
SIGILL: [libjvm.dylib+0x48711c], sa_mask[0]=11111111011111110111111111111111, sa_flags=SA_RESTART|SA_SIGINFO
SIGUSR1: SIG_DFL, sa_mask[0]=00000000000000000000000000000000, sa_flags=none
SIGUSR2: [libjvm.dylib+0x486c3a], sa_mask[0]=00100000000000000000000000000000, sa_flags=SA_RESTART|SA_SIGINFO
SIGHUP: [libjvm.dylib+0x485211], sa_mask[0]=11111111011111110111111111111111, sa_flags=SA_RESTART|SA_SIGINFO
SIGINT: [libjvm.dylib+0x485211], sa_mask[0]=11111111011111110111111111111111, sa_flags=SA_RESTART|SA_SIGINFO
SIGTERM: [libjvm.dylib+0x485211], sa_mask[0]=11111111011111110111111111111111, sa_flags=SA_RESTART|SA_SIGINFO
SIGQUIT: [libjvm.dylib+0x485211], sa_mask[0]=11111111011111110111111111111111, sa_flags=SA_RESTART|SA_SIGINFO


---------------  S Y S T E M  ---------------

OS:Bsduname:Darwin 16.1.0 Darwin Kernel Version 16.1.0: Wed Oct 19 20:31:56 PDT 2016; root:xnu-3789.21.4~4/RELEASE_X86_64 x86_64
rlimit: STACK 8192k, CORE 0k, NPROC 709, NOFILE 10240, AS infinity
load average:6.80 5.80 6.35

CPU:total 8 (4 cores per cpu, 2 threads per core) family 6 model 70 stepping 1, cmov, cx8, fxsr, mmx, sse, sse2, sse3, ssse3, sse4.1, sse4.2, popcnt, avx, avx2, aes, clmul, erms, rtm, lzcnt, ht, tsc, tscinvbit, bmi1, bmi2

Memory: 4k page, physical 16777216k(1638528k free)

/proc/meminfo:


vm_info: Java HotSpot(TM) 64-Bit Server VM (25.111-b14) for bsd-amd64 JRE (1.8.0_111-b14), built on Sep 22 2016 15:31:41 by "java_re" with gcc 4.2.1 (Based on Apple Inc. build 5658) (LLVM build 2336.11.00)

time: Tue Jan  3 13:03:05 2017
elapsed time: 25 seconds (0d 0h 0m 25s)

