#
# A fatal error has been detected by the Java Runtime Environment:
#
#  SIGSEGV (0xb) at pc=0x00007fffd300cb5d, pid=78036, tid=0x0000000000000307
#
# JRE version: Java(TM) SE Runtime Environment (8.0_111-b14) (build 1.8.0_111-b14)
# Java VM: Java HotSpot(TM) 64-Bit Server VM (25.111-b14 mixed mode bsd-amd64 compressed oops)
# Problematic frame:
# C  [libobjc.A.dylib+0x6b5d]  objc_msgSend+0x1d
#
# Failed to write core dump. Core dumps have been disabled. To enable core dumping, try "ulimit -c unlimited" before starting Java again
#
# If you would like to submit a bug report, please visit:
#   http://bugreport.java.com/bugreport/crash.jsp
# The crash happened outside the Java Virtual Machine in native code.
# See problematic frame for where to report the bug.
#

---------------  T H R E A D  ---------------

Current thread (0x00007f8145122800):  JavaThread "AWT-AppKit" daemon [_thread_in_native, id=775, stack(0x00007fff53218000,0x00007fff53a18000)]

siginfo: si_signo: 11 (SIGSEGV), si_code: 1 (SEGV_MAPERR), si_addr: 0x0000000000000018

Registers:
RAX=0x00007f814c50a8c0, RBX=0x0000000199e37450, RCX=0x00007f8149a00040, RDX=0x0000000000000000
RSP=0x00007fff53a13438, RBP=0x00007fff53a134f0, RSI=0x00007fffbce3b56c, RDI=0x00007f814c5071e0
R8 =0x0000000000000018, R9 =0x00007f8149a00730, R10=0x0000000000000000, R11=0x00007fffbce3b56c
R12=0x0000000000000000, R13=0x000000019f1b2010, R14=0x0000000199e37440, R15=0x00007f8145122800
RIP=0x00007fffd300cb5d, EFLAGS=0x0000000000010246, ERR=0x0000000000000004
  TRAPNO=0x000000000000000e

Top of Stack: (sp=0x00007fff53a13438)
0x00007fff53a13438:   0000000199e35157 00007fff53a13490
0x00007fff53a13448:   0000000000000003 00007fff53a13470
0x00007fff53a13458:   000000010d5f27be 000000019f1b2010
0x00007fff53a13468:   000000019f1b2010 00007f814c50a8c0
0x00007fff53a13478:   0000000199e376a0 0000000199e37710
0x00007fff53a13488:   00007fffd90356d0 00007fffd9c9df90
0x00007fff53a13498:   0000000199e37450 0000000199e37690
0x00007fff53a134a8:   00007f814c50a8c0 00007f814c5071e0
0x00007fff53a134b8:   00007f8143c47780 00007f814c50a8c0
0x00007fff53a134c8:   00007f814c5071e0 00007fff53a13570
0x00007fff53a134d8:   00007f81451229f8 000000019f1b2010
0x00007fff53a134e8:   00007fff53a13598 00007fff53a13560
0x00007fff53a134f8:   0000000112a089f4 00007fff53a13560
0x00007fff53a13508:   0000000112a08779 0000000112a149a3
0x00007fff53a13518:   0000000112a08742 00007fff53a13520
0x00007fff53a13528:   000000019f1b2010 00007fff53a13598
0x00007fff53a13538:   000000019f1b4c48 0000000000000000
0x00007fff53a13548:   000000019f1b2010 0000000000000000
0x00007fff53a13558:   00007fff53a13580 00007fff53a135e0
0x00007fff53a13568:   00000001129f92bd 00000006c33d3fd8
0x00007fff53a13578:   0000000112a02538 00007f814c50a8c0
0x00007fff53a13588:   0000000112a03e39 00007f814c5071e0
0x00007fff53a13598:   0000000112a03e02 00007fff53a135a0
0x00007fff53a135a8:   000000019f1b21da 00007fff53a13608
0x00007fff53a135b8:   000000019f1b4c48 0000000000000000
0x00007fff53a135c8:   000000019f1b21e8 00007fff53a13580
0x00007fff53a135d8:   00007fff53a135f0 00007fff53a13650
0x00007fff53a135e8:   00000001129f92bd 00007f814c50a8c0
0x00007fff53a135f8:   00000006c3454010 00007f814c5071e0
0x00007fff53a13608:   00000006c3454010 00007fff53a13610
0x00007fff53a13618:   00000001a212892e 00007fff53a13660
0x00007fff53a13628:   00000001a21289e8 0000000000000000 

Instructions: (pc=0x00007fffd300cb5d)
0x00007fffd300cb3d:   0f 1f 00 48 85 ff 2e 74 62 40 f6 c7 01 2e 75 66
0x00007fffd300cb4d:   49 ba f8 ff ff ff ff 7f 00 00 4c 23 17 49 89 f3
0x00007fffd300cb5d:   45 23 5a 18 49 c1 e3 04 4d 03 5a 10 49 3b 33 75
0x00007fffd300cb6d:   04 41 ff 63 08 49 83 3b 01 76 0d 49 83 c3 10 49 

Register to memory mapping:

RAX=0x00007f814c50a8c0 is an unknown value
RBX=0x0000000199e37450: Java_jogamp_nativewindow_macosx_OSXUtil_GetScreenRefreshRate0+0x1cf0 in /private/var/folders/9f/6bxbn80n4793vm26lrjc_dvm0000gn/T/jogamp_0000/file_cache/jln613154142159525939/jln2131937230095465952/libnativewindow_macosx.jnilib at 0x0000000199e30000
RCX=0x00007f8149a00040 is an unknown value
RDX=0x0000000000000000 is an unknown value
RSP=0x00007fff53a13438 is pointing into the stack for thread: 0x00007f8145122800
RBP=0x00007fff53a134f0 is pointing into the stack for thread: 0x00007f8145122800
RSI=0x00007fffbce3b56c: __NSStyleNameIndexTable+0x7e867 in /System/Library/Frameworks/AppKit.framework/Versions/C/AppKit at 0x00007fffbc1dd000
RDI=0x00007f814c5071e0 is an unknown value
R8 =0x0000000000000018 is an unknown value
R9 =0x00007f8149a00730 is an unknown value
R10=0x0000000000000000 is an unknown value
R11=0x00007fffbce3b56c: __NSStyleNameIndexTable+0x7e867 in /System/Library/Frameworks/AppKit.framework/Versions/C/AppKit at 0x00007fffbc1dd000
R12=0x0000000000000000 is an unknown value
R13={method} {0x000000019f1b2010} 'UnsetJAWTRootSurfaceLayer0' '(JJ)V' in 'jogamp/nativewindow/jawt/macosx/MacOSXJAWTWindow'
R14=0x0000000199e37440: Java_jogamp_nativewindow_macosx_OSXUtil_GetScreenRefreshRate0+0x1ce0 in /private/var/folders/9f/6bxbn80n4793vm26lrjc_dvm0000gn/T/jogamp_0000/file_cache/jln613154142159525939/jln2131937230095465952/libnativewindow_macosx.jnilib at 0x0000000199e30000
R15=0x00007f8145122800 is a thread


Stack: [0x00007fff53218000,0x00007fff53a18000],  sp=0x00007fff53a13438,  free space=8173k
Native frames: (J=compiled Java code, j=interpreted, Vv=VM code, C=native code)
C  [libobjc.A.dylib+0x6b5d]  objc_msgSend+0x1d
j  jogamp.nativewindow.jawt.macosx.MacOSXJAWTWindow.UnsetJAWTRootSurfaceLayer0(JJ)V+0
j  jogamp.nativewindow.jawt.macosx.MacOSXJAWTWindow.access$200(JJ)V+2
j  jogamp.nativewindow.jawt.macosx.MacOSXJAWTWindow$1.run()V+38
j  com.jogamp.common.util.RunnableTask.run()V+24
v  ~StubRoutines::call_stub
V  [libjvm.dylib+0x2ecf8a]
V  [libjvm.dylib+0x324119]
V  [libjvm.dylib+0x3168e7]
C  [libnativewindow_macosx.jnilib+0x5326]  Java_jogamp_nativewindow_jawt_macosx_MacOSXJAWTWindow_UnsetJAWTRootSurfaceLayer0+0x2b6
C  [Foundation+0x71f2a]  __NSThreadPerformPerform+0x146
C  [CoreFoundation+0xa74b1]  __CFRUNLOOP_IS_CALLING_OUT_TO_A_SOURCE0_PERFORM_FUNCTION__+0x11
C  [CoreFoundation+0x88597]  __CFRunLoopDoSources0+0x1a7
C  [CoreFoundation+0x87b16]  __CFRunLoopRun+0x3a6
C  [CoreFoundation+0x87514]  CFRunLoopRunSpecific+0x1a4
C  [HIToolbox+0x312ac]  RunCurrentEventLoopInMode+0xf0
C  [HIToolbox+0x30fe9]  ReceiveNextEventCommon+0xb8
C  [HIToolbox+0x30f16]  _BlockUntilNextEventMatchingListInModeWithFilter+0x47
C  [AppKit+0x476cd]  _DPSNextEvent+0x445
C  [AppKit+0x7be830]  -[NSApplication(NSEvent) _nextEventMatchingEventMask:untilDate:inMode:dequeue:]+0xaaa
C  [libosxapp.dylib+0x23aa]  -[NSApplicationAWT nextEventMatchingMask:untilDate:inMode:dequeue:]+0x7c
C  [AppKit+0x3c06d]  -[NSApplication run]+0x39e
C  [libosxapp.dylib+0x214d]  +[NSApplicationAWT runAWTLoopWithApp:]+0x9c
C  [libawt_lwawt.dylib+0x444b3]  -[AWTStarter starter:]+0x389
C  [Foundation+0x71f2a]  __NSThreadPerformPerform+0x146
C  [CoreFoundation+0xa74b1]  __CFRUNLOOP_IS_CALLING_OUT_TO_A_SOURCE0_PERFORM_FUNCTION__+0x11
C  [CoreFoundation+0x8861d]  __CFRunLoopDoSources0+0x22d
C  [CoreFoundation+0x87b16]  __CFRunLoopRun+0x3a6
C  [CoreFoundation+0x87514]  CFRunLoopRunSpecific+0x1a4
C  [java+0x6465]  CreateExecutionEnvironment+0x367
C  [java+0x218c]  JLI_Launch+0x7a0
C  [java+0x84c2]  main+0x65
C  [java+0x19e4]  start+0x34
C  0x0000000000000007

Java frames: (J=compiled Java code, j=interpreted, Vv=VM code)
j  jogamp.nativewindow.jawt.macosx.MacOSXJAWTWindow.UnsetJAWTRootSurfaceLayer0(JJ)V+0
j  jogamp.nativewindow.jawt.macosx.MacOSXJAWTWindow.access$200(JJ)V+2
j  jogamp.nativewindow.jawt.macosx.MacOSXJAWTWindow$1.run()V+38
j  com.jogamp.common.util.RunnableTask.run()V+24
v  ~StubRoutines::call_stub

---------------  P R O C E S S  ---------------

Java Threads: ( => current thread )
  0x00007f81445f1000 JavaThread "Thread-61" [_thread_blocked, id=75095, stack(0x000070000d096000,0x000070000d196000)]
  0x00007f8144a66800 JavaThread "AWT-EventQueue-1" [_thread_in_native, id=74775, stack(0x000070000d8b7000,0x000070000d9b7000)]
  0x00007f8145002000 JavaThread "DestroyJavaVM" [_thread_blocked, id=7171, stack(0x000070000bbd7000,0x000070000bcd7000)]
  0x00007f81462e2000 JavaThread "AWT-EventQueue-0" [_thread_blocked, id=63775, stack(0x000070000d6b1000,0x000070000d7b1000)]
  0x00007f81462ab000 JavaThread "Java2D Disposer" daemon [_thread_blocked, id=59407, stack(0x000070000d428000,0x000070000d528000)]
  0x00007f8146255000 JavaThread "Java2D Queue Flusher" daemon [_thread_blocked, id=60167, stack(0x000070000d2a2000,0x000070000d3a2000)]
  0x00007f814615d000 JavaThread "AWT-Shutdown" [_thread_blocked, id=33055, stack(0x000070000cf93000,0x000070000d093000)]
=>0x00007f8145122800 JavaThread "AWT-AppKit" daemon [_thread_in_native, id=775, stack(0x00007fff53218000,0x00007fff53a18000)]
  0x00007f8144003000 JavaThread "Service Thread" daemon [_thread_blocked, id=20995, stack(0x000070000cd0a000,0x000070000ce0a000)]
  0x00007f8144828000 JavaThread "C1 CompilerThread3" daemon [_thread_blocked, id=20483, stack(0x000070000cc07000,0x000070000cd07000)]
  0x00007f8144804000 JavaThread "C2 CompilerThread2" daemon [_thread_blocked, id=19971, stack(0x000070000cb04000,0x000070000cc04000)]
  0x00007f8147801000 JavaThread "C2 CompilerThread1" daemon [_thread_blocked, id=19459, stack(0x000070000ca01000,0x000070000cb01000)]
  0x00007f814602c000 JavaThread "C2 CompilerThread0" daemon [_thread_blocked, id=18947, stack(0x000070000c8fe000,0x000070000c9fe000)]
  0x00007f814602b800 JavaThread "Signal Dispatcher" daemon [_thread_blocked, id=18435, stack(0x000070000c7fb000,0x000070000c8fb000)]
  0x00007f8144812000 JavaThread "Finalizer" daemon [_thread_blocked, id=14595, stack(0x000070000c6f8000,0x000070000c7f8000)]
  0x00007f814400a800 JavaThread "Reference Handler" daemon [_thread_blocked, id=14083, stack(0x000070000c5f5000,0x000070000c6f5000)]

Other Threads:
  0x00007f814480d800 VMThread [stack: 0x000070000c4f2000,0x000070000c5f2000] [id=13571]
  0x00007f8144011000 WatcherThread [stack: 0x000070000ce0d000,0x000070000cf0d000] [id=21507]

VM state:not at safepoint (normal execution)

VM Mutex/Monitor currently owned by a thread: None

Heap:
 PSYoungGen      total 561152K, used 491838K [0x000000076ab00000, 0x000000078f400000, 0x00000007c0000000)
  eden space 524288K, 91% used [0x000000076ab00000,0x00000007880ff760,0x000000078ab00000)
  from space 36864K, 28% used [0x000000078d000000,0x000000078da50280,0x000000078f400000)
  to   space 37376K, 0% used [0x000000078ab00000,0x000000078ab00000,0x000000078cf80000)
 ParOldGen       total 175104K, used 62601K [0x00000006c0000000, 0x00000006cab00000, 0x000000076ab00000)
  object space 175104K, 35% used [0x00000006c0000000,0x00000006c3d22468,0x00000006cab00000)
 Metaspace       used 19177K, capacity 19383K, committed 19712K, reserved 1067008K
  class space    used 1878K, capacity 1952K, committed 2048K, reserved 1048576K

Card table byte_map: [0x000000010e761000,0x000000010ef62000] byte_map_base: 0x000000010b161000

Marking Bits: (ParMarkBitMap*) 0x000000010dcefd20
 Begin Bits: [0x00000001219f1000, 0x00000001259f1000)
 End Bits:   [0x00000001259f1000, 0x00000001299f1000)

Polling page: 0x000000010c2a8000

CodeCache: size=245760Kb used=7368Kb max_used=7876Kb free=238391Kb
 bounds [0x00000001129f1000, 0x0000000113201000, 0x00000001219f1000]
 total_blobs=2822 nmethods=1939 adapters=796
 compilation: enabled

Compilation events (10 events):
Event: 23.716 Thread 0x00007f8144828000 2367       3       jogamp.common.util.locks.RecursiveLockImpl01Unfairish$SingleThreadSync::incrHoldCount (11 bytes)
Event: 23.716 Thread 0x00007f8144828000 nmethod 2367 0x0000000112b63c90 code [0x0000000112b63de0, 0x0000000112b63f30]
Event: 23.722 Thread 0x00007f8144828000 2368   !   3       jogamp.common.util.locks.RecursiveLockImpl01Unfairish::unlock (23 bytes)
Event: 23.722 Thread 0x00007f8144828000 nmethod 2368 0x0000000112d8ff50 code [0x0000000112d900c0, 0x0000000112d90488]
Event: 23.722 Thread 0x00007f8144828000 2369   !   3       jogamp.common.util.locks.RecursiveLockImpl01Unfairish::unlock (196 bytes)
Event: 23.722 Thread 0x00007f8144828000 nmethod 2369 0x0000000112b57890 code [0x0000000112b57a60, 0x0000000112b58458]
Event: 23.731 Thread 0x00007f8144828000 2370       1       java.awt.event.InvocationEvent::isDispatched (5 bytes)
Event: 23.731 Thread 0x00007f8144828000 nmethod 2370 0x0000000112ea8050 code [0x0000000112ea81a0, 0x0000000112ea82b0]
Event: 23.732 Thread 0x00007f8144828000 2371       3       sun.java2d.pipe.RenderBuffer::putFloat (26 bytes)
Event: 23.732 Thread 0x00007f8144828000 nmethod 2371 0x0000000112d8f850 code [0x0000000112d8f9c0, 0x0000000112d8fb50]

GC Heap History (10 events):
Event: 4.867 GC heap before
{Heap before GC invocations=4 (full 0):
 PSYoungGen      total 76288K, used 76271K [0x000000076ab00000, 0x0000000774000000, 0x00000007c0000000)
  eden space 65536K, 100% used [0x000000076ab00000,0x000000076eb00000,0x000000076eb00000)
  from space 10752K, 99% used [0x000000076eb00000,0x000000076f57bfb0,0x000000076f580000)
  to   space 10752K, 0% used [0x0000000773580000,0x0000000773580000,0x0000000774000000)
 ParOldGen       total 175104K, used 45126K [0x00000006c0000000, 0x00000006cab00000, 0x000000076ab00000)
  object space 175104K, 25% used [0x00000006c0000000,0x00000006c2c11810,0x00000006cab00000)
 Metaspace       used 18536K, capacity 18727K, committed 18944K, reserved 1067008K
  class space    used 1851K, capacity 1950K, committed 2048K, reserved 1048576K
Event: 4.877 GC heap after
Heap after GC invocations=4 (full 0):
 PSYoungGen      total 141824K, used 10751K [0x000000076ab00000, 0x0000000774000000, 0x00000007c0000000)
  eden space 131072K, 0% used [0x000000076ab00000,0x000000076ab00000,0x0000000772b00000)
  from space 10752K, 99% used [0x0000000773580000,0x0000000773ffffc0,0x0000000774000000)
  to   space 10752K, 0% used [0x0000000772b00000,0x0000000772b00000,0x0000000773580000)
 ParOldGen       total 175104K, used 51254K [0x00000006c0000000, 0x00000006cab00000, 0x000000076ab00000)
  object space 175104K, 29% used [0x00000006c0000000,0x00000006c320d940,0x00000006cab00000)
 Metaspace       used 18536K, capacity 18727K, committed 18944K, reserved 1067008K
  class space    used 1851K, capacity 1950K, committed 2048K, reserved 1048576K
}
Event: 6.124 GC heap before
{Heap before GC invocations=5 (full 0):
 PSYoungGen      total 141824K, used 141823K [0x000000076ab00000, 0x0000000774000000, 0x00000007c0000000)
  eden space 131072K, 100% used [0x000000076ab00000,0x0000000772b00000,0x0000000772b00000)
  from space 10752K, 99% used [0x0000000773580000,0x0000000773ffffc0,0x0000000774000000)
  to   space 10752K, 0% used [0x0000000772b00000,0x0000000772b00000,0x0000000773580000)
 ParOldGen       total 175104K, used 51254K [0x00000006c0000000, 0x00000006cab00000, 0x000000076ab00000)
  object space 175104K, 29% used [0x00000006c0000000,0x00000006c320d940,0x00000006cab00000)
 Metaspace       used 18632K, capacity 18855K, committed 19200K, reserved 1067008K
  class space    used 1851K, capacity 1950K, committed 2048K, reserved 1048576K
Event: 6.136 GC heap after
Heap after GC invocations=5 (full 0):
 PSYoungGen      total 141824K, used 10735K [0x000000076ab00000, 0x000000077f900000, 0x00000007c0000000)
  eden space 131072K, 0% used [0x000000076ab00000,0x000000076ab00000,0x0000000772b00000)
  from space 10752K, 99% used [0x0000000772b00000,0x000000077357bfc0,0x0000000773580000)
  to   space 39936K, 0% used [0x000000077d200000,0x000000077d200000,0x000000077f900000)
 ParOldGen       total 175104K, used 52350K [0x00000006c0000000, 0x00000006cab00000, 0x000000076ab00000)
  object space 175104K, 29% used [0x00000006c0000000,0x00000006c331f970,0x00000006cab00000)
 Metaspace       used 18632K, capacity 18855K, committed 19200K, reserved 1067008K
  class space    used 1851K, capacity 1950K, committed 2048K, reserved 1048576K
}
Event: 7.484 GC heap before
{Heap before GC invocations=6 (full 0):
 PSYoungGen      total 141824K, used 141807K [0x000000076ab00000, 0x000000077f900000, 0x00000007c0000000)
  eden space 131072K, 100% used [0x000000076ab00000,0x0000000772b00000,0x0000000772b00000)
  from space 10752K, 99% used [0x0000000772b00000,0x000000077357bfc0,0x0000000773580000)
  to   space 39936K, 0% used [0x000000077d200000,0x000000077d200000,0x000000077f900000)
 ParOldGen       total 175104K, used 52350K [0x00000006c0000000, 0x00000006cab00000, 0x000000076ab00000)
  object space 175104K, 29% used [0x00000006c0000000,0x00000006c331f970,0x00000006cab00000)
 Metaspace       used 18696K, capacity 18925K, committed 19200K, reserved 1067008K
  class space    used 1853K, capacity 1951K, committed 2048K, reserved 1048576K
Event: 7.494 GC heap after
Heap after GC invocations=6 (full 0):
 PSYoungGen      total 301056K, used 10879K [0x000000076ab00000, 0x000000077f800000, 0x00000007c0000000)
  eden space 262144K, 0% used [0x000000076ab00000,0x000000076ab00000,0x000000077ab00000)
  from space 38912K, 27% used [0x000000077d200000,0x000000077dc9ffd0,0x000000077f800000)
  to   space 39424K, 0% used [0x000000077ab00000,0x000000077ab00000,0x000000077d180000)
 ParOldGen       total 175104K, used 52350K [0x00000006c0000000, 0x00000006cab00000, 0x000000076ab00000)
  object space 175104K, 29% used [0x00000006c0000000,0x00000006c331f970,0x00000006cab00000)
 Metaspace       used 18696K, capacity 18925K, committed 19200K, reserved 1067008K
  class space    used 1853K, capacity 1951K, committed 2048K, reserved 1048576K
}
Event: 9.748 GC heap before
{Heap before GC invocations=7 (full 0):
 PSYoungGen      total 301056K, used 273023K [0x000000076ab00000, 0x000000077f800000, 0x00000007c0000000)
  eden space 262144K, 100% used [0x000000076ab00000,0x000000077ab00000,0x000000077ab00000)
  from space 38912K, 27% used [0x000000077d200000,0x000000077dc9ffd0,0x000000077f800000)
  to   space 39424K, 0% used [0x000000077ab00000,0x000000077ab00000,0x000000077d180000)
 ParOldGen       total 175104K, used 52350K [0x00000006c0000000, 0x00000006cab00000, 0x000000076ab00000)
  object space 175104K, 29% used [0x00000006c0000000,0x00000006c331f970,0x00000006cab00000)
 Metaspace       used 18746K, capacity 18929K, committed 19200K, reserved 1067008K
  class space    used 1853K, capacity 1951K, committed 2048K, reserved 1048576K
Event: 9.759 GC heap after
Heap after GC invocations=7 (full 0):
 PSYoungGen      total 301568K, used 15440K [0x000000076ab00000, 0x000000078f500000, 0x00000007c0000000)
  eden space 262144K, 0% used [0x000000076ab00000,0x000000076ab00000,0x000000077ab00000)
  from space 39424K, 39% used [0x000000077ab00000,0x000000077ba14160,0x000000077d180000)
  to   space 37888K, 0% used [0x000000078d000000,0x000000078d000000,0x000000078f500000)
 ParOldGen       total 175104K, used 55033K [0x00000006c0000000, 0x00000006cab00000, 0x000000076ab00000)
  object space 175104K, 31% used [0x00000006c0000000,0x00000006c35be4e8,0x00000006cab00000)
 Metaspace       used 18746K, capacity 18929K, committed 19200K, reserved 1067008K
  class space    used 1853K, capacity 1951K, committed 2048K, reserved 1048576K
}
Event: 12.093 GC heap before
{Heap before GC invocations=8 (full 0):
 PSYoungGen      total 301568K, used 277584K [0x000000076ab00000, 0x000000078f500000, 0x00000007c0000000)
  eden space 262144K, 100% used [0x000000076ab00000,0x000000077ab00000,0x000000077ab00000)
  from space 39424K, 39% used [0x000000077ab00000,0x000000077ba14160,0x000000077d180000)
  to   space 37888K, 0% used [0x000000078d000000,0x000000078d000000,0x000000078f500000)
 ParOldGen       total 175104K, used 55033K [0x00000006c0000000, 0x00000006cab00000, 0x000000076ab00000)
  object space 175104K, 31% used [0x00000006c0000000,0x00000006c35be4e8,0x00000006cab00000)
 Metaspace       used 18803K, capacity 18999K, committed 19200K, reserved 1067008K
  class space    used 1854K, capacity 1952K, committed 2048K, reserved 1048576K
Event: 12.101 GC heap after
Heap after GC invocations=8 (full 0):
 PSYoungGen      total 561152K, used 10560K [0x000000076ab00000, 0x000000078f400000, 0x00000007c0000000)
  eden space 524288K, 0% used [0x000000076ab00000,0x000000076ab00000,0x000000078ab00000)
  from space 36864K, 28% used [0x000000078d000000,0x000000078da50280,0x000000078f400000)
  to   space 37376K, 0% used [0x000000078ab00000,0x000000078ab00000,0x000000078cf80000)
 ParOldGen       total 175104K, used 62601K [0x00000006c0000000, 0x00000006cab00000, 0x000000076ab00000)
  object space 175104K, 35% used [0x00000006c0000000,0x00000006c3d22468,0x00000006cab00000)
 Metaspace       used 18803K, capacity 18999K, committed 19200K, reserved 1067008K
  class space    used 1854K, capacity 1952K, committed 2048K, reserved 1048576K
}

Deoptimization events (10 events):
Event: 15.882 Thread 0x00007f8144a66800 Uncommon trap: reason=unstable_if action=reinterpret pc=0x0000000112fd8760 method=de.fhpotsdam.unfolding.marker.SimpleLinesMarker.draw(Lprocessing/core/PGraphics;Ljava/util/List;)V @ 13
Event: 15.957 Thread 0x00007f8144a66800 Uncommon trap: reason=unstable_if action=reinterpret pc=0x000000011303d9c0 method=module6.CommonMarker.draw(Lprocessing/core/PGraphics;FF)V @ 4
Event: 15.957 Thread 0x00007f8144a66800 Uncommon trap: reason=unstable_if action=reinterpret pc=0x000000011302fa50 method=module6.CommonMarker.draw(Lprocessing/core/PGraphics;FF)V @ 4
Event: 15.962 Thread 0x00007f8144a66800 Uncommon trap: reason=class_check action=maybe_recompile pc=0x0000000112e6e184 method=java.util.AbstractCollection.toArray([Ljava/lang/Object;)[Ljava/lang/Object; @ 1
Event: 15.962 Thread 0x00007f8144a66800 Uncommon trap: reason=class_check action=maybe_recompile pc=0x0000000112e716bc method=java.util.AbstractCollection.toArray([Ljava/lang/Object;)[Ljava/lang/Object; @ 51
Event: 15.969 Thread 0x00007f8144a66800 Uncommon trap: reason=predicate action=maybe_recompile pc=0x0000000112b54be8 method=java.util.Vector.indexOf(Ljava/lang/Object;I)I @ 44
Event: 23.710 Thread 0x00007f8144a66800 Uncommon trap: reason=unstable_if action=reinterpret pc=0x0000000113081068 method=com.jogamp.common.util.VersionNumber.compareTo(Lcom/jogamp/common/util/VersionNumber;)I @ 21
Event: 23.715 Thread 0x00007f8144162000 Uncommon trap: reason=unstable_if action=reinterpret pc=0x0000000112e74b5c method=java.util.HashMap.putVal(ILjava/lang/Object;Ljava/lang/Object;ZZ)Ljava/lang/Object; @ 81
Event: 23.715 Thread 0x00007f8144162000 Uncommon trap: reason=unstable_if action=reinterpret pc=0x0000000112e1d490 method=java.util.HashMap.putVal(ILjava/lang/Object;Ljava/lang/Object;ZZ)Ljava/lang/Object; @ 81
Event: 23.731 Thread 0x00007f8144a66800 Uncommon trap: reason=unstable_if action=reinterpret pc=0x0000000112e3cb80 method=java.security.AccessControlContext.optimize()Ljava/security/AccessControlContext; @ 233

Internal exceptions (10 events):
Event: 13.150 Thread 0x00007f814780b800 Exception <a 'java/security/PrivilegedActionException'> (0x0000000771d46480) thrown at [/Users/java_re/workspace/8-2-build-macosx-x86_64/jdk8u111/7883/hotspot/src/share/vm/prims/jvm.cpp, line 1386]
Event: 13.150 Thread 0x00007f814d1bc000 Exception <a 'java/security/PrivilegedActionException'> (0x000000077130c3b8) thrown at [/Users/java_re/workspace/8-2-build-macosx-x86_64/jdk8u111/7883/hotspot/src/share/vm/prims/jvm.cpp, line 1386]
Event: 13.150 Thread 0x00007f81468d0800 Exception <a 'java/security/PrivilegedActionException'> (0x0000000771fd5a88) thrown at [/Users/java_re/workspace/8-2-build-macosx-x86_64/jdk8u111/7883/hotspot/src/share/vm/prims/jvm.cpp, line 1386]
Event: 13.150 Thread 0x00007f814d055000 Exception <a 'java/security/PrivilegedActionException'> (0x0000000771aba350) thrown at [/Users/java_re/workspace/8-2-build-macosx-x86_64/jdk8u111/7883/hotspot/src/share/vm/prims/jvm.cpp, line 1386]
Event: 13.150 Thread 0x00007f814d055000 Exception <a 'java/security/PrivilegedActionException'> (0x0000000771aba560) thrown at [/Users/java_re/workspace/8-2-build-macosx-x86_64/jdk8u111/7883/hotspot/src/share/vm/prims/jvm.cpp, line 1386]
Event: 13.150 Thread 0x00007f814780b800 Exception <a 'java/security/PrivilegedActionException'> (0x0000000771d49970) thrown at [/Users/java_re/workspace/8-2-build-macosx-x86_64/jdk8u111/7883/hotspot/src/share/vm/prims/jvm.cpp, line 1386]
Event: 13.150 Thread 0x00007f814780b800 Exception <a 'java/security/PrivilegedActionException'> (0x0000000771d49b80) thrown at [/Users/java_re/workspace/8-2-build-macosx-x86_64/jdk8u111/7883/hotspot/src/share/vm/prims/jvm.cpp, line 1386]
Event: 13.150 Thread 0x00007f81468d0800 Exception <a 'java/security/PrivilegedActionException'> (0x0000000771fd8f78) thrown at [/Users/java_re/workspace/8-2-build-macosx-x86_64/jdk8u111/7883/hotspot/src/share/vm/prims/jvm.cpp, line 1386]
Event: 13.150 Thread 0x00007f81468d0800 Exception <a 'java/security/PrivilegedActionException'> (0x0000000771fd9188) thrown at [/Users/java_re/workspace/8-2-build-macosx-x86_64/jdk8u111/7883/hotspot/src/share/vm/prims/jvm.cpp, line 1386]
Event: 15.987 Thread 0x00007f8144a66800 Exception <a 'java/lang/NullPointerException'> (0x0000000786dfee58) thrown at [/Users/java_re/workspace/8-2-build-macosx-x86_64/jdk8u111/7883/hotspot/src/share/vm/interpreter/linkResolver.cpp, line 1178]

Events (10 events):
Event: 23.731 Thread 0x00007f8144a66800 DEOPT UNPACKING pc=0x00000001129f6229 sp=0x000070000d9b4880 mode 2
Event: 23.731 loading class java/awt/LightweightDispatcher$2
Event: 23.731 loading class java/awt/LightweightDispatcher$2 done
Event: 23.731 loading class java/awt/event/AWTEventListenerProxy
Event: 23.731 loading class java/awt/event/AWTEventListenerProxy done
Event: 23.731 loading class java/awt/Toolkit$ToolkitEventMulticaster
Event: 23.731 loading class java/awt/Toolkit$ToolkitEventMulticaster done
Event: 23.731 Thread 0x00007f8144162000 Thread exited: 0x00007f8144162000
Event: 23.731 loading class java/awt/Window$1DisposeAction
Event: 23.732 loading class java/awt/Window$1DisposeAction done


Dynamic libraries:
0x0000000049353000 	/System/Library/Frameworks/Cocoa.framework/Versions/A/Cocoa
0x0000000049353000 	/System/Library/Frameworks/Security.framework/Versions/A/Security
0x0000000049353000 	/System/Library/Frameworks/ApplicationServices.framework/Versions/A/ApplicationServices
0x0000000049353000 	/usr/lib/libz.1.dylib
0x0000000049353000 	/usr/lib/libSystem.B.dylib
0x0000000049353000 	/usr/lib/libobjc.A.dylib
0x0000000049353000 	/System/Library/Frameworks/CoreFoundation.framework/Versions/A/CoreFoundation
0x0000000049353000 	/System/Library/Frameworks/Foundation.framework/Versions/C/Foundation
0x0000000049353000 	/System/Library/Frameworks/AppKit.framework/Versions/C/AppKit
0x0000000049353000 	/System/Library/Frameworks/CoreData.framework/Versions/A/CoreData
0x0000000049353000 	/System/Library/PrivateFrameworks/RemoteViewServices.framework/Versions/A/RemoteViewServices
0x0000000049353000 	/System/Library/PrivateFrameworks/UIFoundation.framework/Versions/A/UIFoundation
0x0000000049353000 	/System/Library/PrivateFrameworks/DFRFoundation.framework/Versions/A/DFRFoundation
0x0000000049353000 	/usr/lib/libenergytrace.dylib
0x0000000049353000 	/System/Library/PrivateFrameworks/SkyLight.framework/Versions/A/SkyLight
0x0000000049353000 	/System/Library/Frameworks/CoreGraphics.framework/Versions/A/CoreGraphics
0x0000000049353000 	/usr/lib/libScreenReader.dylib
0x0000000049353000 	/System/Library/Frameworks/Accelerate.framework/Versions/A/Accelerate
0x0000000049353000 	/System/Library/Frameworks/IOSurface.framework/Versions/A/IOSurface
0x0000000049353000 	/System/Library/Frameworks/AudioToolbox.framework/Versions/A/AudioToolbox
0x0000000049353000 	/System/Library/Frameworks/AudioUnit.framework/Versions/A/AudioUnit
0x0000000049353000 	/System/Library/PrivateFrameworks/DataDetectorsCore.framework/Versions/A/DataDetectorsCore
0x0000000049353000 	/System/Library/PrivateFrameworks/DesktopServicesPriv.framework/Versions/A/DesktopServicesPriv
0x0000000049353000 	/System/Library/Frameworks/Carbon.framework/Versions/A/Frameworks/HIToolbox.framework/Versions/A/HIToolbox
0x0000000049353000 	/usr/lib/libicucore.A.dylib
0x0000000049353000 	/System/Library/Frameworks/QuartzCore.framework/Versions/A/QuartzCore
0x0000000049353000 	/System/Library/Frameworks/Carbon.framework/Versions/A/Frameworks/SpeechRecognition.framework/Versions/A/SpeechRecognition
0x0000000049353000 	/usr/lib/libauto.dylib
0x0000000049353000 	/usr/lib/libxml2.2.dylib
0x0000000049353000 	/System/Library/PrivateFrameworks/CoreUI.framework/Versions/A/CoreUI
0x0000000049353000 	/System/Library/Frameworks/CoreAudio.framework/Versions/A/CoreAudio
0x0000000049353000 	/System/Library/Frameworks/DiskArbitration.framework/Versions/A/DiskArbitration
0x0000000049353000 	/usr/lib/liblangid.dylib
0x0000000049353000 	/System/Library/PrivateFrameworks/MultitouchSupport.framework/Versions/A/MultitouchSupport
0x0000000049353000 	/System/Library/Frameworks/IOKit.framework/Versions/A/IOKit
0x0000000049353000 	/usr/lib/libDiagnosticMessagesClient.dylib
0x0000000049353000 	/System/Library/Frameworks/CoreServices.framework/Versions/A/CoreServices
0x0000000049353000 	/System/Library/PrivateFrameworks/PerformanceAnalysis.framework/Versions/A/PerformanceAnalysis
0x0000000049353000 	/System/Library/PrivateFrameworks/GenerationalStorage.framework/Versions/A/GenerationalStorage
0x0000000049353000 	/System/Library/Frameworks/OpenGL.framework/Versions/A/OpenGL
0x0000000049353000 	/System/Library/Frameworks/CoreImage.framework/Versions/A/CoreImage
0x0000000049353000 	/System/Library/Frameworks/CoreText.framework/Versions/A/CoreText
0x0000000049353000 	/System/Library/Frameworks/ImageIO.framework/Versions/A/ImageIO
0x0000000049353000 	/System/Library/PrivateFrameworks/Backup.framework/Versions/A/Backup
0x0000000049353000 	/usr/lib/libarchive.2.dylib
0x0000000049353000 	/System/Library/Frameworks/CFNetwork.framework/Versions/A/CFNetwork
0x0000000049353000 	/System/Library/Frameworks/SystemConfiguration.framework/Versions/A/SystemConfiguration
0x0000000049353000 	/usr/lib/libCRFSuite.dylib
0x0000000049353000 	/usr/lib/libc++.1.dylib
0x0000000049353000 	/usr/lib/libc++abi.dylib
0x0000000049353000 	/usr/lib/system/libcache.dylib
0x0000000049353000 	/usr/lib/system/libcommonCrypto.dylib
0x0000000049353000 	/usr/lib/system/libcompiler_rt.dylib
0x0000000049353000 	/usr/lib/system/libcopyfile.dylib
0x0000000049353000 	/usr/lib/system/libcorecrypto.dylib
0x0000000049353000 	/usr/lib/system/libdispatch.dylib
0x0000000049353000 	/usr/lib/system/libdyld.dylib
0x0000000049353000 	/usr/lib/system/libkeymgr.dylib
0x0000000049353000 	/usr/lib/system/liblaunch.dylib
0x0000000049353000 	/usr/lib/system/libmacho.dylib
0x0000000049353000 	/usr/lib/system/libquarantine.dylib
0x0000000049353000 	/usr/lib/system/libremovefile.dylib
0x0000000049353000 	/usr/lib/system/libsystem_asl.dylib
0x0000000049353000 	/usr/lib/system/libsystem_blocks.dylib
0x0000000049353000 	/usr/lib/system/libsystem_c.dylib
0x0000000049353000 	/usr/lib/system/libsystem_configuration.dylib
0x0000000049353000 	/usr/lib/system/libsystem_coreservices.dylib
0x0000000049353000 	/usr/lib/system/libsystem_coretls.dylib
0x0000000049353000 	/usr/lib/system/libsystem_dnssd.dylib
0x0000000049353000 	/usr/lib/system/libsystem_info.dylib
0x0000000049353000 	/usr/lib/system/libsystem_kernel.dylib
0x0000000049353000 	/usr/lib/system/libsystem_m.dylib
0x0000000049353000 	/usr/lib/system/libsystem_malloc.dylib
0x0000000049353000 	/usr/lib/system/libsystem_network.dylib
0x0000000049353000 	/usr/lib/system/libsystem_networkextension.dylib
0x0000000049353000 	/usr/lib/system/libsystem_notify.dylib
0x0000000049353000 	/usr/lib/system/libsystem_platform.dylib
0x0000000049353000 	/usr/lib/system/libsystem_pthread.dylib
0x0000000049353000 	/usr/lib/system/libsystem_sandbox.dylib
0x0000000049353000 	/usr/lib/system/libsystem_secinit.dylib
0x0000000049353000 	/usr/lib/system/libsystem_symptoms.dylib
0x0000000049353000 	/usr/lib/system/libsystem_trace.dylib
0x0000000049353000 	/usr/lib/system/libunwind.dylib
0x0000000049353000 	/usr/lib/system/libxpc.dylib
0x0000000049353000 	/usr/lib/libbsm.0.dylib
0x0000000049353000 	/usr/lib/system/libkxld.dylib
0x0000000049353000 	/usr/lib/libcoretls.dylib
0x0000000049353000 	/usr/lib/libcoretls_cfhelpers.dylib
0x0000000049353000 	/usr/lib/libxar.1.dylib
0x0000000049353000 	/usr/lib/libsqlite3.dylib
0x0000000049353000 	/usr/lib/libpam.2.dylib
0x0000000049353000 	/usr/lib/libOpenScriptingUtil.dylib
0x0000000049353000 	/usr/lib/libbz2.1.0.dylib
0x0000000049353000 	/usr/lib/liblzma.5.dylib
0x0000000049353000 	/usr/lib/libnetwork.dylib
0x0000000049353000 	/usr/lib/libpcap.A.dylib
0x0000000049353000 	/System/Library/Frameworks/CoreServices.framework/Versions/A/Frameworks/FSEvents.framework/Versions/A/FSEvents
0x0000000049353000 	/System/Library/Frameworks/CoreServices.framework/Versions/A/Frameworks/CarbonCore.framework/Versions/A/CarbonCore
0x0000000049353000 	/System/Library/Frameworks/CoreServices.framework/Versions/A/Frameworks/Metadata.framework/Versions/A/Metadata
0x0000000049353000 	/System/Library/Frameworks/CoreServices.framework/Versions/A/Frameworks/OSServices.framework/Versions/A/OSServices
0x0000000049353000 	/System/Library/Frameworks/CoreServices.framework/Versions/A/Frameworks/SearchKit.framework/Versions/A/SearchKit
0x0000000049353000 	/System/Library/Frameworks/CoreServices.framework/Versions/A/Frameworks/AE.framework/Versions/A/AE
0x0000000049353000 	/System/Library/Frameworks/CoreServices.framework/Versions/A/Frameworks/LaunchServices.framework/Versions/A/LaunchServices
0x0000000049353000 	/System/Library/Frameworks/CoreServices.framework/Versions/A/Frameworks/DictionaryServices.framework/Versions/A/DictionaryServices
0x0000000049353000 	/System/Library/Frameworks/CoreServices.framework/Versions/A/Frameworks/SharedFileList.framework/Versions/A/SharedFileList
0x0000000049353000 	/System/Library/Frameworks/NetFS.framework/Versions/A/NetFS
0x0000000049353000 	/System/Library/PrivateFrameworks/NetAuth.framework/Versions/A/NetAuth
0x0000000049353000 	/System/Library/PrivateFrameworks/login.framework/Versions/A/Frameworks/loginsupport.framework/Versions/A/loginsupport
0x0000000049353000 	/System/Library/PrivateFrameworks/TCC.framework/Versions/A/TCC
0x0000000049353000 	/usr/lib/libmecabra.dylib
0x0000000049353000 	/System/Library/Frameworks/ApplicationServices.framework/Versions/A/Frameworks/ATS.framework/Versions/A/ATS
0x0000000049353000 	/System/Library/Frameworks/ApplicationServices.framework/Versions/A/Frameworks/ColorSync.framework/Versions/A/ColorSync
0x0000000049353000 	/System/Library/Frameworks/ApplicationServices.framework/Versions/A/Frameworks/HIServices.framework/Versions/A/HIServices
0x0000000049353000 	/System/Library/Frameworks/ApplicationServices.framework/Versions/A/Frameworks/LangAnalysis.framework/Versions/A/LangAnalysis
0x0000000049353000 	/System/Library/Frameworks/ApplicationServices.framework/Versions/A/Frameworks/PrintCore.framework/Versions/A/PrintCore
0x0000000049353000 	/System/Library/Frameworks/ApplicationServices.framework/Versions/A/Frameworks/QD.framework/Versions/A/QD
0x0000000049353000 	/System/Library/Frameworks/ApplicationServices.framework/Versions/A/Frameworks/SpeechSynthesis.framework/Versions/A/SpeechSynthesis
0x0000000049353000 	/System/Library/Frameworks/Accelerate.framework/Versions/A/Frameworks/vImage.framework/Versions/A/vImage
0x0000000049353000 	/System/Library/Frameworks/Accelerate.framework/Versions/A/Frameworks/vecLib.framework/Versions/A/vecLib
0x0000000049353000 	/System/Library/Frameworks/Accelerate.framework/Versions/A/Frameworks/vecLib.framework/Versions/A/libvDSP.dylib
0x0000000049353000 	/System/Library/Frameworks/Accelerate.framework/Versions/A/Frameworks/vecLib.framework/Versions/A/libBNNS.dylib
0x0000000049353000 	/System/Library/Frameworks/Accelerate.framework/Versions/A/Frameworks/vecLib.framework/Versions/A/libQuadrature.dylib
0x0000000049353000 	/System/Library/Frameworks/Accelerate.framework/Versions/A/Frameworks/vecLib.framework/Versions/A/libvMisc.dylib
0x0000000049353000 	/System/Library/Frameworks/Accelerate.framework/Versions/A/Frameworks/vecLib.framework/Versions/A/libLAPACK.dylib
0x0000000049353000 	/System/Library/Frameworks/Accelerate.framework/Versions/A/Frameworks/vecLib.framework/Versions/A/libBLAS.dylib
0x0000000049353000 	/System/Library/Frameworks/Accelerate.framework/Versions/A/Frameworks/vecLib.framework/Versions/A/libLinearAlgebra.dylib
0x0000000049353000 	/System/Library/Frameworks/Accelerate.framework/Versions/A/Frameworks/vecLib.framework/Versions/A/libSparseBLAS.dylib
0x0000000049353000 	/System/Library/Frameworks/ApplicationServices.framework/Versions/A/Frameworks/ATS.framework/Versions/A/Resources/libFontParser.dylib
0x0000000049353000 	/System/Library/Frameworks/ApplicationServices.framework/Versions/A/Frameworks/ATS.framework/Versions/A/Resources/libFontRegistry.dylib
0x0000000049353000 	/System/Library/Frameworks/ImageIO.framework/Versions/A/Resources/libJPEG.dylib
0x0000000049353000 	/System/Library/Frameworks/ImageIO.framework/Versions/A/Resources/libTIFF.dylib
0x0000000049353000 	/System/Library/Frameworks/ImageIO.framework/Versions/A/Resources/libPng.dylib
0x0000000049353000 	/System/Library/Frameworks/ImageIO.framework/Versions/A/Resources/libGIF.dylib
0x0000000049353000 	/System/Library/Frameworks/ImageIO.framework/Versions/A/Resources/libJP2.dylib
0x0000000049353000 	/System/Library/Frameworks/ImageIO.framework/Versions/A/Resources/libRadiance.dylib
0x0000000049353000 	/usr/lib/libcompression.dylib
0x0000000049353000 	/System/Library/PrivateFrameworks/AppleJPEG.framework/Versions/A/AppleJPEG
0x0000000049353000 	/usr/lib/libcups.2.dylib
0x0000000049353000 	/System/Library/Frameworks/Kerberos.framework/Versions/A/Kerberos
0x0000000049353000 	/System/Library/Frameworks/GSS.framework/Versions/A/GSS
0x0000000049353000 	/usr/lib/libresolv.9.dylib
0x0000000049353000 	/usr/lib/libiconv.2.dylib
0x0000000049353000 	/System/Library/PrivateFrameworks/Heimdal.framework/Versions/A/Heimdal
0x0000000049353000 	/usr/lib/libheimdal-asn1.dylib
0x0000000049353000 	/System/Library/Frameworks/OpenDirectory.framework/Versions/A/OpenDirectory
0x0000000049353000 	/System/Library/PrivateFrameworks/CommonAuth.framework/Versions/A/CommonAuth
0x0000000049353000 	/System/Library/Frameworks/OpenDirectory.framework/Versions/A/Frameworks/CFOpenDirectory.framework/Versions/A/CFOpenDirectory
0x0000000049353000 	/System/Library/Frameworks/SecurityFoundation.framework/Versions/A/SecurityFoundation
0x0000000049353000 	/System/Library/PrivateFrameworks/LanguageModeling.framework/Versions/A/LanguageModeling
0x0000000049353000 	/usr/lib/libmarisa.dylib
0x0000000049353000 	/usr/lib/libChineseTokenizer.dylib
0x0000000049353000 	/usr/lib/libcmph.dylib
0x0000000049353000 	/System/Library/PrivateFrameworks/CoreEmoji.framework/Versions/A/CoreEmoji
0x0000000049353000 	/System/Library/Frameworks/ServiceManagement.framework/Versions/A/ServiceManagement
0x0000000049353000 	/usr/lib/libxslt.1.dylib
0x0000000049353000 	/System/Library/Frameworks/Carbon.framework/Versions/A/Frameworks/Ink.framework/Versions/A/Ink
0x0000000049353000 	/System/Library/PrivateFrameworks/TextureIO.framework/Versions/A/TextureIO
0x0000000049353000 	/System/Library/Frameworks/Metal.framework/Versions/A/Metal
0x0000000049353000 	/usr/lib/libate.dylib
0x0000000049353000 	/System/Library/PrivateFrameworks/GPUCompiler.framework/libmetal_timestamp.dylib
0x0000000049353000 	/System/Library/Frameworks/OpenGL.framework/Versions/A/Libraries/libCoreFSCache.dylib
0x0000000049353000 	/System/Library/PrivateFrameworks/IOAccelerator.framework/Versions/A/IOAccelerator
0x0000000049353000 	/System/Library/Frameworks/CoreVideo.framework/Versions/A/CoreVideo
0x0000000049353000 	/usr/lib/libFosl_dynamic.dylib
0x0000000049353000 	/System/Library/PrivateFrameworks/MetalPerformanceShaders.framework/Versions/A/MetalPerformanceShaders
0x0000000049353000 	/System/Library/PrivateFrameworks/FaceCore.framework/Versions/A/FaceCore
0x0000000049353000 	/System/Library/Frameworks/OpenCL.framework/Versions/A/OpenCL
0x0000000049353000 	/System/Library/Frameworks/OpenGL.framework/Versions/A/Libraries/libGLU.dylib
0x0000000049353000 	/System/Library/Frameworks/OpenGL.framework/Versions/A/Libraries/libGFXShared.dylib
0x0000000049353000 	/System/Library/Frameworks/OpenGL.framework/Versions/A/Libraries/libGL.dylib
0x0000000049353000 	/System/Library/Frameworks/OpenGL.framework/Versions/A/Libraries/libGLImage.dylib
0x0000000049353000 	/System/Library/Frameworks/OpenGL.framework/Versions/A/Libraries/libCVMSPluginSupport.dylib
0x0000000049353000 	/System/Library/Frameworks/OpenGL.framework/Versions/A/Libraries/libCoreVMClient.dylib
0x0000000049353000 	/System/Library/PrivateFrameworks/CrashReporterSupport.framework/Versions/A/CrashReporterSupport
0x0000000049353000 	/System/Library/PrivateFrameworks/Sharing.framework/Versions/A/Sharing
0x0000000049353000 	/System/Library/PrivateFrameworks/IconServices.framework/Versions/A/IconServices
0x0000000049353000 	/System/Library/PrivateFrameworks/ProtocolBuffer.framework/Versions/A/ProtocolBuffer
0x0000000049353000 	/System/Library/PrivateFrameworks/Apple80211.framework/Versions/A/Apple80211
0x0000000049353000 	/System/Library/Frameworks/CoreWLAN.framework/Versions/A/CoreWLAN
0x0000000049353000 	/System/Library/PrivateFrameworks/CoreUtils.framework/Versions/A/CoreUtils
0x0000000049353000 	/System/Library/Frameworks/IOBluetooth.framework/Versions/A/IOBluetooth
0x0000000049353000 	/System/Library/PrivateFrameworks/CoreWiFi.framework/Versions/A/CoreWiFi
0x0000000049353000 	/System/Library/Frameworks/CoreBluetooth.framework/Versions/A/CoreBluetooth
0x0000000049353000 	/System/Library/Frameworks/CoreDisplay.framework/Versions/A/CoreDisplay
0x0000000049353000 	/System/Library/PrivateFrameworks/IOPresentment.framework/Versions/A/IOPresentment
0x0000000049353000 	/System/Library/PrivateFrameworks/DebugSymbols.framework/Versions/A/DebugSymbols
0x0000000049353000 	/System/Library/PrivateFrameworks/CoreSymbolication.framework/Versions/A/CoreSymbolication
0x0000000049353000 	/System/Library/PrivateFrameworks/Symbolication.framework/Versions/A/Symbolication
0x0000000049353000 	/System/Library/PrivateFrameworks/AppleFSCompression.framework/Versions/A/AppleFSCompression
0x0000000049353000 	/System/Library/PrivateFrameworks/SpeechRecognitionCore.framework/Versions/A/SpeechRecognitionCore
0x0000000049353000 	/System/Library/PrivateFrameworks/ChunkingLibrary.framework/Versions/A/ChunkingLibrary
0x000000010d400000 	/Library/Java/JavaVirtualMachines/jdk1.8.0_111.jdk/Contents/Home/jre/lib/server/libjvm.dylib
0x0000000049353000 	/usr/lib/libstdc++.6.dylib
0x000000010c265000 	/Library/Java/JavaVirtualMachines/jdk1.8.0_111.jdk/Contents/Home/jre/lib/libverify.dylib
0x000000010c273000 	/Library/Java/JavaVirtualMachines/jdk1.8.0_111.jdk/Contents/Home/jre/lib/libjava.dylib
0x000000010c2b2000 	/Library/Java/JavaVirtualMachines/jdk1.8.0_111.jdk/Contents/Home/jre/lib/libzip.dylib
0x0000000112313000 	/System/Library/Frameworks/JavaVM.framework/Frameworks/JavaRuntimeSupport.framework/JavaRuntimeSupport
0x000000011232d000 	/System/Library/Frameworks/JavaVM.framework/Versions/A/Frameworks/JavaNativeFoundation.framework/Versions/A/JavaNativeFoundation
0x0000000112342000 	/System/Library/Frameworks/JavaVM.framework/Versions/A/JavaVM
0x0000000049353000 	/System/Library/Frameworks/Carbon.framework/Versions/A/Carbon
0x000000011234f000 	/System/Library/PrivateFrameworks/JavaLaunching.framework/Versions/A/JavaLaunching
0x0000000049353000 	/System/Library/Frameworks/Carbon.framework/Versions/A/Frameworks/CommonPanels.framework/Versions/A/CommonPanels
0x0000000049353000 	/System/Library/Frameworks/Carbon.framework/Versions/A/Frameworks/Help.framework/Versions/A/Help
0x0000000049353000 	/System/Library/Frameworks/Carbon.framework/Versions/A/Frameworks/ImageCapture.framework/Versions/A/ImageCapture
0x0000000049353000 	/System/Library/Frameworks/Carbon.framework/Versions/A/Frameworks/OpenScripting.framework/Versions/A/OpenScripting
0x0000000049353000 	/System/Library/Frameworks/Carbon.framework/Versions/A/Frameworks/Print.framework/Versions/A/Print
0x0000000049353000 	/System/Library/Frameworks/Carbon.framework/Versions/A/Frameworks/SecurityHI.framework/Versions/A/SecurityHI
0x00000001123a5000 	/Library/Java/JavaVirtualMachines/jdk1.8.0_111.jdk/Contents/Home/jre/lib/libawt.dylib
0x000000011244d000 	/Library/Java/JavaVirtualMachines/jdk1.8.0_111.jdk/Contents/Home/jre/lib/./libmlib_image.dylib
0x0000000112519000 	/Library/Java/JavaVirtualMachines/jdk1.8.0_111.jdk/Contents/Home/jre/lib/libawt_lwawt.dylib
0x00000001125ce000 	/Library/Java/JavaVirtualMachines/jdk1.8.0_111.jdk/Contents/Home/jre/lib/./libosxapp.dylib
0x0000000049353000 	/System/Library/Frameworks/ExceptionHandling.framework/Versions/A/ExceptionHandling
0x0000000049353000 	/System/Library/PrivateFrameworks/CoreServicesInternal.framework/Versions/A/CoreServicesInternal
0x0000000049353000 	/System/Library/CoreServices/RawCamera.bundle/Contents/MacOS/RawCamera
0x0000000049353000 	/System/Library/Frameworks/Accelerate.framework/Versions/A/Frameworks/vImage.framework/Versions/A/Libraries/libCGInterfaces.dylib
0x0000000049353000 	/System/Library/Frameworks/ApplicationServices.framework/Versions/A/Frameworks/ATS.framework/Versions/A/Resources/libTrueTypeScaler.dylib
0x0000000049353000 	/System/Library/Frameworks/OpenGL.framework/Versions/A/Resources/GLEngine.bundle/GLEngine
0x0000000049353000 	/System/Library/Frameworks/OpenGL.framework/Versions/A/Libraries/libGLProgrammability.dylib
0x000000012ce25000 	/System/Library/Extensions/AppleIntelHD5000GraphicsGLDriver.bundle/Contents/MacOS/AppleIntelHD5000GraphicsGLDriver
0x0000000049353000 	/System/Library/PrivateFrameworks/GPUSupport.framework/Versions/A/Libraries/libGPUSupportMercury.dylib
0x0000000049353000 	/System/Library/Extensions/GeForceGLDriver.bundle/Contents/MacOS/GeForceGLDriver
0x0000000049353000 	/System/Library/Extensions/GeForceGLDriver.bundle/Contents/MacOS/libclh.dylib
0x0000000049353000 	/System/Library/Frameworks/OpenGL.framework/Versions/A/Resources/GLRendererFloat.bundle/GLRendererFloat
0x0000000049353000 	/System/Library/Frameworks/OpenCL.framework/Versions/A/Libraries/libcldcpuengine.dylib
0x0000000049353000 	/usr/lib/libcrypto.0.9.8.dylib
0x0000000049353000 	/System/Library/PrivateFrameworks/TrustEvaluationAgent.framework/Versions/A/TrustEvaluationAgent
0x0000000049353000 	/System/Library/Extensions/GeForceMTLDriver.bundle/Contents/MacOS/GeForceMTLDriver
0x000000012d5a3000 	/System/Library/Extensions/AppleIntelHD5000GraphicsMTLDriver.bundle/Contents/MacOS/AppleIntelHD5000GraphicsMTLDriver
0x0000000049353000 	/System/Library/PrivateFrameworks/FamilyControls.framework/Versions/A/FamilyControls
0x0000000049353000 	/System/Library/PrivateFrameworks/CommerceKit.framework/Versions/A/Frameworks/CommerceCore.framework/Versions/A/CommerceCore
0x0000000049353000 	/System/Library/PrivateFrameworks/SystemAdministration.framework/Versions/A/SystemAdministration
0x0000000049353000 	/System/Library/PrivateFrameworks/AppContainer.framework/Versions/A/AppContainer
0x0000000049353000 	/System/Library/PrivateFrameworks/SecCodeWrapper.framework/Versions/A/SecCodeWrapper
0x0000000049353000 	/System/Library/Frameworks/DirectoryService.framework/Versions/A/DirectoryService
0x0000000049353000 	/System/Library/PrivateFrameworks/DiskImages.framework/Versions/A/DiskImages
0x0000000049353000 	/System/Library/PrivateFrameworks/LoginUIKit.framework/Versions/A/Frameworks/LoginUICore.framework/Versions/A/LoginUICore
0x0000000049353000 	/usr/lib/libCoreStorage.dylib
0x0000000049353000 	/usr/lib/libcsfde.dylib
0x0000000049353000 	/usr/lib/libodfde.dylib
0x0000000049353000 	/System/Library/Frameworks/DiscRecording.framework/Versions/A/DiscRecording
0x0000000049353000 	/usr/lib/libcurl.4.dylib
0x0000000049353000 	/System/Library/PrivateFrameworks/MediaKit.framework/Versions/A/MediaKit
0x0000000049353000 	/System/Library/PrivateFrameworks/ProtectedCloudStorage.framework/Versions/A/ProtectedCloudStorage
0x0000000049353000 	/System/Library/PrivateFrameworks/EFILogin.framework/Versions/A/EFILogin
0x0000000049353000 	/usr/lib/libutil.dylib
0x0000000049353000 	/System/Library/Frameworks/LDAP.framework/Versions/A/LDAP
0x0000000049353000 	/usr/lib/libsasl2.2.dylib
0x0000000049353000 	/System/Library/PrivateFrameworks/CoreDaemon.framework/Versions/B/CoreDaemon
0x0000000049353000 	/System/Library/PrivateFrameworks/AppleSRP.framework/Versions/A/AppleSRP
0x0000000049353000 	/System/Library/PrivateFrameworks/APFS.framework/Versions/A/APFS
0x000000012f1a7000 	/Library/Java/JavaVirtualMachines/jdk1.8.0_111.jdk/Contents/Home/jre/lib/libfontmanager.dylib
0x0000000131235000 	/Library/Java/JavaVirtualMachines/jdk1.8.0_111.jdk/Contents/Home/jre/lib/libosxui.dylib
0x0000000049353000 	/System/Library/PrivateFrameworks/ViewBridge.framework/Versions/A/ViewBridge
0x0000000049353000 	/System/Library/PrivateFrameworks/XPCService.framework/Versions/A/XPCService
0x0000000049353000 	/System/Library/PrivateFrameworks/AppSandbox.framework/Versions/A/AppSandbox
0x0000000049353000 	/usr/lib/libsandbox.1.dylib
0x0000000049353000 	/usr/lib/libMatch.1.dylib
0x0000000131d48000 	/Library/Java/JavaVirtualMachines/jdk1.8.0_111.jdk/Contents/Home/jre/lib/libnet.dylib
0x0000000131dbe000 	/Library/Java/JavaVirtualMachines/jdk1.8.0_111.jdk/Contents/Home/jre/lib/libnio.dylib
0x0000000199e26000 	/private/var/folders/9f/6bxbn80n4793vm26lrjc_dvm0000gn/T/jogamp_0000/file_cache/jln613154142159525939/jln2131937230095465952/libgluegen-rt.jnilib
0x0000000199e2a000 	/private/var/folders/9f/6bxbn80n4793vm26lrjc_dvm0000gn/T/jogamp_0000/file_cache/jln613154142159525939/jln2131937230095465952/libnativewindow_awt.jnilib
0x0000000199e2d000 	/Library/Java/JavaVirtualMachines/jdk1.8.0_111.jdk/Contents/Home/jre/lib/libjawt.dylib
0x0000000199e30000 	/private/var/folders/9f/6bxbn80n4793vm26lrjc_dvm0000gn/T/jogamp_0000/file_cache/jln613154142159525939/jln2131937230095465952/libnativewindow_macosx.jnilib
0x000000019f051000 	/private/var/folders/9f/6bxbn80n4793vm26lrjc_dvm0000gn/T/jogamp_0000/file_cache/jln613154142159525939/jln2131937230095465952/libjogl_desktop.jnilib
0x000000012ca0d000 	/Library/Java/JavaVirtualMachines/jdk1.8.0_111.jdk/Contents/Home/jre/lib/libt2k.dylib

VM Arguments:
jvm_args: -Djava.security.policy=java.policy.applet -Dfile.encoding=UTF-8 
java_command: sun.applet.AppletViewer module6.AirportMap1483420432969.html
java_class_path (initial): /Users/HSZHAO/Documents/Eclipse_workspace/UCSDUnfoldingMaps/build:/Users/HSZHAO/Documents/Eclipse_workspace/UCSDUnfoldingMaps/lib/core.jar:/Users/HSZHAO/Documents/Eclipse_workspace/UCSDUnfoldingMaps/lib/gluegen-rt.jar:/Users/HSZHAO/Documents/Eclipse_workspace/UCSDUnfoldingMaps/lib/jogl-all.jar:/Users/HSZHAO/Documents/Eclipse_workspace/UCSDUnfoldingMaps/lib/log4j-1.2.15.jar:/Users/HSZHAO/Documents/Eclipse_workspace/UCSDUnfoldingMaps/lib/sqlite-jdbc-3.7.2.jar:/Users/HSZHAO/Documents/Eclipse_workspace/UCSDUnfoldingMaps/lib/json4processing.jar:/Users/HSZHAO/Documents/Eclipse_workspace/UCSDUnfoldingMaps/lib/libTUIO.jar:/Users/HSZHAO/Documents/Eclipse_workspace/UCSDUnfoldingMaps/lib/unfolding.0.9.7-uscd.jar
Launcher Type: SUN_STANDARD

Environment Variables:
PATH=/usr/bin:/bin:/usr/sbin:/sbin
SHELL=/bin/bash

Signal Handlers:
SIGSEGV: [libjvm.dylib+0x5b03ed], sa_mask[0]=11111111011111110111111111111111, sa_flags=SA_ONSTACK|SA_RESTART|SA_SIGINFO
SIGBUS: [libjvm.dylib+0x5b03ed], sa_mask[0]=11111111011111110111111111111111, sa_flags=SA_RESTART|SA_SIGINFO
SIGFPE: [libjvm.dylib+0x48711c], sa_mask[0]=11111111011111110111111111111111, sa_flags=SA_RESTART|SA_SIGINFO
SIGPIPE: [libjvm.dylib+0x48711c], sa_mask[0]=11111111011111110111111111111111, sa_flags=SA_RESTART|SA_SIGINFO
SIGXFSZ: [libjvm.dylib+0x48711c], sa_mask[0]=11111111011111110111111111111111, sa_flags=SA_RESTART|SA_SIGINFO
SIGILL: [libjvm.dylib+0x48711c], sa_mask[0]=11111111011111110111111111111111, sa_flags=SA_RESTART|SA_SIGINFO
SIGUSR1: SIG_DFL, sa_mask[0]=00000000000000000000000000000000, sa_flags=none
SIGUSR2: [libjvm.dylib+0x486c3a], sa_mask[0]=00100000000000000000000000000000, sa_flags=SA_RESTART|SA_SIGINFO
SIGHUP: [libjvm.dylib+0x485211], sa_mask[0]=11111111011111110111111111111111, sa_flags=SA_RESTART|SA_SIGINFO
SIGINT: [libjvm.dylib+0x485211], sa_mask[0]=11111111011111110111111111111111, sa_flags=SA_RESTART|SA_SIGINFO
SIGTERM: [libjvm.dylib+0x485211], sa_mask[0]=11111111011111110111111111111111, sa_flags=SA_RESTART|SA_SIGINFO
SIGQUIT: [libjvm.dylib+0x485211], sa_mask[0]=11111111011111110111111111111111, sa_flags=SA_RESTART|SA_SIGINFO


---------------  S Y S T E M  ---------------

OS:Bsduname:Darwin 16.1.0 Darwin Kernel Version 16.1.0: Wed Oct 19 20:31:56 PDT 2016; root:xnu-3789.21.4~4/RELEASE_X86_64 x86_64
rlimit: STACK 8192k, CORE 0k, NPROC 709, NOFILE 10240, AS infinity
load average:4.91 5.35 5.77

CPU:total 8 (4 cores per cpu, 2 threads per core) family 6 model 70 stepping 1, cmov, cx8, fxsr, mmx, sse, sse2, sse3, ssse3, sse4.1, sse4.2, popcnt, avx, avx2, aes, clmul, erms, rtm, lzcnt, ht, tsc, tscinvbit, bmi1, bmi2

Memory: 4k page, physical 16777216k(1845728k free)

/proc/meminfo:


vm_info: Java HotSpot(TM) 64-Bit Server VM (25.111-b14) for bsd-amd64 JRE (1.8.0_111-b14), built on Sep 22 2016 15:31:41 by "java_re" with gcc 4.2.1 (Based on Apple Inc. build 5658) (LLVM build 2336.11.00)

time: Tue Jan  3 13:14:16 2017
elapsed time: 23 seconds (0d 0h 0m 23s)

