#
# A fatal error has been detected by the Java Runtime Environment:
#
#  SIGSEGV (0xb) at pc=0x00007fffd300cb5d, pid=47296, tid=0x0000000000000307
#
# JRE version: Java(TM) SE Runtime Environment (8.0_111-b14) (build 1.8.0_111-b14)
# Java VM: Java HotSpot(TM) 64-Bit Server VM (25.111-b14 mixed mode bsd-amd64 compressed oops)
# Problematic frame:
# C  [libobjc.A.dylib+0x6b5d]  objc_msgSend+0x1d
#
# Failed to write core dump. Core dumps have been disabled. To enable core dumping, try "ulimit -c unlimited" before starting Java again
#
# If you would like to submit a bug report, please visit:
#   http://bugreport.java.com/bugreport/crash.jsp
# The crash happened outside the Java Virtual Machine in native code.
# See problematic frame for where to report the bug.
#

---------------  T H R E A D  ---------------

Current thread (0x00007feeac02a000):  JavaThread "AWT-AppKit" daemon [_thread_in_native, id=775, stack(0x00007fff56b19000,0x00007fff57319000)]

siginfo: si_signo: 11 (SIGSEGV), si_code: 1 (SEGV_MAPERR), si_addr: 0x0000000000000018

Registers:
RAX=0x00007feeabfb5010, RBX=0x0000000196520450, RCX=0x00007feeb23009c0, RDX=0x0000000000000000
RSP=0x00007fff57314328, RBP=0x00007fff573143e0, RSI=0x00007fffbce3b56c, RDI=0x00007feeb27425d0
R8 =0x0000000000000018, R9 =0x00007feeb23009e0, R10=0x0000000000000000, R11=0x00007fffbce3b56c
R12=0x0000000000000000, R13=0x000000019cdfdc28, R14=0x0000000196520440, R15=0x00007feeac02a000
RIP=0x00007fffd300cb5d, EFLAGS=0x0000000000010246, ERR=0x0000000000000004
  TRAPNO=0x000000000000000e

Top of Stack: (sp=0x00007fff57314328)
0x00007fff57314328:   000000019651e157 00007fff57314380
0x00007fff57314338:   0000000000000003 00007fff57314360
0x00007fff57314348:   0000000109bf27be 000000019cdfdc28
0x00007fff57314358:   000000019cdfdc28 00007feeabfb5010
0x00007fff57314368:   00000001965206a0 0000000196520710
0x00007fff57314378:   00007fffd90356d0 00007fffd9c9df90
0x00007fff57314388:   0000000196520450 0000000196520690
0x00007fff57314398:   00007feeabfb5010 00007feeb27425d0
0x00007fff573143a8:   00007feeabf91550 00007feeabfb5010
0x00007fff573143b8:   00007feeb27425d0 00007fff57314468
0x00007fff573143c8:   00007feeac02a1f8 000000019cdfdc28
0x00007fff573143d8:   00007fff57314490 00007fff57314458
0x00007fff573143e8:   000000010ea0d9f4 000000019cdfdc28
0x00007fff573143f8:   00007fff57314490 00007fff57314458
0x00007fff57314408:   000000010ea0d787 000000010ea0d742
0x00007fff57314418:   00007fff57314418 000000019cdfdc28
0x00007fff57314428:   00007fff57314490 000000019ce00860
0x00007fff57314438:   0000000000000000 000000019cdfdc28
0x00007fff57314448:   0000000000000000 00007fff57314478
0x00007fff57314458:   00007fff573144d8 000000010e9fe2bd
0x00007fff57314468:   00000006c0e05ea8 000000010ea07538
0x00007fff57314478:   00007feeabfb5010 00007fff573144d8
0x00007fff57314488:   00007feeb27425d0 000000010ea08e02
0x00007fff57314498:   00007fff57314498 000000019cdfddf2
0x00007fff573144a8:   00007fff57314500 000000019ce00860
0x00007fff573144b8:   0000000000000000 000000019cdfde00
0x00007fff573144c8:   00007fff57314478 00007fff573144e8
0x00007fff573144d8:   00007fff57314548 000000010e9fe2bd
0x00007fff573144e8:   00007feeabfb5010 00000006c0f01788
0x00007fff573144f8:   00007feeb27425d0 00000006c0f01788
0x00007fff57314508:   00007fff57314508 00000001a2e46eee
0x00007fff57314518:   00007fff57314558 00000001a2e46fa8 

Instructions: (pc=0x00007fffd300cb5d)
0x00007fffd300cb3d:   0f 1f 00 48 85 ff 2e 74 62 40 f6 c7 01 2e 75 66
0x00007fffd300cb4d:   49 ba f8 ff ff ff ff 7f 00 00 4c 23 17 49 89 f3
0x00007fffd300cb5d:   45 23 5a 18 49 c1 e3 04 4d 03 5a 10 49 3b 33 75
0x00007fffd300cb6d:   04 41 ff 63 08 49 83 3b 01 76 0d 49 83 c3 10 49 

Register to memory mapping:

RAX=0x00007feeabfb5010 is an unknown value
RBX=0x0000000196520450: Java_jogamp_nativewindow_macosx_OSXUtil_GetScreenRefreshRate0+0x1cf0 in /private/var/folders/9f/6bxbn80n4793vm26lrjc_dvm0000gn/T/jogamp_0000/file_cache/jln7600965780194794112/jln3324936421873211789/libnativewindow_macosx.jnilib at 0x0000000196519000
RCX=0x00007feeb23009c0 is an unknown value
RDX=0x0000000000000000 is an unknown value
RSP=0x00007fff57314328 is pointing into the stack for thread: 0x00007feeac02a000
RBP=0x00007fff573143e0 is pointing into the stack for thread: 0x00007feeac02a000
RSI=0x00007fffbce3b56c: __NSStyleNameIndexTable+0x7e867 in /System/Library/Frameworks/AppKit.framework/Versions/C/AppKit at 0x00007fffbc1dd000
RDI=0x00007feeb27425d0 is an unknown value
R8 =0x0000000000000018 is an unknown value
R9 =0x00007feeb23009e0 is an unknown value
R10=0x0000000000000000 is an unknown value
R11=0x00007fffbce3b56c: __NSStyleNameIndexTable+0x7e867 in /System/Library/Frameworks/AppKit.framework/Versions/C/AppKit at 0x00007fffbc1dd000
R12=0x0000000000000000 is an unknown value
R13={method} {0x000000019cdfdc28} 'UnsetJAWTRootSurfaceLayer0' '(JJ)V' in 'jogamp/nativewindow/jawt/macosx/MacOSXJAWTWindow'
R14=0x0000000196520440: Java_jogamp_nativewindow_macosx_OSXUtil_GetScreenRefreshRate0+0x1ce0 in /private/var/folders/9f/6bxbn80n4793vm26lrjc_dvm0000gn/T/jogamp_0000/file_cache/jln7600965780194794112/jln3324936421873211789/libnativewindow_macosx.jnilib at 0x0000000196519000
R15=0x00007feeac02a000 is a thread


Stack: [0x00007fff56b19000,0x00007fff57319000],  sp=0x00007fff57314328,  free space=8172k
Native frames: (J=compiled Java code, j=interpreted, Vv=VM code, C=native code)
C  [libobjc.A.dylib+0x6b5d]  objc_msgSend+0x1d
j  jogamp.nativewindow.jawt.macosx.MacOSXJAWTWindow.UnsetJAWTRootSurfaceLayer0(JJ)V+0
j  jogamp.nativewindow.jawt.macosx.MacOSXJAWTWindow.access$200(JJ)V+2
j  jogamp.nativewindow.jawt.macosx.MacOSXJAWTWindow$1.run()V+38
J 2672 C1 com.jogamp.common.util.RunnableTask.run()V (345 bytes) @ 0x000000010f4d0434 [0x000000010f4d02a0+0x194]
v  ~StubRoutines::call_stub
V  [libjvm.dylib+0x2ecf8a]  JavaCalls::call_helper(JavaValue*, methodHandle*, JavaCallArguments*, Thread*)+0x6ae
V  [libjvm.dylib+0x324119]  jni_invoke_nonstatic(JNIEnv_*, JavaValue*, _jobject*, JNICallType, _jmethodID*, JNI_ArgumentPusher*, Thread*)+0x2ec
V  [libjvm.dylib+0x3168e7]  jni_CallVoidMethod+0x16b
C  [libnativewindow_macosx.jnilib+0x5326]  Java_jogamp_nativewindow_jawt_macosx_MacOSXJAWTWindow_UnsetJAWTRootSurfaceLayer0+0x2b6
C  [Foundation+0x71f2a]  __NSThreadPerformPerform+0x146
C  [CoreFoundation+0xa74b1]  __CFRUNLOOP_IS_CALLING_OUT_TO_A_SOURCE0_PERFORM_FUNCTION__+0x11
C  [CoreFoundation+0x88597]  __CFRunLoopDoSources0+0x1a7
C  [CoreFoundation+0x87b16]  __CFRunLoopRun+0x3a6
C  [CoreFoundation+0x87514]  CFRunLoopRunSpecific+0x1a4
C  [HIToolbox+0x312ac]  RunCurrentEventLoopInMode+0xf0
C  [HIToolbox+0x30fe9]  ReceiveNextEventCommon+0xb8
C  [HIToolbox+0x30f16]  _BlockUntilNextEventMatchingListInModeWithFilter+0x47
C  [AppKit+0x476cd]  _DPSNextEvent+0x445
C  [AppKit+0x7be830]  -[NSApplication(NSEvent) _nextEventMatchingEventMask:untilDate:inMode:dequeue:]+0xaaa
C  [libosxapp.dylib+0x23aa]  -[NSApplicationAWT nextEventMatchingMask:untilDate:inMode:dequeue:]+0x7c
C  [AppKit+0x3c06d]  -[NSApplication run]+0x39e
C  [libosxapp.dylib+0x214d]  +[NSApplicationAWT runAWTLoopWithApp:]+0x9c
C  [libawt_lwawt.dylib+0x444b3]  -[AWTStarter starter:]+0x389
C  [Foundation+0x71f2a]  __NSThreadPerformPerform+0x146
C  [CoreFoundation+0xa74b1]  __CFRUNLOOP_IS_CALLING_OUT_TO_A_SOURCE0_PERFORM_FUNCTION__+0x11
C  [CoreFoundation+0x8861d]  __CFRunLoopDoSources0+0x22d
C  [CoreFoundation+0x87b16]  __CFRunLoopRun+0x3a6
C  [CoreFoundation+0x87514]  CFRunLoopRunSpecific+0x1a4
C  [java+0x6465]  CreateExecutionEnvironment+0x367
C  [java+0x218c]  JLI_Launch+0x7a0
C  [java+0x84c2]  main+0x65
C  [java+0x19e4]  start+0x34
C  0x0000000000000007

Java frames: (J=compiled Java code, j=interpreted, Vv=VM code)
j  jogamp.nativewindow.jawt.macosx.MacOSXJAWTWindow.UnsetJAWTRootSurfaceLayer0(JJ)V+0
j  jogamp.nativewindow.jawt.macosx.MacOSXJAWTWindow.access$200(JJ)V+2
j  jogamp.nativewindow.jawt.macosx.MacOSXJAWTWindow$1.run()V+38
J 2672 C1 com.jogamp.common.util.RunnableTask.run()V (345 bytes) @ 0x000000010f4d0434 [0x000000010f4d02a0+0x194]
v  ~StubRoutines::call_stub

---------------  P R O C E S S  ---------------

Java Threads: ( => current thread )
  0x00007feea2ac7000 JavaThread "Thread-20" [_thread_blocked, id=28463, stack(0x00007000091ae000,0x00007000092ae000)]
  0x00007feeac10e000 JavaThread "Animation Thread" [_thread_blocked, id=77775, stack(0x0000700009849000,0x0000700009949000)]
  0x00007feeaeb3a800 JavaThread "AWT-EventQueue-1" [_thread_in_native, id=79387, stack(0x000070000994c000,0x0000700009a4c000)]
  0x00007feead37c800 JavaThread "DestroyJavaVM" [_thread_blocked, id=7171, stack(0x0000700007c6c000,0x0000700007d6c000)]
  0x00007feead226800 JavaThread "AWT-EventQueue-0" [_thread_blocked, id=63763, stack(0x0000700009746000,0x0000700009846000)]
  0x00007feeae17e800 JavaThread "Java2D Disposer" daemon [_thread_blocked, id=62723, stack(0x00007000094bd000,0x00007000095bd000)]
  0x00007feeaea3b000 JavaThread "Java2D Queue Flusher" daemon [_thread_blocked, id=60167, stack(0x0000700009337000,0x0000700009437000)]
  0x00007feeac08b800 JavaThread "AWT-Shutdown" [_thread_blocked, id=32799, stack(0x0000700009028000,0x0000700009128000)]
=>0x00007feeac02a000 JavaThread "AWT-AppKit" daemon [_thread_in_native, id=775, stack(0x00007fff56b19000,0x00007fff57319000)]
  0x00007feead069800 JavaThread "Service Thread" daemon [_thread_blocked, id=21251, stack(0x0000700008d9f000,0x0000700008e9f000)]
  0x00007feeae819800 JavaThread "C1 CompilerThread3" daemon [_thread_blocked, id=20739, stack(0x0000700008c9c000,0x0000700008d9c000)]
  0x00007feeae016000 JavaThread "C2 CompilerThread2" daemon [_thread_blocked, id=20227, stack(0x0000700008b99000,0x0000700008c99000)]
  0x00007feeae015800 JavaThread "C2 CompilerThread1" daemon [_thread_blocked, id=19715, stack(0x0000700008a96000,0x0000700008b96000)]
  0x00007feeae013800 JavaThread "C2 CompilerThread0" daemon [_thread_blocked, id=19203, stack(0x0000700008993000,0x0000700008a93000)]
  0x00007feead05e000 JavaThread "Signal Dispatcher" daemon [_thread_blocked, id=18691, stack(0x0000700008890000,0x0000700008990000)]
  0x00007feeae805000 JavaThread "Finalizer" daemon [_thread_blocked, id=14595, stack(0x000070000878d000,0x000070000888d000)]
  0x00007feead05d800 JavaThread "Reference Handler" daemon [_thread_blocked, id=14083, stack(0x000070000868a000,0x000070000878a000)]

Other Threads:
  0x00007feead059000 VMThread [stack: 0x0000700008587000,0x0000700008687000] [id=13571]
  0x00007feeae817000 WatcherThread [stack: 0x0000700008ea2000,0x0000700008fa2000] [id=21763]

VM state:not at safepoint (normal execution)

VM Mutex/Monitor currently owned by a thread: None

Heap:
 PSYoungGen      total 118784K, used 54739K [0x000000076ab00000, 0x0000000776800000, 0x00000007c0000000)
  eden space 108032K, 40% used [0x000000076ab00000,0x000000076d626748,0x0000000771480000)
  from space 10752K, 98% used [0x0000000771480000,0x0000000771ece858,0x0000000771f00000)
  to   space 17920K, 0% used [0x0000000775680000,0x0000000775680000,0x0000000776800000)
 ParOldGen       total 110080K, used 18279K [0x00000006c0000000, 0x00000006c6b80000, 0x000000076ab00000)
  object space 110080K, 16% used [0x00000006c0000000,0x00000006c11d9dd8,0x00000006c6b80000)
 Metaspace       used 27500K, capacity 27709K, committed 28160K, reserved 1075200K
  class space    used 2157K, capacity 2240K, committed 2304K, reserved 1048576K

Card table byte_map: [0x000000010ad61000,0x000000010b562000] byte_map_base: 0x0000000107761000

Marking Bits: (ParMarkBitMap*) 0x000000010a2efd20
 Begin Bits: [0x000000011d9f6000, 0x00000001219f6000)
 End Bits:   [0x00000001219f6000, 0x00000001259f6000)

Polling page: 0x00000001089a7000

CodeCache: size=245760Kb used=12620Kb max_used=12629Kb free=233139Kb
 bounds [0x000000010e9f6000, 0x000000010f656000, 0x000000011d9f6000]
 total_blobs=3914 nmethods=3015 adapters=812
 compilation: enabled

Compilation events (10 events):
Event: 21.655 Thread 0x00007feeae819800 nmethod 3016 0x000000010f617590 code [0x000000010f617720, 0x000000010f617ad8]
Event: 21.655 Thread 0x00007feeae819800 3017       3       java.util.HashMap::remove (26 bytes)
Event: 21.656 Thread 0x00007feeae819800 nmethod 3017 0x000000010f639d50 code [0x000000010f639ee0, 0x000000010f63a2f8]
Event: 21.656 Thread 0x00007feeae819800 3018       1       sun.java2d.SurfaceData::isValid (5 bytes)
Event: 21.656 Thread 0x00007feeae819800 nmethod 3018 0x000000010f614ad0 code [0x000000010f614c20, 0x000000010f614d30]
Event: 21.660 Thread 0x00007feeae013800 nmethod 3015 0x000000010f654210 code [0x000000010f654380, 0x000000010f654698]
Event: 21.669 Thread 0x00007feeae819800 3019       3       sun.java2d.pipe.RenderBuffer::putFloat (26 bytes)
Event: 21.669 Thread 0x00007feeae819800 nmethod 3019 0x000000010f639650 code [0x000000010f6397c0, 0x000000010f639950]
Event: 21.669 Thread 0x00007feeae819800 3021       1       sun.java2d.StateTrackableDelegate::markDirty (6 bytes)
Event: 21.669 Thread 0x00007feeae819800 nmethod 3021 0x000000010f639390 code [0x000000010f6394e0, 0x000000010f639610]

GC Heap History (10 events):
Event: 2.962 GC heap before
{Heap before GC invocations=2 (full 0):
 PSYoungGen      total 76288K, used 34928K [0x000000076ab00000, 0x0000000770000000, 0x00000007c0000000)
  eden space 65536K, 36% used [0x000000076ab00000,0x000000076c2a0678,0x000000076eb00000)
  from space 10752K, 99% used [0x000000076eb00000,0x000000076f57bc18,0x000000076f580000)
  to   space 10752K, 0% used [0x000000076f580000,0x000000076f580000,0x0000000770000000)
 ParOldGen       total 175104K, used 417K [0x00000006c0000000, 0x00000006cab00000, 0x000000076ab00000)
  object space 175104K, 0% used [0x00000006c0000000,0x00000006c00685e8,0x00000006cab00000)
 Metaspace       used 20780K, capacity 20992K, committed 21296K, reserved 1069056K
  class space    used 1992K, capacity 2078K, committed 2176K, reserved 1048576K
Event: 2.970 GC heap after
Heap after GC invocations=2 (full 0):
 PSYoungGen      total 76288K, used 10733K [0x000000076ab00000, 0x0000000774000000, 0x00000007c0000000)
  eden space 65536K, 0% used [0x000000076ab00000,0x000000076ab00000,0x000000076eb00000)
  from space 10752K, 99% used [0x000000076f580000,0x000000076fffb520,0x0000000770000000)
  to   space 10752K, 0% used [0x000000076eb00000,0x000000076eb00000,0x000000076f580000)
 ParOldGen       total 175104K, used 7087K [0x00000006c0000000, 0x00000006cab00000, 0x000000076ab00000)
  object space 175104K, 4% used [0x00000006c0000000,0x00000006c06ebf90,0x00000006cab00000)
 Metaspace       used 20780K, capacity 20992K, committed 21296K, reserved 1069056K
  class space    used 1992K, capacity 2078K, committed 2176K, reserved 1048576K
}
Event: 2.970 GC heap before
{Heap before GC invocations=3 (full 1):
 PSYoungGen      total 76288K, used 10733K [0x000000076ab00000, 0x0000000774000000, 0x00000007c0000000)
  eden space 65536K, 0% used [0x000000076ab00000,0x000000076ab00000,0x000000076eb00000)
  from space 10752K, 99% used [0x000000076f580000,0x000000076fffb520,0x0000000770000000)
  to   space 10752K, 0% used [0x000000076eb00000,0x000000076eb00000,0x000000076f580000)
 ParOldGen       total 175104K, used 7087K [0x00000006c0000000, 0x00000006cab00000, 0x000000076ab00000)
  object space 175104K, 4% used [0x00000006c0000000,0x00000006c06ebf90,0x00000006cab00000)
 Metaspace       used 20780K, capacity 20992K, committed 21296K, reserved 1069056K
  class space    used 1992K, capacity 2078K, committed 2176K, reserved 1048576K
Event: 3.008 GC heap after
Heap after GC invocations=3 (full 1):
 PSYoungGen      total 76288K, used 0K [0x000000076ab00000, 0x0000000774000000, 0x00000007c0000000)
  eden space 65536K, 0% used [0x000000076ab00000,0x000000076ab00000,0x000000076eb00000)
  from space 10752K, 0% used [0x000000076f580000,0x000000076f580000,0x0000000770000000)
  to   space 10752K, 0% used [0x000000076eb00000,0x000000076eb00000,0x000000076f580000)
 ParOldGen       total 110080K, used 17377K [0x00000006c0000000, 0x00000006c6b80000, 0x000000076ab00000)
  object space 110080K, 15% used [0x00000006c0000000,0x00000006c10f8478,0x00000006c6b80000)
 Metaspace       used 20780K, capacity 20992K, committed 21296K, reserved 1069056K
  class space    used 1992K, capacity 2078K, committed 2176K, reserved 1048576K
}
Event: 4.673 GC heap before
{Heap before GC invocations=4 (full 1):
 PSYoungGen      total 76288K, used 65365K [0x000000076ab00000, 0x0000000774000000, 0x00000007c0000000)
  eden space 65536K, 99% used [0x000000076ab00000,0x000000076ead5708,0x000000076eb00000)
  from space 10752K, 0% used [0x000000076f580000,0x000000076f580000,0x0000000770000000)
  to   space 10752K, 0% used [0x000000076eb00000,0x000000076eb00000,0x000000076f580000)
 ParOldGen       total 110080K, used 17377K [0x00000006c0000000, 0x00000006c6b80000, 0x000000076ab00000)
  object space 110080K, 15% used [0x00000006c0000000,0x00000006c10f8478,0x00000006c6b80000)
 Metaspace       used 26941K, capacity 27197K, committed 27648K, reserved 1075200K
  class space    used 2150K, capacity 2240K, committed 2304K, reserved 1048576K
Event: 4.678 GC heap after
Heap after GC invocations=4 (full 1):
 PSYoungGen      total 76288K, used 10731K [0x000000076ab00000, 0x0000000772980000, 0x00000007c0000000)
  eden space 65536K, 0% used [0x000000076ab00000,0x000000076ab00000,0x000000076eb00000)
  from space 10752K, 99% used [0x000000076eb00000,0x000000076f57ae60,0x000000076f580000)
  to   space 10752K, 0% used [0x0000000771f00000,0x0000000771f00000,0x0000000772980000)
 ParOldGen       total 110080K, used 17703K [0x00000006c0000000, 0x00000006c6b80000, 0x000000076ab00000)
  object space 110080K, 16% used [0x00000006c0000000,0x00000006c1149d18,0x00000006c6b80000)
 Metaspace       used 26941K, capacity 27197K, committed 27648K, reserved 1075200K
  class space    used 2150K, capacity 2240K, committed 2304K, reserved 1048576K
}
Event: 9.040 GC heap before
{Heap before GC invocations=5 (full 1):
 PSYoungGen      total 76288K, used 76267K [0x000000076ab00000, 0x0000000772980000, 0x00000007c0000000)
  eden space 65536K, 100% used [0x000000076ab00000,0x000000076eb00000,0x000000076eb00000)
  from space 10752K, 99% used [0x000000076eb00000,0x000000076f57ae60,0x000000076f580000)
  to   space 10752K, 0% used [0x0000000771f00000,0x0000000771f00000,0x0000000772980000)
 ParOldGen       total 110080K, used 17703K [0x00000006c0000000, 0x00000006c6b80000, 0x000000076ab00000)
  object space 110080K, 16% used [0x00000006c0000000,0x00000006c1149d18,0x00000006c6b80000)
 Metaspace       used 27287K, capacity 27517K, committed 27904K, reserved 1075200K
  class space    used 2151K, capacity 2240K, committed 2304K, reserved 1048576K
Event: 9.046 GC heap after
Heap after GC invocations=5 (full 1):
 PSYoungGen      total 114688K, used 10731K [0x000000076ab00000, 0x0000000772980000, 0x00000007c0000000)
  eden space 103936K, 0% used [0x000000076ab00000,0x000000076ab00000,0x0000000771080000)
  from space 10752K, 99% used [0x0000000771f00000,0x000000077297ae60,0x0000000772980000)
  to   space 10752K, 0% used [0x0000000771480000,0x0000000771480000,0x0000000771f00000)
 ParOldGen       total 110080K, used 18015K [0x00000006c0000000, 0x00000006c6b80000, 0x000000076ab00000)
  object space 110080K, 16% used [0x00000006c0000000,0x00000006c1197dc8,0x00000006c6b80000)
 Metaspace       used 27287K, capacity 27517K, committed 27904K, reserved 1075200K
  class space    used 2151K, capacity 2240K, committed 2304K, reserved 1048576K
}
Event: 18.041 GC heap before
{Heap before GC invocations=6 (full 1):
 PSYoungGen      total 114688K, used 114667K [0x000000076ab00000, 0x0000000772980000, 0x00000007c0000000)
  eden space 103936K, 100% used [0x000000076ab00000,0x0000000771080000,0x0000000771080000)
  from space 10752K, 99% used [0x0000000771f00000,0x000000077297ae60,0x0000000772980000)
  to   space 10752K, 0% used [0x0000000771480000,0x0000000771480000,0x0000000771f00000)
 ParOldGen       total 110080K, used 18015K [0x00000006c0000000, 0x00000006c6b80000, 0x000000076ab00000)
  object space 110080K, 16% used [0x00000006c0000000,0x00000006c1197dc8,0x00000006c6b80000)
 Metaspace       used 27455K, capacity 27709K, committed 28160K, reserved 1075200K
  class space    used 2151K, capacity 2240K, committed 2304K, reserved 1048576K
Event: 18.048 GC heap after
Heap after GC invocations=6 (full 1):
 PSYoungGen      total 118784K, used 10554K [0x000000076ab00000, 0x0000000776800000, 0x00000007c0000000)
  eden space 108032K, 0% used [0x000000076ab00000,0x000000076ab00000,0x0000000771480000)
  from space 10752K, 98% used [0x0000000771480000,0x0000000771ece858,0x0000000771f00000)
  to   space 17920K, 0% used [0x0000000775680000,0x0000000775680000,0x0000000776800000)
 ParOldGen       total 110080K, used 18279K [0x00000006c0000000, 0x00000006c6b80000, 0x000000076ab00000)
  object space 110080K, 16% used [0x00000006c0000000,0x00000006c11d9dd8,0x00000006c6b80000)
 Metaspace       used 27455K, capacity 27709K, committed 28160K, reserved 1075200K
  class space    used 2151K, capacity 2240K, committed 2304K, reserved 1048576K
}

Deoptimization events (10 events):
Event: 3.521 Thread 0x00007feeaeb3a800 Uncommon trap: reason=unstable_if action=reinterpret pc=0x000000010f0b2d44 method=module5.CommonMarker.draw(Lprocessing/core/PGraphics;FF)V @ 18
Event: 4.038 Thread 0x00007feeaeb3a800 Uncommon trap: reason=unstable_if action=reinterpret pc=0x000000010f05ca74 method=sun.misc.FloatingDecimal$BinaryToASCIIBuffer.dtoa(IJIZ)V @ 97
Event: 21.638 Thread 0x00007feeaeb3a800 Uncommon trap: reason=unstable_if action=reinterpret pc=0x000000010f204768 method=com.jogamp.common.util.VersionNumber.compareTo(Lcom/jogamp/common/util/VersionNumber;)I @ 21
Event: 21.640 Thread 0x00007feead226800 Uncommon trap: reason=class_check action=maybe_recompile pc=0x000000010eec3e98 method=java.util.Arrays.copyOf([Ljava/lang/Object;ILjava/lang/Class;)[Ljava/lang/Object; @ 24
Event: 21.640 Thread 0x00007feeae17f800 Uncommon trap: reason=unstable_if action=reinterpret pc=0x000000010f489da4 method=java.security.AccessControlContext.combine([Ljava/security/ProtectionDomain;[Ljava/security/ProtectionDomain;)[Ljava/security/ProtectionDomain; @ 151
Event: 21.641 Thread 0x00007feead226800 Uncommon trap: reason=unstable_if action=reinterpret pc=0x000000010f0f0114 method=java.awt.Font.equals(Ljava/lang/Object;)Z @ 2
Event: 21.654 Thread 0x00007feeae17f800 Uncommon trap: reason=unstable_if action=reinterpret pc=0x000000010ef1f7e8 method=java.util.HashMap.putVal(ILjava/lang/Object;Ljava/lang/Object;ZZ)Ljava/lang/Object; @ 81
Event: 21.654 Thread 0x00007feeae17f800 Uncommon trap: reason=unstable_if action=reinterpret pc=0x000000010ef2a33c method=java.util.HashMap.putVal(ILjava/lang/Object;Ljava/lang/Object;ZZ)Ljava/lang/Object; @ 81
Event: 21.668 Thread 0x00007feeaeb3a800 Uncommon trap: reason=unstable_if action=reinterpret pc=0x000000010f34edcc method=java.security.AccessControlContext.combine([Ljava/security/ProtectionDomain;[Ljava/security/ProtectionDomain;)[Ljava/security/ProtectionDomain; @ 151
Event: 21.669 Thread 0x00007feea2ac7000 Uncommon trap: reason=predicate action=maybe_recompile pc=0x000000010f36f014 method=java.util.Vector.indexOf(Ljava/lang/Object;I)I @ 44

Internal exceptions (10 events):
Event: 0.108 Thread 0x00007feeae005800 Exception <a 'java/lang/NoSuchFieldError': method resolution failed> (0x000000076adb4e78) thrown at [/Users/java_re/workspace/8-2-build-macosx-x86_64/jdk8u111/7883/hotspot/src/share/vm/prims/methodHandles.cpp, line 1146]
Event: 0.305 Thread 0x00007feeae005800 Exception <a 'java/io/FileNotFoundException'> (0x000000076ae30370) thrown at [/Users/java_re/workspace/8-2-build-macosx-x86_64/jdk8u111/7883/hotspot/src/share/vm/prims/jni.cpp, line 709]
Event: 0.305 Thread 0x00007feeae005800 Exception <a 'java/io/FileNotFoundException'> (0x000000076ae30ed8) thrown at [/Users/java_re/workspace/8-2-build-macosx-x86_64/jdk8u111/7883/hotspot/src/share/vm/prims/jni.cpp, line 709]
Event: 0.389 Thread 0x00007feeae005800 Exception <a 'java/io/FileNotFoundException'> (0x000000076aec66d0) thrown at [/Users/java_re/workspace/8-2-build-macosx-x86_64/jdk8u111/7883/hotspot/src/share/vm/prims/jni.cpp, line 709]
Event: 1.789 Thread 0x00007feeac10e000 Exception <a 'java/lang/UnsatisfiedLinkError': com.jogamp.common.util.JarUtil.fixNativeLibAttribs(Ljava/lang/String;)Z> (0x000000076c627eb8) thrown at [/Users/java_re/workspace/8-2-build-macosx-x86_64/jdk8u111/7883/hotspot/src/share/vm/prims/nativeLookup.
Event: 2.580 Thread 0x00007feeaeb3a800 Exception <a 'java/io/FileNotFoundException'> (0x000000076d6b3d30) thrown at [/Users/java_re/workspace/8-2-build-macosx-x86_64/jdk8u111/7883/hotspot/src/share/vm/prims/jni.cpp, line 709]
Event: 2.580 Thread 0x00007feeaeb3a800 Exception <a 'java/io/FileNotFoundException'> (0x000000076d6ba340) thrown at [/Users/java_re/workspace/8-2-build-macosx-x86_64/jdk8u111/7883/hotspot/src/share/vm/prims/jni.cpp, line 709]
Event: 2.580 Thread 0x00007feeaeb3a800 Implicit null exception at 0x000000010eb92976 to 0x000000010eb92d45
Event: 2.848 Thread 0x00007feeae805000 Exception <a 'java/lang/NullPointerException'> (0x000000076aeaef90) thrown at [/Users/java_re/workspace/8-2-build-macosx-x86_64/jdk8u111/7883/hotspot/src/share/vm/interpreter/linkResolver.cpp, line 1178]
Event: 2.920 Thread 0x00007feeae775800 Implicit null exception at 0x000000010eb96a75 to 0x000000010eb96e39

Events (10 events):
Event: 21.668 loading class java/awt/event/AWTEventListenerProxy
Event: 21.668 loading class java/awt/event/AWTEventListenerProxy done
Event: 21.668 loading class java/awt/Toolkit$ToolkitEventMulticaster
Event: 21.668 loading class java/awt/Toolkit$ToolkitEventMulticaster done
Event: 21.669 Thread 0x00007feeae17f800 Thread exited: 0x00007feeae17f800
Event: 21.669 Thread 0x00007feea2ac7000 Uncommon trap: trap_request=0xffffff86 fr.pc=0x000000010f36f014
Event: 21.669 Thread 0x00007feea2ac7000 DEOPT PACKING pc=0x000000010f36f014 sp=0x00007000092ad7e0
Event: 21.669 Thread 0x00007feea2ac7000 DEOPT UNPACKING pc=0x000000010e9fb229 sp=0x00007000092ad7a0 mode 2
Event: 21.669 loading class java/awt/Window$1DisposeAction
Event: 21.669 loading class java/awt/Window$1DisposeAction done


Dynamic libraries:
0x0000000049353000 	/System/Library/Frameworks/Cocoa.framework/Versions/A/Cocoa
0x0000000049353000 	/System/Library/Frameworks/Security.framework/Versions/A/Security
0x0000000049353000 	/System/Library/Frameworks/ApplicationServices.framework/Versions/A/ApplicationServices
0x0000000049353000 	/usr/lib/libz.1.dylib
0x0000000049353000 	/usr/lib/libSystem.B.dylib
0x0000000049353000 	/usr/lib/libobjc.A.dylib
0x0000000049353000 	/System/Library/Frameworks/CoreFoundation.framework/Versions/A/CoreFoundation
0x0000000049353000 	/System/Library/Frameworks/Foundation.framework/Versions/C/Foundation
0x0000000049353000 	/System/Library/Frameworks/AppKit.framework/Versions/C/AppKit
0x0000000049353000 	/System/Library/Frameworks/CoreData.framework/Versions/A/CoreData
0x0000000049353000 	/System/Library/PrivateFrameworks/RemoteViewServices.framework/Versions/A/RemoteViewServices
0x0000000049353000 	/System/Library/PrivateFrameworks/UIFoundation.framework/Versions/A/UIFoundation
0x0000000049353000 	/System/Library/PrivateFrameworks/DFRFoundation.framework/Versions/A/DFRFoundation
0x0000000049353000 	/usr/lib/libenergytrace.dylib
0x0000000049353000 	/System/Library/PrivateFrameworks/SkyLight.framework/Versions/A/SkyLight
0x0000000049353000 	/System/Library/Frameworks/CoreGraphics.framework/Versions/A/CoreGraphics
0x0000000049353000 	/usr/lib/libScreenReader.dylib
0x0000000049353000 	/System/Library/Frameworks/Accelerate.framework/Versions/A/Accelerate
0x0000000049353000 	/System/Library/Frameworks/IOSurface.framework/Versions/A/IOSurface
0x0000000049353000 	/System/Library/Frameworks/AudioToolbox.framework/Versions/A/AudioToolbox
0x0000000049353000 	/System/Library/Frameworks/AudioUnit.framework/Versions/A/AudioUnit
0x0000000049353000 	/System/Library/PrivateFrameworks/DataDetectorsCore.framework/Versions/A/DataDetectorsCore
0x0000000049353000 	/System/Library/PrivateFrameworks/DesktopServicesPriv.framework/Versions/A/DesktopServicesPriv
0x0000000049353000 	/System/Library/Frameworks/Carbon.framework/Versions/A/Frameworks/HIToolbox.framework/Versions/A/HIToolbox
0x0000000049353000 	/usr/lib/libicucore.A.dylib
0x0000000049353000 	/System/Library/Frameworks/QuartzCore.framework/Versions/A/QuartzCore
0x0000000049353000 	/System/Library/Frameworks/Carbon.framework/Versions/A/Frameworks/SpeechRecognition.framework/Versions/A/SpeechRecognition
0x0000000049353000 	/usr/lib/libauto.dylib
0x0000000049353000 	/usr/lib/libxml2.2.dylib
0x0000000049353000 	/System/Library/PrivateFrameworks/CoreUI.framework/Versions/A/CoreUI
0x0000000049353000 	/System/Library/Frameworks/CoreAudio.framework/Versions/A/CoreAudio
0x0000000049353000 	/System/Library/Frameworks/DiskArbitration.framework/Versions/A/DiskArbitration
0x0000000049353000 	/usr/lib/liblangid.dylib
0x0000000049353000 	/System/Library/PrivateFrameworks/MultitouchSupport.framework/Versions/A/MultitouchSupport
0x0000000049353000 	/System/Library/Frameworks/IOKit.framework/Versions/A/IOKit
0x0000000049353000 	/usr/lib/libDiagnosticMessagesClient.dylib
0x0000000049353000 	/System/Library/Frameworks/CoreServices.framework/Versions/A/CoreServices
0x0000000049353000 	/System/Library/PrivateFrameworks/PerformanceAnalysis.framework/Versions/A/PerformanceAnalysis
0x0000000049353000 	/System/Library/PrivateFrameworks/GenerationalStorage.framework/Versions/A/GenerationalStorage
0x0000000049353000 	/System/Library/Frameworks/OpenGL.framework/Versions/A/OpenGL
0x0000000049353000 	/System/Library/Frameworks/CoreImage.framework/Versions/A/CoreImage
0x0000000049353000 	/System/Library/Frameworks/CoreText.framework/Versions/A/CoreText
0x0000000049353000 	/System/Library/Frameworks/ImageIO.framework/Versions/A/ImageIO
0x0000000049353000 	/System/Library/PrivateFrameworks/Backup.framework/Versions/A/Backup
0x0000000049353000 	/usr/lib/libarchive.2.dylib
0x0000000049353000 	/System/Library/Frameworks/CFNetwork.framework/Versions/A/CFNetwork
0x0000000049353000 	/System/Library/Frameworks/SystemConfiguration.framework/Versions/A/SystemConfiguration
0x0000000049353000 	/usr/lib/libCRFSuite.dylib
0x0000000049353000 	/usr/lib/libc++.1.dylib
0x0000000049353000 	/usr/lib/libc++abi.dylib
0x0000000049353000 	/usr/lib/system/libcache.dylib
0x0000000049353000 	/usr/lib/system/libcommonCrypto.dylib
0x0000000049353000 	/usr/lib/system/libcompiler_rt.dylib
0x0000000049353000 	/usr/lib/system/libcopyfile.dylib
0x0000000049353000 	/usr/lib/system/libcorecrypto.dylib
0x0000000049353000 	/usr/lib/system/libdispatch.dylib
0x0000000049353000 	/usr/lib/system/libdyld.dylib
0x0000000049353000 	/usr/lib/system/libkeymgr.dylib
0x0000000049353000 	/usr/lib/system/liblaunch.dylib
0x0000000049353000 	/usr/lib/system/libmacho.dylib
0x0000000049353000 	/usr/lib/system/libquarantine.dylib
0x0000000049353000 	/usr/lib/system/libremovefile.dylib
0x0000000049353000 	/usr/lib/system/libsystem_asl.dylib
0x0000000049353000 	/usr/lib/system/libsystem_blocks.dylib
0x0000000049353000 	/usr/lib/system/libsystem_c.dylib
0x0000000049353000 	/usr/lib/system/libsystem_configuration.dylib
0x0000000049353000 	/usr/lib/system/libsystem_coreservices.dylib
0x0000000049353000 	/usr/lib/system/libsystem_coretls.dylib
0x0000000049353000 	/usr/lib/system/libsystem_dnssd.dylib
0x0000000049353000 	/usr/lib/system/libsystem_info.dylib
0x0000000049353000 	/usr/lib/system/libsystem_kernel.dylib
0x0000000049353000 	/usr/lib/system/libsystem_m.dylib
0x0000000049353000 	/usr/lib/system/libsystem_malloc.dylib
0x0000000049353000 	/usr/lib/system/libsystem_network.dylib
0x0000000049353000 	/usr/lib/system/libsystem_networkextension.dylib
0x0000000049353000 	/usr/lib/system/libsystem_notify.dylib
0x0000000049353000 	/usr/lib/system/libsystem_platform.dylib
0x0000000049353000 	/usr/lib/system/libsystem_pthread.dylib
0x0000000049353000 	/usr/lib/system/libsystem_sandbox.dylib
0x0000000049353000 	/usr/lib/system/libsystem_secinit.dylib
0x0000000049353000 	/usr/lib/system/libsystem_symptoms.dylib
0x0000000049353000 	/usr/lib/system/libsystem_trace.dylib
0x0000000049353000 	/usr/lib/system/libunwind.dylib
0x0000000049353000 	/usr/lib/system/libxpc.dylib
0x0000000049353000 	/usr/lib/libbsm.0.dylib
0x0000000049353000 	/usr/lib/system/libkxld.dylib
0x0000000049353000 	/usr/lib/libcoretls.dylib
0x0000000049353000 	/usr/lib/libcoretls_cfhelpers.dylib
0x0000000049353000 	/usr/lib/libxar.1.dylib
0x0000000049353000 	/usr/lib/libsqlite3.dylib
0x0000000049353000 	/usr/lib/libpam.2.dylib
0x0000000049353000 	/usr/lib/libOpenScriptingUtil.dylib
0x0000000049353000 	/usr/lib/libbz2.1.0.dylib
0x0000000049353000 	/usr/lib/liblzma.5.dylib
0x0000000049353000 	/usr/lib/libnetwork.dylib
0x0000000049353000 	/usr/lib/libpcap.A.dylib
0x0000000049353000 	/System/Library/Frameworks/CoreServices.framework/Versions/A/Frameworks/FSEvents.framework/Versions/A/FSEvents
0x0000000049353000 	/System/Library/Frameworks/CoreServices.framework/Versions/A/Frameworks/CarbonCore.framework/Versions/A/CarbonCore
0x0000000049353000 	/System/Library/Frameworks/CoreServices.framework/Versions/A/Frameworks/Metadata.framework/Versions/A/Metadata
0x0000000049353000 	/System/Library/Frameworks/CoreServices.framework/Versions/A/Frameworks/OSServices.framework/Versions/A/OSServices
0x0000000049353000 	/System/Library/Frameworks/CoreServices.framework/Versions/A/Frameworks/SearchKit.framework/Versions/A/SearchKit
0x0000000049353000 	/System/Library/Frameworks/CoreServices.framework/Versions/A/Frameworks/AE.framework/Versions/A/AE
0x0000000049353000 	/System/Library/Frameworks/CoreServices.framework/Versions/A/Frameworks/LaunchServices.framework/Versions/A/LaunchServices
0x0000000049353000 	/System/Library/Frameworks/CoreServices.framework/Versions/A/Frameworks/DictionaryServices.framework/Versions/A/DictionaryServices
0x0000000049353000 	/System/Library/Frameworks/CoreServices.framework/Versions/A/Frameworks/SharedFileList.framework/Versions/A/SharedFileList
0x0000000049353000 	/System/Library/Frameworks/NetFS.framework/Versions/A/NetFS
0x0000000049353000 	/System/Library/PrivateFrameworks/NetAuth.framework/Versions/A/NetAuth
0x0000000049353000 	/System/Library/PrivateFrameworks/login.framework/Versions/A/Frameworks/loginsupport.framework/Versions/A/loginsupport
0x0000000049353000 	/System/Library/PrivateFrameworks/TCC.framework/Versions/A/TCC
0x0000000049353000 	/usr/lib/libmecabra.dylib
0x0000000049353000 	/System/Library/Frameworks/ApplicationServices.framework/Versions/A/Frameworks/ATS.framework/Versions/A/ATS
0x0000000049353000 	/System/Library/Frameworks/ApplicationServices.framework/Versions/A/Frameworks/ColorSync.framework/Versions/A/ColorSync
0x0000000049353000 	/System/Library/Frameworks/ApplicationServices.framework/Versions/A/Frameworks/HIServices.framework/Versions/A/HIServices
0x0000000049353000 	/System/Library/Frameworks/ApplicationServices.framework/Versions/A/Frameworks/LangAnalysis.framework/Versions/A/LangAnalysis
0x0000000049353000 	/System/Library/Frameworks/ApplicationServices.framework/Versions/A/Frameworks/PrintCore.framework/Versions/A/PrintCore
0x0000000049353000 	/System/Library/Frameworks/ApplicationServices.framework/Versions/A/Frameworks/QD.framework/Versions/A/QD
0x0000000049353000 	/System/Library/Frameworks/ApplicationServices.framework/Versions/A/Frameworks/SpeechSynthesis.framework/Versions/A/SpeechSynthesis
0x0000000049353000 	/System/Library/Frameworks/Accelerate.framework/Versions/A/Frameworks/vImage.framework/Versions/A/vImage
0x0000000049353000 	/System/Library/Frameworks/Accelerate.framework/Versions/A/Frameworks/vecLib.framework/Versions/A/vecLib
0x0000000049353000 	/System/Library/Frameworks/Accelerate.framework/Versions/A/Frameworks/vecLib.framework/Versions/A/libvDSP.dylib
0x0000000049353000 	/System/Library/Frameworks/Accelerate.framework/Versions/A/Frameworks/vecLib.framework/Versions/A/libBNNS.dylib
0x0000000049353000 	/System/Library/Frameworks/Accelerate.framework/Versions/A/Frameworks/vecLib.framework/Versions/A/libQuadrature.dylib
0x0000000049353000 	/System/Library/Frameworks/Accelerate.framework/Versions/A/Frameworks/vecLib.framework/Versions/A/libvMisc.dylib
0x0000000049353000 	/System/Library/Frameworks/Accelerate.framework/Versions/A/Frameworks/vecLib.framework/Versions/A/libLAPACK.dylib
0x0000000049353000 	/System/Library/Frameworks/Accelerate.framework/Versions/A/Frameworks/vecLib.framework/Versions/A/libBLAS.dylib
0x0000000049353000 	/System/Library/Frameworks/Accelerate.framework/Versions/A/Frameworks/vecLib.framework/Versions/A/libLinearAlgebra.dylib
0x0000000049353000 	/System/Library/Frameworks/Accelerate.framework/Versions/A/Frameworks/vecLib.framework/Versions/A/libSparseBLAS.dylib
0x0000000049353000 	/System/Library/Frameworks/ApplicationServices.framework/Versions/A/Frameworks/ATS.framework/Versions/A/Resources/libFontParser.dylib
0x0000000049353000 	/System/Library/Frameworks/ApplicationServices.framework/Versions/A/Frameworks/ATS.framework/Versions/A/Resources/libFontRegistry.dylib
0x0000000049353000 	/System/Library/Frameworks/ImageIO.framework/Versions/A/Resources/libJPEG.dylib
0x0000000049353000 	/System/Library/Frameworks/ImageIO.framework/Versions/A/Resources/libTIFF.dylib
0x0000000049353000 	/System/Library/Frameworks/ImageIO.framework/Versions/A/Resources/libPng.dylib
0x0000000049353000 	/System/Library/Frameworks/ImageIO.framework/Versions/A/Resources/libGIF.dylib
0x0000000049353000 	/System/Library/Frameworks/ImageIO.framework/Versions/A/Resources/libJP2.dylib
0x0000000049353000 	/System/Library/Frameworks/ImageIO.framework/Versions/A/Resources/libRadiance.dylib
0x0000000049353000 	/usr/lib/libcompression.dylib
0x0000000049353000 	/System/Library/PrivateFrameworks/AppleJPEG.framework/Versions/A/AppleJPEG
0x0000000049353000 	/usr/lib/libcups.2.dylib
0x0000000049353000 	/System/Library/Frameworks/Kerberos.framework/Versions/A/Kerberos
0x0000000049353000 	/System/Library/Frameworks/GSS.framework/Versions/A/GSS
0x0000000049353000 	/usr/lib/libresolv.9.dylib
0x0000000049353000 	/usr/lib/libiconv.2.dylib
0x0000000049353000 	/System/Library/PrivateFrameworks/Heimdal.framework/Versions/A/Heimdal
0x0000000049353000 	/usr/lib/libheimdal-asn1.dylib
0x0000000049353000 	/System/Library/Frameworks/OpenDirectory.framework/Versions/A/OpenDirectory
0x0000000049353000 	/System/Library/PrivateFrameworks/CommonAuth.framework/Versions/A/CommonAuth
0x0000000049353000 	/System/Library/Frameworks/OpenDirectory.framework/Versions/A/Frameworks/CFOpenDirectory.framework/Versions/A/CFOpenDirectory
0x0000000049353000 	/System/Library/Frameworks/SecurityFoundation.framework/Versions/A/SecurityFoundation
0x0000000049353000 	/System/Library/PrivateFrameworks/LanguageModeling.framework/Versions/A/LanguageModeling
0x0000000049353000 	/usr/lib/libmarisa.dylib
0x0000000049353000 	/usr/lib/libChineseTokenizer.dylib
0x0000000049353000 	/usr/lib/libcmph.dylib
0x0000000049353000 	/System/Library/PrivateFrameworks/CoreEmoji.framework/Versions/A/CoreEmoji
0x0000000049353000 	/System/Library/Frameworks/ServiceManagement.framework/Versions/A/ServiceManagement
0x0000000049353000 	/usr/lib/libxslt.1.dylib
0x0000000049353000 	/System/Library/Frameworks/Carbon.framework/Versions/A/Frameworks/Ink.framework/Versions/A/Ink
0x0000000049353000 	/System/Library/PrivateFrameworks/TextureIO.framework/Versions/A/TextureIO
0x0000000049353000 	/System/Library/Frameworks/Metal.framework/Versions/A/Metal
0x0000000049353000 	/usr/lib/libate.dylib
0x0000000049353000 	/System/Library/PrivateFrameworks/GPUCompiler.framework/libmetal_timestamp.dylib
0x0000000049353000 	/System/Library/Frameworks/OpenGL.framework/Versions/A/Libraries/libCoreFSCache.dylib
0x0000000049353000 	/System/Library/PrivateFrameworks/IOAccelerator.framework/Versions/A/IOAccelerator
0x0000000049353000 	/System/Library/Frameworks/CoreVideo.framework/Versions/A/CoreVideo
0x0000000049353000 	/usr/lib/libFosl_dynamic.dylib
0x0000000049353000 	/System/Library/PrivateFrameworks/MetalPerformanceShaders.framework/Versions/A/MetalPerformanceShaders
0x0000000049353000 	/System/Library/PrivateFrameworks/FaceCore.framework/Versions/A/FaceCore
0x0000000049353000 	/System/Library/Frameworks/OpenCL.framework/Versions/A/OpenCL
0x0000000049353000 	/System/Library/Frameworks/OpenGL.framework/Versions/A/Libraries/libGLU.dylib
0x0000000049353000 	/System/Library/Frameworks/OpenGL.framework/Versions/A/Libraries/libGFXShared.dylib
0x0000000049353000 	/System/Library/Frameworks/OpenGL.framework/Versions/A/Libraries/libGL.dylib
0x0000000049353000 	/System/Library/Frameworks/OpenGL.framework/Versions/A/Libraries/libGLImage.dylib
0x0000000049353000 	/System/Library/Frameworks/OpenGL.framework/Versions/A/Libraries/libCVMSPluginSupport.dylib
0x0000000049353000 	/System/Library/Frameworks/OpenGL.framework/Versions/A/Libraries/libCoreVMClient.dylib
0x0000000049353000 	/System/Library/PrivateFrameworks/CrashReporterSupport.framework/Versions/A/CrashReporterSupport
0x0000000049353000 	/System/Library/PrivateFrameworks/Sharing.framework/Versions/A/Sharing
0x0000000049353000 	/System/Library/PrivateFrameworks/IconServices.framework/Versions/A/IconServices
0x0000000049353000 	/System/Library/PrivateFrameworks/ProtocolBuffer.framework/Versions/A/ProtocolBuffer
0x0000000049353000 	/System/Library/PrivateFrameworks/Apple80211.framework/Versions/A/Apple80211
0x0000000049353000 	/System/Library/Frameworks/CoreWLAN.framework/Versions/A/CoreWLAN
0x0000000049353000 	/System/Library/PrivateFrameworks/CoreUtils.framework/Versions/A/CoreUtils
0x0000000049353000 	/System/Library/Frameworks/IOBluetooth.framework/Versions/A/IOBluetooth
0x0000000049353000 	/System/Library/PrivateFrameworks/CoreWiFi.framework/Versions/A/CoreWiFi
0x0000000049353000 	/System/Library/Frameworks/CoreBluetooth.framework/Versions/A/CoreBluetooth
0x0000000049353000 	/System/Library/Frameworks/CoreDisplay.framework/Versions/A/CoreDisplay
0x0000000049353000 	/System/Library/PrivateFrameworks/IOPresentment.framework/Versions/A/IOPresentment
0x0000000049353000 	/System/Library/PrivateFrameworks/DebugSymbols.framework/Versions/A/DebugSymbols
0x0000000049353000 	/System/Library/PrivateFrameworks/CoreSymbolication.framework/Versions/A/CoreSymbolication
0x0000000049353000 	/System/Library/PrivateFrameworks/Symbolication.framework/Versions/A/Symbolication
0x0000000049353000 	/System/Library/PrivateFrameworks/AppleFSCompression.framework/Versions/A/AppleFSCompression
0x0000000049353000 	/System/Library/PrivateFrameworks/SpeechRecognitionCore.framework/Versions/A/SpeechRecognitionCore
0x0000000049353000 	/System/Library/PrivateFrameworks/ChunkingLibrary.framework/Versions/A/ChunkingLibrary
0x0000000109a00000 	/Library/Java/JavaVirtualMachines/jdk1.8.0_111.jdk/Contents/Home/jre/lib/server/libjvm.dylib
0x0000000049353000 	/usr/lib/libstdc++.6.dylib
0x0000000108964000 	/Library/Java/JavaVirtualMachines/jdk1.8.0_111.jdk/Contents/Home/jre/lib/libverify.dylib
0x0000000108972000 	/Library/Java/JavaVirtualMachines/jdk1.8.0_111.jdk/Contents/Home/jre/lib/libjava.dylib
0x00000001089b1000 	/Library/Java/JavaVirtualMachines/jdk1.8.0_111.jdk/Contents/Home/jre/lib/libzip.dylib
0x00000001089e3000 	/System/Library/Frameworks/JavaVM.framework/Frameworks/JavaRuntimeSupport.framework/JavaRuntimeSupport
0x000000010e92f000 	/System/Library/Frameworks/JavaVM.framework/Versions/A/Frameworks/JavaNativeFoundation.framework/Versions/A/JavaNativeFoundation
0x000000010e944000 	/System/Library/Frameworks/JavaVM.framework/Versions/A/JavaVM
0x0000000049353000 	/System/Library/Frameworks/Carbon.framework/Versions/A/Carbon
0x000000010e951000 	/System/Library/PrivateFrameworks/JavaLaunching.framework/Versions/A/JavaLaunching
0x0000000049353000 	/System/Library/Frameworks/Carbon.framework/Versions/A/Frameworks/CommonPanels.framework/Versions/A/CommonPanels
0x0000000049353000 	/System/Library/Frameworks/Carbon.framework/Versions/A/Frameworks/Help.framework/Versions/A/Help
0x0000000049353000 	/System/Library/Frameworks/Carbon.framework/Versions/A/Frameworks/ImageCapture.framework/Versions/A/ImageCapture
0x0000000049353000 	/System/Library/Frameworks/Carbon.framework/Versions/A/Frameworks/OpenScripting.framework/Versions/A/OpenScripting
0x0000000049353000 	/System/Library/Frameworks/Carbon.framework/Versions/A/Frameworks/Print.framework/Versions/A/Print
0x0000000049353000 	/System/Library/Frameworks/Carbon.framework/Versions/A/Frameworks/SecurityHI.framework/Versions/A/SecurityHI
0x00000001273ec000 	/Library/Java/JavaVirtualMachines/jdk1.8.0_111.jdk/Contents/Home/jre/lib/libawt.dylib
0x0000000127494000 	/Library/Java/JavaVirtualMachines/jdk1.8.0_111.jdk/Contents/Home/jre/lib/./libmlib_image.dylib
0x0000000127560000 	/Library/Java/JavaVirtualMachines/jdk1.8.0_111.jdk/Contents/Home/jre/lib/libawt_lwawt.dylib
0x0000000127615000 	/Library/Java/JavaVirtualMachines/jdk1.8.0_111.jdk/Contents/Home/jre/lib/./libosxapp.dylib
0x0000000049353000 	/System/Library/Frameworks/ExceptionHandling.framework/Versions/A/ExceptionHandling
0x0000000049353000 	/System/Library/PrivateFrameworks/CoreServicesInternal.framework/Versions/A/CoreServicesInternal
0x0000000049353000 	/System/Library/CoreServices/RawCamera.bundle/Contents/MacOS/RawCamera
0x0000000049353000 	/System/Library/Frameworks/Accelerate.framework/Versions/A/Frameworks/vImage.framework/Versions/A/Libraries/libCGInterfaces.dylib
0x0000000049353000 	/System/Library/Frameworks/ApplicationServices.framework/Versions/A/Frameworks/ATS.framework/Versions/A/Resources/libTrueTypeScaler.dylib
0x0000000049353000 	/System/Library/Frameworks/OpenGL.framework/Versions/A/Resources/GLEngine.bundle/GLEngine
0x0000000049353000 	/System/Library/Frameworks/OpenGL.framework/Versions/A/Libraries/libGLProgrammability.dylib
0x00000001294de000 	/System/Library/Extensions/AppleIntelHD5000GraphicsGLDriver.bundle/Contents/MacOS/AppleIntelHD5000GraphicsGLDriver
0x0000000049353000 	/System/Library/PrivateFrameworks/GPUSupport.framework/Versions/A/Libraries/libGPUSupportMercury.dylib
0x0000000049353000 	/System/Library/Extensions/GeForceGLDriver.bundle/Contents/MacOS/GeForceGLDriver
0x0000000049353000 	/System/Library/Extensions/GeForceGLDriver.bundle/Contents/MacOS/libclh.dylib
0x0000000049353000 	/System/Library/Frameworks/OpenGL.framework/Versions/A/Resources/GLRendererFloat.bundle/GLRendererFloat
0x0000000049353000 	/System/Library/Frameworks/OpenCL.framework/Versions/A/Libraries/libcldcpuengine.dylib
0x0000000049353000 	/usr/lib/libcrypto.0.9.8.dylib
0x0000000049353000 	/System/Library/PrivateFrameworks/TrustEvaluationAgent.framework/Versions/A/TrustEvaluationAgent
0x0000000049353000 	/System/Library/Extensions/GeForceMTLDriver.bundle/Contents/MacOS/GeForceMTLDriver
0x0000000129c5c000 	/System/Library/Extensions/AppleIntelHD5000GraphicsMTLDriver.bundle/Contents/MacOS/AppleIntelHD5000GraphicsMTLDriver
0x0000000049353000 	/System/Library/PrivateFrameworks/FamilyControls.framework/Versions/A/FamilyControls
0x0000000049353000 	/System/Library/PrivateFrameworks/CommerceKit.framework/Versions/A/Frameworks/CommerceCore.framework/Versions/A/CommerceCore
0x0000000049353000 	/System/Library/PrivateFrameworks/SystemAdministration.framework/Versions/A/SystemAdministration
0x0000000049353000 	/System/Library/PrivateFrameworks/AppContainer.framework/Versions/A/AppContainer
0x0000000049353000 	/System/Library/PrivateFrameworks/SecCodeWrapper.framework/Versions/A/SecCodeWrapper
0x0000000049353000 	/System/Library/Frameworks/DirectoryService.framework/Versions/A/DirectoryService
0x0000000049353000 	/System/Library/PrivateFrameworks/DiskImages.framework/Versions/A/DiskImages
0x0000000049353000 	/System/Library/PrivateFrameworks/LoginUIKit.framework/Versions/A/Frameworks/LoginUICore.framework/Versions/A/LoginUICore
0x0000000049353000 	/usr/lib/libCoreStorage.dylib
0x0000000049353000 	/usr/lib/libcsfde.dylib
0x0000000049353000 	/usr/lib/libodfde.dylib
0x0000000049353000 	/System/Library/Frameworks/DiscRecording.framework/Versions/A/DiscRecording
0x0000000049353000 	/usr/lib/libcurl.4.dylib
0x0000000049353000 	/System/Library/PrivateFrameworks/MediaKit.framework/Versions/A/MediaKit
0x0000000049353000 	/System/Library/PrivateFrameworks/ProtectedCloudStorage.framework/Versions/A/ProtectedCloudStorage
0x0000000049353000 	/System/Library/PrivateFrameworks/EFILogin.framework/Versions/A/EFILogin
0x0000000049353000 	/usr/lib/libutil.dylib
0x0000000049353000 	/System/Library/Frameworks/LDAP.framework/Versions/A/LDAP
0x0000000049353000 	/usr/lib/libsasl2.2.dylib
0x0000000049353000 	/System/Library/PrivateFrameworks/CoreDaemon.framework/Versions/B/CoreDaemon
0x0000000049353000 	/System/Library/PrivateFrameworks/AppleSRP.framework/Versions/A/AppleSRP
0x0000000049353000 	/System/Library/PrivateFrameworks/APFS.framework/Versions/A/APFS
0x000000012b881000 	/Library/Java/JavaVirtualMachines/jdk1.8.0_111.jdk/Contents/Home/jre/lib/libfontmanager.dylib
0x000000012d6bd000 	/Library/Java/JavaVirtualMachines/jdk1.8.0_111.jdk/Contents/Home/jre/lib/libosxui.dylib
0x0000000049353000 	/System/Library/PrivateFrameworks/ViewBridge.framework/Versions/A/ViewBridge
0x0000000049353000 	/System/Library/PrivateFrameworks/XPCService.framework/Versions/A/XPCService
0x0000000049353000 	/System/Library/PrivateFrameworks/AppSandbox.framework/Versions/A/AppSandbox
0x0000000049353000 	/usr/lib/libsandbox.1.dylib
0x0000000049353000 	/usr/lib/libMatch.1.dylib
0x000000012e498000 	/Library/Java/JavaVirtualMachines/jdk1.8.0_111.jdk/Contents/Home/jre/lib/libnet.dylib
0x000000012e4af000 	/Library/Java/JavaVirtualMachines/jdk1.8.0_111.jdk/Contents/Home/jre/lib/libnio.dylib
0x000000019650f000 	/private/var/folders/9f/6bxbn80n4793vm26lrjc_dvm0000gn/T/jogamp_0000/file_cache/jln7600965780194794112/jln3324936421873211789/libgluegen-rt.jnilib
0x0000000196513000 	/private/var/folders/9f/6bxbn80n4793vm26lrjc_dvm0000gn/T/jogamp_0000/file_cache/jln7600965780194794112/jln3324936421873211789/libnativewindow_awt.jnilib
0x0000000196516000 	/Library/Java/JavaVirtualMachines/jdk1.8.0_111.jdk/Contents/Home/jre/lib/libjawt.dylib
0x0000000196519000 	/private/var/folders/9f/6bxbn80n4793vm26lrjc_dvm0000gn/T/jogamp_0000/file_cache/jln7600965780194794112/jln3324936421873211789/libnativewindow_macosx.jnilib
0x000000019cc9b000 	/private/var/folders/9f/6bxbn80n4793vm26lrjc_dvm0000gn/T/jogamp_0000/file_cache/jln7600965780194794112/jln3324936421873211789/libjogl_desktop.jnilib
0x0000000129107000 	/Library/Java/JavaVirtualMachines/jdk1.8.0_111.jdk/Contents/Home/jre/lib/libt2k.dylib

VM Arguments:
jvm_args: -Djava.security.policy=java.policy.applet -Dfile.encoding=UTF-8 
java_command: sun.applet.AppletViewer module5.EarthquakeCityMap1482674781694.html
java_class_path (initial): /Users/HSZHAO/Documents/Eclipse_workspace/UCSDUnfoldingMaps/build:/Users/HSZHAO/Documents/Eclipse_workspace/UCSDUnfoldingMaps/lib/core.jar:/Users/HSZHAO/Documents/Eclipse_workspace/UCSDUnfoldingMaps/lib/gluegen-rt.jar:/Users/HSZHAO/Documents/Eclipse_workspace/UCSDUnfoldingMaps/lib/jogl-all.jar:/Users/HSZHAO/Documents/Eclipse_workspace/UCSDUnfoldingMaps/lib/log4j-1.2.15.jar:/Users/HSZHAO/Documents/Eclipse_workspace/UCSDUnfoldingMaps/lib/sqlite-jdbc-3.7.2.jar:/Users/HSZHAO/Documents/Eclipse_workspace/UCSDUnfoldingMaps/lib/json4processing.jar:/Users/HSZHAO/Documents/Eclipse_workspace/UCSDUnfoldingMaps/lib/libTUIO.jar:/Users/HSZHAO/Documents/Eclipse_workspace/UCSDUnfoldingMaps/lib/unfolding.0.9.7-uscd.jar
Launcher Type: SUN_STANDARD

Environment Variables:
PATH=/usr/bin:/bin:/usr/sbin:/sbin
SHELL=/bin/bash

Signal Handlers:
SIGSEGV: [libjvm.dylib+0x5b03ed], sa_mask[0]=11111111011111110111111111111111, sa_flags=SA_ONSTACK|SA_RESTART|SA_SIGINFO
SIGBUS: [libjvm.dylib+0x5b03ed], sa_mask[0]=11111111011111110111111111111111, sa_flags=SA_RESTART|SA_SIGINFO
SIGFPE: [libjvm.dylib+0x48711c], sa_mask[0]=11111111011111110111111111111111, sa_flags=SA_RESTART|SA_SIGINFO
SIGPIPE: [libjvm.dylib+0x48711c], sa_mask[0]=11111111011111110111111111111111, sa_flags=SA_RESTART|SA_SIGINFO
SIGXFSZ: [libjvm.dylib+0x48711c], sa_mask[0]=11111111011111110111111111111111, sa_flags=SA_RESTART|SA_SIGINFO
SIGILL: [libjvm.dylib+0x48711c], sa_mask[0]=11111111011111110111111111111111, sa_flags=SA_RESTART|SA_SIGINFO
SIGUSR1: SIG_DFL, sa_mask[0]=00000000000000000000000000000000, sa_flags=none
SIGUSR2: [libjvm.dylib+0x486c3a], sa_mask[0]=00100000000000000000000000000000, sa_flags=SA_RESTART|SA_SIGINFO
SIGHUP: [libjvm.dylib+0x485211], sa_mask[0]=11111111011111110111111111111111, sa_flags=SA_RESTART|SA_SIGINFO
SIGINT: [libjvm.dylib+0x485211], sa_mask[0]=11111111011111110111111111111111, sa_flags=SA_RESTART|SA_SIGINFO
SIGTERM: [libjvm.dylib+0x485211], sa_mask[0]=11111111011111110111111111111111, sa_flags=SA_RESTART|SA_SIGINFO
SIGQUIT: [libjvm.dylib+0x485211], sa_mask[0]=11111111011111110111111111111111, sa_flags=SA_RESTART|SA_SIGINFO


---------------  S Y S T E M  ---------------

OS:Bsduname:Darwin 16.1.0 Darwin Kernel Version 16.1.0: Wed Oct 19 20:31:56 PDT 2016; root:xnu-3789.21.4~4/RELEASE_X86_64 x86_64
rlimit: STACK 8192k, CORE 0k, NPROC 709, NOFILE 10240, AS infinity
load average:2.65 2.08 1.86

CPU:total 8 (4 cores per cpu, 2 threads per core) family 6 model 70 stepping 1, cmov, cx8, fxsr, mmx, sse, sse2, sse3, ssse3, sse4.1, sse4.2, popcnt, avx, avx2, aes, clmul, erms, rtm, lzcnt, ht, tsc, tscinvbit, bmi1, bmi2

Memory: 4k page, physical 16777216k(2517948k free)

/proc/meminfo:


vm_info: Java HotSpot(TM) 64-Bit Server VM (25.111-b14) for bsd-amd64 JRE (1.8.0_111-b14), built on Sep 22 2016 15:31:41 by "java_re" with gcc 4.2.1 (Based on Apple Inc. build 5658) (LLVM build 2336.11.00)

time: Sun Dec 25 22:06:43 2016
elapsed time: 21 seconds (0d 0h 0m 21s)

