#
# A fatal error has been detected by the Java Runtime Environment:
#
#  SIGSEGV (0xb) at pc=0x00007fffd300ef5f, pid=79565, tid=0x0000000000000307
#
# JRE version: Java(TM) SE Runtime Environment (8.0_111-b14) (build 1.8.0_111-b14)
# Java VM: Java HotSpot(TM) 64-Bit Server VM (25.111-b14 mixed mode bsd-amd64 compressed oops)
# Problematic frame:
# C  [libobjc.A.dylib+0x8f5f]  objc_release+0xf
#
# Failed to write core dump. Core dumps have been disabled. To enable core dumping, try "ulimit -c unlimited" before starting Java again
#
# If you would like to submit a bug report, please visit:
#   http://bugreport.java.com/bugreport/crash.jsp
# The crash happened outside the Java Virtual Machine in native code.
# See problematic frame for where to report the bug.
#

---------------  T H R E A D  ---------------

Current thread (0x00007fca528b5800):  JavaThread "AWT-AppKit" daemon [_thread_in_native, id=775, stack(0x00007fff5630c000,0x00007fff56b0c000)]

siginfo: si_signo: 11 (SIGSEGV), si_code: 0 (unknown), si_addr: 0x0000000000000000

Registers:
RAX=0x0000000000000008, RBX=0x0000000000000000, RCX=0x0000000000000003, RDX=0x00007fca55f2d778
RSP=0x00007fff56b07300, RBP=0x00007fff56b07300, RSI=0x0000000127de4f30, RDI=0x200007fca55f3264
R8 =0x0000000000000001, R9 =0x000000000000000a, R10=0x0000000196c4a840, R11=0x00007fca52ef48a0
R12=0x0000000000000000, R13=0x000000019c1a2010, R14=0x00007fca4ff37f60, R15=0x00007fca528b5800
RIP=0x00007fffd300ef5f, EFLAGS=0x0000000000010246, ERR=0x0000000000000000
  TRAPNO=0x000000000000000d

Top of Stack: (sp=0x00007fff56b07300)
0x00007fff56b07300:   00007fff56b07330 0000000127d6e267
0x00007fff56b07310:   0000000000000000 0000000196c4a450
0x00007fff56b07320:   0000000196c4a440 00007fca528b5800
0x00007fff56b07330:   00007fff56b073f0 0000000196c48215
0x00007fff56b07340:   0000000196c4a700 0000000196c4a6e0
0x00007fff56b07350:   0000000196c4a4b0 0000000000000000
0x00007fff56b07360:   000000019c1a2010 000000019c1a2010
0x00007fff56b07370:   00007fca55f2d770 0000000196c4a6a0
0x00007fff56b07380:   0000000196c4a710 00007fffd90356d0
0x00007fff56b07390:   00007fffd9c9df90 0000000196c4a450
0x00007fff56b073a0:   0000000196c4a690 00007fca55f2d770
0x00007fff56b073b0:   00007fca4ff37f60 00007fca4fd5cd20
0x00007fff56b073c0:   00007fca55f2d770 00007fca4ff37f60
0x00007fff56b073d0:   00007fff56b07478 00007fca528b59f8
0x00007fff56b073e0:   000000019c1a2010 00007fff56b074a0
0x00007fff56b073f0:   00007fff56b07468 000000010df609f4
0x00007fff56b07400:   000000019c1a2010 00007fff56b074a0
0x00007fff56b07410:   00007fff56b07468 000000010df60787
0x00007fff56b07420:   000000010df60742 00007fff56b07428
0x00007fff56b07430:   000000019c1a2010 00007fff56b074a0
0x00007fff56b07440:   000000019c1a4c48 0000000000000000
0x00007fff56b07450:   000000019c1a2010 0000000000000000
0x00007fff56b07460:   00007fff56b07488 00007fff56b074e8
0x00007fff56b07470:   000000010df512bd 00000006c31a2088
0x00007fff56b07480:   000000010df5a538 00007fca55f2d770
0x00007fff56b07490:   00007fff56b074e8 00007fca4ff37f60
0x00007fff56b074a0:   000000010df5be02 00007fff56b074a8
0x00007fff56b074b0:   000000019c1a21da 00007fff56b07510
0x00007fff56b074c0:   000000019c1a4c48 0000000000000000
0x00007fff56b074d0:   000000019c1a21e8 00007fff56b07488
0x00007fff56b074e0:   00007fff56b074f8 00007fff56b07558
0x00007fff56b074f0:   000000010df512bd 00007fca55f2d770 

Instructions: (pc=0x00007fffd300ef5f)
0x00007fffd300ef3f:   e9 38 54 00 00 90 90 90 90 90 90 90 90 90 90 90
0x00007fffd300ef4f:   90 55 48 89 e5 48 85 ff 74 67 40 f6 c7 01 75 61
0x00007fffd300ef5f:   48 8b 07 48 b9 f8 ff ff ff ff 7f 00 00 48 21 c1
0x00007fffd300ef6f:   f6 41 20 02 74 58 a8 01 74 49 48 b9 00 00 00 00 

Register to memory mapping:

RAX=0x0000000000000008 is an unknown value
RBX=0x0000000000000000 is an unknown value
RCX=0x0000000000000003 is an unknown value
RDX=0x00007fca55f2d778 is an unknown value
RSP=0x00007fff56b07300 is pointing into the stack for thread: 0x00007fca528b5800
RBP=0x00007fff56b07300 is pointing into the stack for thread: 0x00007fca528b5800
RSI=0x0000000127de4f30: OBJC_IVAR_$_PrinterView.fCurPeekGraphics+0x1aa8 in /Library/Java/JavaVirtualMachines/jdk1.8.0_111.jdk/Contents/Home/jre/lib/libawt_lwawt.dylib at 0x0000000127d6a000
RDI=0x200007fca55f3264 is an unknown value
R8 =0x0000000000000001 is an unknown value
R9 =0x000000000000000a is an unknown value
R10=0x0000000196c4a840: OBJC_CLASS_$_MyCALayer+0 in /private/var/folders/9f/6bxbn80n4793vm26lrjc_dvm0000gn/T/jogamp_0000/file_cache/jln8117557265492365823/jln1771886909061733862/libnativewindow_macosx.jnilib at 0x0000000196c43000
R11=0x00007fca52ef48a0 is an unknown value
R12=0x0000000000000000 is an unknown value
R13={method} {0x000000019c1a2010} 'UnsetJAWTRootSurfaceLayer0' '(JJ)V' in 'jogamp/nativewindow/jawt/macosx/MacOSXJAWTWindow'
R14=0x00007fca4ff37f60 is an unknown value
R15=0x00007fca528b5800 is a thread


Stack: [0x00007fff5630c000,0x00007fff56b0c000],  sp=0x00007fff56b07300,  free space=8172k
Native frames: (J=compiled Java code, j=interpreted, Vv=VM code, C=native code)
C  [libobjc.A.dylib+0x8f5f]  objc_release+0xf
C  [libawt_lwawt.dylib+0x4267]  -[AWTSurfaceLayers setLayer:]+0x54
C  [libnativewindow_macosx.jnilib+0x5215]  Java_jogamp_nativewindow_jawt_macosx_MacOSXJAWTWindow_UnsetJAWTRootSurfaceLayer0+0x1a5
j  jogamp.nativewindow.jawt.macosx.MacOSXJAWTWindow.UnsetJAWTRootSurfaceLayer0(JJ)V+0
j  jogamp.nativewindow.jawt.macosx.MacOSXJAWTWindow.access$200(JJ)V+2
j  jogamp.nativewindow.jawt.macosx.MacOSXJAWTWindow$1.run()V+38
J 2783 C1 com.jogamp.common.util.RunnableTask.run()V (345 bytes) @ 0x000000010e4101b4 [0x000000010e410020+0x194]
v  ~StubRoutines::call_stub
V  [libjvm.dylib+0x2ecf8a]  JavaCalls::call_helper(JavaValue*, methodHandle*, JavaCallArguments*, Thread*)+0x6ae
V  [libjvm.dylib+0x324119]  jni_invoke_nonstatic(JNIEnv_*, JavaValue*, _jobject*, JNICallType, _jmethodID*, JNI_ArgumentPusher*, Thread*)+0x2ec
V  [libjvm.dylib+0x3168e7]  jni_CallVoidMethod+0x16b
C  [libnativewindow_macosx.jnilib+0x5326]  Java_jogamp_nativewindow_jawt_macosx_MacOSXJAWTWindow_UnsetJAWTRootSurfaceLayer0+0x2b6
C  [Foundation+0x71f2a]  __NSThreadPerformPerform+0x146
C  [CoreFoundation+0xa74b1]  __CFRUNLOOP_IS_CALLING_OUT_TO_A_SOURCE0_PERFORM_FUNCTION__+0x11
C  [CoreFoundation+0x88597]  __CFRunLoopDoSources0+0x1a7
C  [CoreFoundation+0x87b16]  __CFRunLoopRun+0x3a6
C  [CoreFoundation+0x87514]  CFRunLoopRunSpecific+0x1a4
C  [HIToolbox+0x312ac]  RunCurrentEventLoopInMode+0xf0
C  [HIToolbox+0x30fe9]  ReceiveNextEventCommon+0xb8
C  [HIToolbox+0x30f16]  _BlockUntilNextEventMatchingListInModeWithFilter+0x47
C  [AppKit+0x476cd]  _DPSNextEvent+0x445
C  [AppKit+0x7be830]  -[NSApplication(NSEvent) _nextEventMatchingEventMask:untilDate:inMode:dequeue:]+0xaaa
C  [libosxapp.dylib+0x23aa]  -[NSApplicationAWT nextEventMatchingMask:untilDate:inMode:dequeue:]+0x7c
C  [AppKit+0x3c06d]  -[NSApplication run]+0x39e
C  [libosxapp.dylib+0x214d]  +[NSApplicationAWT runAWTLoopWithApp:]+0x9c
C  [libawt_lwawt.dylib+0x444b3]  -[AWTStarter starter:]+0x389
C  [Foundation+0x71f2a]  __NSThreadPerformPerform+0x146
C  [CoreFoundation+0xa74b1]  __CFRUNLOOP_IS_CALLING_OUT_TO_A_SOURCE0_PERFORM_FUNCTION__+0x11
C  [CoreFoundation+0x8861d]  __CFRunLoopDoSources0+0x22d
C  [CoreFoundation+0x87b16]  __CFRunLoopRun+0x3a6
C  [CoreFoundation+0x87514]  CFRunLoopRunSpecific+0x1a4
C  [java+0x6465]  CreateExecutionEnvironment+0x367
C  [java+0x218c]  JLI_Launch+0x7a0
C  [java+0x84c2]  main+0x65
C  [java+0x19e4]  start+0x34
C  0x0000000000000007

Java frames: (J=compiled Java code, j=interpreted, Vv=VM code)
j  jogamp.nativewindow.jawt.macosx.MacOSXJAWTWindow.UnsetJAWTRootSurfaceLayer0(JJ)V+0
j  jogamp.nativewindow.jawt.macosx.MacOSXJAWTWindow.access$200(JJ)V+2
j  jogamp.nativewindow.jawt.macosx.MacOSXJAWTWindow$1.run()V+38
J 2783 C1 com.jogamp.common.util.RunnableTask.run()V (345 bytes) @ 0x000000010e4101b4 [0x000000010e410020+0x194]
v  ~StubRoutines::call_stub

---------------  P R O C E S S  ---------------

Java Threads: ( => current thread )
  0x00007fca50132000 JavaThread "Thread-88" [_thread_blocked, id=28643, stack(0x00007000024d6000,0x00007000025d6000)]
  0x00007fca5036a800 JavaThread "Thread-87" [_thread_in_native, id=86147, stack(0x0000700003083000,0x0000700003183000)]
  0x00007fca50678000 JavaThread "Image Fetcher 1" daemon [_thread_blocked, id=79407, stack(0x0000700003289000,0x0000700003389000)]
  0x00007fca525b3000 JavaThread "Image Fetcher 0" daemon [_thread_blocked, id=86627, stack(0x0000700003186000,0x0000700003286000)]
  0x00007fca5134d000 JavaThread "Thread-84" [_thread_in_native, id=38959, stack(0x0000700002f80000,0x0000700003080000)]
  0x00007fca515e2800 JavaThread "Thread-83" [_thread_in_native, id=86823, stack(0x0000700002e7d000,0x0000700002f7d000)]
  0x00007fca51251000 JavaThread "Thread-82" [_thread_in_native, id=85103, stack(0x0000700000e8e000,0x0000700000f8e000)]
  0x00007fca52195000 JavaThread "AWT-EventQueue-1" [_thread_in_native, id=74523, stack(0x0000700002cf7000,0x0000700002df7000)]
  0x00007fca50914000 JavaThread "DestroyJavaVM" [_thread_blocked, id=6915, stack(0x0000700000f94000,0x0000700001094000)]
  0x00007fca511fd000 JavaThread "AWT-EventQueue-0" [_thread_blocked, id=66827, stack(0x0000700002a6e000,0x0000700002b6e000)]
  0x00007fca500b9000 JavaThread "Java2D Disposer" daemon [_thread_blocked, id=62223, stack(0x00007000027e5000,0x00007000028e5000)]
  0x00007fca511f0000 JavaThread "Java2D Queue Flusher" daemon [_thread_blocked, id=59911, stack(0x00007000026e2000,0x00007000027e2000)]
  0x00007fca510f6000 JavaThread "AWT-Shutdown" [_thread_blocked, id=33055, stack(0x00007000023d3000,0x00007000024d3000)]
=>0x00007fca528b5800 JavaThread "AWT-AppKit" daemon [_thread_in_native, id=775, stack(0x00007fff5630c000,0x00007fff56b0c000)]
  0x00007fca50802800 JavaThread "Service Thread" daemon [_thread_blocked, id=21251, stack(0x000070000214a000,0x000070000224a000)]
  0x00007fca53001800 JavaThread "C1 CompilerThread3" daemon [_thread_blocked, id=20739, stack(0x0000700002047000,0x0000700002147000)]
  0x00007fca5000e800 JavaThread "C2 CompilerThread2" daemon [_thread_blocked, id=20227, stack(0x0000700001f44000,0x0000700002044000)]
  0x00007fca5000d000 JavaThread "C2 CompilerThread1" daemon [_thread_blocked, id=19715, stack(0x0000700001e41000,0x0000700001f41000)]
  0x00007fca52021800 JavaThread "C2 CompilerThread0" daemon [_thread_blocked, id=19203, stack(0x0000700001d3e000,0x0000700001e3e000)]
  0x00007fca5201e800 JavaThread "Signal Dispatcher" daemon [_thread_blocked, id=18691, stack(0x0000700001c3b000,0x0000700001d3b000)]
  0x00007fca52821000 JavaThread "Finalizer" daemon [_thread_blocked, id=14339, stack(0x0000700001ab5000,0x0000700001bb5000)]
  0x00007fca5281e000 JavaThread "Reference Handler" daemon [_thread_blocked, id=13827, stack(0x00007000019b2000,0x0000700001ab2000)]

Other Threads:
  0x00007fca52819800 VMThread [stack: 0x00007000018af000,0x00007000019af000] [id=13315]
  0x00007fca50000800 WatcherThread [stack: 0x000070000224d000,0x000070000234d000] [id=21763]

VM state:not at safepoint (normal execution)

VM Mutex/Monitor currently owned by a thread: None

Heap:
 PSYoungGen      total 312320K, used 39870K [0x000000076ab00000, 0x0000000794780000, 0x00000007c0000000)
  eden space 286208K, 13% used [0x000000076ab00000,0x000000076d1c7980,0x000000077c280000)
  from space 26112K, 0% used [0x0000000791500000,0x0000000791528000,0x0000000792e80000)
  to   space 24576K, 0% used [0x0000000792f80000,0x0000000792f80000,0x0000000794780000)
 ParOldGen       total 175104K, used 84024K [0x00000006c0000000, 0x00000006cab00000, 0x000000076ab00000)
  object space 175104K, 47% used [0x00000006c0000000,0x00000006c520e388,0x00000006cab00000)
 Metaspace       used 19739K, capacity 19927K, committed 20224K, reserved 1067008K
  class space    used 1922K, capacity 1984K, committed 2048K, reserved 1048576K

Card table byte_map: [0x000000010b561000,0x000000010bd62000] byte_map_base: 0x0000000107f61000

Marking Bits: (ParMarkBitMap*) 0x000000010aaefd20
 Begin Bits: [0x000000011cf49000, 0x0000000120f49000)
 End Bits:   [0x0000000120f49000, 0x0000000124f49000)

Polling page: 0x00000001091b4000

CodeCache: size=245760Kb used=8194Kb max_used=8269Kb free=237565Kb
 bounds [0x000000010df49000, 0x000000010e779000, 0x000000011cf49000]
 total_blobs=3255 nmethods=2366 adapters=802
 compilation: enabled

Compilation events (10 events):
Event: 36.465 Thread 0x00007fca53001800 2940       1       sun.java2d.SurfaceData::isValid (5 bytes)
Event: 36.465 Thread 0x00007fca53001800 nmethod 2940 0x000000010e4b8390 code [0x000000010e4b84e0, 0x000000010e4b85f0]
Event: 36.466 Thread 0x00007fca52021800 2941  s    4       sun.misc.URLClassPath::getNextLoader (88 bytes)
Event: 36.466 Thread 0x00007fca53001800 2942       3       java.net.URLStreamHandler::sameFile (136 bytes)
Event: 36.467 Thread 0x00007fca53001800 nmethod 2942 0x000000010e4b6f50 code [0x000000010e4b7140, 0x000000010e4b8148]
Event: 36.470 Thread 0x00007fca52021800 nmethod 2941 0x000000010e5b2d50 code [0x000000010e5b2ec0, 0x000000010e5b3638]
Event: 36.476 Thread 0x00007fca53001800 2943   !   3       sun.misc.URLClassPath$JarLoader::getResource (349 bytes)
Event: 36.477 Thread 0x00007fca53001800 nmethod 2943 0x000000010e6e1d50 code [0x000000010e6e21c0, 0x000000010e6e4718]
Event: 36.477 Thread 0x00007fca53001800 2944       3       sun.java2d.pipe.RenderBuffer::putFloat (26 bytes)
Event: 36.478 Thread 0x00007fca53001800 nmethod 2944 0x000000010e729390 code [0x000000010e729500, 0x000000010e729690]

GC Heap History (10 events):
Event: 29.092 GC heap before
{Heap before GC invocations=19 (full 0):
 PSYoungGen      total 354304K, used 354048K [0x000000076ab00000, 0x0000000797f00000, 0x00000007c0000000)
  eden space 352768K, 100% used [0x000000076ab00000,0x0000000780380000,0x0000000780380000)
  from space 1536K, 83% used [0x0000000797d80000,0x0000000797ec0040,0x0000000797f00000)
  to   space 30720K, 0% used [0x0000000794300000,0x0000000794300000,0x0000000796100000)
 ParOldGen       total 175104K, used 81656K [0x00000006c0000000, 0x00000006cab00000, 0x000000076ab00000)
  object space 175104K, 46% used [0x00000006c0000000,0x00000006c4fbe278,0x00000006cab00000)
 Metaspace       used 19693K, capacity 19863K, committed 20224K, reserved 1067008K
  class space    used 1915K, capacity 1984K, committed 2048K, reserved 1048576K
Event: 29.093 GC heap after
Heap after GC invocations=19 (full 0):
 PSYoungGen      total 368640K, used 160K [0x000000076ab00000, 0x0000000797e00000, 0x00000007c0000000)
  eden space 337920K, 0% used [0x000000076ab00000,0x000000076ab00000,0x000000077f500000)
  from space 30720K, 0% used [0x0000000794300000,0x0000000794328000,0x0000000796100000)
  to   space 29696K, 0% used [0x0000000796100000,0x0000000796100000,0x0000000797e00000)
 ParOldGen       total 175104K, used 82752K [0x00000006c0000000, 0x00000006cab00000, 0x000000076ab00000)
  object space 175104K, 47% used [0x00000006c0000000,0x00000006c50d02b8,0x00000006cab00000)
 Metaspace       used 19693K, capacity 19863K, committed 20224K, reserved 1067008K
  class space    used 1915K, capacity 1984K, committed 2048K, reserved 1048576K
}
Event: 30.553 GC heap before
{Heap before GC invocations=20 (full 0):
 PSYoungGen      total 368640K, used 338080K [0x000000076ab00000, 0x0000000797e00000, 0x00000007c0000000)
  eden space 337920K, 100% used [0x000000076ab00000,0x000000077f500000,0x000000077f500000)
  from space 30720K, 0% used [0x0000000794300000,0x0000000794328000,0x0000000796100000)
  to   space 29696K, 0% used [0x0000000796100000,0x0000000796100000,0x0000000797e00000)
 ParOldGen       total 175104K, used 82752K [0x00000006c0000000, 0x00000006cab00000, 0x000000076ab00000)
  object space 175104K, 47% used [0x00000006c0000000,0x00000006c50d02b8,0x00000006cab00000)
 Metaspace       used 19695K, capacity 19927K, committed 20224K, reserved 1067008K
  class space    used 1915K, capacity 1984K, committed 2048K, reserved 1048576K
Event: 30.555 GC heap after
Heap after GC invocations=20 (full 0):
 PSYoungGen      total 325120K, used 672K [0x000000076ab00000, 0x0000000796200000, 0x00000007c0000000)
  eden space 324096K, 0% used [0x000000076ab00000,0x000000076ab00000,0x000000077e780000)
  from space 1024K, 65% used [0x0000000796100000,0x00000007961a8020,0x0000000796200000)
  to   space 28672K, 0% used [0x0000000792a00000,0x0000000792a00000,0x0000000794600000)
 ParOldGen       total 175104K, used 82824K [0x00000006c0000000, 0x00000006cab00000, 0x000000076ab00000)
  object space 175104K, 47% used [0x00000006c0000000,0x00000006c50e22e8,0x00000006cab00000)
 Metaspace       used 19695K, capacity 19927K, committed 20224K, reserved 1067008K
  class space    used 1915K, capacity 1984K, committed 2048K, reserved 1048576K
}
Event: 32.242 GC heap before
{Heap before GC invocations=21 (full 0):
 PSYoungGen      total 325120K, used 324768K [0x000000076ab00000, 0x0000000796200000, 0x00000007c0000000)
  eden space 324096K, 100% used [0x000000076ab00000,0x000000077e780000,0x000000077e780000)
  from space 1024K, 65% used [0x0000000796100000,0x00000007961a8020,0x0000000796200000)
  to   space 28672K, 0% used [0x0000000792a00000,0x0000000792a00000,0x0000000794600000)
 ParOldGen       total 175104K, used 82824K [0x00000006c0000000, 0x00000006cab00000, 0x000000076ab00000)
  object space 175104K, 47% used [0x00000006c0000000,0x00000006c50e22e8,0x00000006cab00000)
 Metaspace       used 19695K, capacity 19927K, committed 20224K, reserved 1067008K
  class space    used 1915K, capacity 1984K, committed 2048K, reserved 1048576K
Event: 32.243 GC heap after
Heap after GC invocations=21 (full 0):
 PSYoungGen      total 339456K, used 160K [0x000000076ab00000, 0x0000000796180000, 0x00000007c0000000)
  eden space 310784K, 0% used [0x000000076ab00000,0x000000076ab00000,0x000000077da80000)
  from space 28672K, 0% used [0x0000000792a00000,0x0000000792a28000,0x0000000794600000)
  to   space 27136K, 0% used [0x0000000794700000,0x0000000794700000,0x0000000796180000)
 ParOldGen       total 175104K, used 83392K [0x00000006c0000000, 0x00000006cab00000, 0x000000076ab00000)
  object space 175104K, 47% used [0x00000006c0000000,0x00000006c5170318,0x00000006cab00000)
 Metaspace       used 19695K, capacity 19927K, committed 20224K, reserved 1067008K
  class space    used 1915K, capacity 1984K, committed 2048K, reserved 1048576K
}
Event: 34.242 GC heap before
{Heap before GC invocations=22 (full 0):
 PSYoungGen      total 339456K, used 310944K [0x000000076ab00000, 0x0000000796180000, 0x00000007c0000000)
  eden space 310784K, 100% used [0x000000076ab00000,0x000000077da80000,0x000000077da80000)
  from space 28672K, 0% used [0x0000000792a00000,0x0000000792a28000,0x0000000794600000)
  to   space 27136K, 0% used [0x0000000794700000,0x0000000794700000,0x0000000796180000)
 ParOldGen       total 175104K, used 83392K [0x00000006c0000000, 0x00000006cab00000, 0x000000076ab00000)
  object space 175104K, 47% used [0x00000006c0000000,0x00000006c5170318,0x00000006cab00000)
 Metaspace       used 19696K, capacity 19927K, committed 20224K, reserved 1067008K
  class space    used 1915K, capacity 1984K, committed 2048K, reserved 1048576K
Event: 34.243 GC heap after
Heap after GC invocations=22 (full 0):
 PSYoungGen      total 299008K, used 768K [0x000000076ab00000, 0x0000000794800000, 0x00000007c0000000)
  eden space 297984K, 0% used [0x000000076ab00000,0x000000076ab00000,0x000000077ce00000)
  from space 1024K, 75% used [0x0000000794700000,0x00000007947c0020,0x0000000794800000)
  to   space 26112K, 0% used [0x0000000791500000,0x0000000791500000,0x0000000792e80000)
 ParOldGen       total 175104K, used 83408K [0x00000006c0000000, 0x00000006cab00000, 0x000000076ab00000)
  object space 175104K, 47% used [0x00000006c0000000,0x00000006c5174318,0x00000006cab00000)
 Metaspace       used 19696K, capacity 19927K, committed 20224K, reserved 1067008K
  class space    used 1915K, capacity 1984K, committed 2048K, reserved 1048576K
}
Event: 36.137 GC heap before
{Heap before GC invocations=23 (full 0):
 PSYoungGen      total 299008K, used 298752K [0x000000076ab00000, 0x0000000794800000, 0x00000007c0000000)
  eden space 297984K, 100% used [0x000000076ab00000,0x000000077ce00000,0x000000077ce00000)
  from space 1024K, 75% used [0x0000000794700000,0x00000007947c0020,0x0000000794800000)
  to   space 26112K, 0% used [0x0000000791500000,0x0000000791500000,0x0000000792e80000)
 ParOldGen       total 175104K, used 83408K [0x00000006c0000000, 0x00000006cab00000, 0x000000076ab00000)
  object space 175104K, 47% used [0x00000006c0000000,0x00000006c5174318,0x00000006cab00000)
 Metaspace       used 19700K, capacity 19927K, committed 20224K, reserved 1067008K
  class space    used 1916K, capacity 1984K, committed 2048K, reserved 1048576K
Event: 36.138 GC heap after
Heap after GC invocations=23 (full 0):
 PSYoungGen      total 312320K, used 160K [0x000000076ab00000, 0x0000000794780000, 0x00000007c0000000)
  eden space 286208K, 0% used [0x000000076ab00000,0x000000076ab00000,0x000000077c280000)
  from space 26112K, 0% used [0x0000000791500000,0x0000000791528000,0x0000000792e80000)
  to   space 24576K, 0% used [0x0000000792f80000,0x0000000792f80000,0x0000000794780000)
 ParOldGen       total 175104K, used 84024K [0x00000006c0000000, 0x00000006cab00000, 0x000000076ab00000)
  object space 175104K, 47% used [0x00000006c0000000,0x00000006c520e388,0x00000006cab00000)
 Metaspace       used 19700K, capacity 19927K, committed 20224K, reserved 1067008K
  class space    used 1916K, capacity 1984K, committed 2048K, reserved 1048576K
}

Deoptimization events (10 events):
Event: 18.594 Thread 0x00007fca52195000 Uncommon trap: reason=unstable_if action=reinterpret pc=0x000000010e144b94 method=de.fhpotsdam.unfolding.core.Coordinate.equals(Ljava/lang/Object;)Z @ 38
Event: 18.594 Thread 0x00007fca52195000 Uncommon trap: reason=unstable_if action=reinterpret pc=0x000000010e67efc4 method=de.fhpotsdam.unfolding.core.Coordinate.equals(Ljava/lang/Object;)Z @ 38
Event: 24.475 Thread 0x00007fca52195000 Uncommon trap: reason=unstable_if action=reinterpret pc=0x000000010e59e818 method=sun.misc.FloatingDecimal$BinaryToASCIIBuffer.dtoa(IJIZ)V @ 372
Event: 36.250 Thread 0x00007fca511fd000 Uncommon trap: reason=unstable_if action=reinterpret pc=0x000000010e5784a4 method=java.awt.font.FontRenderContext.equals(Ljava/awt/font/FontRenderContext;)Z @ 2
Event: 36.250 Thread 0x00007fca511fd000 Uncommon trap: reason=unstable_if action=reinterpret pc=0x000000010e408e54 method=java.awt.Font.equals(Ljava/lang/Object;)Z @ 2
Event: 36.252 Thread 0x00007fca528b5800 Uncommon trap: reason=unstable_if action=reinterpret pc=0x000000010e6e7b1c method=sun.lwawt.LWComponentPeer.findPeerAt(II)Lsun/lwawt/LWComponentPeer; @ 15
Event: 36.464 Thread 0x00007fca5113c800 Uncommon trap: reason=unstable_if action=reinterpret pc=0x000000010e3ce448 method=java.util.HashMap.putVal(ILjava/lang/Object;Ljava/lang/Object;ZZ)Ljava/lang/Object; @ 81
Event: 36.464 Thread 0x00007fca5113c800 Uncommon trap: reason=unstable_if action=reinterpret pc=0x000000010e372e64 method=java.util.HashMap.putVal(ILjava/lang/Object;Ljava/lang/Object;ZZ)Ljava/lang/Object; @ 81
Event: 36.464 Thread 0x00007fca511fd000 Uncommon trap: reason=unstable_if action=reinterpret pc=0x000000010e25a8f8 method=java.awt.font.FontRenderContext.equals(Ljava/awt/font/FontRenderContext;)Z @ 2
Event: 36.476 Thread 0x00007fca52195000 Uncommon trap: reason=unstable_if action=reinterpret pc=0x000000010e3fa214 method=java.security.AccessControlContext.optimize()Ljava/security/AccessControlContext; @ 233

Internal exceptions (10 events):
Event: 0.114 Thread 0x00007fca51002000 Exception <a 'java/lang/NoSuchFieldError': method resolution failed> (0x000000076adb4cc8) thrown at [/Users/java_re/workspace/8-2-build-macosx-x86_64/jdk8u111/7883/hotspot/src/share/vm/prims/methodHandles.cpp, line 1146]
Event: 0.243 Thread 0x00007fca51002000 Exception <a 'java/io/FileNotFoundException'> (0x000000076ae301c0) thrown at [/Users/java_re/workspace/8-2-build-macosx-x86_64/jdk8u111/7883/hotspot/src/share/vm/prims/jni.cpp, line 709]
Event: 0.243 Thread 0x00007fca51002000 Exception <a 'java/io/FileNotFoundException'> (0x000000076ae30d28) thrown at [/Users/java_re/workspace/8-2-build-macosx-x86_64/jdk8u111/7883/hotspot/src/share/vm/prims/jni.cpp, line 709]
Event: 0.330 Thread 0x00007fca51002000 Exception <a 'java/io/FileNotFoundException'> (0x000000076aec6328) thrown at [/Users/java_re/workspace/8-2-build-macosx-x86_64/jdk8u111/7883/hotspot/src/share/vm/prims/jni.cpp, line 709]
Event: 1.808 Thread 0x00007fca52209800 Exception <a 'java/lang/UnsatisfiedLinkError': com.jogamp.common.util.JarUtil.fixNativeLibAttribs(Ljava/lang/String;)Z> (0x000000076c616ac0) thrown at [/Users/java_re/workspace/8-2-build-macosx-x86_64/jdk8u111/7883/hotspot/src/share/vm/prims/nativeLookup.
Event: 2.561 Thread 0x00007fca52195000 Exception <a 'java/io/FileNotFoundException'> (0x000000076d6a2ae0) thrown at [/Users/java_re/workspace/8-2-build-macosx-x86_64/jdk8u111/7883/hotspot/src/share/vm/prims/jni.cpp, line 709]
Event: 2.562 Thread 0x00007fca52195000 Exception <a 'java/io/FileNotFoundException'> (0x000000076d6a90e0) thrown at [/Users/java_re/workspace/8-2-build-macosx-x86_64/jdk8u111/7883/hotspot/src/share/vm/prims/jni.cpp, line 709]
Event: 2.562 Thread 0x00007fca52195000 Implicit null exception at 0x000000010e0e47b6 to 0x000000010e0e4b85
Event: 2.722 Thread 0x00007fca52821000 Exception <a 'java/lang/NullPointerException'> (0x000000076ad26978) thrown at [/Users/java_re/workspace/8-2-build-macosx-x86_64/jdk8u111/7883/hotspot/src/share/vm/interpreter/linkResolver.cpp, line 1178]
Event: 10.044 Thread 0x00007fca52195000 Implicit null exception at 0x000000010e70ee87 to 0x000000010e70f7b9

Events (10 events):
Event: 36.476 Thread 0x00007fca52195000 DEOPT UNPACKING pc=0x000000010df4e229 sp=0x0000700002df4880 mode 2
Event: 36.476 loading class java/awt/LightweightDispatcher$2
Event: 36.477 loading class java/awt/LightweightDispatcher$2 done
Event: 36.477 loading class java/awt/event/AWTEventListenerProxy
Event: 36.477 loading class java/awt/event/AWTEventListenerProxy done
Event: 36.477 loading class java/awt/Toolkit$ToolkitEventMulticaster
Event: 36.477 loading class java/awt/Toolkit$ToolkitEventMulticaster done
Event: 36.477 Thread 0x00007fca5113c800 Thread exited: 0x00007fca5113c800
Event: 36.477 loading class java/awt/Window$1DisposeAction
Event: 36.477 loading class java/awt/Window$1DisposeAction done


Dynamic libraries:
0x0000000049353000 	/System/Library/Frameworks/Cocoa.framework/Versions/A/Cocoa
0x0000000049353000 	/System/Library/Frameworks/Security.framework/Versions/A/Security
0x0000000049353000 	/System/Library/Frameworks/ApplicationServices.framework/Versions/A/ApplicationServices
0x0000000049353000 	/usr/lib/libz.1.dylib
0x0000000049353000 	/usr/lib/libSystem.B.dylib
0x0000000049353000 	/usr/lib/libobjc.A.dylib
0x0000000049353000 	/System/Library/Frameworks/CoreFoundation.framework/Versions/A/CoreFoundation
0x0000000049353000 	/System/Library/Frameworks/Foundation.framework/Versions/C/Foundation
0x0000000049353000 	/System/Library/Frameworks/AppKit.framework/Versions/C/AppKit
0x0000000049353000 	/System/Library/Frameworks/CoreData.framework/Versions/A/CoreData
0x0000000049353000 	/System/Library/PrivateFrameworks/RemoteViewServices.framework/Versions/A/RemoteViewServices
0x0000000049353000 	/System/Library/PrivateFrameworks/UIFoundation.framework/Versions/A/UIFoundation
0x0000000049353000 	/System/Library/PrivateFrameworks/DFRFoundation.framework/Versions/A/DFRFoundation
0x0000000049353000 	/usr/lib/libenergytrace.dylib
0x0000000049353000 	/System/Library/PrivateFrameworks/SkyLight.framework/Versions/A/SkyLight
0x0000000049353000 	/System/Library/Frameworks/CoreGraphics.framework/Versions/A/CoreGraphics
0x0000000049353000 	/usr/lib/libScreenReader.dylib
0x0000000049353000 	/System/Library/Frameworks/Accelerate.framework/Versions/A/Accelerate
0x0000000049353000 	/System/Library/Frameworks/IOSurface.framework/Versions/A/IOSurface
0x0000000049353000 	/System/Library/Frameworks/AudioToolbox.framework/Versions/A/AudioToolbox
0x0000000049353000 	/System/Library/Frameworks/AudioUnit.framework/Versions/A/AudioUnit
0x0000000049353000 	/System/Library/PrivateFrameworks/DataDetectorsCore.framework/Versions/A/DataDetectorsCore
0x0000000049353000 	/System/Library/PrivateFrameworks/DesktopServicesPriv.framework/Versions/A/DesktopServicesPriv
0x0000000049353000 	/System/Library/Frameworks/Carbon.framework/Versions/A/Frameworks/HIToolbox.framework/Versions/A/HIToolbox
0x0000000049353000 	/usr/lib/libicucore.A.dylib
0x0000000049353000 	/System/Library/Frameworks/QuartzCore.framework/Versions/A/QuartzCore
0x0000000049353000 	/System/Library/Frameworks/Carbon.framework/Versions/A/Frameworks/SpeechRecognition.framework/Versions/A/SpeechRecognition
0x0000000049353000 	/usr/lib/libauto.dylib
0x0000000049353000 	/usr/lib/libxml2.2.dylib
0x0000000049353000 	/System/Library/PrivateFrameworks/CoreUI.framework/Versions/A/CoreUI
0x0000000049353000 	/System/Library/Frameworks/CoreAudio.framework/Versions/A/CoreAudio
0x0000000049353000 	/System/Library/Frameworks/DiskArbitration.framework/Versions/A/DiskArbitration
0x0000000049353000 	/usr/lib/liblangid.dylib
0x0000000049353000 	/System/Library/PrivateFrameworks/MultitouchSupport.framework/Versions/A/MultitouchSupport
0x0000000049353000 	/System/Library/Frameworks/IOKit.framework/Versions/A/IOKit
0x0000000049353000 	/usr/lib/libDiagnosticMessagesClient.dylib
0x0000000049353000 	/System/Library/Frameworks/CoreServices.framework/Versions/A/CoreServices
0x0000000049353000 	/System/Library/PrivateFrameworks/PerformanceAnalysis.framework/Versions/A/PerformanceAnalysis
0x0000000049353000 	/System/Library/PrivateFrameworks/GenerationalStorage.framework/Versions/A/GenerationalStorage
0x0000000049353000 	/System/Library/Frameworks/OpenGL.framework/Versions/A/OpenGL
0x0000000049353000 	/System/Library/Frameworks/CoreImage.framework/Versions/A/CoreImage
0x0000000049353000 	/System/Library/Frameworks/CoreText.framework/Versions/A/CoreText
0x0000000049353000 	/System/Library/Frameworks/ImageIO.framework/Versions/A/ImageIO
0x0000000049353000 	/System/Library/PrivateFrameworks/Backup.framework/Versions/A/Backup
0x0000000049353000 	/usr/lib/libarchive.2.dylib
0x0000000049353000 	/System/Library/Frameworks/CFNetwork.framework/Versions/A/CFNetwork
0x0000000049353000 	/System/Library/Frameworks/SystemConfiguration.framework/Versions/A/SystemConfiguration
0x0000000049353000 	/usr/lib/libCRFSuite.dylib
0x0000000049353000 	/usr/lib/libc++.1.dylib
0x0000000049353000 	/usr/lib/libc++abi.dylib
0x0000000049353000 	/usr/lib/system/libcache.dylib
0x0000000049353000 	/usr/lib/system/libcommonCrypto.dylib
0x0000000049353000 	/usr/lib/system/libcompiler_rt.dylib
0x0000000049353000 	/usr/lib/system/libcopyfile.dylib
0x0000000049353000 	/usr/lib/system/libcorecrypto.dylib
0x0000000049353000 	/usr/lib/system/libdispatch.dylib
0x0000000049353000 	/usr/lib/system/libdyld.dylib
0x0000000049353000 	/usr/lib/system/libkeymgr.dylib
0x0000000049353000 	/usr/lib/system/liblaunch.dylib
0x0000000049353000 	/usr/lib/system/libmacho.dylib
0x0000000049353000 	/usr/lib/system/libquarantine.dylib
0x0000000049353000 	/usr/lib/system/libremovefile.dylib
0x0000000049353000 	/usr/lib/system/libsystem_asl.dylib
0x0000000049353000 	/usr/lib/system/libsystem_blocks.dylib
0x0000000049353000 	/usr/lib/system/libsystem_c.dylib
0x0000000049353000 	/usr/lib/system/libsystem_configuration.dylib
0x0000000049353000 	/usr/lib/system/libsystem_coreservices.dylib
0x0000000049353000 	/usr/lib/system/libsystem_coretls.dylib
0x0000000049353000 	/usr/lib/system/libsystem_dnssd.dylib
0x0000000049353000 	/usr/lib/system/libsystem_info.dylib
0x0000000049353000 	/usr/lib/system/libsystem_kernel.dylib
0x0000000049353000 	/usr/lib/system/libsystem_m.dylib
0x0000000049353000 	/usr/lib/system/libsystem_malloc.dylib
0x0000000049353000 	/usr/lib/system/libsystem_network.dylib
0x0000000049353000 	/usr/lib/system/libsystem_networkextension.dylib
0x0000000049353000 	/usr/lib/system/libsystem_notify.dylib
0x0000000049353000 	/usr/lib/system/libsystem_platform.dylib
0x0000000049353000 	/usr/lib/system/libsystem_pthread.dylib
0x0000000049353000 	/usr/lib/system/libsystem_sandbox.dylib
0x0000000049353000 	/usr/lib/system/libsystem_secinit.dylib
0x0000000049353000 	/usr/lib/system/libsystem_symptoms.dylib
0x0000000049353000 	/usr/lib/system/libsystem_trace.dylib
0x0000000049353000 	/usr/lib/system/libunwind.dylib
0x0000000049353000 	/usr/lib/system/libxpc.dylib
0x0000000049353000 	/usr/lib/libbsm.0.dylib
0x0000000049353000 	/usr/lib/system/libkxld.dylib
0x0000000049353000 	/usr/lib/libcoretls.dylib
0x0000000049353000 	/usr/lib/libcoretls_cfhelpers.dylib
0x0000000049353000 	/usr/lib/libxar.1.dylib
0x0000000049353000 	/usr/lib/libsqlite3.dylib
0x0000000049353000 	/usr/lib/libpam.2.dylib
0x0000000049353000 	/usr/lib/libOpenScriptingUtil.dylib
0x0000000049353000 	/usr/lib/libbz2.1.0.dylib
0x0000000049353000 	/usr/lib/liblzma.5.dylib
0x0000000049353000 	/usr/lib/libnetwork.dylib
0x0000000049353000 	/usr/lib/libpcap.A.dylib
0x0000000049353000 	/System/Library/Frameworks/CoreServices.framework/Versions/A/Frameworks/FSEvents.framework/Versions/A/FSEvents
0x0000000049353000 	/System/Library/Frameworks/CoreServices.framework/Versions/A/Frameworks/CarbonCore.framework/Versions/A/CarbonCore
0x0000000049353000 	/System/Library/Frameworks/CoreServices.framework/Versions/A/Frameworks/Metadata.framework/Versions/A/Metadata
0x0000000049353000 	/System/Library/Frameworks/CoreServices.framework/Versions/A/Frameworks/OSServices.framework/Versions/A/OSServices
0x0000000049353000 	/System/Library/Frameworks/CoreServices.framework/Versions/A/Frameworks/SearchKit.framework/Versions/A/SearchKit
0x0000000049353000 	/System/Library/Frameworks/CoreServices.framework/Versions/A/Frameworks/AE.framework/Versions/A/AE
0x0000000049353000 	/System/Library/Frameworks/CoreServices.framework/Versions/A/Frameworks/LaunchServices.framework/Versions/A/LaunchServices
0x0000000049353000 	/System/Library/Frameworks/CoreServices.framework/Versions/A/Frameworks/DictionaryServices.framework/Versions/A/DictionaryServices
0x0000000049353000 	/System/Library/Frameworks/CoreServices.framework/Versions/A/Frameworks/SharedFileList.framework/Versions/A/SharedFileList
0x0000000049353000 	/System/Library/Frameworks/NetFS.framework/Versions/A/NetFS
0x0000000049353000 	/System/Library/PrivateFrameworks/NetAuth.framework/Versions/A/NetAuth
0x0000000049353000 	/System/Library/PrivateFrameworks/login.framework/Versions/A/Frameworks/loginsupport.framework/Versions/A/loginsupport
0x0000000049353000 	/System/Library/PrivateFrameworks/TCC.framework/Versions/A/TCC
0x0000000049353000 	/usr/lib/libmecabra.dylib
0x0000000049353000 	/System/Library/Frameworks/ApplicationServices.framework/Versions/A/Frameworks/ATS.framework/Versions/A/ATS
0x0000000049353000 	/System/Library/Frameworks/ApplicationServices.framework/Versions/A/Frameworks/ColorSync.framework/Versions/A/ColorSync
0x0000000049353000 	/System/Library/Frameworks/ApplicationServices.framework/Versions/A/Frameworks/HIServices.framework/Versions/A/HIServices
0x0000000049353000 	/System/Library/Frameworks/ApplicationServices.framework/Versions/A/Frameworks/LangAnalysis.framework/Versions/A/LangAnalysis
0x0000000049353000 	/System/Library/Frameworks/ApplicationServices.framework/Versions/A/Frameworks/PrintCore.framework/Versions/A/PrintCore
0x0000000049353000 	/System/Library/Frameworks/ApplicationServices.framework/Versions/A/Frameworks/QD.framework/Versions/A/QD
0x0000000049353000 	/System/Library/Frameworks/ApplicationServices.framework/Versions/A/Frameworks/SpeechSynthesis.framework/Versions/A/SpeechSynthesis
0x0000000049353000 	/System/Library/Frameworks/Accelerate.framework/Versions/A/Frameworks/vImage.framework/Versions/A/vImage
0x0000000049353000 	/System/Library/Frameworks/Accelerate.framework/Versions/A/Frameworks/vecLib.framework/Versions/A/vecLib
0x0000000049353000 	/System/Library/Frameworks/Accelerate.framework/Versions/A/Frameworks/vecLib.framework/Versions/A/libvDSP.dylib
0x0000000049353000 	/System/Library/Frameworks/Accelerate.framework/Versions/A/Frameworks/vecLib.framework/Versions/A/libBNNS.dylib
0x0000000049353000 	/System/Library/Frameworks/Accelerate.framework/Versions/A/Frameworks/vecLib.framework/Versions/A/libQuadrature.dylib
0x0000000049353000 	/System/Library/Frameworks/Accelerate.framework/Versions/A/Frameworks/vecLib.framework/Versions/A/libvMisc.dylib
0x0000000049353000 	/System/Library/Frameworks/Accelerate.framework/Versions/A/Frameworks/vecLib.framework/Versions/A/libLAPACK.dylib
0x0000000049353000 	/System/Library/Frameworks/Accelerate.framework/Versions/A/Frameworks/vecLib.framework/Versions/A/libBLAS.dylib
0x0000000049353000 	/System/Library/Frameworks/Accelerate.framework/Versions/A/Frameworks/vecLib.framework/Versions/A/libLinearAlgebra.dylib
0x0000000049353000 	/System/Library/Frameworks/Accelerate.framework/Versions/A/Frameworks/vecLib.framework/Versions/A/libSparseBLAS.dylib
0x0000000049353000 	/System/Library/Frameworks/ApplicationServices.framework/Versions/A/Frameworks/ATS.framework/Versions/A/Resources/libFontParser.dylib
0x0000000049353000 	/System/Library/Frameworks/ApplicationServices.framework/Versions/A/Frameworks/ATS.framework/Versions/A/Resources/libFontRegistry.dylib
0x0000000049353000 	/System/Library/Frameworks/ImageIO.framework/Versions/A/Resources/libJPEG.dylib
0x0000000049353000 	/System/Library/Frameworks/ImageIO.framework/Versions/A/Resources/libTIFF.dylib
0x0000000049353000 	/System/Library/Frameworks/ImageIO.framework/Versions/A/Resources/libPng.dylib
0x0000000049353000 	/System/Library/Frameworks/ImageIO.framework/Versions/A/Resources/libGIF.dylib
0x0000000049353000 	/System/Library/Frameworks/ImageIO.framework/Versions/A/Resources/libJP2.dylib
0x0000000049353000 	/System/Library/Frameworks/ImageIO.framework/Versions/A/Resources/libRadiance.dylib
0x0000000049353000 	/usr/lib/libcompression.dylib
0x0000000049353000 	/System/Library/PrivateFrameworks/AppleJPEG.framework/Versions/A/AppleJPEG
0x0000000049353000 	/usr/lib/libcups.2.dylib
0x0000000049353000 	/System/Library/Frameworks/Kerberos.framework/Versions/A/Kerberos
0x0000000049353000 	/System/Library/Frameworks/GSS.framework/Versions/A/GSS
0x0000000049353000 	/usr/lib/libresolv.9.dylib
0x0000000049353000 	/usr/lib/libiconv.2.dylib
0x0000000049353000 	/System/Library/PrivateFrameworks/Heimdal.framework/Versions/A/Heimdal
0x0000000049353000 	/usr/lib/libheimdal-asn1.dylib
0x0000000049353000 	/System/Library/Frameworks/OpenDirectory.framework/Versions/A/OpenDirectory
0x0000000049353000 	/System/Library/PrivateFrameworks/CommonAuth.framework/Versions/A/CommonAuth
0x0000000049353000 	/System/Library/Frameworks/OpenDirectory.framework/Versions/A/Frameworks/CFOpenDirectory.framework/Versions/A/CFOpenDirectory
0x0000000049353000 	/System/Library/Frameworks/SecurityFoundation.framework/Versions/A/SecurityFoundation
0x0000000049353000 	/System/Library/PrivateFrameworks/LanguageModeling.framework/Versions/A/LanguageModeling
0x0000000049353000 	/usr/lib/libmarisa.dylib
0x0000000049353000 	/usr/lib/libChineseTokenizer.dylib
0x0000000049353000 	/usr/lib/libcmph.dylib
0x0000000049353000 	/System/Library/PrivateFrameworks/CoreEmoji.framework/Versions/A/CoreEmoji
0x0000000049353000 	/System/Library/Frameworks/ServiceManagement.framework/Versions/A/ServiceManagement
0x0000000049353000 	/usr/lib/libxslt.1.dylib
0x0000000049353000 	/System/Library/Frameworks/Carbon.framework/Versions/A/Frameworks/Ink.framework/Versions/A/Ink
0x0000000049353000 	/System/Library/PrivateFrameworks/TextureIO.framework/Versions/A/TextureIO
0x0000000049353000 	/System/Library/Frameworks/Metal.framework/Versions/A/Metal
0x0000000049353000 	/usr/lib/libate.dylib
0x0000000049353000 	/System/Library/PrivateFrameworks/GPUCompiler.framework/libmetal_timestamp.dylib
0x0000000049353000 	/System/Library/Frameworks/OpenGL.framework/Versions/A/Libraries/libCoreFSCache.dylib
0x0000000049353000 	/System/Library/PrivateFrameworks/IOAccelerator.framework/Versions/A/IOAccelerator
0x0000000049353000 	/System/Library/Frameworks/CoreVideo.framework/Versions/A/CoreVideo
0x0000000049353000 	/usr/lib/libFosl_dynamic.dylib
0x0000000049353000 	/System/Library/PrivateFrameworks/MetalPerformanceShaders.framework/Versions/A/MetalPerformanceShaders
0x0000000049353000 	/System/Library/PrivateFrameworks/FaceCore.framework/Versions/A/FaceCore
0x0000000049353000 	/System/Library/Frameworks/OpenCL.framework/Versions/A/OpenCL
0x0000000049353000 	/System/Library/Frameworks/OpenGL.framework/Versions/A/Libraries/libGLU.dylib
0x0000000049353000 	/System/Library/Frameworks/OpenGL.framework/Versions/A/Libraries/libGFXShared.dylib
0x0000000049353000 	/System/Library/Frameworks/OpenGL.framework/Versions/A/Libraries/libGL.dylib
0x0000000049353000 	/System/Library/Frameworks/OpenGL.framework/Versions/A/Libraries/libGLImage.dylib
0x0000000049353000 	/System/Library/Frameworks/OpenGL.framework/Versions/A/Libraries/libCVMSPluginSupport.dylib
0x0000000049353000 	/System/Library/Frameworks/OpenGL.framework/Versions/A/Libraries/libCoreVMClient.dylib
0x0000000049353000 	/System/Library/PrivateFrameworks/CrashReporterSupport.framework/Versions/A/CrashReporterSupport
0x0000000049353000 	/System/Library/PrivateFrameworks/Sharing.framework/Versions/A/Sharing
0x0000000049353000 	/System/Library/PrivateFrameworks/IconServices.framework/Versions/A/IconServices
0x0000000049353000 	/System/Library/PrivateFrameworks/ProtocolBuffer.framework/Versions/A/ProtocolBuffer
0x0000000049353000 	/System/Library/PrivateFrameworks/Apple80211.framework/Versions/A/Apple80211
0x0000000049353000 	/System/Library/Frameworks/CoreWLAN.framework/Versions/A/CoreWLAN
0x0000000049353000 	/System/Library/PrivateFrameworks/CoreUtils.framework/Versions/A/CoreUtils
0x0000000049353000 	/System/Library/Frameworks/IOBluetooth.framework/Versions/A/IOBluetooth
0x0000000049353000 	/System/Library/PrivateFrameworks/CoreWiFi.framework/Versions/A/CoreWiFi
0x0000000049353000 	/System/Library/Frameworks/CoreBluetooth.framework/Versions/A/CoreBluetooth
0x0000000049353000 	/System/Library/Frameworks/CoreDisplay.framework/Versions/A/CoreDisplay
0x0000000049353000 	/System/Library/PrivateFrameworks/IOPresentment.framework/Versions/A/IOPresentment
0x0000000049353000 	/System/Library/PrivateFrameworks/DebugSymbols.framework/Versions/A/DebugSymbols
0x0000000049353000 	/System/Library/PrivateFrameworks/CoreSymbolication.framework/Versions/A/CoreSymbolication
0x0000000049353000 	/System/Library/PrivateFrameworks/Symbolication.framework/Versions/A/Symbolication
0x0000000049353000 	/System/Library/PrivateFrameworks/AppleFSCompression.framework/Versions/A/AppleFSCompression
0x0000000049353000 	/System/Library/PrivateFrameworks/SpeechRecognitionCore.framework/Versions/A/SpeechRecognitionCore
0x0000000049353000 	/System/Library/PrivateFrameworks/ChunkingLibrary.framework/Versions/A/ChunkingLibrary
0x000000010a200000 	/Library/Java/JavaVirtualMachines/jdk1.8.0_111.jdk/Contents/Home/jre/lib/server/libjvm.dylib
0x0000000049353000 	/usr/lib/libstdc++.6.dylib
0x0000000109171000 	/Library/Java/JavaVirtualMachines/jdk1.8.0_111.jdk/Contents/Home/jre/lib/libverify.dylib
0x000000010917f000 	/Library/Java/JavaVirtualMachines/jdk1.8.0_111.jdk/Contents/Home/jre/lib/libjava.dylib
0x00000001091be000 	/Library/Java/JavaVirtualMachines/jdk1.8.0_111.jdk/Contents/Home/jre/lib/libzip.dylib
0x00000001262c9000 	/System/Library/Frameworks/JavaVM.framework/Frameworks/JavaRuntimeSupport.framework/JavaRuntimeSupport
0x00000001262e3000 	/System/Library/Frameworks/JavaVM.framework/Versions/A/Frameworks/JavaNativeFoundation.framework/Versions/A/JavaNativeFoundation
0x00000001091f0000 	/System/Library/Frameworks/JavaVM.framework/Versions/A/JavaVM
0x0000000049353000 	/System/Library/Frameworks/Carbon.framework/Versions/A/Carbon
0x000000010deaf000 	/System/Library/PrivateFrameworks/JavaLaunching.framework/Versions/A/JavaLaunching
0x0000000049353000 	/System/Library/Frameworks/Carbon.framework/Versions/A/Frameworks/CommonPanels.framework/Versions/A/CommonPanels
0x0000000049353000 	/System/Library/Frameworks/Carbon.framework/Versions/A/Frameworks/Help.framework/Versions/A/Help
0x0000000049353000 	/System/Library/Frameworks/Carbon.framework/Versions/A/Frameworks/ImageCapture.framework/Versions/A/ImageCapture
0x0000000049353000 	/System/Library/Frameworks/Carbon.framework/Versions/A/Frameworks/OpenScripting.framework/Versions/A/OpenScripting
0x0000000049353000 	/System/Library/Frameworks/Carbon.framework/Versions/A/Frameworks/Print.framework/Versions/A/Print
0x0000000049353000 	/System/Library/Frameworks/Carbon.framework/Versions/A/Frameworks/SecurityHI.framework/Versions/A/SecurityHI
0x0000000127bf6000 	/Library/Java/JavaVirtualMachines/jdk1.8.0_111.jdk/Contents/Home/jre/lib/libawt.dylib
0x0000000127c9e000 	/Library/Java/JavaVirtualMachines/jdk1.8.0_111.jdk/Contents/Home/jre/lib/./libmlib_image.dylib
0x0000000127d6a000 	/Library/Java/JavaVirtualMachines/jdk1.8.0_111.jdk/Contents/Home/jre/lib/libawt_lwawt.dylib
0x0000000127e1f000 	/Library/Java/JavaVirtualMachines/jdk1.8.0_111.jdk/Contents/Home/jre/lib/./libosxapp.dylib
0x0000000049353000 	/System/Library/Frameworks/ExceptionHandling.framework/Versions/A/ExceptionHandling
0x0000000049353000 	/System/Library/PrivateFrameworks/CoreServicesInternal.framework/Versions/A/CoreServicesInternal
0x0000000049353000 	/System/Library/CoreServices/RawCamera.bundle/Contents/MacOS/RawCamera
0x0000000049353000 	/System/Library/Frameworks/Accelerate.framework/Versions/A/Frameworks/vImage.framework/Versions/A/Libraries/libCGInterfaces.dylib
0x0000000049353000 	/System/Library/Frameworks/ApplicationServices.framework/Versions/A/Frameworks/ATS.framework/Versions/A/Resources/libTrueTypeScaler.dylib
0x0000000049353000 	/System/Library/Frameworks/OpenGL.framework/Versions/A/Resources/GLEngine.bundle/GLEngine
0x0000000049353000 	/System/Library/Frameworks/OpenGL.framework/Versions/A/Libraries/libGLProgrammability.dylib
0x0000000129d72000 	/System/Library/Extensions/AppleIntelHD5000GraphicsGLDriver.bundle/Contents/MacOS/AppleIntelHD5000GraphicsGLDriver
0x0000000049353000 	/System/Library/PrivateFrameworks/GPUSupport.framework/Versions/A/Libraries/libGPUSupportMercury.dylib
0x0000000049353000 	/System/Library/Extensions/GeForceGLDriver.bundle/Contents/MacOS/GeForceGLDriver
0x0000000049353000 	/System/Library/Extensions/GeForceGLDriver.bundle/Contents/MacOS/libclh.dylib
0x0000000049353000 	/System/Library/Frameworks/OpenGL.framework/Versions/A/Resources/GLRendererFloat.bundle/GLRendererFloat
0x0000000049353000 	/System/Library/Frameworks/OpenCL.framework/Versions/A/Libraries/libcldcpuengine.dylib
0x0000000049353000 	/usr/lib/libcrypto.0.9.8.dylib
0x0000000049353000 	/System/Library/PrivateFrameworks/TrustEvaluationAgent.framework/Versions/A/TrustEvaluationAgent
0x0000000049353000 	/System/Library/Extensions/GeForceMTLDriver.bundle/Contents/MacOS/GeForceMTLDriver
0x000000012a4f0000 	/System/Library/Extensions/AppleIntelHD5000GraphicsMTLDriver.bundle/Contents/MacOS/AppleIntelHD5000GraphicsMTLDriver
0x0000000049353000 	/System/Library/PrivateFrameworks/FamilyControls.framework/Versions/A/FamilyControls
0x0000000049353000 	/System/Library/PrivateFrameworks/CommerceKit.framework/Versions/A/Frameworks/CommerceCore.framework/Versions/A/CommerceCore
0x0000000049353000 	/System/Library/PrivateFrameworks/SystemAdministration.framework/Versions/A/SystemAdministration
0x0000000049353000 	/System/Library/PrivateFrameworks/AppContainer.framework/Versions/A/AppContainer
0x0000000049353000 	/System/Library/PrivateFrameworks/SecCodeWrapper.framework/Versions/A/SecCodeWrapper
0x0000000049353000 	/System/Library/Frameworks/DirectoryService.framework/Versions/A/DirectoryService
0x0000000049353000 	/System/Library/PrivateFrameworks/DiskImages.framework/Versions/A/DiskImages
0x0000000049353000 	/System/Library/PrivateFrameworks/LoginUIKit.framework/Versions/A/Frameworks/LoginUICore.framework/Versions/A/LoginUICore
0x0000000049353000 	/usr/lib/libCoreStorage.dylib
0x0000000049353000 	/usr/lib/libcsfde.dylib
0x0000000049353000 	/usr/lib/libodfde.dylib
0x0000000049353000 	/System/Library/Frameworks/DiscRecording.framework/Versions/A/DiscRecording
0x0000000049353000 	/usr/lib/libcurl.4.dylib
0x0000000049353000 	/System/Library/PrivateFrameworks/MediaKit.framework/Versions/A/MediaKit
0x0000000049353000 	/System/Library/PrivateFrameworks/ProtectedCloudStorage.framework/Versions/A/ProtectedCloudStorage
0x0000000049353000 	/System/Library/PrivateFrameworks/EFILogin.framework/Versions/A/EFILogin
0x0000000049353000 	/usr/lib/libutil.dylib
0x0000000049353000 	/System/Library/Frameworks/LDAP.framework/Versions/A/LDAP
0x0000000049353000 	/usr/lib/libsasl2.2.dylib
0x0000000049353000 	/System/Library/PrivateFrameworks/CoreDaemon.framework/Versions/B/CoreDaemon
0x0000000049353000 	/System/Library/PrivateFrameworks/AppleSRP.framework/Versions/A/AppleSRP
0x0000000049353000 	/System/Library/PrivateFrameworks/APFS.framework/Versions/A/APFS
0x000000012c0b8000 	/Library/Java/JavaVirtualMachines/jdk1.8.0_111.jdk/Contents/Home/jre/lib/libfontmanager.dylib
0x000000012ded4000 	/Library/Java/JavaVirtualMachines/jdk1.8.0_111.jdk/Contents/Home/jre/lib/libosxui.dylib
0x0000000049353000 	/System/Library/PrivateFrameworks/ViewBridge.framework/Versions/A/ViewBridge
0x0000000049353000 	/System/Library/PrivateFrameworks/XPCService.framework/Versions/A/XPCService
0x0000000049353000 	/System/Library/PrivateFrameworks/AppSandbox.framework/Versions/A/AppSandbox
0x0000000049353000 	/usr/lib/libsandbox.1.dylib
0x0000000049353000 	/usr/lib/libMatch.1.dylib
0x000000012ec5b000 	/Library/Java/JavaVirtualMachines/jdk1.8.0_111.jdk/Contents/Home/jre/lib/libnet.dylib
0x000000012ecd3000 	/Library/Java/JavaVirtualMachines/jdk1.8.0_111.jdk/Contents/Home/jre/lib/libnio.dylib
0x0000000196c39000 	/private/var/folders/9f/6bxbn80n4793vm26lrjc_dvm0000gn/T/jogamp_0000/file_cache/jln8117557265492365823/jln1771886909061733862/libgluegen-rt.jnilib
0x0000000196c3d000 	/private/var/folders/9f/6bxbn80n4793vm26lrjc_dvm0000gn/T/jogamp_0000/file_cache/jln8117557265492365823/jln1771886909061733862/libnativewindow_awt.jnilib
0x0000000196c40000 	/Library/Java/JavaVirtualMachines/jdk1.8.0_111.jdk/Contents/Home/jre/lib/libjawt.dylib
0x0000000196c43000 	/private/var/folders/9f/6bxbn80n4793vm26lrjc_dvm0000gn/T/jogamp_0000/file_cache/jln8117557265492365823/jln1771886909061733862/libnativewindow_macosx.jnilib
0x0000000196c80000 	/private/var/folders/9f/6bxbn80n4793vm26lrjc_dvm0000gn/T/jogamp_0000/file_cache/jln8117557265492365823/jln1771886909061733862/libjogl_desktop.jnilib
0x00000001a2cba000 	/Library/Java/JavaVirtualMachines/jdk1.8.0_111.jdk/Contents/Home/jre/lib/libt2k.dylib

VM Arguments:
jvm_args: -Djava.security.policy=java.policy.applet -Dfile.encoding=UTF-8 
java_command: sun.applet.AppletViewer module6.AirportMap1483448113963.html
java_class_path (initial): /Users/HSZHAO/Documents/Eclipse_workspace/UCSDUnfoldingMaps/build:/Users/HSZHAO/Documents/Eclipse_workspace/UCSDUnfoldingMaps/lib/core.jar:/Users/HSZHAO/Documents/Eclipse_workspace/UCSDUnfoldingMaps/lib/gluegen-rt.jar:/Users/HSZHAO/Documents/Eclipse_workspace/UCSDUnfoldingMaps/lib/jogl-all.jar:/Users/HSZHAO/Documents/Eclipse_workspace/UCSDUnfoldingMaps/lib/log4j-1.2.15.jar:/Users/HSZHAO/Documents/Eclipse_workspace/UCSDUnfoldingMaps/lib/sqlite-jdbc-3.7.2.jar:/Users/HSZHAO/Documents/Eclipse_workspace/UCSDUnfoldingMaps/lib/json4processing.jar:/Users/HSZHAO/Documents/Eclipse_workspace/UCSDUnfoldingMaps/lib/libTUIO.jar:/Users/HSZHAO/Documents/Eclipse_workspace/UCSDUnfoldingMaps/lib/unfolding.0.9.7-uscd.jar
Launcher Type: SUN_STANDARD

Environment Variables:
PATH=/usr/bin:/bin:/usr/sbin:/sbin
SHELL=/bin/bash

Signal Handlers:
SIGSEGV: [libjvm.dylib+0x5b03ed], sa_mask[0]=11111111011111110111111111111111, sa_flags=SA_ONSTACK|SA_RESTART|SA_SIGINFO
SIGBUS: [libjvm.dylib+0x5b03ed], sa_mask[0]=11111111011111110111111111111111, sa_flags=SA_RESTART|SA_SIGINFO
SIGFPE: [libjvm.dylib+0x48711c], sa_mask[0]=11111111011111110111111111111111, sa_flags=SA_RESTART|SA_SIGINFO
SIGPIPE: [libjvm.dylib+0x48711c], sa_mask[0]=11111111011111110111111111111111, sa_flags=SA_RESTART|SA_SIGINFO
SIGXFSZ: [libjvm.dylib+0x48711c], sa_mask[0]=11111111011111110111111111111111, sa_flags=SA_RESTART|SA_SIGINFO
SIGILL: [libjvm.dylib+0x48711c], sa_mask[0]=11111111011111110111111111111111, sa_flags=SA_RESTART|SA_SIGINFO
SIGUSR1: SIG_DFL, sa_mask[0]=00000000000000000000000000000000, sa_flags=none
SIGUSR2: [libjvm.dylib+0x486c3a], sa_mask[0]=00100000000000000000000000000000, sa_flags=SA_RESTART|SA_SIGINFO
SIGHUP: [libjvm.dylib+0x485211], sa_mask[0]=11111111011111110111111111111111, sa_flags=SA_RESTART|SA_SIGINFO
SIGINT: [libjvm.dylib+0x485211], sa_mask[0]=11111111011111110111111111111111, sa_flags=SA_RESTART|SA_SIGINFO
SIGTERM: [libjvm.dylib+0x485211], sa_mask[0]=11111111011111110111111111111111, sa_flags=SA_RESTART|SA_SIGINFO
SIGQUIT: [libjvm.dylib+0x485211], sa_mask[0]=11111111011111110111111111111111, sa_flags=SA_RESTART|SA_SIGINFO


---------------  S Y S T E M  ---------------

OS:Bsduname:Darwin 16.1.0 Darwin Kernel Version 16.1.0: Wed Oct 19 20:31:56 PDT 2016; root:xnu-3789.21.4~4/RELEASE_X86_64 x86_64
rlimit: STACK 8192k, CORE 0k, NPROC 709, NOFILE 10240, AS infinity
load average:6.48 5.53 6.45

CPU:total 8 (4 cores per cpu, 2 threads per core) family 6 model 70 stepping 1, cmov, cx8, fxsr, mmx, sse, sse2, sse3, ssse3, sse4.1, sse4.2, popcnt, avx, avx2, aes, clmul, erms, rtm, lzcnt, ht, tsc, tscinvbit, bmi1, bmi2

Memory: 4k page, physical 16777216k(3670644k free)

/proc/meminfo:


vm_info: Java HotSpot(TM) 64-Bit Server VM (25.111-b14) for bsd-amd64 JRE (1.8.0_111-b14), built on Sep 22 2016 15:31:41 by "java_re" with gcc 4.2.1 (Based on Apple Inc. build 5658) (LLVM build 2336.11.00)

time: Tue Jan  3 20:55:50 2017
elapsed time: 36 seconds (0d 0h 0m 36s)

